#Observations: 33145
Minimum #clusters: 1
k == 1 -- Iteration = 0 -- log likelihood = -11830.7 -- 180.732 s
k == 1 -- Iteration = 1 -- log likelihood = -11870 -- 181.871 s
k == 1 -- Iteration = 2 -- log likelihood = -11870 -- 182.935 s

k == 1 -- Iteration = 0 -- log likelihood = -11830.7 -- 180.762 s
k == 1 -- Iteration = 1 -- log likelihood = -11870 -- 181.913 s
k == 1 -- Iteration = 2 -- log likelihood = -11870 -- 182.977 s

k == 1 -- Iteration = 0 -- log likelihood = -11830.7 -- 180.812 s
k == 1 -- Iteration = 1 -- log likelihood = -11870 -- 181.964 s
k == 1 -- Iteration = 2 -- log likelihood = -11870 -- 183.035 s

k == 1 -- Iteration = 0 -- log likelihood = -11786.1 -- 180.75 s
k == 1 -- Iteration = 1 -- log likelihood = -11870 -- 181.893 s
k == 1 -- Iteration = 2 -- log likelihood = -11870 -- 182.955 s

k == 1 -- Iteration = 0 -- log likelihood = -11830.7 -- 180.83 s
k == 1 -- Iteration = 1 -- log likelihood = -11870 -- 181.969 s
k == 1 -- Iteration = 2 -- log likelihood = -11870 -- 183.034 s

k == 1 -- Iteration = 0 -- log likelihood = -11830.7 -- 180.703 s
k == 1 -- Iteration = 1 -- log likelihood = -11870 -- 181.845 s
k == 1 -- Iteration = 2 -- log likelihood = -11870 -- 182.914 s

k == 1 -- Iteration = 0 -- log likelihood = -11786.1 -- 180.795 s
k == 1 -- Iteration = 1 -- log likelihood = -11870 -- 181.945 s
k == 1 -- Iteration = 2 -- log likelihood = -11870 -- 183.011 s

k == 1 -- Iteration = 0 -- log likelihood = -11830.7 -- 180.928 s
k == 1 -- Iteration = 1 -- log likelihood = -11870 -- 182.062 s
k == 1 -- Iteration = 2 -- log likelihood = -11870 -- 183.128 s

k == 1 -- Iteration = 0 -- log likelihood = -11830.7 -- 180.73 s
k == 1 -- Iteration = 1 -- log likelihood = -11870 -- 181.872 s
k == 1 -- Iteration = 2 -- log likelihood = -11870 -- 182.93 s

k == 1 -- Iteration = 0 -- log likelihood = -11786.1 -- 180.802 s
k == 1 -- Iteration = 1 -- log likelihood = -11870 -- 181.936 s
k == 1 -- Iteration = 2 -- log likelihood = -11870 -- 182.993 s

k = 1 -- Log likelihood -11870 -- BIC 23885.8
k == 2 -- Iteration = 0 -- log likelihood = -11919.4 -- 181.421 s
k == 2 -- Iteration = 1 -- log likelihood = -11830.2 -- 184.575 s
k == 2 -- Iteration = 2 -- log likelihood = -11814.4 -- 187.071 s
k == 2 -- Iteration = 3 -- log likelihood = -11812.7 -- 189.428 s
k == 2 -- Iteration = 4 -- log likelihood = -11812.7 -- 191.772 s
k == 2 -- Iteration = 5 -- log likelihood = -11812.7 -- 194.111 s
k == 2 -- Iteration = 6 -- log likelihood = -11812.7 -- 196.396 s
k == 2 -- Iteration = 7 -- log likelihood = -11812.7 -- 198.735 s
k == 2 -- Iteration = 8 -- log likelihood = -11812.7 -- 201.027 s
k == 2 -- Iteration = 9 -- log likelihood = -11812.7 -- 203.401 s

k == 2 -- Iteration = 0 -- log likelihood = -10812.7 -- 181.474 s
k == 2 -- Iteration = 1 -- log likelihood = -10590.2 -- 182.87 s
k == 2 -- Iteration = 2 -- log likelihood = -10590.2 -- 184.208 s
k == 2 -- Iteration = 3 -- log likelihood = -10590.2 -- 185.699 s

k == 2 -- Iteration = 0 -- log likelihood = -11857.3 -- 181.764 s
k == 2 -- Iteration = 1 -- log likelihood = -11820.9 -- 184.513 s
k == 2 -- Iteration = 2 -- log likelihood = -11808.4 -- 187.067 s
k == 2 -- Iteration = 3 -- log likelihood = -11808.3 -- 189.473 s
k == 2 -- Iteration = 4 -- log likelihood = -11808.3 -- 191.936 s
k == 2 -- Iteration = 5 -- log likelihood = -11808.3 -- 194.286 s
k == 2 -- Iteration = 6 -- log likelihood = -11808.3 -- 196.621 s
k == 2 -- Iteration = 7 -- log likelihood = -11808.3 -- 198.93 s
k == 2 -- Iteration = 8 -- log likelihood = -11808.3 -- 201.271 s

k == 2 -- Iteration = 0 -- log likelihood = -11840.1 -- 181.677 s
k == 2 -- Iteration = 1 -- log likelihood = -11820.1 -- 184.624 s
k == 2 -- Iteration = 2 -- log likelihood = -11814.2 -- 187.152 s
k == 2 -- Iteration = 3 -- log likelihood = -11808.9 -- 189.502 s
k == 2 -- Iteration = 4 -- log likelihood = -11808.9 -- 191.91 s
k == 2 -- Iteration = 5 -- log likelihood = -11808.9 -- 194.23 s
k == 2 -- Iteration = 6 -- log likelihood = -11808.9 -- 196.59 s
k == 2 -- Iteration = 7 -- log likelihood = -11808.9 -- 198.934 s

k == 2 -- Iteration = 0 -- log likelihood = -11905.1 -- 181.99 s
k == 2 -- Iteration = 1 -- log likelihood = -11776 -- 186.596 s
k == 2 -- Iteration = 2 -- log likelihood = -11737 -- 190.99 s
k == 2 -- Iteration = 3 -- log likelihood = -11736.9 -- 195.132 s
k == 2 -- Iteration = 4 -- log likelihood = -11736.9 -- 199.184 s
k == 2 -- Iteration = 5 -- log likelihood = -11736.9 -- 203.322 s
k == 2 -- Iteration = 6 -- log likelihood = -11736.9 -- 207.254 s
k == 2 -- Iteration = 7 -- log likelihood = -11736.9 -- 211.391 s
k == 2 -- Iteration = 8 -- log likelihood = -11736.9 -- 215.314 s
k == 2 -- Iteration = 9 -- log likelihood = -11736.9 -- 219.17 s

k == 2 -- Iteration = 0 -- log likelihood = -10797.8 -- 181.393 s
k == 2 -- Iteration = 1 -- log likelihood = -10603.4 -- 182.772 s
k == 2 -- Iteration = 2 -- log likelihood = -10601.5 -- 184.087 s
k == 2 -- Iteration = 3 -- log likelihood = -10601.5 -- 185.367 s

k == 2 -- Iteration = 0 -- log likelihood = -11865.6 -- 181.635 s
k == 2 -- Iteration = 1 -- log likelihood = -11737.8 -- 185.899 s
k == 2 -- Iteration = 2 -- log likelihood = -11737 -- 189.952 s
k == 2 -- Iteration = 3 -- log likelihood = -11736.9 -- 193.892 s
k == 2 -- Iteration = 4 -- log likelihood = -11736.9 -- 197.817 s
k == 2 -- Iteration = 5 -- log likelihood = -11736.9 -- 201.799 s
k == 2 -- Iteration = 6 -- log likelihood = -11736.9 -- 205.754 s
k == 2 -- Iteration = 7 -- log likelihood = -11736.9 -- 209.802 s
k == 2 -- Iteration = 8 -- log likelihood = -11736.9 -- 213.814 s
k == 2 -- Iteration = 9 -- log likelihood = -11736.9 -- 217.772 s

k == 2 -- Iteration = 0 -- log likelihood = -11935.5 -- 181.915 s
k == 2 -- Iteration = 1 -- log likelihood = -11833.5 -- 185.153 s
k == 2 -- Iteration = 2 -- log likelihood = -11824.7 -- 187.713 s
k == 2 -- Iteration = 3 -- log likelihood = -11815.2 -- 190.206 s
k == 2 -- Iteration = 4 -- log likelihood = -11815.1 -- 192.475 s
k == 2 -- Iteration = 5 -- log likelihood = -11815.1 -- 194.799 s
k == 2 -- Iteration = 6 -- log likelihood = -11815.1 -- 197.099 s
k == 2 -- Iteration = 7 -- log likelihood = -11815.1 -- 199.349 s
k == 2 -- Iteration = 8 -- log likelihood = -11815.1 -- 201.675 s

k == 2 -- Iteration = 0 -- log likelihood = -13740.9 -- 181.408 s
k == 2 -- Iteration = 1 -- log likelihood = -13415.2 -- 188.469 s
k == 2 -- Iteration = 2 -- log likelihood = -13371.5 -- 196.087 s
k == 2 -- Iteration = 3 -- log likelihood = -13257.1 -- 204.049 s
k == 2 -- Iteration = 4 -- log likelihood = -13193.2 -- 212.568 s
k == 2 -- Iteration = 5 -- log likelihood = -13080.2 -- 221.836 s
k == 2 -- Iteration = 6 -- log likelihood = -12755.7 -- 231.02 s
k == 2 -- Iteration = 7 -- log likelihood = -12588 -- 239.935 s
k == 2 -- Iteration = 8 -- log likelihood = -12501.2 -- 249.694 s
k == 2 -- Iteration = 9 -- log likelihood = -11897.7 -- 259.079 s
k == 2 -- Iteration = 10 -- log likelihood = -11453.5 -- 267.678 s
k == 2 -- Iteration = 11 -- log likelihood = -11115.1 -- 276 s
k == 2 -- Iteration = 12 -- log likelihood = -10745.6 -- 283.395 s
k == 2 -- Iteration = 13 -- log likelihood = -10611.3 -- 290.036 s
k == 2 -- Iteration = 14 -- log likelihood = -10611.3 -- 296.008 s
k == 2 -- Iteration = 15 -- log likelihood = -10611.3 -- 301.599 s

k = 2 -- Log likelihood -10590.2 -- BIC 21399
k == 3 -- Iteration = 0 -- log likelihood = -11899.7 -- 182.377 s
k == 3 -- Iteration = 1 -- log likelihood = -11780 -- 190.835 s
k == 3 -- Iteration = 2 -- log likelihood = -11765.9 -- 197.035 s
k == 3 -- Iteration = 3 -- log likelihood = -11764 -- 202.992 s
k == 3 -- Iteration = 4 -- log likelihood = -11763.9 -- 208.798 s
k == 3 -- Iteration = 5 -- log likelihood = -11763.9 -- 214.755 s
k == 3 -- Iteration = 6 -- log likelihood = -11763.9 -- 220.321 s
k == 3 -- Iteration = 7 -- log likelihood = -11763.9 -- 226.015 s
k == 3 -- Iteration = 8 -- log likelihood = -11763.9 -- 231.591 s
k == 3 -- Iteration = 9 -- log likelihood = -11763.9 -- 237.131 s
k == 3 -- Iteration = 10 -- log likelihood = -11763.9 -- 242.615 s
k == 3 -- Iteration = 11 -- log likelihood = -11763.9 -- 248.071 s

k == 3 -- Iteration = 0 -- log likelihood = -10739.3 -- 182.602 s
k == 3 -- Iteration = 1 -- log likelihood = -10590.2 -- 185.196 s
k == 3 -- Iteration = 2 -- log likelihood = -10590.2 -- 187.763 s
k == 3 -- Iteration = 3 -- log likelihood = -10590.2 -- 190.26 s
k == 3 -- Iteration = 4 -- log likelihood = -10590.2 -- 192.644 s

k == 3 -- Iteration = 0 -- log likelihood = -11847.6 -- 182.719 s
k == 3 -- Iteration = 1 -- log likelihood = -11746.8 -- 189.659 s
k == 3 -- Iteration = 2 -- log likelihood = -11741.5 -- 196.327 s
k == 3 -- Iteration = 3 -- log likelihood = -11740.9 -- 202.945 s
k == 3 -- Iteration = 4 -- log likelihood = -11740.9 -- 209.414 s
k == 3 -- Iteration = 5 -- log likelihood = -11740.9 -- 215.903 s
k == 3 -- Iteration = 6 -- log likelihood = -11740.9 -- 222.283 s
k == 3 -- Iteration = 7 -- log likelihood = -11740.9 -- 228.783 s
k == 3 -- Iteration = 8 -- log likelihood = -11740.9 -- 235.339 s
k == 3 -- Iteration = 9 -- log likelihood = -11740.9 -- 241.847 s
k == 3 -- Iteration = 10 -- log likelihood = -11740.9 -- 248.081 s
k == 3 -- Iteration = 11 -- log likelihood = -11740.9 -- 254.343 s

k == 3 -- Iteration = 0 -- log likelihood = -12030.6 -- 182.308 s
k == 3 -- Iteration = 1 -- log likelihood = -11791.5 -- 188.051 s
k == 3 -- Iteration = 2 -- log likelihood = -11726.2 -- 192.766 s
k == 3 -- Iteration = 3 -- log likelihood = -11712.3 -- 198.198 s
k == 3 -- Iteration = 4 -- log likelihood = -11711.4 -- 203.025 s
k == 3 -- Iteration = 5 -- log likelihood = -11711.4 -- 207.778 s
k == 3 -- Iteration = 6 -- log likelihood = -11711.4 -- 212.48 s
k == 3 -- Iteration = 7 -- log likelihood = -11711.4 -- 217.577 s
k == 3 -- Iteration = 8 -- log likelihood = -11711.4 -- 222.447 s
k == 3 -- Iteration = 9 -- log likelihood = -11711.4 -- 226.952 s

k == 3 -- Iteration = 0 -- log likelihood = -11161 -- 182.842 s
k == 3 -- Iteration = 1 -- log likelihood = -10538 -- 187.332 s
k == 3 -- Iteration = 2 -- log likelihood = -10534.9 -- 191.339 s
k == 3 -- Iteration = 3 -- log likelihood = -10534.8 -- 195.091 s
k == 3 -- Iteration = 4 -- log likelihood = -10534.7 -- 198.765 s
k == 3 -- Iteration = 5 -- log likelihood = -10534.7 -- 202.477 s
k == 3 -- Iteration = 6 -- log likelihood = -10534.7 -- 206.104 s
k == 3 -- Iteration = 7 -- log likelihood = -10534.7 -- 209.67 s
k == 3 -- Iteration = 8 -- log likelihood = -10534.7 -- 213.333 s
k == 3 -- Iteration = 9 -- log likelihood = -10534.7 -- 216.97 s

k == 3 -- Iteration = 0 -- log likelihood = -12348.6 -- 182.309 s
k == 3 -- Iteration = 1 -- log likelihood = -11595 -- 194.983 s
k == 3 -- Iteration = 2 -- log likelihood = -11222.6 -- 206.629 s
k == 3 -- Iteration = 3 -- log likelihood = -11163.4 -- 217.3 s
k == 3 -- Iteration = 4 -- log likelihood = -11154.2 -- 228.129 s
k == 3 -- Iteration = 5 -- log likelihood = -11122 -- 238.332 s
k == 3 -- Iteration = 6 -- log likelihood = -11118.7 -- 248.596 s
k == 3 -- Iteration = 7 -- log likelihood = -11118.6 -- 258.964 s
k == 3 -- Iteration = 8 -- log likelihood = -11118.6 -- 270.152 s
k == 3 -- Iteration = 9 -- log likelihood = -11118.6 -- 280.085 s
k == 3 -- Iteration = 10 -- log likelihood = -11118.6 -- 290.358 s
k == 3 -- Iteration = 11 -- log likelihood = -11118.6 -- 300.592 s

k == 3 -- Iteration = 0 -- log likelihood = -11809.3 -- 183.177 s
k == 3 -- Iteration = 1 -- log likelihood = -11774.6 -- 188.523 s
k == 3 -- Iteration = 2 -- log likelihood = -11720.5 -- 193.454 s
k == 3 -- Iteration = 3 -- log likelihood = -11720 -- 197.962 s
k == 3 -- Iteration = 4 -- log likelihood = -11720 -- 202.458 s
k == 3 -- Iteration = 5 -- log likelihood = -11720 -- 206.975 s
k == 3 -- Iteration = 6 -- log likelihood = -11720 -- 211.509 s
k == 3 -- Iteration = 7 -- log likelihood = -11720 -- 216.162 s
k == 3 -- Iteration = 8 -- log likelihood = -11720 -- 220.897 s
k == 3 -- Iteration = 9 -- log likelihood = -11720 -- 225.352 s

k == 3 -- Iteration = 0 -- log likelihood = -13839 -- 183.715 s
k == 3 -- Iteration = 1 -- log likelihood = -11862.7 -- 207.642 s
k == 3 -- Iteration = 2 -- log likelihood = -11828.8 -- 217.836 s
k == 3 -- Iteration = 3 -- log likelihood = -11808.8 -- 225.137 s
k == 3 -- Iteration = 4 -- log likelihood = -11805.6 -- 231.434 s
k == 3 -- Iteration = 5 -- log likelihood = -11805.4 -- 239.216 s
k == 3 -- Iteration = 6 -- log likelihood = -11802 -- 246.431 s
k == 3 -- Iteration = 7 -- log likelihood = -11801.9 -- 253.597 s
k == 3 -- Iteration = 8 -- log likelihood = -11801.9 -- 259.678 s
k == 3 -- Iteration = 9 -- log likelihood = -11801.9 -- 266.19 s
k == 3 -- Iteration = 10 -- log likelihood = -11801.9 -- 274.206 s
k == 3 -- Iteration = 11 -- log likelihood = -11801.9 -- 281.237 s
k == 3 -- Iteration = 12 -- log likelihood = -11801.9 -- 288.15 s
k == 3 -- Iteration = 13 -- log likelihood = -11801.9 -- 294.56 s
k == 3 -- Iteration = 14 -- log likelihood = -11801.9 -- 300.986 s

k = 3 -- Log likelihood -10534.7 -- BIC 21360.9
k == 4 -- Iteration = 0 -- log likelihood = -11957.5 -- 185.247 s
k == 4 -- Iteration = 1 -- log likelihood = -11740.9 -- 208.79 s
k == 4 -- Iteration = 2 -- log likelihood = -11719.7 -- 225.538 s
k == 4 -- Iteration = 3 -- log likelihood = -11718 -- 238.765 s
k == 4 -- Iteration = 4 -- log likelihood = -11716.1 -- 250.22 s
k == 4 -- Iteration = 5 -- log likelihood = -11716 -- 261.589 s
k == 4 -- Iteration = 6 -- log likelihood = -11716 -- 273.462 s
k == 4 -- Iteration = 7 -- log likelihood = -11716 -- 285.119 s
k == 4 -- Iteration = 8 -- log likelihood = -11716 -- 298.235 s
k == 4 -- Iteration = 9 -- log likelihood = -11716 -- 310.828 s
k == 4 -- Iteration = 10 -- log likelihood = -11716 -- 321.906 s
k == 4 -- Iteration = 11 -- log likelihood = -11716 -- 335.355 s
k == 4 -- Iteration = 12 -- log likelihood = -11716 -- 349.354 s
k == 4 -- Iteration = 13 -- log likelihood = -11716 -- 363.218 s
k == 4 -- Iteration = 14 -- log likelihood = -11716 -- 376.395 s
k == 4 -- Iteration = 15 -- log likelihood = -11716 -- 389.323 s
k == 4 -- Iteration = 16 -- log likelihood = -11716 -- 401.377 s
k == 4 -- Iteration = 17 -- log likelihood = -11716 -- 413.881 s
k == 4 -- Iteration = 18 -- log likelihood = -11716 -- 426.95 s
k == 4 -- Iteration = 19 -- log likelihood = -11716 -- 441.162 s
k == 4 -- Iteration = 20 -- log likelihood = -11716 -- 452.928 s
k == 4 -- Iteration = 21 -- log likelihood = -11716 -- 464.648 s
k == 4 -- Iteration = 22 -- log likelihood = -11716 -- 478.288 s

k == 4 -- Iteration = 0 -- log likelihood = -11950.1 -- 185.401 s
k == 4 -- Iteration = 1 -- log likelihood = -11745 -- 215.267 s
k == 4 -- Iteration = 2 -- log likelihood = -11713.7 -- 238.375 s
k == 4 -- Iteration = 3 -- log likelihood = -11698.4 -- 265.984 s
k == 4 -- Iteration = 4 -- log likelihood = -11690.5 -- 286.235 s
k == 4 -- Iteration = 5 -- log likelihood = -11689.5 -- 300.686 s
k == 4 -- Iteration = 6 -- log likelihood = -11687.4 -- 312.786 s
k == 4 -- Iteration = 7 -- log likelihood = -11687 -- 322.96 s
k == 4 -- Iteration = 8 -- log likelihood = -11686.9 -- 332.629 s
k == 4 -- Iteration = 9 -- log likelihood = -11686.9 -- 342.162 s
k == 4 -- Iteration = 10 -- log likelihood = -11686.9 -- 351.05 s
k == 4 -- Iteration = 11 -- log likelihood = -11686.9 -- 360.08 s
k == 4 -- Iteration = 12 -- log likelihood = -11686.9 -- 369.985 s
k == 4 -- Iteration = 13 -- log likelihood = -11686.9 -- 379.664 s
k == 4 -- Iteration = 14 -- log likelihood = -11686.9 -- 389.496 s
k == 4 -- Iteration = 15 -- log likelihood = -11686.9 -- 398.839 s
k == 4 -- Iteration = 16 -- log likelihood = -11686.9 -- 408.106 s
k == 4 -- Iteration = 17 -- log likelihood = -11686.9 -- 417.626 s
k == 4 -- Iteration = 18 -- log likelihood = -11686.9 -- 426.821 s
k == 4 -- Iteration = 19 -- log likelihood = -11686.9 -- 435.892 s
k == 4 -- Iteration = 20 -- log likelihood = -11686.9 -- 445.247 s

k == 4 -- Iteration = 0 -- log likelihood = -12663.8 -- 183.901 s
k == 4 -- Iteration = 1 -- log likelihood = -11013.9 -- 195.685 s
k == 4 -- Iteration = 2 -- log likelihood = -10701.3 -- 206.751 s
k == 4 -- Iteration = 3 -- log likelihood = -10665.4 -- 216.643 s
k == 4 -- Iteration = 4 -- log likelihood = -10665.2 -- 225.891 s
k == 4 -- Iteration = 5 -- log likelihood = -10665.2 -- 234.929 s
k == 4 -- Iteration = 6 -- log likelihood = -10665.2 -- 244.041 s
k == 4 -- Iteration = 7 -- log likelihood = -10665.2 -- 253.217 s
k == 4 -- Iteration = 8 -- log likelihood = -10665.2 -- 262.309 s
k == 4 -- Iteration = 9 -- log likelihood = -10665.2 -- 271.547 s

k == 4 -- Iteration = 0 -- log likelihood = -14988.2 -- 183.647 s
k == 4 -- Iteration = 1 -- log likelihood = -13115.5 -- 192.138 s
k == 4 -- Iteration = 2 -- log likelihood = -12465.4 -- 205.29 s
k == 4 -- Iteration = 3 -- log likelihood = -11570.4 -- 217.622 s
k == 4 -- Iteration = 4 -- log likelihood = -11063.6 -- 229.226 s
k == 4 -- Iteration = 5 -- log likelihood = -10900.2 -- 239.578 s
k == 4 -- Iteration = 6 -- log likelihood = -10897.6 -- 248.478 s
k == 4 -- Iteration = 7 -- log likelihood = -10897.1 -- 257.888 s
k == 4 -- Iteration = 8 -- log likelihood = -10897.1 -- 266.612 s
k == 4 -- Iteration = 9 -- log likelihood = -10897.1 -- 275.208 s
k == 4 -- Iteration = 10 -- log likelihood = -10897.1 -- 283.497 s
k == 4 -- Iteration = 11 -- log likelihood = -10897.1 -- 292.284 s

k == 4 -- Iteration = 0 -- log likelihood = -12685.6 -- 184.019 s
k == 4 -- Iteration = 1 -- log likelihood = -11853.7 -- 203.965 s
k == 4 -- Iteration = 2 -- log likelihood = -11583.5 -- 222.395 s
k == 4 -- Iteration = 3 -- log likelihood = -11478.6 -- 237.388 s
k == 4 -- Iteration = 4 -- log likelihood = -11425.9 -- 252.438 s
k == 4 -- Iteration = 5 -- log likelihood = -11197.9 -- 267.237 s
k == 4 -- Iteration = 6 -- log likelihood = -10592.3 -- 281.121 s
k == 4 -- Iteration = 7 -- log likelihood = -10752.3 -- 288.236 s
k == 4 -- Iteration = 8 -- log likelihood = -10751.1 -- 294.745 s
k == 4 -- Iteration = 9 -- log likelihood = -10751 -- 301.698 s
k == 4 -- Iteration = 10 -- log likelihood = -10751 -- 308.667 s
k == 4 -- Iteration = 11 -- log likelihood = -10751 -- 315.895 s
k == 4 -- Iteration = 12 -- log likelihood = -10751 -- 322.928 s
k == 4 -- Iteration = 13 -- log likelihood = -10751 -- 330.022 s
k == 4 -- Iteration = 14 -- log likelihood = -10751 -- 337.077 s
k == 4 -- Iteration = 15 -- log likelihood = -10751 -- 344.192 s

k = 4 -- Log likelihood -10665.2 -- BIC 21694.8
k == 5 -- Iteration = 0 -- log likelihood = -11910.6 -- 184.034 s
k == 5 -- Iteration = 1 -- log likelihood = -11717 -- 198.934 s
k == 5 -- Iteration = 2 -- log likelihood = -11682.1 -- 212.326 s
k == 5 -- Iteration = 3 -- log likelihood = -11670.6 -- 223.877 s
k == 5 -- Iteration = 4 -- log likelihood = -11670.2 -- 234.518 s
k == 5 -- Iteration = 5 -- log likelihood = -11670.2 -- 244.894 s
k == 5 -- Iteration = 6 -- log likelihood = -11670.2 -- 255.339 s
k == 5 -- Iteration = 7 -- log likelihood = -11670.2 -- 265.514 s
k == 5 -- Iteration = 8 -- log likelihood = -11670.2 -- 276.019 s
k == 5 -- Iteration = 9 -- log likelihood = -11670.2 -- 286.172 s
k == 5 -- Iteration = 10 -- log likelihood = -11670.2 -- 296.151 s
k == 5 -- Iteration = 11 -- log likelihood = -11670.2 -- 306.317 s
k == 5 -- Iteration = 12 -- log likelihood = -11670.2 -- 316.545 s
k == 5 -- Iteration = 13 -- log likelihood = -11670.2 -- 326.793 s

k == 5 -- Iteration = 0 -- log likelihood = -11242.6 -- 184.276 s
k == 5 -- Iteration = 1 -- log likelihood = -10451.6 -- 199.055 s
k == 5 -- Iteration = 2 -- log likelihood = -10309.2 -- 211.314 s
k == 5 -- Iteration = 3 -- log likelihood = -10300.4 -- 222.773 s
k == 5 -- Iteration = 4 -- log likelihood = -10300 -- 234.352 s
k == 5 -- Iteration = 5 -- log likelihood = -10276.5 -- 245.161 s
k == 5 -- Iteration = 6 -- log likelihood = -10268.7 -- 255.774 s
k == 5 -- Iteration = 7 -- log likelihood = -10268.7 -- 265.957 s
k == 5 -- Iteration = 8 -- log likelihood = -10268.7 -- 277.044 s
k == 5 -- Iteration = 9 -- log likelihood = -10268.7 -- 287.967 s
k == 5 -- Iteration = 10 -- log likelihood = -10268.7 -- 299.017 s
k == 5 -- Iteration = 11 -- log likelihood = -10268.7 -- 309.404 s
k == 5 -- Iteration = 12 -- log likelihood = -10268.7 -- 319.985 s
k == 5 -- Iteration = 13 -- log likelihood = -10268.7 -- 331.516 s
k == 5 -- Iteration = 14 -- log likelihood = -10268.7 -- 342.313 s

k == 5 -- Iteration = 0 -- log likelihood = -232081 -- 184.031 s
k == 5 -- Iteration = 1 -- log likelihood = -inf -- 186.197 s
k == 5 -- Iteration = 2 -- log likelihood = -inf -- 187.327 s
k == 5 -- Iteration = 0 -- log likelihood = -14095.4 -- 184.035 s
k == 5 -- Iteration = 1 -- log likelihood = -11730.5 -- 206.174 s
k == 5 -- Iteration = 2 -- log likelihood = -11673.9 -- 217.194 s
k == 5 -- Iteration = 3 -- log likelihood = -11653.2 -- 227.411 s
k == 5 -- Iteration = 4 -- log likelihood = -11647.5 -- 238.054 s
k == 5 -- Iteration = 5 -- log likelihood = -11647.5 -- 248.188 s
k == 5 -- Iteration = 6 -- log likelihood = -11647.5 -- 258.729 s
k == 5 -- Iteration = 7 -- log likelihood = -11647.5 -- 268.87 s
k == 5 -- Iteration = 8 -- log likelihood = -11647.5 -- 278.857 s
k == 5 -- Iteration = 9 -- log likelihood = -11647.5 -- 289.255 s
k == 5 -- Iteration = 10 -- log likelihood = -11647.5 -- 298.957 s
k == 5 -- Iteration = 11 -- log likelihood = -11647.5 -- 308.764 s
k == 5 -- Iteration = 12 -- log likelihood = -11647.5 -- 319.092 s

k == 5 -- Iteration = 0 -- log likelihood = -232081 -- 184.268 s
k == 5 -- Iteration = 1 -- log likelihood = -inf -- 186.403 s
k == 5 -- Iteration = 2 -- log likelihood = -inf -- 187.529 s
k == 5 -- Iteration = 0 -- log likelihood = -11564.6 -- 183.836 s
k == 5 -- Iteration = 1 -- log likelihood = -10994.9 -- 202.449 s
k == 5 -- Iteration = 2 -- log likelihood = -10449 -- 216.483 s
k == 5 -- Iteration = 3 -- log likelihood = -10685.2 -- 223.578 s
k == 5 -- Iteration = 4 -- log likelihood = -10664.6 -- 229.763 s
k == 5 -- Iteration = 5 -- log likelihood = -10657.6 -- 235.829 s
k == 5 -- Iteration = 6 -- log likelihood = -10656.3 -- 241.593 s
k == 5 -- Iteration = 7 -- log likelihood = -10654.7 -- 248.118 s
k == 5 -- Iteration = 8 -- log likelihood = -10652.1 -- 254.015 s
k == 5 -- Iteration = 9 -- log likelihood = -10650.2 -- 260.117 s
k == 5 -- Iteration = 10 -- log likelihood = -10640.3 -- 265.696 s
k == 5 -- Iteration = 11 -- log likelihood = -10639.9 -- 271.835 s
k == 5 -- Iteration = 12 -- log likelihood = -10639.9 -- 278.019 s
k == 5 -- Iteration = 13 -- log likelihood = -10639.3 -- 284.143 s
k == 5 -- Iteration = 14 -- log likelihood = -10639.3 -- 290.32 s
k == 5 -- Iteration = 15 -- log likelihood = -10639.3 -- 296.269 s
k == 5 -- Iteration = 16 -- log likelihood = -10639.3 -- 302.088 s
k == 5 -- Iteration = 17 -- log likelihood = -10639.3 -- 308.039 s
k == 5 -- Iteration = 18 -- log likelihood = -10639.3 -- 314.211 s
k == 5 -- Iteration = 19 -- log likelihood = -10639.3 -- 320.857 s
k == 5 -- Iteration = 20 -- log likelihood = -10639.3 -- 326.789 s

k == 5 -- Iteration = 0 -- log likelihood = -11128.7 -- 184.419 s
k == 5 -- Iteration = 1 -- log likelihood = -10338.4 -- 195.364 s
k == 5 -- Iteration = 2 -- log likelihood = -10276.5 -- 203.651 s
k == 5 -- Iteration = 3 -- log likelihood = -10267.6 -- 211.468 s
k == 5 -- Iteration = 4 -- log likelihood = -10264.3 -- 219.344 s
k == 5 -- Iteration = 5 -- log likelihood = -10264.3 -- 226.444 s
k == 5 -- Iteration = 6 -- log likelihood = -10264.3 -- 233.801 s
k == 5 -- Iteration = 7 -- log likelihood = -10264.3 -- 241.639 s
k == 5 -- Iteration = 8 -- log likelihood = -10264.3 -- 249.329 s
k == 5 -- Iteration = 9 -- log likelihood = -10264.3 -- 257.06 s
k == 5 -- Iteration = 10 -- log likelihood = -10264.3 -- 264.727 s
k == 5 -- Iteration = 11 -- log likelihood = -10264.3 -- 271.92 s
k == 5 -- Iteration = 12 -- log likelihood = -10264.3 -- 279.418 s

k = 5 -- Log likelihood -10264.3 -- BIC 20965.8
k == 6 -- Iteration = 0 -- log likelihood = -11967.5 -- 184.326 s
k == 6 -- Iteration = 1 -- log likelihood = -11716.5 -- 194.681 s
k == 6 -- Iteration = 2 -- log likelihood = -11527.3 -- 202.773 s
k == 6 -- Iteration = 3 -- log likelihood = -11187 -- 210.474 s
k == 6 -- Iteration = 4 -- log likelihood = -10957.2 -- 218.329 s
k == 6 -- Iteration = 5 -- log likelihood = -10930.4 -- 225.993 s
k == 6 -- Iteration = 6 -- log likelihood = -10921.2 -- 233.446 s
k == 6 -- Iteration = 7 -- log likelihood = -10918.4 -- 241.594 s
k == 6 -- Iteration = 8 -- log likelihood = -10909.6 -- 249.219 s
k == 6 -- Iteration = 9 -- log likelihood = -10871.6 -- 256.762 s
k == 6 -- Iteration = 10 -- log likelihood = -10870.5 -- 264.11 s
k == 6 -- Iteration = 11 -- log likelihood = -10870.5 -- 271.272 s
k == 6 -- Iteration = 12 -- log likelihood = -10870.5 -- 278.769 s
k == 6 -- Iteration = 13 -- log likelihood = -10870.5 -- 286.456 s
k == 6 -- Iteration = 14 -- log likelihood = -10870.5 -- 293.985 s

k == 6 -- Iteration = 0 -- log likelihood = -232089 -- 184.404 s
k == 6 -- Iteration = 1 -- log likelihood = -inf -- 186.727 s
k == 6 -- Iteration = 2 -- log likelihood = -inf -- 188.048 s
k == 6 -- Iteration = 0 -- log likelihood = -232089 -- 184.801 s
k == 6 -- Iteration = 1 -- log likelihood = -inf -- 187.128 s
k == 6 -- Iteration = 2 -- log likelihood = -inf -- 188.46 s
k == 6 -- Iteration = 0 -- log likelihood = -232089 -- 185.39 s
k == 6 -- Iteration = 1 -- log likelihood = -inf -- 189.215 s
k == 6 -- Iteration = 2 -- log likelihood = -inf -- 191.614 s
k == 6 -- Iteration = 0 -- log likelihood = -232089 -- 189.574 s
k == 6 -- Iteration = 1 -- log likelihood = -inf -- 192.86 s
k == 6 -- Iteration = 2 -- log likelihood = -inf -- 194.734 s
k == 6 -- Iteration = 0 -- log likelihood = -232089 -- 185.764 s
k == 6 -- Iteration = 1 -- log likelihood = -inf -- 188.2 s
k == 6 -- Iteration = 2 -- log likelihood = -inf -- 189.585 s
k == 6 -- Iteration = 0 -- log likelihood = -12419.6 -- 185.182 s
k == 6 -- Iteration = 1 -- log likelihood = -11825.3 -- 205.336 s
k == 6 -- Iteration = 2 -- log likelihood = -11541.6 -- 224.403 s
k == 6 -- Iteration = 3 -- log likelihood = -11365.5 -- 240.036 s
k == 6 -- Iteration = 4 -- log likelihood = -11296 -- 256.233 s
k == 6 -- Iteration = 5 -- log likelihood = -11293.2 -- 272.472 s
k == 6 -- Iteration = 6 -- log likelihood = -11280.3 -- 289.701 s
k == 6 -- Iteration = 7 -- log likelihood = -11276.6 -- 306.203 s
k == 6 -- Iteration = 8 -- log likelihood = -11276.6 -- 322.093 s
k == 6 -- Iteration = 9 -- log likelihood = -11276.6 -- 337.634 s
k == 6 -- Iteration = 10 -- log likelihood = -11276.6 -- 353.392 s
k == 6 -- Iteration = 11 -- log likelihood = -11276.6 -- 368.458 s
k == 6 -- Iteration = 12 -- log likelihood = -11276.6 -- 383.967 s
k == 6 -- Iteration = 13 -- log likelihood = -11276.6 -- 399.655 s

k == 6 -- Iteration = 0 -- log likelihood = -232089 -- 185.645 s
k == 6 -- Iteration = 1 -- log likelihood = -inf -- 187.983 s
k == 6 -- Iteration = 2 -- log likelihood = -inf -- 189.304 s
k = 6 -- Log likelihood -10870.5 -- BIC 22251
k == 7 -- Iteration = 0 -- log likelihood = -232095 -- 185.029 s
k == 7 -- Iteration = 1 -- log likelihood = -inf -- 187.56 s
k == 7 -- Iteration = 2 -- log likelihood = -inf -- 189.113 s
k == 7 -- Iteration = 0 -- log likelihood = -12519.5 -- 186.36 s
k == 7 -- Iteration = 1 -- log likelihood = -11870 -- 188.708 s
k == 7 -- Iteration = 2 -- log likelihood = -11870 -- 191.065 s

k == 7 -- Iteration = 0 -- log likelihood = -12542.2 -- 185.88 s
k == 7 -- Iteration = 1 -- log likelihood = -11291.6 -- 205.229 s
k == 7 -- Iteration = 2 -- log likelihood = -10966.2 -- 222.522 s
k == 7 -- Iteration = 3 -- log likelihood = -10916.7 -- 239.122 s
k == 7 -- Iteration = 4 -- log likelihood = -10914.4 -- 254.141 s
k == 7 -- Iteration = 5 -- log likelihood = -10914.4 -- 269.597 s
k == 7 -- Iteration = 6 -- log likelihood = -10914.4 -- 284.118 s
k == 7 -- Iteration = 7 -- log likelihood = -10914.4 -- 298.873 s
k == 7 -- Iteration = 8 -- log likelihood = -10914.4 -- 314.298 s
k == 7 -- Iteration = 9 -- log likelihood = -10914.4 -- 329.295 s
k == 7 -- Iteration = 10 -- log likelihood = -10914.4 -- 344.296 s
k == 7 -- Iteration = 11 -- log likelihood = -10914.4 -- 358.764 s

k == 7 -- Iteration = 0 -- log likelihood = -232095 -- 185.157 s
k == 7 -- Iteration = 1 -- log likelihood = -inf -- 187.714 s
k == 7 -- Iteration = 2 -- log likelihood = -inf -- 189.261 s
k == 7 -- Iteration = 0 -- log likelihood = -232095 -- 186.318 s
k == 7 -- Iteration = 1 -- log likelihood = -inf -- 188.869 s
k == 7 -- Iteration = 2 -- log likelihood = -inf -- 190.492 s
k == 7 -- Iteration = 0 -- log likelihood = -232095 -- 185.048 s
k == 7 -- Iteration = 1 -- log likelihood = -inf -- 187.606 s
k == 7 -- Iteration = 2 -- log likelihood = -inf -- 189.164 s
k == 7 -- Iteration = 0 -- log likelihood = -232095 -- 185.859 s
k == 7 -- Iteration = 1 -- log likelihood = -inf -- 188.4 s
k == 7 -- Iteration = 2 -- log likelihood = -inf -- 189.953 s
k == 7 -- Iteration = 0 -- log likelihood = -232095 -- 187.094 s
k == 7 -- Iteration = 1 -- log likelihood = -inf -- 189.625 s
k == 7 -- Iteration = 2 -- log likelihood = -inf -- 191.181 s
k == 7 -- Iteration = 0 -- log likelihood = -232095 -- 185.109 s
k == 7 -- Iteration = 1 -- log likelihood = -inf -- 187.648 s
k == 7 -- Iteration = 2 -- log likelihood = -inf -- 189.197 s
k = 7 -- Log likelihood -10914.4 -- BIC 22411.7
k == 8 -- Iteration = 0 -- log likelihood = -232101 -- 186.028 s
k == 8 -- Iteration = 1 -- log likelihood = -inf -- 188.823 s
k == 8 -- Iteration = 2 -- log likelihood = -inf -- 190.654 s
k == 8 -- Iteration = 0 -- log likelihood = -232101 -- 186.428 s
k == 8 -- Iteration = 1 -- log likelihood = -inf -- 189.196 s
k == 8 -- Iteration = 2 -- log likelihood = -inf -- 190.964 s
k == 8 -- Iteration = 0 -- log likelihood = -232101 -- 186.942 s
k == 8 -- Iteration = 1 -- log likelihood = -inf -- 189.695 s
k == 8 -- Iteration = 2 -- log likelihood = -inf -- 191.449 s
k == 8 -- Iteration = 0 -- log likelihood = -232101 -- 185.978 s
k == 8 -- Iteration = 1 -- log likelihood = -inf -- 188.747 s
k == 8 -- Iteration = 2 -- log likelihood = -inf -- 190.513 s
k == 8 -- Iteration = 0 -- log likelihood = -232101 -- 187.319 s
k == 8 -- Iteration = 1 -- log likelihood = -inf -- 190.081 s
k == 8 -- Iteration = 2 -- log likelihood = -inf -- 191.858 s
k == 8 -- Iteration = 0 -- log likelihood = -232101 -- 186.611 s
k == 8 -- Iteration = 1 -- log likelihood = -inf -- 189.395 s
k == 8 -- Iteration = 2 -- log likelihood = -inf -- 191.163 s
k == 8 -- Iteration = 0 -- log likelihood = -232101 -- 186.694 s
k == 8 -- Iteration = 1 -- log likelihood = -inf -- 189.483 s
k == 8 -- Iteration = 2 -- log likelihood = -inf -- 191.27 s
k == 8 -- Iteration = 0 -- log likelihood = -232101 -- 188.083 s
k == 8 -- Iteration = 1 -- log likelihood = -inf -- 190.865 s
k == 8 -- Iteration = 2 -- log likelihood = -inf -- 192.69 s
k == 8 -- Iteration = 0 -- log likelihood = -232101 -- 186.37 s
k == 8 -- Iteration = 1 -- log likelihood = -inf -- 189.114 s
k == 8 -- Iteration = 2 -- log likelihood = -inf -- 190.88 s
k == 8 -- Iteration = 0 -- log likelihood = -73965.3 -- 187.13 s
k == 8 -- Iteration = 1 -- log likelihood = -inf -- 189.332 s
k == 8 -- Iteration = 2 -- log likelihood = -inf -- 191.151 s
k = 8 -- Log likelihood -1.79769e+308 -- BIC inf
k == 9 -- Iteration = 0 -- log likelihood = -232106 -- 186.543 s
k == 9 -- Iteration = 1 -- log likelihood = -inf -- 189.476 s
k == 9 -- Iteration = 2 -- log likelihood = -inf -- 191.435 s
k == 9 -- Iteration = 0 -- log likelihood = -232106 -- 187.141 s
k == 9 -- Iteration = 1 -- log likelihood = -inf -- 190.063 s
k == 9 -- Iteration = 2 -- log likelihood = -inf -- 192.042 s
k == 9 -- Iteration = 0 -- log likelihood = -232106 -- 187.85 s
k == 9 -- Iteration = 1 -- log likelihood = -inf -- 190.793 s
k == 9 -- Iteration = 2 -- log likelihood = -inf -- 192.769 s
k == 9 -- Iteration = 0 -- log likelihood = -232106 -- 186.681 s
k == 9 -- Iteration = 1 -- log likelihood = -inf -- 189.618 s
k == 9 -- Iteration = 2 -- log likelihood = -inf -- 191.596 s
k == 9 -- Iteration = 0 -- log likelihood = -232106 -- 187.848 s
k == 9 -- Iteration = 1 -- log likelihood = -inf -- 190.802 s
k == 9 -- Iteration = 2 -- log likelihood = -inf -- 192.765 s
k == 9 -- Iteration = 0 -- log likelihood = -232106 -- 186.383 s
k == 9 -- Iteration = 1 -- log likelihood = -inf -- 189.304 s
k == 9 -- Iteration = 2 -- log likelihood = -inf -- 191.284 s
k == 9 -- Iteration = 0 -- log likelihood = -232106 -- 187.591 s
k == 9 -- Iteration = 1 -- log likelihood = -inf -- 190.524 s
k == 9 -- Iteration = 2 -- log likelihood = -inf -- 192.494 s
k == 9 -- Iteration = 0 -- log likelihood = -232106 -- 189.253 s
k == 9 -- Iteration = 1 -- log likelihood = -inf -- 192.187 s
k == 9 -- Iteration = 2 -- log likelihood = -inf -- 194.232 s
k == 9 -- Iteration = 0 -- log likelihood = -232106 -- 187.079 s
k == 9 -- Iteration = 1 -- log likelihood = -inf -- 190.025 s
k == 9 -- Iteration = 2 -- log likelihood = -inf -- 192.016 s
k == 9 -- Iteration = 0 -- log likelihood = -74121.6 -- 187.881 s
k == 9 -- Iteration = 1 -- log likelihood = -inf -- 190.276 s
k == 9 -- Iteration = 2 -- log likelihood = -inf -- 192.31 s
k = 9 -- Log likelihood -1.79769e+308 -- BIC inf
k == 10 -- Iteration = 0 -- log likelihood = -232110 -- 187.128 s
k == 10 -- Iteration = 1 -- log likelihood = -inf -- 190.255 s
k == 10 -- Iteration = 2 -- log likelihood = -inf -- 192.441 s
k == 10 -- Iteration = 0 -- log likelihood = -232110 -- 187.911 s
k == 10 -- Iteration = 1 -- log likelihood = -inf -- 191.022 s
k == 10 -- Iteration = 2 -- log likelihood = -inf -- 193.194 s
k == 10 -- Iteration = 0 -- log likelihood = -232110 -- 188.573 s
k == 10 -- Iteration = 1 -- log likelihood = -inf -- 191.705 s
k == 10 -- Iteration = 2 -- log likelihood = -inf -- 193.898 s
k == 10 -- Iteration = 0 -- log likelihood = -232110 -- 187.396 s
k == 10 -- Iteration = 1 -- log likelihood = -inf -- 190.509 s
k == 10 -- Iteration = 2 -- log likelihood = -inf -- 192.691 s
k == 10 -- Iteration = 0 -- log likelihood = -232110 -- 189.091 s
k == 10 -- Iteration = 1 -- log likelihood = -inf -- 192.198 s
k == 10 -- Iteration = 2 -- log likelihood = -inf -- 194.387 s
k == 10 -- Iteration = 0 -- log likelihood = -232110 -- 187.255 s
k == 10 -- Iteration = 1 -- log likelihood = -inf -- 190.401 s
k == 10 -- Iteration = 2 -- log likelihood = -inf -- 192.583 s
k == 10 -- Iteration = 0 -- log likelihood = -232110 -- 188.403 s
k == 10 -- Iteration = 1 -- log likelihood = -inf -- 191.538 s
k == 10 -- Iteration = 2 -- log likelihood = -inf -- 193.727 s
k == 10 -- Iteration = 0 -- log likelihood = -232110 -- 190.35 s
k == 10 -- Iteration = 1 -- log likelihood = -inf -- 193.469 s
k == 10 -- Iteration = 2 -- log likelihood = -inf -- 195.66 s
k == 10 -- Iteration = 0 -- log likelihood = -232110 -- 187.83 s
k == 10 -- Iteration = 1 -- log likelihood = -inf -- 190.939 s
k == 10 -- Iteration = 2 -- log likelihood = -inf -- 193.107 s
k == 10 -- Iteration = 0 -- log likelihood = -74158.5 -- 188.152 s
k == 10 -- Iteration = 1 -- log likelihood = -inf -- 190.774 s
k == 10 -- Iteration = 2 -- log likelihood = -inf -- 193.005 s
k = 10 -- Log likelihood -1.79769e+308 -- BIC inf
k == 11 -- Iteration = 0 -- log likelihood = -232114 -- 188.076 s
k == 11 -- Iteration = 1 -- log likelihood = -inf -- 191.415 s
k == 11 -- Iteration = 2 -- log likelihood = -inf -- 193.794 s
k == 11 -- Iteration = 0 -- log likelihood = -232114 -- 188.415 s
k == 11 -- Iteration = 1 -- log likelihood = -inf -- 191.746 s
k == 11 -- Iteration = 2 -- log likelihood = -inf -- 194.127 s
k == 11 -- Iteration = 0 -- log likelihood = -232114 -- 189.808 s
k == 11 -- Iteration = 1 -- log likelihood = -inf -- 193.122 s
k == 11 -- Iteration = 2 -- log likelihood = -inf -- 195.516 s
k == 11 -- Iteration = 0 -- log likelihood = -232114 -- 188.298 s
k == 11 -- Iteration = 1 -- log likelihood = -inf -- 191.62 s
k == 11 -- Iteration = 2 -- log likelihood = -inf -- 194.014 s
k == 11 -- Iteration = 0 -- log likelihood = -232114 -- 190.256 s
k == 11 -- Iteration = 1 -- log likelihood = -inf -- 193.62 s
k == 11 -- Iteration = 2 -- log likelihood = -inf -- 196.011 s
k == 11 -- Iteration = 0 -- log likelihood = -232114 -- 187.849 s
k == 11 -- Iteration = 1 -- log likelihood = -inf -- 191.22 s
k == 11 -- Iteration = 2 -- log likelihood = -inf -- 193.61 s
k == 11 -- Iteration = 0 -- log likelihood = -232114 -- 189.623 s
k == 11 -- Iteration = 1 -- log likelihood = -inf -- 192.957 s
k == 11 -- Iteration = 2 -- log likelihood = -inf -- 195.348 s
k == 11 -- Iteration = 0 -- log likelihood = -232114 -- 191.444 s
k == 11 -- Iteration = 1 -- log likelihood = -inf -- 194.782 s
k == 11 -- Iteration = 2 -- log likelihood = -inf -- 197.172 s
k == 11 -- Iteration = 0 -- log likelihood = -232114 -- 188.566 s
k == 11 -- Iteration = 1 -- log likelihood = -inf -- 191.889 s
k == 11 -- Iteration = 2 -- log likelihood = -inf -- 194.275 s
k == 11 -- Iteration = 0 -- log likelihood = -74191.9 -- 189.869 s
k == 11 -- Iteration = 1 -- log likelihood = -inf -- 192.702 s
k == 11 -- Iteration = 2 -- log likelihood = -inf -- 195.145 s
k = 11 -- Log likelihood -1.79769e+308 -- BIC inf
k == 12 -- Iteration = 0 -- log likelihood = -232118 -- 188.724 s
k == 12 -- Iteration = 1 -- log likelihood = -inf -- 192.255 s
k == 12 -- Iteration = 2 -- log likelihood = -inf -- 194.823 s
k == 12 -- Iteration = 0 -- log likelihood = -232118 -- 189.678 s
k == 12 -- Iteration = 1 -- log likelihood = -inf -- 193.203 s
k == 12 -- Iteration = 2 -- log likelihood = -inf -- 195.789 s
k == 12 -- Iteration = 0 -- log likelihood = -232118 -- 190.76 s
k == 12 -- Iteration = 1 -- log likelihood = -inf -- 194.314 s
k == 12 -- Iteration = 2 -- log likelihood = -inf -- 196.899 s
k == 12 -- Iteration = 0 -- log likelihood = -232118 -- 189.187 s
k == 12 -- Iteration = 1 -- log likelihood = -inf -- 192.732 s
k == 12 -- Iteration = 2 -- log likelihood = -inf -- 195.318 s
k == 12 -- Iteration = 0 -- log likelihood = -232118 -- 190.59 s
k == 12 -- Iteration = 1 -- log likelihood = -inf -- 194.116 s
k == 12 -- Iteration = 2 -- log likelihood = -inf -- 196.698 s
k == 12 -- Iteration = 0 -- log likelihood = -232118 -- 188.625 s
k == 12 -- Iteration = 1 -- log likelihood = -inf -- 192.149 s
k == 12 -- Iteration = 2 -- log likelihood = -inf -- 194.794 s
k == 12 -- Iteration = 0 -- log likelihood = -232118 -- 189.895 s
k == 12 -- Iteration = 1 -- log likelihood = -inf -- 193.427 s
k == 12 -- Iteration = 2 -- log likelihood = -inf -- 196.023 s
k == 12 -- Iteration = 0 -- log likelihood = -232118 -- 193.111 s
k == 12 -- Iteration = 1 -- log likelihood = -inf -- 196.656 s
k == 12 -- Iteration = 2 -- log likelihood = -inf -- 199.243 s
k == 12 -- Iteration = 0 -- log likelihood = -232118 -- 189.588 s
k == 12 -- Iteration = 1 -- log likelihood = -inf -- 193.116 s
k == 12 -- Iteration = 2 -- log likelihood = -inf -- 195.692 s
k == 12 -- Iteration = 0 -- log likelihood = -74222.3 -- 191.034 s
k == 12 -- Iteration = 1 -- log likelihood = -inf -- 194.075 s
k == 12 -- Iteration = 2 -- log likelihood = -inf -- 196.744 s
k = 12 -- Log likelihood -1.79769e+308 -- BIC inf
k == 13 -- Iteration = 0 -- log likelihood = -232121 -- 189.608 s
k == 13 -- Iteration = 1 -- log likelihood = -inf -- 193.33 s
k == 13 -- Iteration = 2 -- log likelihood = -inf -- 196.202 s
k == 13 -- Iteration = 0 -- log likelihood = -232121 -- 190.257 s
k == 13 -- Iteration = 1 -- log likelihood = -inf -- 193.999 s
k == 13 -- Iteration = 2 -- log likelihood = -inf -- 196.843 s
k == 13 -- Iteration = 0 -- log likelihood = -232121 -- 191.697 s
k == 13 -- Iteration = 1 -- log likelihood = -inf -- 195.407 s
k == 13 -- Iteration = 2 -- log likelihood = -inf -- 198.244 s
k == 13 -- Iteration = 0 -- log likelihood = -232121 -- 189.665 s
k == 13 -- Iteration = 1 -- log likelihood = -inf -- 193.402 s
k == 13 -- Iteration = 2 -- log likelihood = -inf -- 196.323 s
k == 13 -- Iteration = 0 -- log likelihood = -232121 -- 192.258 s
k == 13 -- Iteration = 1 -- log likelihood = -inf -- 195.987 s
k == 13 -- Iteration = 2 -- log likelihood = -inf -- 198.846 s
k == 13 -- Iteration = 0 -- log likelihood = -232121 -- 189.453 s
k == 13 -- Iteration = 1 -- log likelihood = -inf -- 193.302 s
k == 13 -- Iteration = 2 -- log likelihood = -inf -- 196.159 s
k == 13 -- Iteration = 0 -- log likelihood = -232121 -- 191.118 s
k == 13 -- Iteration = 1 -- log likelihood = -inf -- 194.837 s
k == 13 -- Iteration = 2 -- log likelihood = -inf -- 197.679 s
k == 13 -- Iteration = 0 -- log likelihood = -232121 -- 193.382 s
k == 13 -- Iteration = 1 -- log likelihood = -inf -- 197.157 s
k == 13 -- Iteration = 2 -- log likelihood = -inf -- 199.998 s
k == 13 -- Iteration = 0 -- log likelihood = -232121 -- 190.089 s
k == 13 -- Iteration = 1 -- log likelihood = -inf -- 193.832 s
k == 13 -- Iteration = 2 -- log likelihood = -inf -- 196.663 s
k == 13 -- Iteration = 0 -- log likelihood = -74135.2 -- 191.4 s
k == 13 -- Iteration = 1 -- log likelihood = -inf -- 194.663 s
k == 13 -- Iteration = 2 -- log likelihood = -inf -- 197.538 s
k = 13 -- Log likelihood -1.79769e+308 -- BIC inf
k == 14 -- Iteration = 0 -- log likelihood = -232124 -- 189.458 s
k == 14 -- Iteration = 1 -- log likelihood = -inf -- 193.434 s
k == 14 -- Iteration = 2 -- log likelihood = -inf -- 196.507 s
k == 14 -- Iteration = 0 -- log likelihood = -232124 -- 191.101 s
k == 14 -- Iteration = 1 -- log likelihood = -inf -- 195.054 s
k == 14 -- Iteration = 2 -- log likelihood = -inf -- 198.105 s
k == 14 -- Iteration = 0 -- log likelihood = -232124 -- 192.078 s
k == 14 -- Iteration = 1 -- log likelihood = -inf -- 196 s
k == 14 -- Iteration = 2 -- log likelihood = -inf -- 199.018 s
k == 14 -- Iteration = 0 -- log likelihood = -232124 -- 190.311 s
k == 14 -- Iteration = 1 -- log likelihood = -inf -- 194.251 s
k == 14 -- Iteration = 2 -- log likelihood = -inf -- 197.279 s
k == 14 -- Iteration = 0 -- log likelihood = -232124 -- 192.087 s
k == 14 -- Iteration = 1 -- log likelihood = -inf -- 196.021 s
k == 14 -- Iteration = 2 -- log likelihood = -inf -- 199.074 s
k == 14 -- Iteration = 0 -- log likelihood = -232124 -- 190.147 s
k == 14 -- Iteration = 1 -- log likelihood = -inf -- 194.103 s
k == 14 -- Iteration = 2 -- log likelihood = -inf -- 197.166 s
k == 14 -- Iteration = 0 -- log likelihood = -232124 -- 192.877 s
k == 14 -- Iteration = 1 -- log likelihood = -inf -- 197.254 s
k == 14 -- Iteration = 2 -- log likelihood = -inf -- 200.422 s
k == 14 -- Iteration = 0 -- log likelihood = -232124 -- 196.779 s
k == 14 -- Iteration = 1 -- log likelihood = -inf -- 201.307 s
k == 14 -- Iteration = 2 -- log likelihood = -inf -- 204.664 s
k == 14 -- Iteration = 0 -- log likelihood = -232124 -- 192.567 s
k == 14 -- Iteration = 1 -- log likelihood = -inf -- 196.669 s
k == 14 -- Iteration = 2 -- log likelihood = -inf -- 199.95 s
k == 14 -- Iteration = 0 -- log likelihood = -74161.1 -- 193.336 s
k == 14 -- Iteration = 1 -- log likelihood = -inf -- 196.793 s
k == 14 -- Iteration = 2 -- log likelihood = -inf -- 199.894 s
k = 14 -- Log likelihood -1.79769e+308 -- BIC inf
k == 15 -- Iteration = 0 -- log likelihood = -232127 -- 190.764 s
k == 15 -- Iteration = 1 -- log likelihood = -inf -- 194.732 s
k == 15 -- Iteration = 2 -- log likelihood = -inf -- 197.931 s
k == 15 -- Iteration = 0 -- log likelihood = -232127 -- 191.841 s
k == 15 -- Iteration = 1 -- log likelihood = -inf -- 195.759 s
k == 15 -- Iteration = 2 -- log likelihood = -inf -- 198.903 s
k == 15 -- Iteration = 0 -- log likelihood = -232127 -- 192.492 s
k == 15 -- Iteration = 1 -- log likelihood = -inf -- 196.371 s
k == 15 -- Iteration = 2 -- log likelihood = -inf -- 199.489 s
k == 15 -- Iteration = 0 -- log likelihood = -232127 -- 190.5 s
k == 15 -- Iteration = 1 -- log likelihood = -inf -- 194.405 s
k == 15 -- Iteration = 2 -- log likelihood = -inf -- 197.535 s
k == 15 -- Iteration = 0 -- log likelihood = -232127 -- 193.852 s
k == 15 -- Iteration = 1 -- log likelihood = -inf -- 197.804 s
k == 15 -- Iteration = 2 -- log likelihood = -inf -- 200.908 s
k == 15 -- Iteration = 0 -- log likelihood = -232127 -- 190.111 s
k == 15 -- Iteration = 1 -- log likelihood = -inf -- 193.999 s
k == 15 -- Iteration = 2 -- log likelihood = -inf -- 197.058 s
k == 15 -- Iteration = 0 -- log likelihood = -232127 -- 191.828 s
k == 15 -- Iteration = 1 -- log likelihood = -inf -- 195.732 s
k == 15 -- Iteration = 2 -- log likelihood = -inf -- 198.801 s
k == 15 -- Iteration = 0 -- log likelihood = -232127 -- 193.675 s
k == 15 -- Iteration = 1 -- log likelihood = -inf -- 197.573 s
k == 15 -- Iteration = 2 -- log likelihood = -inf -- 200.62 s
k == 15 -- Iteration = 0 -- log likelihood = -232127 -- 190.817 s
k == 15 -- Iteration = 1 -- log likelihood = -inf -- 194.708 s
k == 15 -- Iteration = 2 -- log likelihood = -inf -- 197.824 s
k == 15 -- Iteration = 0 -- log likelihood = -74185.3 -- 192.635 s
k == 15 -- Iteration = 1 -- log likelihood = -inf -- 196.061 s
k == 15 -- Iteration = 2 -- log likelihood = -inf -- 199.212 s
k = 15 -- Log likelihood -1.79769e+308 -- BIC inf
k == 16 -- Iteration = 0 -- log likelihood = -232130 -- 191.864 s
k == 16 -- Iteration = 1 -- log likelihood = -inf -- 195.928 s
k == 16 -- Iteration = 2 -- log likelihood = -inf -- 199.295 s
k == 16 -- Iteration = 0 -- log likelihood = -232130 -- 194.316 s
k == 16 -- Iteration = 1 -- log likelihood = -inf -- 198.395 s
k == 16 -- Iteration = 2 -- log likelihood = -inf -- 202.052 s
k == 16 -- Iteration = 0 -- log likelihood = -232130 -- 195.173 s
k == 16 -- Iteration = 1 -- log likelihood = -inf -- 199.464 s
k == 16 -- Iteration = 2 -- log likelihood = -inf -- 203.019 s
k == 16 -- Iteration = 0 -- log likelihood = -232130 -- 192.358 s
k == 16 -- Iteration = 1 -- log likelihood = -inf -- 196.313 s
k == 16 -- Iteration = 2 -- log likelihood = -inf -- 199.488 s
k == 16 -- Iteration = 0 -- log likelihood = -232130 -- 194.438 s
k == 16 -- Iteration = 1 -- log likelihood = -inf -- 198.389 s
k == 16 -- Iteration = 2 -- log likelihood = -inf -- 201.584 s
k == 16 -- Iteration = 0 -- log likelihood = -232130 -- 190.215 s
k == 16 -- Iteration = 1 -- log likelihood = -inf -- 194.16 s
k == 16 -- Iteration = 2 -- log likelihood = -inf -- 197.367 s
k == 16 -- Iteration = 0 -- log likelihood = -232130 -- 193.107 s
k == 16 -- Iteration = 1 -- log likelihood = -inf -- 197.035 s
k == 16 -- Iteration = 2 -- log likelihood = -inf -- 200.266 s
k == 16 -- Iteration = 0 -- log likelihood = -232130 -- 197.441 s
k == 16 -- Iteration = 1 -- log likelihood = -inf -- 201.826 s
k == 16 -- Iteration = 2 -- log likelihood = -inf -- 205.215 s
k == 16 -- Iteration = 0 -- log likelihood = -232130 -- 193.076 s
k == 16 -- Iteration = 1 -- log likelihood = -inf -- 196.87 s
k == 16 -- Iteration = 2 -- log likelihood = -inf -- 200.007 s
k = 16 -- Log likelihood -1.79769e+308 -- BIC inf
k == 17 -- Iteration = 0 -- log likelihood = -232132 -- 190.849 s
k == 17 -- Iteration = 1 -- log likelihood = -inf -- 194.823 s
k == 17 -- Iteration = 2 -- log likelihood = -inf -- 198.065 s
k == 17 -- Iteration = 0 -- log likelihood = -232132 -- 193.254 s
k == 17 -- Iteration = 1 -- log likelihood = -inf -- 197.574 s
k == 17 -- Iteration = 2 -- log likelihood = -inf -- 201.022 s
k == 17 -- Iteration = 0 -- log likelihood = -232132 -- 195.32 s
k == 17 -- Iteration = 1 -- log likelihood = -inf -- 199.471 s
k == 17 -- Iteration = 2 -- log likelihood = -inf -- 203.496 s
k == 17 -- Iteration = 0 -- log likelihood = -232132 -- 193.085 s
k == 17 -- Iteration = 1 -- log likelihood = -inf -- 197.318 s
k == 17 -- Iteration = 2 -- log likelihood = -inf -- 200.665 s
k == 17 -- Iteration = 0 -- log likelihood = -232132 -- 195.956 s
k == 17 -- Iteration = 1 -- log likelihood = -inf -- 200.11 s
k == 17 -- Iteration = 2 -- log likelihood = -inf -- 203.565 s
k == 17 -- Iteration = 0 -- log likelihood = -232132 -- 191.825 s
k == 17 -- Iteration = 1 -- log likelihood = -inf -- 196.473 s
k == 17 -- Iteration = 2 -- log likelihood = -inf -- 199.781 s
k == 17 -- Iteration = 0 -- log likelihood = -232132 -- 194.24 s
k == 17 -- Iteration = 1 -- log likelihood = -inf -- 198.39 s
k == 17 -- Iteration = 2 -- log likelihood = -inf -- 201.71 s
k == 17 -- Iteration = 0 -- log likelihood = -232132 -- 197.276 s
k == 17 -- Iteration = 1 -- log likelihood = -inf -- 201.32 s
k == 17 -- Iteration = 2 -- log likelihood = -inf -- 204.573 s
k == 17 -- Iteration = 0 -- log likelihood = -232132 -- 191.62 s
k == 17 -- Iteration = 1 -- log likelihood = -inf -- 195.521 s
k == 17 -- Iteration = 2 -- log likelihood = -inf -- 198.744 s
k = 17 -- Log likelihood -1.79769e+308 -- BIC inf
k == 18 -- Iteration = 0 -- log likelihood = -232135 -- 191.267 s
k == 18 -- Iteration = 1 -- log likelihood = -inf -- 195.36 s
k == 18 -- Iteration = 2 -- log likelihood = -inf -- 198.761 s
k == 18 -- Iteration = 0 -- log likelihood = -232135 -- 192.582 s
k == 18 -- Iteration = 1 -- log likelihood = -inf -- 196.669 s
k == 18 -- Iteration = 2 -- log likelihood = -inf -- 200.083 s
k == 18 -- Iteration = 0 -- log likelihood = -232135 -- 193.901 s
k == 18 -- Iteration = 1 -- log likelihood = -inf -- 198.069 s
k == 18 -- Iteration = 2 -- log likelihood = -inf -- 201.425 s
k == 18 -- Iteration = 0 -- log likelihood = -232135 -- 191.304 s
k == 18 -- Iteration = 1 -- log likelihood = -inf -- 195.383 s
k == 18 -- Iteration = 2 -- log likelihood = -inf -- 198.785 s
k == 18 -- Iteration = 0 -- log likelihood = -232135 -- 194.346 s
k == 18 -- Iteration = 1 -- log likelihood = -inf -- 198.437 s
k == 18 -- Iteration = 2 -- log likelihood = -inf -- 201.847 s
k == 18 -- Iteration = 0 -- log likelihood = -232135 -- 191.253 s
k == 18 -- Iteration = 1 -- log likelihood = -inf -- 195.334 s
k == 18 -- Iteration = 2 -- log likelihood = -inf -- 198.729 s
k == 18 -- Iteration = 0 -- log likelihood = -232135 -- 193.471 s
k == 18 -- Iteration = 1 -- log likelihood = -inf -- 197.544 s
k == 18 -- Iteration = 2 -- log likelihood = -inf -- 200.939 s
k == 18 -- Iteration = 0 -- log likelihood = -232135 -- 197.079 s
k == 18 -- Iteration = 1 -- log likelihood = -inf -- 201.149 s
k == 18 -- Iteration = 2 -- log likelihood = -inf -- 204.548 s
k == 18 -- Iteration = 0 -- log likelihood = -232135 -- 192.219 s
k == 18 -- Iteration = 1 -- log likelihood = -inf -- 196.292 s
k == 18 -- Iteration = 2 -- log likelihood = -inf -- 199.694 s
k = 18 -- Log likelihood -1.79769e+308 -- BIC inf
k == 19 -- Iteration = 0 -- log likelihood = -232137 -- 191.957 s
k == 19 -- Iteration = 1 -- log likelihood = -inf -- 196.206 s
k == 19 -- Iteration = 2 -- log likelihood = -inf -- 199.782 s
k == 19 -- Iteration = 0 -- log likelihood = -232137 -- 193.101 s
k == 19 -- Iteration = 1 -- log likelihood = -inf -- 197.355 s
k == 19 -- Iteration = 2 -- log likelihood = -inf -- 200.901 s
k == 19 -- Iteration = 0 -- log likelihood = -232137 -- 194.523 s
k == 19 -- Iteration = 1 -- log likelihood = -inf -- 198.765 s
k == 19 -- Iteration = 2 -- log likelihood = -inf -- 202.278 s
k == 19 -- Iteration = 0 -- log likelihood = -232137 -- 192.21 s
k == 19 -- Iteration = 1 -- log likelihood = -inf -- 196.471 s
k == 19 -- Iteration = 2 -- log likelihood = -inf -- 200.006 s
k == 19 -- Iteration = 0 -- log likelihood = -232137 -- 195.611 s
k == 19 -- Iteration = 1 -- log likelihood = -inf -- 199.901 s
k == 19 -- Iteration = 2 -- log likelihood = -inf -- 203.418 s
k == 19 -- Iteration = 0 -- log likelihood = -232137 -- 191.293 s
k == 19 -- Iteration = 1 -- log likelihood = -inf -- 195.552 s
k == 19 -- Iteration = 2 -- log likelihood = -inf -- 199.082 s
k == 19 -- Iteration = 0 -- log likelihood = -232137 -- 193.738 s
k == 19 -- Iteration = 1 -- log likelihood = -inf -- 197.985 s
k == 19 -- Iteration = 2 -- log likelihood = -inf -- 201.519 s
k == 19 -- Iteration = 0 -- log likelihood = -232137 -- 196.419 s
k == 19 -- Iteration = 1 -- log likelihood = -inf -- 200.659 s
k == 19 -- Iteration = 2 -- log likelihood = -inf -- 204.186 s
k == 19 -- Iteration = 0 -- log likelihood = -232137 -- 192.739 s
k == 19 -- Iteration = 1 -- log likelihood = -inf -- 196.982 s
k == 19 -- Iteration = 2 -- log likelihood = -inf -- 200.519 s
k = 19 -- Log likelihood -1.79769e+308 -- BIC inf
k == 20 -- Iteration = 0 -- log likelihood = -232139 -- 192.005 s
k == 20 -- Iteration = 1 -- log likelihood = -inf -- 196.438 s
k == 20 -- Iteration = 2 -- log likelihood = -inf -- 200.143 s
k == 20 -- Iteration = 0 -- log likelihood = -232139 -- 193.862 s
k == 20 -- Iteration = 1 -- log likelihood = -inf -- 198.294 s
k == 20 -- Iteration = 2 -- log likelihood = -inf -- 202.003 s
k == 20 -- Iteration = 0 -- log likelihood = -232139 -- 195.677 s
k == 20 -- Iteration = 1 -- log likelihood = -inf -- 200.115 s
k == 20 -- Iteration = 2 -- log likelihood = -inf -- 203.884 s
k == 20 -- Iteration = 0 -- log likelihood = -232139 -- 193.034 s
k == 20 -- Iteration = 1 -- log likelihood = -inf -- 197.467 s
k == 20 -- Iteration = 2 -- log likelihood = -inf -- 201.237 s
k == 20 -- Iteration = 0 -- log likelihood = -232139 -- 196.477 s
k == 20 -- Iteration = 1 -- log likelihood = -inf -- 200.914 s
k == 20 -- Iteration = 2 -- log likelihood = -inf -- 204.629 s
k == 20 -- Iteration = 0 -- log likelihood = -232139 -- 192.391 s
k == 20 -- Iteration = 1 -- log likelihood = -inf -- 196.838 s
k == 20 -- Iteration = 2 -- log likelihood = -inf -- 200.555 s
k == 20 -- Iteration = 0 -- log likelihood = -232139 -- 194.903 s
k == 20 -- Iteration = 1 -- log likelihood = -inf -- 199.32 s
k == 20 -- Iteration = 2 -- log likelihood = -inf -- 203.029 s
k == 20 -- Iteration = 0 -- log likelihood = -232139 -- 198.82 s
k == 20 -- Iteration = 1 -- log likelihood = -inf -- 203.284 s
k == 20 -- Iteration = 2 -- log likelihood = -inf -- 207.001 s
k == 20 -- Iteration = 0 -- log likelihood = -232139 -- 193.693 s
k == 20 -- Iteration = 1 -- log likelihood = -inf -- 198.122 s
k == 20 -- Iteration = 2 -- log likelihood = -inf -- 201.896 s
k = 20 -- Log likelihood -1.79769e+308 -- BIC inf
