#Observations: 11612
Minimum #clusters: 1
k == 1 -- Iteration = 0 -- log likelihood = -16407.9 -- 180.361 s
k == 1 -- Iteration = 1 -- log likelihood = -16563.7 -- 180.65 s
k == 1 -- Iteration = 2 -- log likelihood = -16563.7 -- 180.928 s

k == 1 -- Iteration = 0 -- log likelihood = -17504 -- 180.275 s
k == 1 -- Iteration = 1 -- log likelihood = -17485.6 -- 180.612 s
k == 1 -- Iteration = 2 -- log likelihood = -17485.6 -- 180.952 s

k == 1 -- Iteration = 0 -- log likelihood = -16476.7 -- 180.639 s
k == 1 -- Iteration = 1 -- log likelihood = -16563.7 -- 180.934 s
k == 1 -- Iteration = 2 -- log likelihood = -16563.7 -- 181.218 s

k == 1 -- Iteration = 0 -- log likelihood = -16563.7 -- 180.552 s
k == 1 -- Iteration = 1 -- log likelihood = -16563.7 -- 180.847 s
k == 1 -- Iteration = 2 -- log likelihood = -16563.7 -- 181.128 s

k == 1 -- Iteration = 0 -- log likelihood = -16363.3 -- 180.534 s
k == 1 -- Iteration = 1 -- log likelihood = -16563.7 -- 180.829 s
k == 1 -- Iteration = 2 -- log likelihood = -16563.7 -- 181.108 s

k == 1 -- Iteration = 0 -- log likelihood = -16313 -- 180.492 s
k == 1 -- Iteration = 1 -- log likelihood = -16563.7 -- 180.78 s
k == 1 -- Iteration = 2 -- log likelihood = -16563.7 -- 181.05 s

k == 1 -- Iteration = 0 -- log likelihood = -17326.8 -- 180.457 s
k == 1 -- Iteration = 1 -- log likelihood = -17485.6 -- 180.798 s
k == 1 -- Iteration = 2 -- log likelihood = -17485.6 -- 181.122 s

k == 1 -- Iteration = 0 -- log likelihood = -16304.2 -- 180.575 s
k == 1 -- Iteration = 1 -- log likelihood = -16563.7 -- 180.866 s
k == 1 -- Iteration = 2 -- log likelihood = -16563.7 -- 181.135 s

k == 1 -- Iteration = 0 -- log likelihood = -17444.3 -- 180.35 s
k == 1 -- Iteration = 1 -- log likelihood = -17485.6 -- 180.705 s
k == 1 -- Iteration = 2 -- log likelihood = -17485.6 -- 181.037 s

k == 1 -- Iteration = 0 -- log likelihood = -19290 -- 180.298 s
k == 1 -- Iteration = 1 -- log likelihood = -18984.5 -- 180.913 s
k == 1 -- Iteration = 2 -- log likelihood = -18984.5 -- 181.51 s

k = 1 -- Log likelihood -16563.7 -- BIC 33202.3
k == 2 -- Iteration = 0 -- log likelihood = -10880.8 -- 180.617 s
k == 2 -- Iteration = 1 -- log likelihood = -10493.2 -- 181.063 s
k == 2 -- Iteration = 2 -- log likelihood = -10493.1 -- 181.495 s
k == 2 -- Iteration = 3 -- log likelihood = -10493.1 -- 181.911 s
k == 2 -- Iteration = 4 -- log likelihood = -10493.1 -- 182.331 s

k == 2 -- Iteration = 0 -- log likelihood = -11831.7 -- 180.453 s
k == 2 -- Iteration = 1 -- log likelihood = -11454.9 -- 180.868 s
k == 2 -- Iteration = 2 -- log likelihood = -11454.8 -- 181.275 s
k == 2 -- Iteration = 3 -- log likelihood = -11454.8 -- 181.671 s
k == 2 -- Iteration = 4 -- log likelihood = -11454.8 -- 182.071 s

k == 2 -- Iteration = 0 -- log likelihood = -16361.4 -- 181.318 s
k == 2 -- Iteration = 1 -- log likelihood = -15788.6 -- 181.794 s
k == 2 -- Iteration = 2 -- log likelihood = -15539.9 -- 182.282 s
k == 2 -- Iteration = 3 -- log likelihood = -15539.8 -- 182.78 s
k == 2 -- Iteration = 4 -- log likelihood = -15539.8 -- 183.286 s
k == 2 -- Iteration = 5 -- log likelihood = -15539.8 -- 183.797 s
k == 2 -- Iteration = 6 -- log likelihood = -15539.8 -- 184.304 s

k == 2 -- Iteration = 0 -- log likelihood = -10882.4 -- 181.008 s
k == 2 -- Iteration = 1 -- log likelihood = -10493.2 -- 181.463 s
k == 2 -- Iteration = 2 -- log likelihood = -10493.1 -- 181.899 s
k == 2 -- Iteration = 3 -- log likelihood = -10493.1 -- 182.33 s
k == 2 -- Iteration = 4 -- log likelihood = -10493.1 -- 182.754 s

k == 2 -- Iteration = 0 -- log likelihood = -13994.7 -- 181.06 s
k == 2 -- Iteration = 1 -- log likelihood = -13959.6 -- 181.479 s
k == 2 -- Iteration = 2 -- log likelihood = -13959.6 -- 181.886 s
k == 2 -- Iteration = 3 -- log likelihood = -13959.6 -- 182.28 s

k == 2 -- Iteration = 0 -- log likelihood = -11557.9 -- 180.955 s
k == 2 -- Iteration = 1 -- log likelihood = -11454.8 -- 181.381 s
k == 2 -- Iteration = 2 -- log likelihood = -11454.8 -- 181.799 s
k == 2 -- Iteration = 3 -- log likelihood = -11454.8 -- 182.206 s
k == 2 -- Iteration = 4 -- log likelihood = -11454.8 -- 182.614 s

k == 2 -- Iteration = 0 -- log likelihood = -9430.36 -- 180.922 s
k == 2 -- Iteration = 1 -- log likelihood = -9126.48 -- 181.401 s
k == 2 -- Iteration = 2 -- log likelihood = -9126.34 -- 181.863 s
k == 2 -- Iteration = 3 -- log likelihood = -9126.34 -- 182.316 s
k == 2 -- Iteration = 4 -- log likelihood = -9126.34 -- 182.769 s

k == 2 -- Iteration = 0 -- log likelihood = -10756.4 -- 181.167 s
k == 2 -- Iteration = 1 -- log likelihood = -10493.3 -- 181.622 s
k == 2 -- Iteration = 2 -- log likelihood = -10493.1 -- 182.066 s
k == 2 -- Iteration = 3 -- log likelihood = -10493.1 -- 182.494 s
k == 2 -- Iteration = 4 -- log likelihood = -10493.1 -- 182.923 s

k == 2 -- Iteration = 0 -- log likelihood = -12261.3 -- 180.76 s
k == 2 -- Iteration = 1 -- log likelihood = -12090 -- 181.207 s
k == 2 -- Iteration = 2 -- log likelihood = -12090 -- 181.616 s
k == 2 -- Iteration = 3 -- log likelihood = -12090 -- 182.014 s

k == 2 -- Iteration = 0 -- log likelihood = -13616.3 -- 180.567 s
k == 2 -- Iteration = 1 -- log likelihood = -13867.4 -- 180.981 s
k == 2 -- Iteration = 2 -- log likelihood = -13867.4 -- 181.375 s
k == 2 -- Iteration = 3 -- log likelihood = -13867.4 -- 181.757 s
k == 2 -- Iteration = 4 -- log likelihood = -13867.4 -- 182.144 s

k = 2 -- Log likelihood -9126.34 -- BIC 18365
k == 3 -- Iteration = 0 -- log likelihood = -11715.7 -- 180.953 s
k == 3 -- Iteration = 1 -- log likelihood = -11136.4 -- 181.683 s
k == 3 -- Iteration = 2 -- log likelihood = -10924 -- 182.385 s
k == 3 -- Iteration = 3 -- log likelihood = -10924 -- 183.066 s
k == 3 -- Iteration = 4 -- log likelihood = -10924 -- 183.735 s
k == 3 -- Iteration = 5 -- log likelihood = -10924 -- 184.41 s

k == 3 -- Iteration = 0 -- log likelihood = -11563.2 -- 180.681 s
k == 3 -- Iteration = 1 -- log likelihood = -11251.8 -- 181.196 s
k == 3 -- Iteration = 2 -- log likelihood = -11251.7 -- 181.71 s
k == 3 -- Iteration = 3 -- log likelihood = -11251.7 -- 182.201 s
k == 3 -- Iteration = 4 -- log likelihood = -11251.7 -- 182.692 s

k == 3 -- Iteration = 0 -- log likelihood = -13381.3 -- 181.828 s
k == 3 -- Iteration = 1 -- log likelihood = -13139.7 -- 182.375 s
k == 3 -- Iteration = 2 -- log likelihood = -13139.7 -- 182.911 s
k == 3 -- Iteration = 3 -- log likelihood = -13139.7 -- 183.434 s

k == 3 -- Iteration = 0 -- log likelihood = -10280.6 -- 181.558 s
k == 3 -- Iteration = 1 -- log likelihood = -9531.95 -- 182.18 s
k == 3 -- Iteration = 2 -- log likelihood = -9418.48 -- 182.773 s
k == 3 -- Iteration = 3 -- log likelihood = -9418.41 -- 183.345 s
k == 3 -- Iteration = 4 -- log likelihood = -9418.41 -- 183.907 s
k == 3 -- Iteration = 5 -- log likelihood = -9418.41 -- 184.486 s

k == 3 -- Iteration = 0 -- log likelihood = -14458 -- 181.47 s
k == 3 -- Iteration = 1 -- log likelihood = -14166.5 -- 182.043 s
k == 3 -- Iteration = 2 -- log likelihood = -13613.6 -- 182.611 s
k == 3 -- Iteration = 3 -- log likelihood = -12978.3 -- 183.267 s
k == 3 -- Iteration = 4 -- log likelihood = -12500.8 -- 183.926 s
k == 3 -- Iteration = 5 -- log likelihood = -12314.8 -- 184.569 s
k == 3 -- Iteration = 6 -- log likelihood = -12201.1 -- 185.22 s
k == 3 -- Iteration = 7 -- log likelihood = -11927.4 -- 185.884 s
k == 3 -- Iteration = 8 -- log likelihood = -11789.5 -- 186.573 s
k == 3 -- Iteration = 9 -- log likelihood = -11789.1 -- 187.268 s
k == 3 -- Iteration = 10 -- log likelihood = -11789.1 -- 187.981 s
k == 3 -- Iteration = 11 -- log likelihood = -11789.1 -- 188.698 s

k == 3 -- Iteration = 0 -- log likelihood = -11450 -- 181.562 s
k == 3 -- Iteration = 1 -- log likelihood = -10223.3 -- 182.438 s
k == 3 -- Iteration = 2 -- log likelihood = -9783.51 -- 183.243 s
k == 3 -- Iteration = 3 -- log likelihood = -9783.27 -- 183.966 s
k == 3 -- Iteration = 4 -- log likelihood = -9783.27 -- 184.686 s
k == 3 -- Iteration = 5 -- log likelihood = -9783.27 -- 185.421 s

k == 3 -- Iteration = 0 -- log likelihood = -8947.68 -- 181.436 s
k == 3 -- Iteration = 1 -- log likelihood = -8146.9 -- 182.056 s
k == 3 -- Iteration = 2 -- log likelihood = -8146.79 -- 182.689 s
k == 3 -- Iteration = 3 -- log likelihood = -8146.79 -- 183.305 s
k == 3 -- Iteration = 4 -- log likelihood = -8146.79 -- 183.922 s

k == 3 -- Iteration = 0 -- log likelihood = -10895.4 -- 181.612 s
k == 3 -- Iteration = 1 -- log likelihood = -10890.8 -- 182.151 s
k == 3 -- Iteration = 2 -- log likelihood = -10890.7 -- 182.693 s
k == 3 -- Iteration = 3 -- log likelihood = -10890.7 -- 183.214 s
k == 3 -- Iteration = 4 -- log likelihood = -10890.7 -- 183.733 s

k == 3 -- Iteration = 0 -- log likelihood = -10598.7 -- 180.989 s
k == 3 -- Iteration = 1 -- log likelihood = -9753.56 -- 181.55 s
k == 3 -- Iteration = 2 -- log likelihood = -9752.94 -- 182.121 s
k == 3 -- Iteration = 3 -- log likelihood = -9752.94 -- 182.665 s
k == 3 -- Iteration = 4 -- log likelihood = -9752.94 -- 183.216 s
k == 3 -- Iteration = 5 -- log likelihood = -9752.94 -- 183.765 s

k == 3 -- Iteration = 0 -- log likelihood = -11385 -- 180.932 s
k == 3 -- Iteration = 1 -- log likelihood = -11513.9 -- 181.515 s
k == 3 -- Iteration = 2 -- log likelihood = -11512.7 -- 182.088 s
k == 3 -- Iteration = 3 -- log likelihood = -11512.7 -- 182.645 s
k == 3 -- Iteration = 4 -- log likelihood = -11512.7 -- 183.2 s
k == 3 -- Iteration = 5 -- log likelihood = -11512.7 -- 183.751 s

k = 3 -- Log likelihood -8146.79 -- BIC 16443.3
k == 4 -- Iteration = 0 -- log likelihood = -9298.5 -- 181.232 s
k == 4 -- Iteration = 1 -- log likelihood = -8569.96 -- 182.156 s
k == 4 -- Iteration = 2 -- log likelihood = -8047.03 -- 183.072 s
k == 4 -- Iteration = 3 -- log likelihood = -8026.72 -- 183.914 s
k == 4 -- Iteration = 4 -- log likelihood = -8026.56 -- 184.754 s
k == 4 -- Iteration = 5 -- log likelihood = -8026.56 -- 185.596 s
k == 4 -- Iteration = 6 -- log likelihood = -8026.56 -- 186.472 s
k == 4 -- Iteration = 7 -- log likelihood = -8026.56 -- 187.317 s
k == 4 -- Iteration = 8 -- log likelihood = -8026.56 -- 188.177 s

k == 4 -- Iteration = 0 -- log likelihood = -10862.8 -- 180.884 s
k == 4 -- Iteration = 1 -- log likelihood = -10480.7 -- 181.595 s
k == 4 -- Iteration = 2 -- log likelihood = -10320.1 -- 182.305 s
k == 4 -- Iteration = 3 -- log likelihood = -10317.4 -- 183.033 s
k == 4 -- Iteration = 4 -- log likelihood = -10317.3 -- 183.763 s
k == 4 -- Iteration = 5 -- log likelihood = -10317.3 -- 184.499 s
k == 4 -- Iteration = 6 -- log likelihood = -10317.3 -- 185.237 s
k == 4 -- Iteration = 7 -- log likelihood = -10317.3 -- 185.977 s
k == 4 -- Iteration = 8 -- log likelihood = -10317.3 -- 186.708 s

k == 4 -- Iteration = 0 -- log likelihood = -10566.2 -- 182.561 s
k == 4 -- Iteration = 1 -- log likelihood = -9376.07 -- 183.39 s
k == 4 -- Iteration = 2 -- log likelihood = -9375.99 -- 184.23 s
k == 4 -- Iteration = 3 -- log likelihood = -9375.99 -- 185.042 s
k == 4 -- Iteration = 4 -- log likelihood = -9375.99 -- 185.85 s

k == 4 -- Iteration = 0 -- log likelihood = -9812.17 -- 182.118 s
k == 4 -- Iteration = 1 -- log likelihood = -9438.37 -- 183.023 s
k == 4 -- Iteration = 2 -- log likelihood = -9437.54 -- 183.907 s
k == 4 -- Iteration = 3 -- log likelihood = -9437.48 -- 184.785 s
k == 4 -- Iteration = 4 -- log likelihood = -9437.47 -- 185.658 s
k == 4 -- Iteration = 5 -- log likelihood = -9437.47 -- 186.538 s
k == 4 -- Iteration = 6 -- log likelihood = -9437.47 -- 187.41 s
k == 4 -- Iteration = 7 -- log likelihood = -9437.47 -- 188.261 s
k == 4 -- Iteration = 8 -- log likelihood = -9437.47 -- 189.123 s

k == 4 -- Iteration = 0 -- log likelihood = -10689.4 -- 182.221 s
k == 4 -- Iteration = 1 -- log likelihood = -9726.71 -- 182.943 s
k == 4 -- Iteration = 2 -- log likelihood = -9726.19 -- 183.627 s
k == 4 -- Iteration = 3 -- log likelihood = -9726.19 -- 184.281 s
k == 4 -- Iteration = 4 -- log likelihood = -9726.19 -- 184.945 s

k == 4 -- Iteration = 0 -- log likelihood = -10073.9 -- 182 s
k == 4 -- Iteration = 1 -- log likelihood = -9775.6 -- 182.877 s
k == 4 -- Iteration = 2 -- log likelihood = -9766.85 -- 183.765 s
k == 4 -- Iteration = 3 -- log likelihood = -9758.04 -- 184.608 s
k == 4 -- Iteration = 4 -- log likelihood = -9758.04 -- 185.456 s
k == 4 -- Iteration = 5 -- log likelihood = -9758.04 -- 186.297 s
k == 4 -- Iteration = 6 -- log likelihood = -9758.04 -- 187.148 s

k == 4 -- Iteration = 0 -- log likelihood = -9296.05 -- 182.144 s
k == 4 -- Iteration = 1 -- log likelihood = -9233.42 -- 183.012 s
k == 4 -- Iteration = 2 -- log likelihood = -9231.87 -- 183.872 s
k == 4 -- Iteration = 3 -- log likelihood = -9231.74 -- 184.68 s
k == 4 -- Iteration = 4 -- log likelihood = -9231.72 -- 185.506 s
k == 4 -- Iteration = 5 -- log likelihood = -9231.72 -- 186.335 s
k == 4 -- Iteration = 6 -- log likelihood = -9231.72 -- 187.166 s
k == 4 -- Iteration = 7 -- log likelihood = -9231.72 -- 188.005 s
k == 4 -- Iteration = 8 -- log likelihood = -9231.72 -- 188.842 s
k == 4 -- Iteration = 9 -- log likelihood = -9231.72 -- 189.67 s

k == 4 -- Iteration = 0 -- log likelihood = -10500.1 -- 182.348 s
k == 4 -- Iteration = 1 -- log likelihood = -9822.19 -- 183.1 s
k == 4 -- Iteration = 2 -- log likelihood = -9643.42 -- 183.831 s
k == 4 -- Iteration = 3 -- log likelihood = -9684.06 -- 184.511 s
k == 4 -- Iteration = 4 -- log likelihood = -9682.58 -- 185.163 s
k == 4 -- Iteration = 5 -- log likelihood = -9682.57 -- 185.869 s
k == 4 -- Iteration = 6 -- log likelihood = -9682.57 -- 186.534 s
k == 4 -- Iteration = 7 -- log likelihood = -9682.57 -- 187.189 s

k == 4 -- Iteration = 0 -- log likelihood = -10564.2 -- 181.373 s
k == 4 -- Iteration = 1 -- log likelihood = -9703.66 -- 182.088 s
k == 4 -- Iteration = 2 -- log likelihood = -9290.84 -- 182.823 s
k == 4 -- Iteration = 3 -- log likelihood = -9290.57 -- 183.528 s
k == 4 -- Iteration = 4 -- log likelihood = -9290.57 -- 184.241 s
k == 4 -- Iteration = 5 -- log likelihood = -9290.57 -- 184.945 s

k == 4 -- Iteration = 0 -- log likelihood = -13110.7 -- 181.147 s
k == 4 -- Iteration = 1 -- log likelihood = -13316 -- 181.946 s
k == 4 -- Iteration = 2 -- log likelihood = -13316 -- 182.72 s
k == 4 -- Iteration = 3 -- log likelihood = -13316 -- 183.456 s

k = 4 -- Log likelihood -8026.56 -- BIC 16240.3
k == 5 -- Iteration = 0 -- log likelihood = -9418.8 -- 181.781 s
k == 5 -- Iteration = 1 -- log likelihood = -8775.23 -- 182.666 s
k == 5 -- Iteration = 2 -- log likelihood = -8382.79 -- 183.62 s
k == 5 -- Iteration = 3 -- log likelihood = -8211.85 -- 184.517 s
k == 5 -- Iteration = 4 -- log likelihood = -8211.57 -- 185.396 s
k == 5 -- Iteration = 5 -- log likelihood = -8211.57 -- 186.271 s
k == 5 -- Iteration = 6 -- log likelihood = -8211.57 -- 187.153 s

k == 5 -- Iteration = 0 -- log likelihood = -10127.3 -- 181.152 s
k == 5 -- Iteration = 1 -- log likelihood = -9550.4 -- 182.098 s
k == 5 -- Iteration = 2 -- log likelihood = -9513.54 -- 183.013 s
k == 5 -- Iteration = 3 -- log likelihood = -9513.52 -- 183.915 s
k == 5 -- Iteration = 4 -- log likelihood = -9513.52 -- 184.789 s
k == 5 -- Iteration = 5 -- log likelihood = -9513.52 -- 185.651 s
k == 5 -- Iteration = 6 -- log likelihood = -9513.52 -- 186.53 s
k == 5 -- Iteration = 7 -- log likelihood = -9513.52 -- 187.415 s

k == 5 -- Iteration = 0 -- log likelihood = -12673.5 -- 183.285 s
k == 5 -- Iteration = 1 -- log likelihood = -12154.1 -- 184.359 s
k == 5 -- Iteration = 2 -- log likelihood = -12152 -- 185.43 s
k == 5 -- Iteration = 3 -- log likelihood = -12151.9 -- 186.488 s
k == 5 -- Iteration = 4 -- log likelihood = -12151.9 -- 187.555 s
k == 5 -- Iteration = 5 -- log likelihood = -12151.9 -- 188.583 s
k == 5 -- Iteration = 6 -- log likelihood = -12151.9 -- 189.643 s
k == 5 -- Iteration = 7 -- log likelihood = -12151.9 -- 190.703 s
k == 5 -- Iteration = 8 -- log likelihood = -12151.9 -- 191.765 s

k == 5 -- Iteration = 0 -- log likelihood = -9139.87 -- 182.559 s
k == 5 -- Iteration = 1 -- log likelihood = -8736.45 -- 183.389 s
k == 5 -- Iteration = 2 -- log likelihood = -8735.62 -- 184.224 s
k == 5 -- Iteration = 3 -- log likelihood = -8696.74 -- 185.039 s
k == 5 -- Iteration = 4 -- log likelihood = -8696.64 -- 185.833 s
k == 5 -- Iteration = 5 -- log likelihood = -8696.64 -- 186.619 s
k == 5 -- Iteration = 6 -- log likelihood = -8696.64 -- 187.409 s
k == 5 -- Iteration = 7 -- log likelihood = -8696.64 -- 188.209 s

k == 5 -- Iteration = 0 -- log likelihood = -9371.43 -- 182.556 s
k == 5 -- Iteration = 1 -- log likelihood = -7805.32 -- 183.66 s
k == 5 -- Iteration = 2 -- log likelihood = -7743.42 -- 184.725 s
k == 5 -- Iteration = 3 -- log likelihood = -6708.64 -- 185.758 s
k == 5 -- Iteration = 4 -- log likelihood = -6697.85 -- 186.846 s
k == 5 -- Iteration = 5 -- log likelihood = -6697.78 -- 187.926 s
k == 5 -- Iteration = 6 -- log likelihood = -6697.78 -- 189.052 s
k == 5 -- Iteration = 7 -- log likelihood = -6697.78 -- 190.128 s
k == 5 -- Iteration = 8 -- log likelihood = -6697.78 -- 191.18 s

k == 5 -- Iteration = 0 -- log likelihood = -10228 -- 182.612 s
k == 5 -- Iteration = 1 -- log likelihood = -8492.35 -- 183.944 s
k == 5 -- Iteration = 2 -- log likelihood = -8350.19 -- 185.2 s
k == 5 -- Iteration = 3 -- log likelihood = -8349.85 -- 186.331 s
k == 5 -- Iteration = 4 -- log likelihood = -8349.84 -- 187.446 s
k == 5 -- Iteration = 5 -- log likelihood = -8349.84 -- 188.534 s
k == 5 -- Iteration = 6 -- log likelihood = -8349.84 -- 189.678 s
k == 5 -- Iteration = 7 -- log likelihood = -8349.84 -- 190.823 s

k == 5 -- Iteration = 0 -- log likelihood = -8431.36 -- 182.373 s
k == 5 -- Iteration = 1 -- log likelihood = -7440.09 -- 183.323 s
k == 5 -- Iteration = 2 -- log likelihood = -6864.58 -- 184.288 s
k == 5 -- Iteration = 3 -- log likelihood = -6793.58 -- 185.25 s
k == 5 -- Iteration = 4 -- log likelihood = -6793.34 -- 186.243 s
k == 5 -- Iteration = 5 -- log likelihood = -6793.34 -- 187.217 s
k == 5 -- Iteration = 6 -- log likelihood = -6793.34 -- 188.182 s

k == 5 -- Iteration = 0 -- log likelihood = -9779.59 -- 182.964 s
k == 5 -- Iteration = 1 -- log likelihood = -9480.57 -- 183.97 s
k == 5 -- Iteration = 2 -- log likelihood = -9406.96 -- 184.987 s
k == 5 -- Iteration = 3 -- log likelihood = -9361.95 -- 185.939 s
k == 5 -- Iteration = 4 -- log likelihood = -9274.82 -- 186.876 s
k == 5 -- Iteration = 5 -- log likelihood = -9226.59 -- 187.829 s
k == 5 -- Iteration = 6 -- log likelihood = -9226.02 -- 188.767 s
k == 5 -- Iteration = 7 -- log likelihood = -9226.01 -- 189.689 s
k == 5 -- Iteration = 8 -- log likelihood = -9226.01 -- 190.606 s
k == 5 -- Iteration = 9 -- log likelihood = -9226.01 -- 191.538 s

k == 5 -- Iteration = 0 -- log likelihood = -8496.89 -- 181.639 s
k == 5 -- Iteration = 1 -- log likelihood = -7628.7 -- 182.417 s
k == 5 -- Iteration = 2 -- log likelihood = -7480.01 -- 183.204 s
k == 5 -- Iteration = 3 -- log likelihood = -7289.96 -- 183.974 s
k == 5 -- Iteration = 4 -- log likelihood = -7274.45 -- 184.767 s
k == 5 -- Iteration = 5 -- log likelihood = -7274.45 -- 185.569 s
k == 5 -- Iteration = 6 -- log likelihood = -7274.45 -- 186.353 s

k == 5 -- Iteration = 0 -- log likelihood = -10517.2 -- 181.45 s
k == 5 -- Iteration = 1 -- log likelihood = -9704.46 -- 182.512 s
k == 5 -- Iteration = 2 -- log likelihood = -9542.26 -- 183.503 s
k == 5 -- Iteration = 3 -- log likelihood = -9404.4 -- 184.425 s
k == 5 -- Iteration = 4 -- log likelihood = -9333.04 -- 185.336 s
k == 5 -- Iteration = 5 -- log likelihood = -9332.07 -- 186.223 s
k == 5 -- Iteration = 6 -- log likelihood = -9332.07 -- 187.115 s
k == 5 -- Iteration = 7 -- log likelihood = -9332.07 -- 188.028 s
k == 5 -- Iteration = 8 -- log likelihood = -9332.07 -- 188.936 s

k = 5 -- Log likelihood -6697.78 -- BIC 13620.2
k == 6 -- Iteration = 0 -- log likelihood = -8515.83 -- 181.965 s
k == 6 -- Iteration = 1 -- log likelihood = -7464.01 -- 183.143 s
k == 6 -- Iteration = 2 -- log likelihood = -6671.92 -- 184.355 s
k == 6 -- Iteration = 3 -- log likelihood = -6671.38 -- 185.541 s
k == 6 -- Iteration = 4 -- log likelihood = -6671.38 -- 186.765 s
k == 6 -- Iteration = 5 -- log likelihood = -6671.38 -- 187.995 s
k == 6 -- Iteration = 6 -- log likelihood = -6671.38 -- 189.165 s

k == 6 -- Iteration = 0 -- log likelihood = -7683.1 -- 181.549 s
k == 6 -- Iteration = 1 -- log likelihood = -6882.44 -- 182.601 s
k == 6 -- Iteration = 2 -- log likelihood = -6668.62 -- 183.651 s
k == 6 -- Iteration = 3 -- log likelihood = -6627.32 -- 184.76 s
k == 6 -- Iteration = 4 -- log likelihood = -6588.36 -- 185.874 s
k == 6 -- Iteration = 5 -- log likelihood = -6626.79 -- 186.998 s
k == 6 -- Iteration = 6 -- log likelihood = -6587 -- 188.091 s
k == 6 -- Iteration = 7 -- log likelihood = -6587 -- 189.166 s
k == 6 -- Iteration = 8 -- log likelihood = -6587 -- 190.231 s
k == 6 -- Iteration = 9 -- log likelihood = -6587 -- 191.304 s

k == 6 -- Iteration = 0 -- log likelihood = -8079.17 -- 183.928 s
k == 6 -- Iteration = 1 -- log likelihood = -6771.73 -- 185.047 s
k == 6 -- Iteration = 2 -- log likelihood = -6652.03 -- 186.158 s
k == 6 -- Iteration = 3 -- log likelihood = -6652 -- 187.206 s
k == 6 -- Iteration = 4 -- log likelihood = -6652 -- 188.253 s
k == 6 -- Iteration = 5 -- log likelihood = -6652 -- 189.3 s

k == 6 -- Iteration = 0 -- log likelihood = -9472.55 -- 183.159 s
k == 6 -- Iteration = 1 -- log likelihood = -9601.62 -- 184.301 s
k == 6 -- Iteration = 2 -- log likelihood = -9601.25 -- 185.429 s
k == 6 -- Iteration = 3 -- log likelihood = -9601.25 -- 186.541 s
k == 6 -- Iteration = 4 -- log likelihood = -9601.25 -- 187.652 s
k == 6 -- Iteration = 5 -- log likelihood = -9601.25 -- 188.777 s

k == 6 -- Iteration = 0 -- log likelihood = -9741.72 -- 182.687 s
k == 6 -- Iteration = 1 -- log likelihood = -9159.03 -- 183.812 s
k == 6 -- Iteration = 2 -- log likelihood = -8983.94 -- 184.898 s
k == 6 -- Iteration = 3 -- log likelihood = -8983.78 -- 185.941 s
k == 6 -- Iteration = 4 -- log likelihood = -8983.77 -- 187.003 s
k == 6 -- Iteration = 5 -- log likelihood = -8983.77 -- 188.04 s
k == 6 -- Iteration = 6 -- log likelihood = -8983.77 -- 189.101 s
k == 6 -- Iteration = 7 -- log likelihood = -8983.77 -- 190.161 s

k == 6 -- Iteration = 0 -- log likelihood = -9575.94 -- 182.818 s
k == 6 -- Iteration = 1 -- log likelihood = -7361.95 -- 184.165 s
k == 6 -- Iteration = 2 -- log likelihood = -7143.1 -- 185.316 s
k == 6 -- Iteration = 3 -- log likelihood = -7111.53 -- 186.384 s
k == 6 -- Iteration = 4 -- log likelihood = -7108.85 -- 187.448 s
k == 6 -- Iteration = 5 -- log likelihood = -7108.84 -- 188.5 s
k == 6 -- Iteration = 6 -- log likelihood = -7108.84 -- 189.54 s
k == 6 -- Iteration = 7 -- log likelihood = -7108.84 -- 190.637 s

k == 6 -- Iteration = 0 -- log likelihood = -7108.74 -- 182.978 s
k == 6 -- Iteration = 1 -- log likelihood = -6423.72 -- 184.01 s
k == 6 -- Iteration = 2 -- log likelihood = -6392.9 -- 185.102 s
k == 6 -- Iteration = 3 -- log likelihood = -6373.27 -- 186.022 s
k == 6 -- Iteration = 4 -- log likelihood = -6351.27 -- 186.931 s
k == 6 -- Iteration = 5 -- log likelihood = -6315.41 -- 187.87 s
k == 6 -- Iteration = 6 -- log likelihood = -6301.41 -- 188.773 s
k == 6 -- Iteration = 7 -- log likelihood = -6301.4 -- 189.664 s
k == 6 -- Iteration = 8 -- log likelihood = -6301.4 -- 190.573 s

k == 6 -- Iteration = 0 -- log likelihood = -9604.86 -- 183.389 s
k == 6 -- Iteration = 1 -- log likelihood = -8785.62 -- 184.519 s
k == 6 -- Iteration = 2 -- log likelihood = -8835.98 -- 185.584 s
k == 6 -- Iteration = 3 -- log likelihood = -8785.05 -- 186.631 s
k == 6 -- Iteration = 4 -- log likelihood = -7724.74 -- 187.697 s
k == 6 -- Iteration = 5 -- log likelihood = -7598.9 -- 188.743 s
k == 6 -- Iteration = 6 -- log likelihood = -7598.3 -- 189.816 s
k == 6 -- Iteration = 7 -- log likelihood = -7598.3 -- 190.895 s
k == 6 -- Iteration = 8 -- log likelihood = -7598.3 -- 191.969 s
k == 6 -- Iteration = 9 -- log likelihood = -7598.3 -- 193.056 s
k == 6 -- Iteration = 10 -- log likelihood = -7598.3 -- 194.135 s

k == 6 -- Iteration = 0 -- log likelihood = -10121 -- 181.884 s
k == 6 -- Iteration = 1 -- log likelihood = -8185.91 -- 182.966 s
k == 6 -- Iteration = 2 -- log likelihood = -7483.16 -- 184.025 s
k == 6 -- Iteration = 3 -- log likelihood = -6761.26 -- 185.111 s
k == 6 -- Iteration = 4 -- log likelihood = -6693.15 -- 186.215 s
k == 6 -- Iteration = 5 -- log likelihood = -6678.88 -- 187.323 s
k == 6 -- Iteration = 6 -- log likelihood = -6678.88 -- 188.399 s
k == 6 -- Iteration = 7 -- log likelihood = -6678.88 -- 189.498 s
k == 6 -- Iteration = 8 -- log likelihood = -6678.88 -- 190.612 s

k == 6 -- Iteration = 0 -- log likelihood = -7896.1 -- 181.735 s
k == 6 -- Iteration = 1 -- log likelihood = -7755.88 -- 182.723 s
k == 6 -- Iteration = 2 -- log likelihood = -7629.76 -- 183.673 s
k == 6 -- Iteration = 3 -- log likelihood = -7579.28 -- 184.576 s
k == 6 -- Iteration = 4 -- log likelihood = -7579.15 -- 185.49 s
k == 6 -- Iteration = 5 -- log likelihood = -7579.15 -- 186.396 s
k == 6 -- Iteration = 6 -- log likelihood = -7579.15 -- 187.306 s
k == 6 -- Iteration = 7 -- log likelihood = -7579.15 -- 188.218 s

k = 6 -- Log likelihood -6301.4 -- BIC 12864.9
k == 7 -- Iteration = 0 -- log likelihood = -9063.28 -- 182.109 s
k == 7 -- Iteration = 1 -- log likelihood = -7670.01 -- 183.383 s
k == 7 -- Iteration = 2 -- log likelihood = -7424.92 -- 184.583 s
k == 7 -- Iteration = 3 -- log likelihood = -7408.74 -- 185.77 s
k == 7 -- Iteration = 4 -- log likelihood = -7408.48 -- 186.923 s
k == 7 -- Iteration = 5 -- log likelihood = -7408.48 -- 188.053 s
k == 7 -- Iteration = 6 -- log likelihood = -7408.48 -- 189.199 s

k == 7 -- Iteration = 0 -- log likelihood = -9880.54 -- 181.501 s
k == 7 -- Iteration = 1 -- log likelihood = -9473.45 -- 182.776 s
k == 7 -- Iteration = 2 -- log likelihood = -9161.41 -- 183.919 s
k == 7 -- Iteration = 3 -- log likelihood = -9130.65 -- 185.093 s
k == 7 -- Iteration = 4 -- log likelihood = -9123.73 -- 186.252 s
k == 7 -- Iteration = 5 -- log likelihood = -9123.73 -- 187.402 s
k == 7 -- Iteration = 6 -- log likelihood = -9123.73 -- 188.548 s
k == 7 -- Iteration = 7 -- log likelihood = -9123.73 -- 189.695 s
k == 7 -- Iteration = 8 -- log likelihood = -9123.73 -- 190.851 s

k == 7 -- Iteration = 0 -- log likelihood = -9881.62 -- 184.481 s
k == 7 -- Iteration = 1 -- log likelihood = -9379.68 -- 185.724 s
k == 7 -- Iteration = 2 -- log likelihood = -9276.64 -- 186.993 s
k == 7 -- Iteration = 3 -- log likelihood = -9233.86 -- 188.238 s
k == 7 -- Iteration = 4 -- log likelihood = -9079.61 -- 189.467 s
k == 7 -- Iteration = 5 -- log likelihood = -8876.22 -- 190.692 s
k == 7 -- Iteration = 6 -- log likelihood = -8868.93 -- 191.85 s
k == 7 -- Iteration = 7 -- log likelihood = -8868.89 -- 193.013 s
k == 7 -- Iteration = 8 -- log likelihood = -8868.89 -- 194.179 s
k == 7 -- Iteration = 9 -- log likelihood = -8868.89 -- 195.342 s

k == 7 -- Iteration = 0 -- log likelihood = -9804.85 -- 183.32 s
k == 7 -- Iteration = 1 -- log likelihood = -7324.29 -- 184.571 s
k == 7 -- Iteration = 2 -- log likelihood = -7047.97 -- 185.788 s
k == 7 -- Iteration = 3 -- log likelihood = -7022.37 -- 186.936 s
k == 7 -- Iteration = 4 -- log likelihood = -7011.26 -- 188.075 s
k == 7 -- Iteration = 5 -- log likelihood = -7004.85 -- 189.202 s
k == 7 -- Iteration = 6 -- log likelihood = -7004.83 -- 190.334 s
k == 7 -- Iteration = 7 -- log likelihood = -7004.83 -- 191.46 s
k == 7 -- Iteration = 8 -- log likelihood = -7004.83 -- 192.607 s

k == 7 -- Iteration = 0 -- log likelihood = -9904.8 -- 183.594 s
k == 7 -- Iteration = 1 -- log likelihood = -8679.51 -- 184.819 s
k == 7 -- Iteration = 2 -- log likelihood = -7923.12 -- 185.987 s
k == 7 -- Iteration = 3 -- log likelihood = -7629.95 -- 187.152 s
k == 7 -- Iteration = 4 -- log likelihood = -7500.38 -- 188.36 s
k == 7 -- Iteration = 5 -- log likelihood = -7442 -- 189.586 s
k == 7 -- Iteration = 6 -- log likelihood = -7441.75 -- 190.754 s
k == 7 -- Iteration = 7 -- log likelihood = -7441.74 -- 191.935 s
k == 7 -- Iteration = 8 -- log likelihood = -7441.74 -- 193.137 s
k == 7 -- Iteration = 9 -- log likelihood = -7441.74 -- 194.355 s

k == 7 -- Iteration = 0 -- log likelihood = -9143.83 -- 183.359 s
k == 7 -- Iteration = 1 -- log likelihood = -8279.61 -- 184.657 s
k == 7 -- Iteration = 2 -- log likelihood = -7930.39 -- 185.978 s
k == 7 -- Iteration = 3 -- log likelihood = -7887.49 -- 187.183 s
k == 7 -- Iteration = 4 -- log likelihood = -7762.7 -- 188.358 s
k == 7 -- Iteration = 5 -- log likelihood = -7759.76 -- 189.501 s
k == 7 -- Iteration = 6 -- log likelihood = -7759.74 -- 190.638 s
k == 7 -- Iteration = 7 -- log likelihood = -7759.74 -- 191.79 s
k == 7 -- Iteration = 8 -- log likelihood = -7759.74 -- 192.96 s

k == 7 -- Iteration = 0 -- log likelihood = -8935 -- 183.335 s
k == 7 -- Iteration = 1 -- log likelihood = -7488.93 -- 184.565 s
k == 7 -- Iteration = 2 -- log likelihood = -7205.91 -- 185.781 s
k == 7 -- Iteration = 3 -- log likelihood = -7082.59 -- 186.932 s
k == 7 -- Iteration = 4 -- log likelihood = -7082.58 -- 188.04 s
k == 7 -- Iteration = 5 -- log likelihood = -7082.58 -- 189.152 s
k == 7 -- Iteration = 6 -- log likelihood = -7082.58 -- 190.249 s

k == 7 -- Iteration = 0 -- log likelihood = -8624.88 -- 183.731 s
k == 7 -- Iteration = 1 -- log likelihood = -7759.53 -- 184.924 s
k == 7 -- Iteration = 2 -- log likelihood = -7494.11 -- 186.202 s
k == 7 -- Iteration = 3 -- log likelihood = -7391.96 -- 187.469 s
k == 7 -- Iteration = 4 -- log likelihood = -7356.98 -- 188.68 s
k == 7 -- Iteration = 5 -- log likelihood = -7356.72 -- 189.939 s
k == 7 -- Iteration = 6 -- log likelihood = -7356.71 -- 191.208 s
k == 7 -- Iteration = 7 -- log likelihood = -7356.71 -- 192.455 s
k == 7 -- Iteration = 8 -- log likelihood = -7356.71 -- 193.706 s
k == 7 -- Iteration = 9 -- log likelihood = -7356.71 -- 194.972 s

k == 7 -- Iteration = 0 -- log likelihood = -8725.24 -- 182.05 s
k == 7 -- Iteration = 1 -- log likelihood = -8035.98 -- 183.087 s
k == 7 -- Iteration = 2 -- log likelihood = -7834.7 -- 184.107 s
k == 7 -- Iteration = 3 -- log likelihood = -7807.45 -- 185.113 s
k == 7 -- Iteration = 4 -- log likelihood = -7754.65 -- 186.118 s
k == 7 -- Iteration = 5 -- log likelihood = -7749.15 -- 187.097 s
k == 7 -- Iteration = 6 -- log likelihood = -7749.15 -- 188.095 s
k == 7 -- Iteration = 7 -- log likelihood = -7749.15 -- 189.086 s
k == 7 -- Iteration = 8 -- log likelihood = -7749.15 -- 190.099 s
k == 7 -- Iteration = 9 -- log likelihood = -7749.15 -- 191.088 s

k == 7 -- Iteration = 0 -- log likelihood = -8011.02 -- 181.873 s
k == 7 -- Iteration = 1 -- log likelihood = -7445.7 -- 183.194 s
k == 7 -- Iteration = 2 -- log likelihood = -7326.53 -- 184.464 s
k == 7 -- Iteration = 3 -- log likelihood = -7325.81 -- 185.707 s
k == 7 -- Iteration = 4 -- log likelihood = -7325.8 -- 187.013 s
k == 7 -- Iteration = 5 -- log likelihood = -7325.8 -- 188.302 s
k == 7 -- Iteration = 6 -- log likelihood = -7325.8 -- 189.599 s
k == 7 -- Iteration = 7 -- log likelihood = -7325.8 -- 190.887 s

k = 7 -- Log likelihood -7004.83 -- BIC 14309.2
k == 8 -- Iteration = 0 -- log likelihood = -7702.11 -- 182.491 s
k == 8 -- Iteration = 1 -- log likelihood = -6798.63 -- 183.867 s
k == 8 -- Iteration = 2 -- log likelihood = -6770.81 -- 185.179 s
k == 8 -- Iteration = 3 -- log likelihood = -6756.6 -- 186.481 s
k == 8 -- Iteration = 4 -- log likelihood = -6755.93 -- 187.792 s
k == 8 -- Iteration = 5 -- log likelihood = -6755.92 -- 189.117 s
k == 8 -- Iteration = 6 -- log likelihood = -6755.92 -- 190.417 s
k == 8 -- Iteration = 7 -- log likelihood = -6755.92 -- 191.719 s
k == 8 -- Iteration = 8 -- log likelihood = -6755.92 -- 193.041 s
k == 8 -- Iteration = 9 -- log likelihood = -6755.92 -- 194.418 s

k == 8 -- Iteration = 0 -- log likelihood = -9404.92 -- 181.812 s
k == 8 -- Iteration = 1 -- log likelihood = -7250.09 -- 183.186 s
k == 8 -- Iteration = 2 -- log likelihood = -6935.33 -- 184.497 s
k == 8 -- Iteration = 3 -- log likelihood = -6766.97 -- 185.834 s
k == 8 -- Iteration = 4 -- log likelihood = -6753.21 -- 187.142 s
k == 8 -- Iteration = 5 -- log likelihood = -6753.21 -- 188.481 s
k == 8 -- Iteration = 6 -- log likelihood = -6753.21 -- 189.862 s
k == 8 -- Iteration = 7 -- log likelihood = -6753.21 -- 191.229 s
k == 8 -- Iteration = 8 -- log likelihood = -6753.21 -- 192.613 s

k == 8 -- Iteration = 0 -- log likelihood = -inf -- 185.371 s
k == 8 -- Iteration = 1 -- log likelihood = -inf -- 186.264 s
k == 8 -- Iteration = 0 -- log likelihood = -8225.13 -- 184.463 s
k == 8 -- Iteration = 1 -- log likelihood = -7295.22 -- 185.8 s
k == 8 -- Iteration = 2 -- log likelihood = -6391.21 -- 187.245 s
k == 8 -- Iteration = 3 -- log likelihood = -6180.77 -- 188.69 s
k == 8 -- Iteration = 4 -- log likelihood = -6155.96 -- 190.111 s
k == 8 -- Iteration = 5 -- log likelihood = -6155.92 -- 191.534 s
k == 8 -- Iteration = 6 -- log likelihood = -6155.92 -- 192.921 s
k == 8 -- Iteration = 7 -- log likelihood = -6155.92 -- 194.333 s
k == 8 -- Iteration = 8 -- log likelihood = -6155.92 -- 195.719 s

k == 8 -- Iteration = 0 -- log likelihood = -11111 -- 184.408 s
k == 8 -- Iteration = 1 -- log likelihood = -8683.7 -- 185.748 s
k == 8 -- Iteration = 2 -- log likelihood = -8550.78 -- 187.03 s
k == 8 -- Iteration = 3 -- log likelihood = -8530.25 -- 188.276 s
k == 8 -- Iteration = 4 -- log likelihood = -8530.03 -- 189.542 s
k == 8 -- Iteration = 5 -- log likelihood = -8530.03 -- 190.816 s
k == 8 -- Iteration = 6 -- log likelihood = -8530.03 -- 192.081 s
k == 8 -- Iteration = 7 -- log likelihood = -8530.03 -- 193.339 s
k == 8 -- Iteration = 8 -- log likelihood = -8530.03 -- 194.614 s

k == 8 -- Iteration = 0 -- log likelihood = -9359.2 -- 183.652 s
k == 8 -- Iteration = 1 -- log likelihood = -8332.89 -- 185.036 s
k == 8 -- Iteration = 2 -- log likelihood = -7763.46 -- 186.453 s
k == 8 -- Iteration = 3 -- log likelihood = -7630.73 -- 187.796 s
k == 8 -- Iteration = 4 -- log likelihood = -7533.2 -- 189.192 s
k == 8 -- Iteration = 5 -- log likelihood = -7500.08 -- 190.579 s
k == 8 -- Iteration = 6 -- log likelihood = -7491.16 -- 191.945 s
k == 8 -- Iteration = 7 -- log likelihood = -7538.26 -- 193.289 s
k == 8 -- Iteration = 8 -- log likelihood = -7518.09 -- 194.614 s
k == 8 -- Iteration = 9 -- log likelihood = -7493.69 -- 195.932 s
k == 8 -- Iteration = 10 -- log likelihood = -7432.89 -- 197.243 s
k == 8 -- Iteration = 11 -- log likelihood = -7422.56 -- 198.601 s
k == 8 -- Iteration = 12 -- log likelihood = -7415.19 -- 199.901 s
k == 8 -- Iteration = 13 -- log likelihood = -7387.3 -- 201.196 s
k == 8 -- Iteration = 14 -- log likelihood = -7387.3 -- 202.465 s
k == 8 -- Iteration = 15 -- log likelihood = -7387.3 -- 203.761 s
k == 8 -- Iteration = 16 -- log likelihood = -7387.3 -- 205.004 s

k == 8 -- Iteration = 0 -- log likelihood = -8897.55 -- 183.546 s
k == 8 -- Iteration = 1 -- log likelihood = -6688.53 -- 185.126 s
k == 8 -- Iteration = 2 -- log likelihood = -6466.07 -- 186.538 s
k == 8 -- Iteration = 3 -- log likelihood = -6342.95 -- 188.019 s
k == 8 -- Iteration = 4 -- log likelihood = -6339.21 -- 189.398 s
k == 8 -- Iteration = 5 -- log likelihood = -6219.76 -- 190.731 s
k == 8 -- Iteration = 6 -- log likelihood = -6210.25 -- 192.019 s
k == 8 -- Iteration = 7 -- log likelihood = -6180.19 -- 193.282 s
k == 8 -- Iteration = 8 -- log likelihood = -6146.89 -- 194.526 s
k == 8 -- Iteration = 9 -- log likelihood = -6141.45 -- 195.762 s
k == 8 -- Iteration = 10 -- log likelihood = -6141.45 -- 197.077 s
k == 8 -- Iteration = 11 -- log likelihood = -6141.45 -- 198.37 s

k == 8 -- Iteration = 0 -- log likelihood = -9001.49 -- 184.209 s
k == 8 -- Iteration = 1 -- log likelihood = -8222.99 -- 185.516 s
k == 8 -- Iteration = 2 -- log likelihood = -8178.07 -- 186.812 s
k == 8 -- Iteration = 3 -- log likelihood = -8176.85 -- 188.035 s
k == 8 -- Iteration = 4 -- log likelihood = -8176.84 -- 189.248 s
k == 8 -- Iteration = 5 -- log likelihood = -8176.84 -- 190.442 s
k == 8 -- Iteration = 6 -- log likelihood = -8176.84 -- 191.637 s

k == 8 -- Iteration = 0 -- log likelihood = -7570.11 -- 182.411 s
k == 8 -- Iteration = 1 -- log likelihood = -6835.89 -- 183.665 s
k == 8 -- Iteration = 2 -- log likelihood = -6530.82 -- 184.927 s
k == 8 -- Iteration = 3 -- log likelihood = -6493.95 -- 186.136 s
k == 8 -- Iteration = 4 -- log likelihood = -6482.14 -- 187.369 s
k == 8 -- Iteration = 5 -- log likelihood = -6454.21 -- 188.595 s
k == 8 -- Iteration = 6 -- log likelihood = -6454.21 -- 189.82 s
k == 8 -- Iteration = 7 -- log likelihood = -6454.21 -- 191.061 s
k == 8 -- Iteration = 8 -- log likelihood = -6454.21 -- 192.29 s

k == 8 -- Iteration = 0 -- log likelihood = -9357.3 -- 181.918 s
k == 8 -- Iteration = 1 -- log likelihood = -9071.43 -- 183.192 s
k == 8 -- Iteration = 2 -- log likelihood = -9029.86 -- 184.468 s
k == 8 -- Iteration = 3 -- log likelihood = -9017.45 -- 185.72 s
k == 8 -- Iteration = 4 -- log likelihood = -9010.02 -- 187.002 s
k == 8 -- Iteration = 5 -- log likelihood = -9001.61 -- 188.23 s
k == 8 -- Iteration = 6 -- log likelihood = -9001.6 -- 189.445 s
k == 8 -- Iteration = 7 -- log likelihood = -9001.6 -- 190.667 s
k == 8 -- Iteration = 8 -- log likelihood = -9001.6 -- 191.897 s

k = 8 -- Log likelihood -6141.45 -- BIC 12619.8
k == 9 -- Iteration = 0 -- log likelihood = -8180.84 -- 182.694 s
k == 9 -- Iteration = 1 -- log likelihood = -7132.48 -- 184.211 s
k == 9 -- Iteration = 2 -- log likelihood = -6838.79 -- 185.767 s
k == 9 -- Iteration = 3 -- log likelihood = -6618.72 -- 187.292 s
k == 9 -- Iteration = 4 -- log likelihood = -6587.5 -- 188.809 s
k == 9 -- Iteration = 5 -- log likelihood = -6580.25 -- 190.304 s
k == 9 -- Iteration = 6 -- log likelihood = -6580.25 -- 191.805 s
k == 9 -- Iteration = 7 -- log likelihood = -6580.25 -- 193.277 s
k == 9 -- Iteration = 8 -- log likelihood = -6580.25 -- 194.758 s

k == 9 -- Iteration = 0 -- log likelihood = -7487.65 -- 181.867 s
k == 9 -- Iteration = 1 -- log likelihood = -7112.36 -- 183.481 s
k == 9 -- Iteration = 2 -- log likelihood = -7069.93 -- 185.092 s
k == 9 -- Iteration = 3 -- log likelihood = -7111.71 -- 186.715 s
k == 9 -- Iteration = 4 -- log likelihood = -7097.43 -- 188.326 s
k == 9 -- Iteration = 5 -- log likelihood = -6734.44 -- 190.012 s
k == 9 -- Iteration = 6 -- log likelihood = -6648.77 -- 191.749 s
k == 9 -- Iteration = 7 -- log likelihood = -6648.51 -- 193.467 s
k == 9 -- Iteration = 8 -- log likelihood = -6648.5 -- 195.203 s
k == 9 -- Iteration = 9 -- log likelihood = -6648.49 -- 196.941 s
k == 9 -- Iteration = 10 -- log likelihood = -6648.49 -- 198.733 s
k == 9 -- Iteration = 11 -- log likelihood = -6648.49 -- 200.489 s
k == 9 -- Iteration = 12 -- log likelihood = -6648.49 -- 202.301 s
k == 9 -- Iteration = 13 -- log likelihood = -6648.49 -- 204.014 s
k == 9 -- Iteration = 14 -- log likelihood = -6648.49 -- 205.728 s

k == 9 -- Iteration = 0 -- log likelihood = -inf -- 186.841 s
k == 9 -- Iteration = 1 -- log likelihood = -inf -- 187.815 s
k == 9 -- Iteration = 0 -- log likelihood = -8955.52 -- 184.318 s
k == 9 -- Iteration = 1 -- log likelihood = -6997.97 -- 185.866 s
k == 9 -- Iteration = 2 -- log likelihood = -6814.51 -- 187.462 s
k == 9 -- Iteration = 3 -- log likelihood = -6717.46 -- 188.959 s
k == 9 -- Iteration = 4 -- log likelihood = -6717.32 -- 190.396 s
k == 9 -- Iteration = 5 -- log likelihood = -6717.32 -- 191.845 s
k == 9 -- Iteration = 6 -- log likelihood = -6717.32 -- 193.342 s
k == 9 -- Iteration = 7 -- log likelihood = -6717.32 -- 194.854 s

k == 9 -- Iteration = 0 -- log likelihood = -9372.83 -- 184.32 s
k == 9 -- Iteration = 1 -- log likelihood = -8347.94 -- 185.946 s
k == 9 -- Iteration = 2 -- log likelihood = -7432.34 -- 187.504 s
k == 9 -- Iteration = 3 -- log likelihood = -7012.14 -- 189.082 s
k == 9 -- Iteration = 4 -- log likelihood = -6295.16 -- 190.676 s
k == 9 -- Iteration = 5 -- log likelihood = -6286.68 -- 192.208 s
k == 9 -- Iteration = 6 -- log likelihood = -6265.46 -- 193.701 s
k == 9 -- Iteration = 7 -- log likelihood = -6265.2 -- 195.205 s
k == 9 -- Iteration = 8 -- log likelihood = -6265.18 -- 196.729 s
k == 9 -- Iteration = 9 -- log likelihood = -6265.18 -- 198.3 s
k == 9 -- Iteration = 10 -- log likelihood = -6265.18 -- 199.842 s
k == 9 -- Iteration = 11 -- log likelihood = -6265.18 -- 201.469 s
k == 9 -- Iteration = 12 -- log likelihood = -6265.18 -- 203.017 s

k == 9 -- Iteration = 0 -- log likelihood = -8889.28 -- 184.659 s
k == 9 -- Iteration = 1 -- log likelihood = -7823.7 -- 186.112 s
k == 9 -- Iteration = 2 -- log likelihood = -7542.18 -- 187.556 s
k == 9 -- Iteration = 3 -- log likelihood = -7275.77 -- 188.953 s
k == 9 -- Iteration = 4 -- log likelihood = -7137.8 -- 190.419 s
k == 9 -- Iteration = 5 -- log likelihood = -6855.95 -- 191.926 s
k == 9 -- Iteration = 6 -- log likelihood = -6664.04 -- 193.402 s
k == 9 -- Iteration = 7 -- log likelihood = -6661.89 -- 194.899 s
k == 9 -- Iteration = 8 -- log likelihood = -6661.83 -- 196.408 s
k == 9 -- Iteration = 9 -- log likelihood = -6661.83 -- 197.925 s
k == 9 -- Iteration = 10 -- log likelihood = -6661.83 -- 199.469 s
k == 9 -- Iteration = 11 -- log likelihood = -6661.83 -- 201.024 s
k == 9 -- Iteration = 12 -- log likelihood = -6661.83 -- 202.603 s

k == 9 -- Iteration = 0 -- log likelihood = -7566.64 -- 184.381 s
k == 9 -- Iteration = 1 -- log likelihood = -7296.83 -- 185.867 s
k == 9 -- Iteration = 2 -- log likelihood = -7213.48 -- 187.319 s
k == 9 -- Iteration = 3 -- log likelihood = -7120.08 -- 188.787 s
k == 9 -- Iteration = 4 -- log likelihood = -7078.9 -- 190.305 s
k == 9 -- Iteration = 5 -- log likelihood = -6956.16 -- 191.788 s
k == 9 -- Iteration = 6 -- log likelihood = -6876.3 -- 193.209 s
k == 9 -- Iteration = 7 -- log likelihood = -6737.14 -- 194.611 s
k == 9 -- Iteration = 8 -- log likelihood = -6681.67 -- 196.03 s
k == 9 -- Iteration = 9 -- log likelihood = -6681.62 -- 197.449 s
k == 9 -- Iteration = 10 -- log likelihood = -6681.62 -- 198.903 s
k == 9 -- Iteration = 11 -- log likelihood = -6681.62 -- 200.322 s

k == 9 -- Iteration = 0 -- log likelihood = -16469.7 -- 185.099 s
k == 9 -- Iteration = 1 -- log likelihood = -16214.8 -- 186.541 s
k == 9 -- Iteration = 2 -- log likelihood = -16214.8 -- 187.986 s

k == 9 -- Iteration = 0 -- log likelihood = -8727.54 -- 183.289 s
k == 9 -- Iteration = 1 -- log likelihood = -7136.97 -- 184.806 s
k == 9 -- Iteration = 2 -- log likelihood = -6970.57 -- 186.282 s
k == 9 -- Iteration = 3 -- log likelihood = -6955.78 -- 187.702 s
k == 9 -- Iteration = 4 -- log likelihood = -6911.2 -- 189.097 s
k == 9 -- Iteration = 5 -- log likelihood = -6905.53 -- 190.515 s
k == 9 -- Iteration = 6 -- log likelihood = -6905.51 -- 191.93 s
k == 9 -- Iteration = 7 -- log likelihood = -6905.51 -- 193.353 s
k == 9 -- Iteration = 8 -- log likelihood = -6905.51 -- 194.788 s
k == 9 -- Iteration = 9 -- log likelihood = -6905.51 -- 196.241 s
k == 9 -- Iteration = 10 -- log likelihood = -6905.51 -- 197.684 s
k == 9 -- Iteration = 11 -- log likelihood = -6905.51 -- 199.128 s

k == 9 -- Iteration = 0 -- log likelihood = -7458.97 -- 182.617 s
k == 9 -- Iteration = 1 -- log likelihood = -6489.06 -- 184.106 s
k == 9 -- Iteration = 2 -- log likelihood = -6457.88 -- 185.556 s
k == 9 -- Iteration = 3 -- log likelihood = -6457.55 -- 186.95 s
k == 9 -- Iteration = 4 -- log likelihood = -6457.53 -- 188.358 s
k == 9 -- Iteration = 5 -- log likelihood = -6457.53 -- 189.837 s
k == 9 -- Iteration = 6 -- log likelihood = -6457.53 -- 191.269 s
k == 9 -- Iteration = 7 -- log likelihood = -6457.53 -- 192.677 s
k == 9 -- Iteration = 8 -- log likelihood = -6457.53 -- 194.087 s

k = 9 -- Log likelihood -6265.18 -- BIC 12904.8
k == 10 -- Iteration = 0 -- log likelihood = -6865.51 -- 183.183 s
k == 10 -- Iteration = 1 -- log likelihood = -6091.71 -- 184.78 s
k == 10 -- Iteration = 2 -- log likelihood = -5951.39 -- 186.239 s
k == 10 -- Iteration = 3 -- log likelihood = -5792.99 -- 187.65 s
k == 10 -- Iteration = 4 -- log likelihood = -5786.02 -- 189.047 s
k == 10 -- Iteration = 5 -- log likelihood = -5777.71 -- 190.453 s
k == 10 -- Iteration = 6 -- log likelihood = -5777.69 -- 191.882 s
k == 10 -- Iteration = 7 -- log likelihood = -5777.69 -- 193.303 s
k == 10 -- Iteration = 8 -- log likelihood = -5777.69 -- 194.708 s
k == 10 -- Iteration = 9 -- log likelihood = -5777.69 -- 196.106 s

k == 10 -- Iteration = 0 -- log likelihood = -9731.94 -- 182.099 s
k == 10 -- Iteration = 1 -- log likelihood = -6656.72 -- 183.807 s
k == 10 -- Iteration = 2 -- log likelihood = -6615.89 -- 185.462 s
k == 10 -- Iteration = 3 -- log likelihood = -6311.76 -- 187.053 s
k == 10 -- Iteration = 4 -- log likelihood = -6311.72 -- 188.654 s
k == 10 -- Iteration = 5 -- log likelihood = -6311.72 -- 190.289 s
k == 10 -- Iteration = 6 -- log likelihood = -6311.72 -- 191.932 s
k == 10 -- Iteration = 7 -- log likelihood = -6311.72 -- 193.557 s

k == 10 -- Iteration = 0 -- log likelihood = -inf -- 186.618 s
k == 10 -- Iteration = 1 -- log likelihood = -inf -- 187.7 s
k == 10 -- Iteration = 0 -- log likelihood = -95419.4 -- 186.063 s
k == 10 -- Iteration = 1 -- log likelihood = -inf -- 187.376 s
k == 10 -- Iteration = 2 -- log likelihood = -inf -- 188.388 s
k == 10 -- Iteration = 0 -- log likelihood = -inf -- 184.708 s
k == 10 -- Iteration = 1 -- log likelihood = -inf -- 185.793 s
k == 10 -- Iteration = 0 -- log likelihood = -8445.54 -- 184.617 s
k == 10 -- Iteration = 1 -- log likelihood = -7414.74 -- 186.329 s
k == 10 -- Iteration = 2 -- log likelihood = -7232.73 -- 188.094 s
k == 10 -- Iteration = 3 -- log likelihood = -6957.37 -- 189.714 s
k == 10 -- Iteration = 4 -- log likelihood = -6589.3 -- 191.4 s
k == 10 -- Iteration = 5 -- log likelihood = -6655.38 -- 193.061 s
k == 10 -- Iteration = 6 -- log likelihood = -6705.04 -- 194.704 s
k == 10 -- Iteration = 7 -- log likelihood = -6691.71 -- 196.342 s
k == 10 -- Iteration = 8 -- log likelihood = -6691.05 -- 198.005 s
k == 10 -- Iteration = 9 -- log likelihood = -6691 -- 199.693 s
k == 10 -- Iteration = 10 -- log likelihood = -6691 -- 201.382 s
k == 10 -- Iteration = 11 -- log likelihood = -6691 -- 203.091 s
k == 10 -- Iteration = 12 -- log likelihood = -6691 -- 204.766 s
k == 10 -- Iteration = 13 -- log likelihood = -6691 -- 206.415 s
k == 10 -- Iteration = 14 -- log likelihood = -6691 -- 208.068 s

k == 10 -- Iteration = 0 -- log likelihood = -95419.4 -- 183.997 s
k == 10 -- Iteration = 1 -- log likelihood = -inf -- 185.325 s
k == 10 -- Iteration = 2 -- log likelihood = -inf -- 186.337 s
k == 10 -- Iteration = 0 -- log likelihood = -inf -- 185.059 s
k == 10 -- Iteration = 1 -- log likelihood = -inf -- 186.144 s
k == 10 -- Iteration = 0 -- log likelihood = -8359.08 -- 182.977 s
k == 10 -- Iteration = 1 -- log likelihood = -6961.02 -- 184.663 s
k == 10 -- Iteration = 2 -- log likelihood = -6716.26 -- 186.392 s
k == 10 -- Iteration = 3 -- log likelihood = -6672.03 -- 188.049 s
k == 10 -- Iteration = 4 -- log likelihood = -6665.32 -- 189.715 s
k == 10 -- Iteration = 5 -- log likelihood = -6665.2 -- 191.39 s
k == 10 -- Iteration = 6 -- log likelihood = -6665.19 -- 193.045 s
k == 10 -- Iteration = 7 -- log likelihood = -6665.19 -- 194.761 s
k == 10 -- Iteration = 8 -- log likelihood = -6665.19 -- 196.431 s
k == 10 -- Iteration = 9 -- log likelihood = -6665.19 -- 198.124 s
k == 10 -- Iteration = 10 -- log likelihood = -6665.19 -- 199.78 s

k == 10 -- Iteration = 0 -- log likelihood = -8785.87 -- 182.31 s
k == 10 -- Iteration = 1 -- log likelihood = -7838.5 -- 183.927 s
k == 10 -- Iteration = 2 -- log likelihood = -7671.81 -- 185.49 s
k == 10 -- Iteration = 3 -- log likelihood = -7643.9 -- 187 s
k == 10 -- Iteration = 4 -- log likelihood = -7637.05 -- 188.483 s
k == 10 -- Iteration = 5 -- log likelihood = -7620.28 -- 189.941 s
k == 10 -- Iteration = 6 -- log likelihood = -7495.99 -- 191.451 s
k == 10 -- Iteration = 7 -- log likelihood = -7439.39 -- 192.965 s
k == 10 -- Iteration = 8 -- log likelihood = -7426.13 -- 194.473 s
k == 10 -- Iteration = 9 -- log likelihood = -7426.09 -- 195.996 s
k == 10 -- Iteration = 10 -- log likelihood = -7426.09 -- 197.548 s
k == 10 -- Iteration = 11 -- log likelihood = -7426.09 -- 199.086 s
k == 10 -- Iteration = 12 -- log likelihood = -7426.09 -- 200.622 s

k = 10 -- Log likelihood -5777.69 -- BIC 11967.2
k == 11 -- Iteration = 0 -- log likelihood = -8209.99 -- 183.558 s
k == 11 -- Iteration = 1 -- log likelihood = -6576.93 -- 185.408 s
k == 11 -- Iteration = 2 -- log likelihood = -6388.55 -- 187.147 s
k == 11 -- Iteration = 3 -- log likelihood = -6306.36 -- 188.833 s
k == 11 -- Iteration = 4 -- log likelihood = -6240.25 -- 190.472 s
k == 11 -- Iteration = 5 -- log likelihood = -6193.5 -- 192.148 s
k == 11 -- Iteration = 6 -- log likelihood = -6185.98 -- 193.797 s
k == 11 -- Iteration = 7 -- log likelihood = -6158.09 -- 195.465 s
k == 11 -- Iteration = 8 -- log likelihood = -6158.09 -- 197.087 s
k == 11 -- Iteration = 9 -- log likelihood = -6158.09 -- 198.712 s
k == 11 -- Iteration = 10 -- log likelihood = -6158.09 -- 200.333 s

k == 11 -- Iteration = 0 -- log likelihood = -8283.26 -- 182.102 s
k == 11 -- Iteration = 1 -- log likelihood = -7040.13 -- 183.953 s
k == 11 -- Iteration = 2 -- log likelihood = -6365.37 -- 185.789 s
k == 11 -- Iteration = 3 -- log likelihood = -6176.35 -- 187.641 s
k == 11 -- Iteration = 4 -- log likelihood = -5969.16 -- 189.502 s
k == 11 -- Iteration = 5 -- log likelihood = -5906.84 -- 191.359 s
k == 11 -- Iteration = 6 -- log likelihood = -5906.67 -- 193.195 s
k == 11 -- Iteration = 7 -- log likelihood = -5906.67 -- 195.078 s
k == 11 -- Iteration = 8 -- log likelihood = -5906.67 -- 197 s
k == 11 -- Iteration = 9 -- log likelihood = -5906.67 -- 198.908 s
k == 11 -- Iteration = 10 -- log likelihood = -5906.67 -- 200.774 s
k == 11 -- Iteration = 11 -- log likelihood = -5906.67 -- 202.71 s

k == 11 -- Iteration = 0 -- log likelihood = -inf -- 186.93 s
k == 11 -- Iteration = 1 -- log likelihood = -inf -- 188.072 s
k == 11 -- Iteration = 0 -- log likelihood = -95435.9 -- 185.842 s
k == 11 -- Iteration = 1 -- log likelihood = -inf -- 187.214 s
k == 11 -- Iteration = 2 -- log likelihood = -inf -- 188.304 s
k == 11 -- Iteration = 0 -- log likelihood = -inf -- 186.265 s
k == 11 -- Iteration = 1 -- log likelihood = -inf -- 187.427 s
k == 11 -- Iteration = 0 -- log likelihood = -95435.9 -- 184.755 s
k == 11 -- Iteration = 1 -- log likelihood = -inf -- 186.136 s
k == 11 -- Iteration = 2 -- log likelihood = -inf -- 187.258 s
k == 11 -- Iteration = 0 -- log likelihood = -95435.9 -- 184.694 s
k == 11 -- Iteration = 1 -- log likelihood = -inf -- 186.055 s
k == 11 -- Iteration = 2 -- log likelihood = -inf -- 187.145 s
k == 11 -- Iteration = 0 -- log likelihood = -inf -- 187.418 s
k == 11 -- Iteration = 1 -- log likelihood = -inf -- 188.568 s
k == 11 -- Iteration = 0 -- log likelihood = -7082.55 -- 183.42 s
k == 11 -- Iteration = 1 -- log likelihood = -6335.1 -- 185.404 s
k == 11 -- Iteration = 2 -- log likelihood = -5932.29 -- 187.276 s
k == 11 -- Iteration = 3 -- log likelihood = -5838.05 -- 189.196 s
k == 11 -- Iteration = 4 -- log likelihood = -5803.64 -- 191.119 s
k == 11 -- Iteration = 5 -- log likelihood = -5803.61 -- 193.014 s
k == 11 -- Iteration = 6 -- log likelihood = -5803.61 -- 194.959 s
k == 11 -- Iteration = 7 -- log likelihood = -5803.61 -- 196.896 s
k == 11 -- Iteration = 8 -- log likelihood = -5803.61 -- 198.796 s
k == 11 -- Iteration = 9 -- log likelihood = -5803.61 -- 200.749 s
k == 11 -- Iteration = 10 -- log likelihood = -5803.61 -- 202.684 s
k == 11 -- Iteration = 11 -- log likelihood = -5803.61 -- 204.59 s

k == 11 -- Iteration = 0 -- log likelihood = -8892.96 -- 183.029 s
k == 11 -- Iteration = 1 -- log likelihood = -8096.15 -- 184.756 s
k == 11 -- Iteration = 2 -- log likelihood = -7900.21 -- 186.382 s
k == 11 -- Iteration = 3 -- log likelihood = -7731.25 -- 188.012 s
k == 11 -- Iteration = 4 -- log likelihood = -7528.94 -- 189.61 s
k == 11 -- Iteration = 5 -- log likelihood = -7480.48 -- 191.244 s
k == 11 -- Iteration = 6 -- log likelihood = -7479.73 -- 192.86 s
k == 11 -- Iteration = 7 -- log likelihood = -7479.72 -- 194.459 s
k == 11 -- Iteration = 8 -- log likelihood = -7479.72 -- 196.076 s
k == 11 -- Iteration = 9 -- log likelihood = -7479.72 -- 197.737 s
k == 11 -- Iteration = 10 -- log likelihood = -7479.72 -- 199.421 s

k = 11 -- Log likelihood -5803.61 -- BIC 12056.5
k == 12 -- Iteration = 0 -- log likelihood = -7713.1 -- 183.765 s
k == 12 -- Iteration = 1 -- log likelihood = -6005.16 -- 185.655 s
k == 12 -- Iteration = 2 -- log likelihood = -5757.16 -- 187.577 s
k == 12 -- Iteration = 3 -- log likelihood = -5815.87 -- 189.393 s
k == 12 -- Iteration = 4 -- log likelihood = -5786.31 -- 191.138 s
k == 12 -- Iteration = 5 -- log likelihood = -5728.91 -- 192.907 s
k == 12 -- Iteration = 6 -- log likelihood = -5692.44 -- 194.647 s
k == 12 -- Iteration = 7 -- log likelihood = -5692.22 -- 196.39 s
k == 12 -- Iteration = 8 -- log likelihood = -5692.22 -- 198.143 s
k == 12 -- Iteration = 9 -- log likelihood = -5692.22 -- 199.881 s
k == 12 -- Iteration = 10 -- log likelihood = -5692.22 -- 201.683 s
k == 12 -- Iteration = 11 -- log likelihood = -5692.22 -- 203.396 s

k == 12 -- Iteration = 0 -- log likelihood = -8375.87 -- 182.786 s
k == 12 -- Iteration = 1 -- log likelihood = -7240.66 -- 185.082 s
k == 12 -- Iteration = 2 -- log likelihood = -6850.57 -- 187.354 s
k == 12 -- Iteration = 3 -- log likelihood = -6560.55 -- 189.498 s
k == 12 -- Iteration = 4 -- log likelihood = -6510.79 -- 191.679 s
k == 12 -- Iteration = 5 -- log likelihood = -6466.63 -- 193.901 s
k == 12 -- Iteration = 6 -- log likelihood = -6457.86 -- 196.058 s
k == 12 -- Iteration = 7 -- log likelihood = -6457.73 -- 198.143 s
k == 12 -- Iteration = 8 -- log likelihood = -6457.72 -- 200.303 s
k == 12 -- Iteration = 9 -- log likelihood = -6457.72 -- 202.408 s
k == 12 -- Iteration = 10 -- log likelihood = -6457.72 -- 204.588 s
k == 12 -- Iteration = 11 -- log likelihood = -6457.72 -- 206.737 s
k == 12 -- Iteration = 12 -- log likelihood = -6457.72 -- 208.94 s
k == 12 -- Iteration = 13 -- log likelihood = -6457.72 -- 211.044 s

k == 12 -- Iteration = 0 -- log likelihood = -inf -- 187.934 s
k == 12 -- Iteration = 1 -- log likelihood = -inf -- 189.211 s
k == 12 -- Iteration = 0 -- log likelihood = -95450.9 -- 187.258 s
k == 12 -- Iteration = 1 -- log likelihood = -inf -- 188.797 s
k == 12 -- Iteration = 2 -- log likelihood = -inf -- 189.999 s
k == 12 -- Iteration = 0 -- log likelihood = -inf -- 185.628 s
k == 12 -- Iteration = 1 -- log likelihood = -inf -- 186.9 s
k == 12 -- Iteration = 0 -- log likelihood = -95450.9 -- 185.358 s
k == 12 -- Iteration = 1 -- log likelihood = -inf -- 186.846 s
k == 12 -- Iteration = 2 -- log likelihood = -inf -- 188.038 s
k == 12 -- Iteration = 0 -- log likelihood = -95450.9 -- 185.192 s
k == 12 -- Iteration = 1 -- log likelihood = -inf -- 186.665 s
k == 12 -- Iteration = 2 -- log likelihood = -inf -- 187.841 s
k == 12 -- Iteration = 0 -- log likelihood = -inf -- 186.132 s
k == 12 -- Iteration = 1 -- log likelihood = -inf -- 187.429 s
k == 12 -- Iteration = 0 -- log likelihood = -7923.43 -- 184.143 s
k == 12 -- Iteration = 1 -- log likelihood = -6145.76 -- 185.909 s
k == 12 -- Iteration = 2 -- log likelihood = -5971.92 -- 187.575 s
k == 12 -- Iteration = 3 -- log likelihood = -5911.12 -- 189.179 s
k == 12 -- Iteration = 4 -- log likelihood = -5902.89 -- 190.828 s
k == 12 -- Iteration = 5 -- log likelihood = -5895.54 -- 192.527 s
k == 12 -- Iteration = 6 -- log likelihood = -5867.65 -- 194.208 s
k == 12 -- Iteration = 7 -- log likelihood = -5867.65 -- 195.881 s
k == 12 -- Iteration = 8 -- log likelihood = -5867.65 -- 197.623 s
k == 12 -- Iteration = 9 -- log likelihood = -5867.65 -- 199.268 s
k == 12 -- Iteration = 10 -- log likelihood = -5867.65 -- 200.89 s

k == 12 -- Iteration = 0 -- log likelihood = -7648.43 -- 183.554 s
k == 12 -- Iteration = 1 -- log likelihood = -6090.45 -- 185.612 s
k == 12 -- Iteration = 2 -- log likelihood = -5106.28 -- 187.499 s
k == 12 -- Iteration = 3 -- log likelihood = -5011.94 -- 189.273 s
k == 12 -- Iteration = 4 -- log likelihood = -4988.37 -- 190.989 s
k == 12 -- Iteration = 5 -- log likelihood = -4942.81 -- 192.663 s
k == 12 -- Iteration = 6 -- log likelihood = -4928.64 -- 194.369 s
k == 12 -- Iteration = 7 -- log likelihood = -4928.64 -- 196.063 s
k == 12 -- Iteration = 8 -- log likelihood = -4928.64 -- 197.779 s
k == 12 -- Iteration = 9 -- log likelihood = -4928.64 -- 199.51 s
k == 12 -- Iteration = 10 -- log likelihood = -4928.64 -- 201.2 s
k == 12 -- Iteration = 11 -- log likelihood = -4928.64 -- 202.897 s

k = 12 -- Log likelihood -4928.64 -- BIC 10344
k == 13 -- Iteration = 0 -- log likelihood = -6661.81 -- 183.665 s
k == 13 -- Iteration = 1 -- log likelihood = -6302.9 -- 185.485 s
k == 13 -- Iteration = 2 -- log likelihood = -6091.57 -- 187.328 s
k == 13 -- Iteration = 3 -- log likelihood = -5965.56 -- 189.154 s
k == 13 -- Iteration = 4 -- log likelihood = -5871.06 -- 191 s
k == 13 -- Iteration = 5 -- log likelihood = -5639.59 -- 192.876 s
k == 13 -- Iteration = 6 -- log likelihood = -5453.62 -- 194.804 s
k == 13 -- Iteration = 7 -- log likelihood = -5386.84 -- 196.683 s
k == 13 -- Iteration = 8 -- log likelihood = -5069.67 -- 198.643 s
k == 13 -- Iteration = 9 -- log likelihood = -5061.69 -- 200.635 s
k == 13 -- Iteration = 10 -- log likelihood = -5060.4 -- 202.632 s
k == 13 -- Iteration = 11 -- log likelihood = -5060.4 -- 204.55 s
k == 13 -- Iteration = 12 -- log likelihood = -5060.4 -- 206.531 s
k == 13 -- Iteration = 13 -- log likelihood = -5060.4 -- 208.462 s
k == 13 -- Iteration = 14 -- log likelihood = -5060.4 -- 210.465 s
k == 13 -- Iteration = 15 -- log likelihood = -5060.4 -- 212.387 s

k == 13 -- Iteration = 0 -- log likelihood = -8161.23 -- 182.77 s
k == 13 -- Iteration = 1 -- log likelihood = -7186.28 -- 184.873 s
k == 13 -- Iteration = 2 -- log likelihood = -7065.1 -- 187.032 s
k == 13 -- Iteration = 3 -- log likelihood = -7053.68 -- 189.061 s
k == 13 -- Iteration = 4 -- log likelihood = -7050.78 -- 191.169 s
k == 13 -- Iteration = 5 -- log likelihood = -7023.02 -- 193.246 s
k == 13 -- Iteration = 6 -- log likelihood = -7023.01 -- 195.345 s
k == 13 -- Iteration = 7 -- log likelihood = -7023.01 -- 197.433 s
k == 13 -- Iteration = 8 -- log likelihood = -7023.01 -- 199.562 s
k == 13 -- Iteration = 9 -- log likelihood = -7023.01 -- 201.706 s
k == 13 -- Iteration = 10 -- log likelihood = -7023.01 -- 203.805 s
k == 13 -- Iteration = 11 -- log likelihood = -7023.01 -- 205.895 s
k == 13 -- Iteration = 12 -- log likelihood = -7023.01 -- 208.012 s
k == 13 -- Iteration = 13 -- log likelihood = -7023.01 -- 210.132 s

k == 13 -- Iteration = 0 -- log likelihood = -inf -- 188.646 s
k == 13 -- Iteration = 1 -- log likelihood = -inf -- 190.027 s
k == 13 -- Iteration = 0 -- log likelihood = -95464.8 -- 186.172 s
k == 13 -- Iteration = 1 -- log likelihood = -inf -- 187.798 s
k == 13 -- Iteration = 2 -- log likelihood = -inf -- 189.108 s
k == 13 -- Iteration = 0 -- log likelihood = -inf -- 186.327 s
k == 13 -- Iteration = 1 -- log likelihood = -inf -- 187.674 s
k == 13 -- Iteration = 0 -- log likelihood = -95464.8 -- 185.962 s
k == 13 -- Iteration = 1 -- log likelihood = -inf -- 187.531 s
k == 13 -- Iteration = 2 -- log likelihood = -inf -- 188.816 s
k == 13 -- Iteration = 0 -- log likelihood = -95464.8 -- 186.75 s
k == 13 -- Iteration = 1 -- log likelihood = -inf -- 188.316 s
k == 13 -- Iteration = 2 -- log likelihood = -inf -- 189.581 s
k == 13 -- Iteration = 0 -- log likelihood = -inf -- 186.59 s
k == 13 -- Iteration = 1 -- log likelihood = -inf -- 187.943 s
k == 13 -- Iteration = 0 -- log likelihood = -9903.28 -- 184.082 s
k == 13 -- Iteration = 1 -- log likelihood = -8190.12 -- 186.094 s
k == 13 -- Iteration = 2 -- log likelihood = -7230.55 -- 188.101 s
k == 13 -- Iteration = 3 -- log likelihood = -7059.48 -- 190.024 s
k == 13 -- Iteration = 4 -- log likelihood = -7024.99 -- 191.931 s
k == 13 -- Iteration = 5 -- log likelihood = -7021.11 -- 193.846 s
k == 13 -- Iteration = 6 -- log likelihood = -7018.29 -- 195.84 s
k == 13 -- Iteration = 7 -- log likelihood = -6990.48 -- 197.791 s
k == 13 -- Iteration = 8 -- log likelihood = -6990.44 -- 199.748 s
k == 13 -- Iteration = 9 -- log likelihood = -6990.41 -- 201.664 s
k == 13 -- Iteration = 10 -- log likelihood = -6990.39 -- 203.62 s
k == 13 -- Iteration = 11 -- log likelihood = -6990.37 -- 205.53 s
k == 13 -- Iteration = 12 -- log likelihood = -6990.36 -- 207.537 s
k == 13 -- Iteration = 13 -- log likelihood = -6990.35 -- 209.449 s
k == 13 -- Iteration = 14 -- log likelihood = -6990.35 -- 211.429 s
k == 13 -- Iteration = 15 -- log likelihood = -6990.35 -- 213.407 s
k == 13 -- Iteration = 16 -- log likelihood = -6990.34 -- 215.31 s
k == 13 -- Iteration = 17 -- log likelihood = -6990.34 -- 217.252 s
k == 13 -- Iteration = 18 -- log likelihood = -6990.34 -- 219.242 s
k == 13 -- Iteration = 19 -- log likelihood = -6990.34 -- 221.195 s
k == 13 -- Iteration = 20 -- log likelihood = -6990.34 -- 223.19 s
k == 13 -- Iteration = 21 -- log likelihood = -6990.34 -- 225.147 s
k == 13 -- Iteration = 22 -- log likelihood = -6990.34 -- 227.085 s
k == 13 -- Iteration = 23 -- log likelihood = -6990.34 -- 229.045 s
k == 13 -- Iteration = 24 -- log likelihood = -6990.34 -- 230.994 s
k == 13 -- Iteration = 25 -- log likelihood = -6990.34 -- 232.873 s
k == 13 -- Iteration = 26 -- log likelihood = -6990.34 -- 234.794 s
k == 13 -- Iteration = 27 -- log likelihood = -6990.34 -- 236.749 s
k == 13 -- Iteration = 28 -- log likelihood = -6990.34 -- 238.603 s
k == 13 -- Iteration = 29 -- log likelihood = -6990.34 -- 240.518 s
k == 13 -- Iteration = 30 -- log likelihood = -6990.34 -- 242.445 s
k == 13 -- Iteration = 31 -- log likelihood = -6990.34 -- 244.357 s
k == 13 -- Iteration = 32 -- log likelihood = -6990.34 -- 246.295 s
k == 13 -- Iteration = 33 -- log likelihood = -6990.34 -- 248.278 s
k == 13 -- Iteration = 34 -- log likelihood = -6990.34 -- 250.241 s
k == 13 -- Iteration = 35 -- log likelihood = -6990.34 -- 252.156 s

k = 13 -- Log likelihood -5060.4 -- BIC 10644.9
k == 14 -- Iteration = 0 -- log likelihood = -6493.56 -- 184.7 s
k == 14 -- Iteration = 1 -- log likelihood = -6063.83 -- 186.872 s
k == 14 -- Iteration = 2 -- log likelihood = -5599.03 -- 189.08 s
k == 14 -- Iteration = 3 -- log likelihood = -5435.88 -- 191.28 s
k == 14 -- Iteration = 4 -- log likelihood = -5379.43 -- 193.472 s
k == 14 -- Iteration = 5 -- log likelihood = -5378.42 -- 195.683 s
k == 14 -- Iteration = 6 -- log likelihood = -5378.29 -- 197.949 s
k == 14 -- Iteration = 7 -- log likelihood = -5378.23 -- 200.21 s
k == 14 -- Iteration = 8 -- log likelihood = -5378.2 -- 202.422 s
k == 14 -- Iteration = 9 -- log likelihood = -5378.19 -- 204.604 s
k == 14 -- Iteration = 10 -- log likelihood = -5378.18 -- 206.883 s
k == 14 -- Iteration = 11 -- log likelihood = -5378.18 -- 209.064 s
k == 14 -- Iteration = 12 -- log likelihood = -5378.17 -- 211.317 s
k == 14 -- Iteration = 13 -- log likelihood = -5378.17 -- 213.506 s
k == 14 -- Iteration = 14 -- log likelihood = -5378.17 -- 215.756 s
k == 14 -- Iteration = 15 -- log likelihood = -5378.17 -- 217.96 s
k == 14 -- Iteration = 16 -- log likelihood = -5378.17 -- 220.244 s
k == 14 -- Iteration = 17 -- log likelihood = -5378.17 -- 222.5 s
k == 14 -- Iteration = 18 -- log likelihood = -5378.17 -- 224.694 s
k == 14 -- Iteration = 19 -- log likelihood = -5378.17 -- 226.898 s
k == 14 -- Iteration = 20 -- log likelihood = -5378.17 -- 229.191 s
k == 14 -- Iteration = 21 -- log likelihood = -5378.17 -- 231.443 s

k == 14 -- Iteration = 0 -- log likelihood = -6165.3 -- 183.061 s
k == 14 -- Iteration = 1 -- log likelihood = -5472.3 -- 185.278 s
k == 14 -- Iteration = 2 -- log likelihood = -5064.53 -- 187.406 s
k == 14 -- Iteration = 3 -- log likelihood = -5056.26 -- 189.514 s
k == 14 -- Iteration = 4 -- log likelihood = -5028.25 -- 191.616 s
k == 14 -- Iteration = 5 -- log likelihood = -5028.23 -- 193.743 s
k == 14 -- Iteration = 6 -- log likelihood = -5028.23 -- 195.903 s
k == 14 -- Iteration = 7 -- log likelihood = -5028.23 -- 198.064 s
k == 14 -- Iteration = 8 -- log likelihood = -5028.23 -- 200.316 s
k == 14 -- Iteration = 9 -- log likelihood = -5028.23 -- 202.496 s
k == 14 -- Iteration = 10 -- log likelihood = -5028.23 -- 204.661 s
k == 14 -- Iteration = 11 -- log likelihood = -5028.23 -- 206.813 s
k == 14 -- Iteration = 12 -- log likelihood = -5028.23 -- 208.991 s

k == 14 -- Iteration = 0 -- log likelihood = -inf -- 189.412 s
k == 14 -- Iteration = 1 -- log likelihood = -inf -- 190.883 s
k == 14 -- Iteration = 0 -- log likelihood = -95477.6 -- 187.129 s
k == 14 -- Iteration = 1 -- log likelihood = -inf -- 188.773 s
k == 14 -- Iteration = 2 -- log likelihood = -inf -- 190.14 s
k == 14 -- Iteration = 0 -- log likelihood = -inf -- 186.9 s
k == 14 -- Iteration = 1 -- log likelihood = -inf -- 188.36 s
k == 14 -- Iteration = 0 -- log likelihood = -95477.6 -- 186.499 s
k == 14 -- Iteration = 1 -- log likelihood = -inf -- 188.156 s
k == 14 -- Iteration = 2 -- log likelihood = -inf -- 189.563 s
k == 14 -- Iteration = 0 -- log likelihood = -95477.6 -- 186.031 s
k == 14 -- Iteration = 1 -- log likelihood = -inf -- 187.732 s
k == 14 -- Iteration = 2 -- log likelihood = -inf -- 189.097 s
k == 14 -- Iteration = 0 -- log likelihood = -inf -- 188.215 s
k == 14 -- Iteration = 1 -- log likelihood = -inf -- 189.666 s
k == 14 -- Iteration = 0 -- log likelihood = -7712.4 -- 184.344 s
k == 14 -- Iteration = 1 -- log likelihood = -6412.54 -- 186.446 s
k == 14 -- Iteration = 2 -- log likelihood = -6145.45 -- 188.515 s
k == 14 -- Iteration = 3 -- log likelihood = -6144.79 -- 190.563 s
k == 14 -- Iteration = 4 -- log likelihood = -6144.78 -- 192.606 s
k == 14 -- Iteration = 5 -- log likelihood = -6144.78 -- 194.679 s
k == 14 -- Iteration = 6 -- log likelihood = -6144.78 -- 196.721 s
k == 14 -- Iteration = 7 -- log likelihood = -6144.78 -- 198.734 s
k == 14 -- Iteration = 8 -- log likelihood = -6144.78 -- 200.795 s

k == 14 -- Iteration = 0 -- log likelihood = -7075.77 -- 184.008 s
k == 14 -- Iteration = 1 -- log likelihood = -6425.83 -- 186.082 s
k == 14 -- Iteration = 2 -- log likelihood = -6359.4 -- 188.121 s
k == 14 -- Iteration = 3 -- log likelihood = -6285.75 -- 190.108 s
k == 14 -- Iteration = 4 -- log likelihood = -6168.46 -- 192.094 s
k == 14 -- Iteration = 5 -- log likelihood = -6158.64 -- 194.109 s
k == 14 -- Iteration = 6 -- log likelihood = -6158.64 -- 196.158 s
k == 14 -- Iteration = 7 -- log likelihood = -6158.64 -- 198.275 s
k == 14 -- Iteration = 8 -- log likelihood = -6158.64 -- 200.277 s

k = 14 -- Log likelihood -5028.23 -- BIC 10618
k == 15 -- Iteration = 0 -- log likelihood = -inf -- 184.342 s
k == 15 -- Iteration = 1 -- log likelihood = -inf -- 185.908 s
k == 15 -- Iteration = 0 -- log likelihood = -6921.29 -- 183.286 s
k == 15 -- Iteration = 1 -- log likelihood = -5914.75 -- 185.615 s
k == 15 -- Iteration = 2 -- log likelihood = -5694.44 -- 187.888 s
k == 15 -- Iteration = 3 -- log likelihood = -5620.39 -- 190.227 s
k == 15 -- Iteration = 4 -- log likelihood = -5342.62 -- 192.641 s
k == 15 -- Iteration = 5 -- log likelihood = -5023.56 -- 194.974 s
k == 15 -- Iteration = 6 -- log likelihood = -4946.53 -- 197.243 s
k == 15 -- Iteration = 7 -- log likelihood = -4946.03 -- 199.587 s
k == 15 -- Iteration = 8 -- log likelihood = -4945.98 -- 202.019 s
k == 15 -- Iteration = 9 -- log likelihood = -4945.96 -- 204.369 s
k == 15 -- Iteration = 10 -- log likelihood = -4945.94 -- 206.7 s
k == 15 -- Iteration = 11 -- log likelihood = -4945.93 -- 209.041 s
k == 15 -- Iteration = 12 -- log likelihood = -4945.92 -- 211.328 s
k == 15 -- Iteration = 13 -- log likelihood = -4945.92 -- 213.669 s
k == 15 -- Iteration = 14 -- log likelihood = -4945.91 -- 216.018 s
k == 15 -- Iteration = 15 -- log likelihood = -4945.91 -- 218.365 s
k == 15 -- Iteration = 16 -- log likelihood = -4945.91 -- 220.781 s
k == 15 -- Iteration = 17 -- log likelihood = -4945.91 -- 223.165 s
k == 15 -- Iteration = 18 -- log likelihood = -4945.91 -- 225.519 s
k == 15 -- Iteration = 19 -- log likelihood = -4945.91 -- 227.895 s
k == 15 -- Iteration = 20 -- log likelihood = -4945.91 -- 230.263 s
k == 15 -- Iteration = 21 -- log likelihood = -4945.91 -- 232.667 s
k == 15 -- Iteration = 22 -- log likelihood = -4945.91 -- 235.01 s
k == 15 -- Iteration = 23 -- log likelihood = -4945.91 -- 237.362 s
k == 15 -- Iteration = 24 -- log likelihood = -4945.91 -- 239.807 s
k == 15 -- Iteration = 25 -- log likelihood = -4945.91 -- 242.171 s
k == 15 -- Iteration = 26 -- log likelihood = -4945.91 -- 244.58 s
k == 15 -- Iteration = 27 -- log likelihood = -4945.91 -- 246.991 s
k == 15 -- Iteration = 28 -- log likelihood = -4945.91 -- 249.365 s
k == 15 -- Iteration = 29 -- log likelihood = -4945.91 -- 251.745 s
k == 15 -- Iteration = 30 -- log likelihood = -4945.91 -- 254.086 s
k == 15 -- Iteration = 31 -- log likelihood = -4945.91 -- 256.445 s
k == 15 -- Iteration = 32 -- log likelihood = -4945.91 -- 258.808 s

k == 15 -- Iteration = 0 -- log likelihood = -inf -- 189.895 s
k == 15 -- Iteration = 1 -- log likelihood = -inf -- 191.469 s
k == 15 -- Iteration = 0 -- log likelihood = -95489.5 -- 188 s
k == 15 -- Iteration = 1 -- log likelihood = -inf -- 189.769 s
k == 15 -- Iteration = 2 -- log likelihood = -inf -- 191.248 s
k == 15 -- Iteration = 0 -- log likelihood = -inf -- 187.64 s
k == 15 -- Iteration = 1 -- log likelihood = -inf -- 189.225 s
k == 15 -- Iteration = 0 -- log likelihood = -95489.5 -- 186.94 s
k == 15 -- Iteration = 1 -- log likelihood = -inf -- 188.698 s
k == 15 -- Iteration = 2 -- log likelihood = -inf -- 190.164 s
k == 15 -- Iteration = 0 -- log likelihood = -95489.5 -- 186.902 s
k == 15 -- Iteration = 1 -- log likelihood = -inf -- 188.666 s
k == 15 -- Iteration = 2 -- log likelihood = -inf -- 190.138 s
k == 15 -- Iteration = 0 -- log likelihood = -inf -- 188.31 s
k == 15 -- Iteration = 1 -- log likelihood = -inf -- 189.841 s
k == 15 -- Iteration = 0 -- log likelihood = -inf -- 184.653 s
k == 15 -- Iteration = 1 -- log likelihood = -inf -- 186.445 s
k == 15 -- Iteration = 0 -- log likelihood = -6856.88 -- 184.191 s
k == 15 -- Iteration = 1 -- log likelihood = -5792.54 -- 186.378 s
k == 15 -- Iteration = 2 -- log likelihood = -5246.71 -- 188.521 s
k == 15 -- Iteration = 3 -- log likelihood = -5171.56 -- 190.564 s
k == 15 -- Iteration = 4 -- log likelihood = -5134.47 -- 192.694 s
k == 15 -- Iteration = 5 -- log likelihood = -5133.73 -- 194.866 s
k == 15 -- Iteration = 6 -- log likelihood = -5095.08 -- 196.975 s
k == 15 -- Iteration = 7 -- log likelihood = -5066.1 -- 199.059 s
k == 15 -- Iteration = 8 -- log likelihood = -5066.06 -- 201.243 s
k == 15 -- Iteration = 9 -- log likelihood = -5066.06 -- 203.253 s
k == 15 -- Iteration = 10 -- log likelihood = -5066.06 -- 205.327 s
k == 15 -- Iteration = 11 -- log likelihood = -5066.06 -- 207.428 s
k == 15 -- Iteration = 12 -- log likelihood = -5066.06 -- 209.534 s

k = 15 -- Log likelihood -4945.91 -- BIC 10490.8
k == 16 -- Iteration = 0 -- log likelihood = -inf -- 185.07 s
k == 16 -- Iteration = 1 -- log likelihood = -inf -- 186.745 s
k == 16 -- Iteration = 0 -- log likelihood = -6665.93 -- 183.323 s
k == 16 -- Iteration = 1 -- log likelihood = -5786.24 -- 185.589 s
k == 16 -- Iteration = 2 -- log likelihood = -5507.87 -- 187.792 s
k == 16 -- Iteration = 3 -- log likelihood = -5165.19 -- 190.016 s
k == 16 -- Iteration = 4 -- log likelihood = -5029.1 -- 192.246 s
k == 16 -- Iteration = 5 -- log likelihood = -5020.81 -- 194.47 s
k == 16 -- Iteration = 6 -- log likelihood = -5003.09 -- 196.814 s
k == 16 -- Iteration = 7 -- log likelihood = -4989.79 -- 199.1 s
k == 16 -- Iteration = 8 -- log likelihood = -4989.63 -- 201.363 s
k == 16 -- Iteration = 9 -- log likelihood = -4989.63 -- 203.633 s
k == 16 -- Iteration = 10 -- log likelihood = -4989.63 -- 205.928 s
k == 16 -- Iteration = 11 -- log likelihood = -4989.63 -- 208.198 s
k == 16 -- Iteration = 12 -- log likelihood = -4989.63 -- 210.482 s
k == 16 -- Iteration = 13 -- log likelihood = -4989.63 -- 212.707 s
k == 16 -- Iteration = 14 -- log likelihood = -4989.63 -- 214.926 s
k == 16 -- Iteration = 15 -- log likelihood = -4989.63 -- 217.173 s

k == 16 -- Iteration = 0 -- log likelihood = -inf -- 190.624 s
k == 16 -- Iteration = 1 -- log likelihood = -inf -- 192.294 s
k == 16 -- Iteration = 0 -- log likelihood = -95500.7 -- 188.634 s
k == 16 -- Iteration = 1 -- log likelihood = -inf -- 190.496 s
k == 16 -- Iteration = 2 -- log likelihood = -inf -- 192.059 s
k == 16 -- Iteration = 0 -- log likelihood = -inf -- 188.229 s
k == 16 -- Iteration = 1 -- log likelihood = -inf -- 189.889 s
k == 16 -- Iteration = 0 -- log likelihood = -95500.7 -- 187.064 s
k == 16 -- Iteration = 1 -- log likelihood = -inf -- 188.917 s
k == 16 -- Iteration = 2 -- log likelihood = -inf -- 190.479 s
k == 16 -- Iteration = 0 -- log likelihood = -95500.7 -- 187.654 s
k == 16 -- Iteration = 1 -- log likelihood = -inf -- 189.496 s
k == 16 -- Iteration = 2 -- log likelihood = -inf -- 191.011 s
k == 16 -- Iteration = 0 -- log likelihood = -inf -- 189.093 s
k == 16 -- Iteration = 1 -- log likelihood = -inf -- 190.738 s
k == 16 -- Iteration = 0 -- log likelihood = -inf -- 184.867 s
k == 16 -- Iteration = 1 -- log likelihood = -inf -- 186.525 s
k == 16 -- Iteration = 0 -- log likelihood = -6496.69 -- 185.091 s
k == 16 -- Iteration = 1 -- log likelihood = -5375.66 -- 187.329 s
k == 16 -- Iteration = 2 -- log likelihood = -4861.07 -- 189.535 s
k == 16 -- Iteration = 3 -- log likelihood = -4779.35 -- 191.627 s
k == 16 -- Iteration = 4 -- log likelihood = -4744.42 -- 193.769 s
k == 16 -- Iteration = 5 -- log likelihood = -4726.95 -- 195.918 s
k == 16 -- Iteration = 6 -- log likelihood = -4719.56 -- 198.094 s
k == 16 -- Iteration = 7 -- log likelihood = -4691.67 -- 200.268 s
k == 16 -- Iteration = 8 -- log likelihood = -4691.66 -- 202.472 s
k == 16 -- Iteration = 9 -- log likelihood = -4691.66 -- 204.699 s
k == 16 -- Iteration = 10 -- log likelihood = -4691.66 -- 206.867 s
k == 16 -- Iteration = 11 -- log likelihood = -4691.66 -- 209.104 s
k == 16 -- Iteration = 12 -- log likelihood = -4691.66 -- 211.318 s
k == 16 -- Iteration = 13 -- log likelihood = -4691.66 -- 213.445 s
k == 16 -- Iteration = 14 -- log likelihood = -4691.66 -- 215.592 s

k = 16 -- Log likelihood -4691.66 -- BIC 10019.8
k == 17 -- Iteration = 0 -- log likelihood = -inf -- 185.034 s
k == 17 -- Iteration = 1 -- log likelihood = -inf -- 186.775 s
k == 17 -- Iteration = 0 -- log likelihood = -7527.64 -- 183.336 s
k == 17 -- Iteration = 1 -- log likelihood = -6437.39 -- 185.919 s
k == 17 -- Iteration = 2 -- log likelihood = -5499.1 -- 188.448 s
k == 17 -- Iteration = 3 -- log likelihood = -5482.64 -- 190.94 s
k == 17 -- Iteration = 4 -- log likelihood = -5475.27 -- 193.378 s
k == 17 -- Iteration = 5 -- log likelihood = -5447.19 -- 195.866 s
k == 17 -- Iteration = 6 -- log likelihood = -5447.1 -- 198.323 s
k == 17 -- Iteration = 7 -- log likelihood = -5447.04 -- 200.727 s
k == 17 -- Iteration = 8 -- log likelihood = -5447.01 -- 203.296 s
k == 17 -- Iteration = 9 -- log likelihood = -5446.98 -- 205.735 s
k == 17 -- Iteration = 10 -- log likelihood = -5446.96 -- 208.161 s
k == 17 -- Iteration = 11 -- log likelihood = -5446.95 -- 210.603 s
k == 17 -- Iteration = 12 -- log likelihood = -5446.94 -- 213.063 s
k == 17 -- Iteration = 13 -- log likelihood = -5446.94 -- 215.465 s
k == 17 -- Iteration = 14 -- log likelihood = -5446.93 -- 217.935 s
k == 17 -- Iteration = 15 -- log likelihood = -5446.93 -- 220.39 s
k == 17 -- Iteration = 16 -- log likelihood = -5446.93 -- 222.838 s
k == 17 -- Iteration = 17 -- log likelihood = -5446.93 -- 225.222 s
k == 17 -- Iteration = 18 -- log likelihood = -5446.93 -- 227.66 s
k == 17 -- Iteration = 19 -- log likelihood = -5446.93 -- 230.103 s
k == 17 -- Iteration = 20 -- log likelihood = -5446.93 -- 232.563 s
k == 17 -- Iteration = 21 -- log likelihood = -5446.93 -- 234.993 s
k == 17 -- Iteration = 22 -- log likelihood = -5446.93 -- 237.402 s
k == 17 -- Iteration = 23 -- log likelihood = -5446.93 -- 239.865 s
k == 17 -- Iteration = 24 -- log likelihood = -5446.93 -- 242.269 s
k == 17 -- Iteration = 25 -- log likelihood = -5446.93 -- 244.666 s
k == 17 -- Iteration = 26 -- log likelihood = -5446.93 -- 247.04 s
k == 17 -- Iteration = 27 -- log likelihood = -5446.93 -- 249.44 s
k == 17 -- Iteration = 28 -- log likelihood = -5446.93 -- 251.843 s
k == 17 -- Iteration = 29 -- log likelihood = -5446.93 -- 254.291 s
k == 17 -- Iteration = 30 -- log likelihood = -5446.93 -- 256.767 s
k == 17 -- Iteration = 31 -- log likelihood = -5446.93 -- 259.275 s
k == 17 -- Iteration = 32 -- log likelihood = -5446.93 -- 261.654 s
k == 17 -- Iteration = 33 -- log likelihood = -5446.93 -- 264.028 s

k == 17 -- Iteration = 0 -- log likelihood = -inf -- 190.727 s
k == 17 -- Iteration = 1 -- log likelihood = -inf -- 192.455 s
k == 17 -- Iteration = 0 -- log likelihood = -95511.2 -- 189.118 s
k == 17 -- Iteration = 1 -- log likelihood = -inf -- 191.105 s
k == 17 -- Iteration = 2 -- log likelihood = -inf -- 192.763 s
k == 17 -- Iteration = 0 -- log likelihood = -inf -- 188.585 s
k == 17 -- Iteration = 1 -- log likelihood = -inf -- 190.382 s
k == 17 -- Iteration = 0 -- log likelihood = -95511.2 -- 188.69 s
k == 17 -- Iteration = 1 -- log likelihood = -inf -- 190.651 s
k == 17 -- Iteration = 2 -- log likelihood = -inf -- 192.337 s
k == 17 -- Iteration = 0 -- log likelihood = -95511.2 -- 187.392 s
k == 17 -- Iteration = 1 -- log likelihood = -inf -- 189.337 s
k == 17 -- Iteration = 2 -- log likelihood = -inf -- 190.989 s
k == 17 -- Iteration = 0 -- log likelihood = -inf -- 189.724 s
k == 17 -- Iteration = 1 -- log likelihood = -inf -- 191.47 s
k == 17 -- Iteration = 0 -- log likelihood = -7672.21 -- 185.762 s
k == 17 -- Iteration = 1 -- log likelihood = -6642.79 -- 188.2 s
k == 17 -- Iteration = 2 -- log likelihood = -6450.45 -- 190.539 s
k == 17 -- Iteration = 3 -- log likelihood = -6360.56 -- 192.872 s
k == 17 -- Iteration = 4 -- log likelihood = -6270.82 -- 195.258 s
k == 17 -- Iteration = 5 -- log likelihood = -6268.98 -- 197.694 s
k == 17 -- Iteration = 6 -- log likelihood = -6266.73 -- 200.069 s
k == 17 -- Iteration = 7 -- log likelihood = -6266.67 -- 202.422 s
k == 17 -- Iteration = 8 -- log likelihood = -6266.63 -- 204.755 s
k == 17 -- Iteration = 9 -- log likelihood = -6266.6 -- 207.15 s
k == 17 -- Iteration = 10 -- log likelihood = -6266.58 -- 209.524 s
k == 17 -- Iteration = 11 -- log likelihood = -6266.57 -- 211.875 s
k == 17 -- Iteration = 12 -- log likelihood = -6266.56 -- 214.273 s
k == 17 -- Iteration = 13 -- log likelihood = -6266.55 -- 216.685 s
k == 17 -- Iteration = 14 -- log likelihood = -6266.55 -- 219.112 s
k == 17 -- Iteration = 15 -- log likelihood = -6266.55 -- 221.56 s
k == 17 -- Iteration = 16 -- log likelihood = -6266.54 -- 224.006 s
k == 17 -- Iteration = 17 -- log likelihood = -6266.54 -- 226.464 s
k == 17 -- Iteration = 18 -- log likelihood = -6266.54 -- 228.838 s
k == 17 -- Iteration = 19 -- log likelihood = -6266.54 -- 231.24 s
k == 17 -- Iteration = 20 -- log likelihood = -6266.54 -- 233.629 s
k == 17 -- Iteration = 21 -- log likelihood = -6266.54 -- 236.054 s
k == 17 -- Iteration = 22 -- log likelihood = -6266.54 -- 238.45 s
k == 17 -- Iteration = 23 -- log likelihood = -6266.54 -- 240.841 s
k == 17 -- Iteration = 24 -- log likelihood = -6266.54 -- 243.282 s
k == 17 -- Iteration = 25 -- log likelihood = -6266.54 -- 245.767 s
k == 17 -- Iteration = 26 -- log likelihood = -6266.54 -- 248.222 s
k == 17 -- Iteration = 27 -- log likelihood = -6266.54 -- 250.715 s
k == 17 -- Iteration = 28 -- log likelihood = -6266.54 -- 253.189 s
k == 17 -- Iteration = 29 -- log likelihood = -6266.54 -- 255.582 s
k == 17 -- Iteration = 30 -- log likelihood = -6266.54 -- 257.955 s
k == 17 -- Iteration = 31 -- log likelihood = -6266.54 -- 260.395 s
k == 17 -- Iteration = 32 -- log likelihood = -6266.54 -- 262.844 s
k == 17 -- Iteration = 33 -- log likelihood = -6266.54 -- 265.247 s
k == 17 -- Iteration = 34 -- log likelihood = -6266.54 -- 267.618 s
k == 17 -- Iteration = 35 -- log likelihood = -6266.54 -- 270.093 s

k = 17 -- Log likelihood -5446.93 -- BIC 11567.8
k == 18 -- Iteration = 0 -- log likelihood = -inf -- 185.168 s
k == 18 -- Iteration = 1 -- log likelihood = -inf -- 186.998 s
k == 18 -- Iteration = 0 -- log likelihood = -6524.25 -- 183.573 s
k == 18 -- Iteration = 1 -- log likelihood = -5173.96 -- 186.303 s
k == 18 -- Iteration = 2 -- log likelihood = -4928.97 -- 188.934 s
k == 18 -- Iteration = 3 -- log likelihood = -4900.08 -- 191.582 s
k == 18 -- Iteration = 4 -- log likelihood = -4851.04 -- 194.272 s
k == 18 -- Iteration = 5 -- log likelihood = -4850.81 -- 196.863 s
k == 18 -- Iteration = 6 -- log likelihood = -4850.74 -- 199.506 s
k == 18 -- Iteration = 7 -- log likelihood = -4850.7 -- 202.149 s
k == 18 -- Iteration = 8 -- log likelihood = -4850.68 -- 204.785 s
k == 18 -- Iteration = 9 -- log likelihood = -4850.67 -- 207.396 s
k == 18 -- Iteration = 10 -- log likelihood = -4850.67 -- 209.997 s
k == 18 -- Iteration = 11 -- log likelihood = -4850.66 -- 212.68 s
k == 18 -- Iteration = 12 -- log likelihood = -4850.66 -- 215.271 s
k == 18 -- Iteration = 13 -- log likelihood = -4850.66 -- 217.913 s
k == 18 -- Iteration = 14 -- log likelihood = -4850.66 -- 220.596 s
k == 18 -- Iteration = 15 -- log likelihood = -4850.66 -- 223.223 s
k == 18 -- Iteration = 16 -- log likelihood = -4850.66 -- 225.889 s
k == 18 -- Iteration = 17 -- log likelihood = -4850.66 -- 228.564 s
k == 18 -- Iteration = 18 -- log likelihood = -4850.66 -- 231.295 s
k == 18 -- Iteration = 19 -- log likelihood = -4850.66 -- 233.937 s
k == 18 -- Iteration = 20 -- log likelihood = -4850.66 -- 236.637 s
k == 18 -- Iteration = 21 -- log likelihood = -4850.66 -- 239.321 s
k == 18 -- Iteration = 22 -- log likelihood = -4850.66 -- 241.988 s
k == 18 -- Iteration = 23 -- log likelihood = -4850.66 -- 244.576 s
k == 18 -- Iteration = 24 -- log likelihood = -4850.66 -- 247.134 s

k == 18 -- Iteration = 0 -- log likelihood = -inf -- 191.931 s
k == 18 -- Iteration = 1 -- log likelihood = -inf -- 193.792 s
k == 18 -- Iteration = 0 -- log likelihood = -95521.1 -- 189.697 s
k == 18 -- Iteration = 1 -- log likelihood = -inf -- 191.812 s
k == 18 -- Iteration = 2 -- log likelihood = -inf -- 193.583 s
k == 18 -- Iteration = 0 -- log likelihood = -inf -- 189.254 s
k == 18 -- Iteration = 1 -- log likelihood = -inf -- 191.095 s
k == 18 -- Iteration = 0 -- log likelihood = -95521.1 -- 188.696 s
k == 18 -- Iteration = 1 -- log likelihood = -inf -- 190.747 s
k == 18 -- Iteration = 2 -- log likelihood = -inf -- 192.509 s
k == 18 -- Iteration = 0 -- log likelihood = -95521.1 -- 188.604 s
k == 18 -- Iteration = 1 -- log likelihood = -inf -- 190.701 s
k == 18 -- Iteration = 2 -- log likelihood = -inf -- 192.437 s
k == 18 -- Iteration = 0 -- log likelihood = -inf -- 190.748 s
k == 18 -- Iteration = 1 -- log likelihood = -inf -- 192.611 s
k == 18 -- Iteration = 0 -- log likelihood = -inf -- 185.584 s
k == 18 -- Iteration = 1 -- log likelihood = -inf -- 187.461 s
k == 18 -- Iteration = 0 -- log likelihood = -95521.1 -- 184.507 s
k == 18 -- Iteration = 1 -- log likelihood = -inf -- 186.653 s
k == 18 -- Iteration = 2 -- log likelihood = -inf -- 188.423 s
k = 18 -- Log likelihood -4850.66 -- BIC 10412.7
k == 19 -- Iteration = 0 -- log likelihood = -inf -- 185.798 s
k == 19 -- Iteration = 1 -- log likelihood = -inf -- 187.737 s
k == 19 -- Iteration = 0 -- log likelihood = -inf -- 183.731 s
k == 19 -- Iteration = 1 -- log likelihood = -inf -- 185.699 s
k == 19 -- Iteration = 0 -- log likelihood = -inf -- 192.894 s
k == 19 -- Iteration = 1 -- log likelihood = -inf -- 194.879 s
k == 19 -- Iteration = 0 -- log likelihood = -95530.4 -- 190.311 s
k == 19 -- Iteration = 1 -- log likelihood = -inf -- 192.544 s
k == 19 -- Iteration = 2 -- log likelihood = -inf -- 194.371 s
k == 19 -- Iteration = 0 -- log likelihood = -inf -- 190.489 s
k == 19 -- Iteration = 1 -- log likelihood = -inf -- 192.448 s
k == 19 -- Iteration = 0 -- log likelihood = -95530.4 -- 189.875 s
k == 19 -- Iteration = 1 -- log likelihood = -inf -- 192.037 s
k == 19 -- Iteration = 2 -- log likelihood = -inf -- 193.87 s
k == 19 -- Iteration = 0 -- log likelihood = -95530.4 -- 188.823 s
k == 19 -- Iteration = 1 -- log likelihood = -inf -- 190.998 s
k == 19 -- Iteration = 2 -- log likelihood = -inf -- 192.911 s
k == 19 -- Iteration = 0 -- log likelihood = -inf -- 191.909 s
k == 19 -- Iteration = 1 -- log likelihood = -inf -- 193.834 s
k == 19 -- Iteration = 0 -- log likelihood = -inf -- 185.935 s
k == 19 -- Iteration = 1 -- log likelihood = -inf -- 188.127 s
k == 19 -- Iteration = 0 -- log likelihood = -6581.16 -- 185.703 s
k == 19 -- Iteration = 1 -- log likelihood = -5584.82 -- 188.256 s
k == 19 -- Iteration = 2 -- log likelihood = -5108.05 -- 190.792 s
k == 19 -- Iteration = 3 -- log likelihood = -5043.14 -- 193.231 s
k == 19 -- Iteration = 4 -- log likelihood = -4989.85 -- 195.659 s
k == 19 -- Iteration = 5 -- log likelihood = -4947.37 -- 198.137 s
k == 19 -- Iteration = 6 -- log likelihood = -4929.73 -- 200.632 s
k == 19 -- Iteration = 7 -- log likelihood = -4925.12 -- 203.19 s
k == 19 -- Iteration = 8 -- log likelihood = -4925.04 -- 205.681 s
k == 19 -- Iteration = 9 -- log likelihood = -4925.03 -- 208.143 s
k == 19 -- Iteration = 10 -- log likelihood = -4925.03 -- 210.594 s
k == 19 -- Iteration = 11 -- log likelihood = -4925.03 -- 213.002 s
k == 19 -- Iteration = 12 -- log likelihood = -4925.03 -- 215.447 s

k = 19 -- Log likelihood -4925.03 -- BIC 10598.9
k == 20 -- Iteration = 0 -- log likelihood = -inf -- 185.799 s
k == 20 -- Iteration = 1 -- log likelihood = -inf -- 187.798 s
k == 20 -- Iteration = 0 -- log likelihood = -inf -- 183.682 s
k == 20 -- Iteration = 1 -- log likelihood = -inf -- 185.703 s
k == 20 -- Iteration = 0 -- log likelihood = -inf -- 193.068 s
k == 20 -- Iteration = 1 -- log likelihood = -inf -- 195.084 s
k == 20 -- Iteration = 0 -- log likelihood = -95539.3 -- 190.204 s
k == 20 -- Iteration = 1 -- log likelihood = -inf -- 192.408 s
k == 20 -- Iteration = 2 -- log likelihood = -inf -- 194.295 s
k == 20 -- Iteration = 0 -- log likelihood = -inf -- 190.172 s
k == 20 -- Iteration = 1 -- log likelihood = -inf -- 192.213 s
k == 20 -- Iteration = 0 -- log likelihood = -95539.3 -- 189.684 s
k == 20 -- Iteration = 1 -- log likelihood = -inf -- 191.918 s
k == 20 -- Iteration = 2 -- log likelihood = -inf -- 193.831 s
k == 20 -- Iteration = 0 -- log likelihood = -95539.3 -- 189.176 s
k == 20 -- Iteration = 1 -- log likelihood = -inf -- 191.394 s
k == 20 -- Iteration = 2 -- log likelihood = -inf -- 193.291 s
k == 20 -- Iteration = 0 -- log likelihood = -inf -- 191.618 s
k == 20 -- Iteration = 1 -- log likelihood = -inf -- 193.634 s
k == 20 -- Iteration = 0 -- log likelihood = -inf -- 187.323 s
k == 20 -- Iteration = 1 -- log likelihood = -inf -- 189.361 s
k == 20 -- Iteration = 0 -- log likelihood = -95539.3 -- 185.11 s
k == 20 -- Iteration = 1 -- log likelihood = -inf -- 187.32 s
k == 20 -- Iteration = 2 -- log likelihood = -inf -- 189.208 s
k = 20 -- Log likelihood -1.79769e+308 -- BIC inf
