#Observations: 12752
Minimum #clusters: 1
k == 1 -- Iteration = 0 -- log likelihood = -12852.7 -- 180.444 s
k == 1 -- Iteration = 1 -- log likelihood = -12977.5 -- 180.803 s
k == 1 -- Iteration = 2 -- log likelihood = -12977.5 -- 181.145 s

k == 1 -- Iteration = 0 -- log likelihood = -12917.6 -- 180.632 s
k == 1 -- Iteration = 1 -- log likelihood = -12977.5 -- 180.98 s
k == 1 -- Iteration = 2 -- log likelihood = -12977.5 -- 181.309 s

k == 1 -- Iteration = 0 -- log likelihood = -12903.6 -- 180.445 s
k == 1 -- Iteration = 1 -- log likelihood = -12977.5 -- 180.799 s
k == 1 -- Iteration = 2 -- log likelihood = -12977.5 -- 181.129 s

k == 1 -- Iteration = 0 -- log likelihood = -12921.1 -- 100.488 s
k == 1 -- Iteration = 1 -- log likelihood = -12977.5 -- 100.827 s
k == 1 -- Iteration = 2 -- log likelihood = -12977.5 -- 101.156 s

k == 1 -- Iteration = 0 -- log likelihood = -12977.5 -- 180.448 s
k == 1 -- Iteration = 1 -- log likelihood = -12977.5 -- 180.811 s

k == 1 -- Iteration = 0 -- log likelihood = -12977.5 -- 180.289 s
k == 1 -- Iteration = 1 -- log likelihood = -12977.5 -- 180.649 s

k == 1 -- Iteration = 0 -- log likelihood = -12921.1 -- 180.378 s
k == 1 -- Iteration = 1 -- log likelihood = -12977.5 -- 180.728 s
k == 1 -- Iteration = 2 -- log likelihood = -12977.5 -- 181.062 s

k == 1 -- Iteration = 0 -- log likelihood = -12921.1 -- 108.121 s
k == 1 -- Iteration = 1 -- log likelihood = -12977.5 -- 108.477 s
k == 1 -- Iteration = 2 -- log likelihood = -12977.5 -- 108.815 s

k == 1 -- Iteration = 0 -- log likelihood = -12917.6 -- 180.531 s
k == 1 -- Iteration = 1 -- log likelihood = -12977.5 -- 180.891 s
k == 1 -- Iteration = 2 -- log likelihood = -12977.5 -- 181.224 s

k == 1 -- Iteration = 0 -- log likelihood = -12807.5 -- 180.439 s
k == 1 -- Iteration = 1 -- log likelihood = -12977.5 -- 180.804 s
k == 1 -- Iteration = 2 -- log likelihood = -12977.5 -- 181.139 s

k == 1 -- Iteration = 0 -- log likelihood = -12917.6 -- 180.476 s
k == 1 -- Iteration = 1 -- log likelihood = -12977.5 -- 180.824 s
k == 1 -- Iteration = 2 -- log likelihood = -12977.5 -- 181.156 s

k = 1 -- Log likelihood -12977.5 -- BIC 26030.6
k == 2 -- Iteration = 0 -- log likelihood = -11930.9 -- 180.921 s
k == 2 -- Iteration = 1 -- log likelihood = -9983.28 -- 181.579 s
k == 2 -- Iteration = 2 -- log likelihood = -9784.26 -- 182.148 s
k == 2 -- Iteration = 3 -- log likelihood = -9783.31 -- 182.704 s
k == 2 -- Iteration = 4 -- log likelihood = -9783.31 -- 183.252 s
k == 2 -- Iteration = 5 -- log likelihood = -9783.31 -- 183.807 s
k == 2 -- Iteration = 6 -- log likelihood = -9783.31 -- 184.361 s

k == 2 -- Iteration = 0 -- log likelihood = -12302.5 -- 181.24 s
k == 2 -- Iteration = 1 -- log likelihood = -11447.3 -- 181.953 s
k == 2 -- Iteration = 2 -- log likelihood = -11321.2 -- 182.624 s
k == 2 -- Iteration = 3 -- log likelihood = -11320.8 -- 183.278 s
k == 2 -- Iteration = 4 -- log likelihood = -11320.8 -- 183.927 s
k == 2 -- Iteration = 5 -- log likelihood = -11320.8 -- 184.575 s

k == 2 -- Iteration = 0 -- log likelihood = -12363.3 -- 180.831 s
k == 2 -- Iteration = 1 -- log likelihood = -12166.5 -- 181.297 s
k == 2 -- Iteration = 2 -- log likelihood = -12161.3 -- 181.752 s
k == 2 -- Iteration = 3 -- log likelihood = -12142.1 -- 182.193 s
k == 2 -- Iteration = 4 -- log likelihood = -12138.8 -- 182.631 s
k == 2 -- Iteration = 5 -- log likelihood = -12138.8 -- 183.065 s
k == 2 -- Iteration = 6 -- log likelihood = -12138.8 -- 183.508 s
k == 2 -- Iteration = 7 -- log likelihood = -12138.8 -- 183.984 s

k == 2 -- Iteration = 0 -- log likelihood = -11462.9 -- 180.628 s
k == 2 -- Iteration = 1 -- log likelihood = -11228 -- 181.125 s
k == 2 -- Iteration = 2 -- log likelihood = -11227.4 -- 181.59 s
k == 2 -- Iteration = 3 -- log likelihood = -11227.4 -- 182.045 s
k == 2 -- Iteration = 4 -- log likelihood = -11227.4 -- 182.496 s

k == 2 -- Iteration = 0 -- log likelihood = -11376.1 -- 180.895 s
k == 2 -- Iteration = 1 -- log likelihood = -11151.9 -- 181.607 s
k == 2 -- Iteration = 2 -- log likelihood = -11151.4 -- 182.296 s
k == 2 -- Iteration = 3 -- log likelihood = -11151.4 -- 182.978 s
k == 2 -- Iteration = 4 -- log likelihood = -11151.4 -- 183.662 s
k == 2 -- Iteration = 5 -- log likelihood = -11151.4 -- 184.354 s

k == 2 -- Iteration = 0 -- log likelihood = -14927 -- 180.561 s
k == 2 -- Iteration = 1 -- log likelihood = -13980.1 -- 181.18 s
k == 2 -- Iteration = 2 -- log likelihood = -13980.1 -- 181.755 s
k == 2 -- Iteration = 3 -- log likelihood = -13980.1 -- 182.339 s

k == 2 -- Iteration = 0 -- log likelihood = -12674.4 -- 180.767 s
k == 2 -- Iteration = 1 -- log likelihood = -11807.1 -- 181.519 s
k == 2 -- Iteration = 2 -- log likelihood = -11616 -- 182.252 s
k == 2 -- Iteration = 3 -- log likelihood = -11542.4 -- 182.976 s
k == 2 -- Iteration = 4 -- log likelihood = -11540.6 -- 183.638 s
k == 2 -- Iteration = 5 -- log likelihood = -11540.6 -- 184.301 s
k == 2 -- Iteration = 6 -- log likelihood = -11540.6 -- 184.966 s
k == 2 -- Iteration = 7 -- log likelihood = -11540.6 -- 185.632 s

k == 2 -- Iteration = 0 -- log likelihood = -12396.1 -- 180.777 s
k == 2 -- Iteration = 1 -- log likelihood = -12198.5 -- 181.255 s
k == 2 -- Iteration = 2 -- log likelihood = -12191.3 -- 181.717 s
k == 2 -- Iteration = 3 -- log likelihood = -12191.3 -- 182.163 s
k == 2 -- Iteration = 4 -- log likelihood = -12191.3 -- 182.618 s

k == 2 -- Iteration = 0 -- log likelihood = -9872.99 -- 181.077 s
k == 2 -- Iteration = 1 -- log likelihood = -9783.51 -- 181.653 s
k == 2 -- Iteration = 2 -- log likelihood = -9783.31 -- 182.213 s
k == 2 -- Iteration = 3 -- log likelihood = -9783.31 -- 182.751 s
k == 2 -- Iteration = 4 -- log likelihood = -9783.31 -- 183.301 s

k == 2 -- Iteration = 0 -- log likelihood = -10704.9 -- 180.789 s
k == 2 -- Iteration = 1 -- log likelihood = -8840.37 -- 181.348 s
k == 2 -- Iteration = 2 -- log likelihood = -8734.47 -- 181.883 s
k == 2 -- Iteration = 3 -- log likelihood = -8734.46 -- 182.392 s
k == 2 -- Iteration = 4 -- log likelihood = -8734.46 -- 182.903 s
k == 2 -- Iteration = 5 -- log likelihood = -8734.46 -- 183.42 s

k = 2 -- Log likelihood -8734.46 -- BIC 17582.4
k == 3 -- Iteration = 0 -- log likelihood = -10877.1 -- 181.298 s
k == 3 -- Iteration = 1 -- log likelihood = -10467.3 -- 182.106 s
k == 3 -- Iteration = 2 -- log likelihood = -10414.7 -- 182.879 s
k == 3 -- Iteration = 3 -- log likelihood = -10414.6 -- 183.637 s
k == 3 -- Iteration = 4 -- log likelihood = -10414.6 -- 184.393 s
k == 3 -- Iteration = 5 -- log likelihood = -10414.6 -- 185.154 s
k == 3 -- Iteration = 6 -- log likelihood = -10414.6 -- 185.935 s
k == 3 -- Iteration = 7 -- log likelihood = -10414.6 -- 186.695 s

k == 3 -- Iteration = 0 -- log likelihood = -10667.7 -- 181.991 s
k == 3 -- Iteration = 1 -- log likelihood = -10476.6 -- 182.825 s
k == 3 -- Iteration = 2 -- log likelihood = -10215 -- 183.643 s
k == 3 -- Iteration = 3 -- log likelihood = -10103.7 -- 184.445 s
k == 3 -- Iteration = 4 -- log likelihood = -10103.6 -- 185.214 s
k == 3 -- Iteration = 5 -- log likelihood = -10103.6 -- 186.005 s
k == 3 -- Iteration = 6 -- log likelihood = -10103.6 -- 186.795 s
k == 3 -- Iteration = 7 -- log likelihood = -10103.6 -- 187.589 s
k == 3 -- Iteration = 8 -- log likelihood = -10103.6 -- 188.377 s

k == 3 -- Iteration = 0 -- log likelihood = -12211.3 -- 181.276 s
k == 3 -- Iteration = 1 -- log likelihood = -11310.2 -- 181.954 s
k == 3 -- Iteration = 2 -- log likelihood = -11297.4 -- 182.676 s
k == 3 -- Iteration = 3 -- log likelihood = -11297 -- 183.392 s
k == 3 -- Iteration = 4 -- log likelihood = -11297 -- 184.097 s
k == 3 -- Iteration = 5 -- log likelihood = -11297 -- 184.802 s
k == 3 -- Iteration = 6 -- log likelihood = -11297 -- 185.514 s
k == 3 -- Iteration = 7 -- log likelihood = -11297 -- 186.217 s

k == 3 -- Iteration = 0 -- log likelihood = -12573.5 -- 181.022 s
k == 3 -- Iteration = 1 -- log likelihood = -10558.2 -- 182.189 s
k == 3 -- Iteration = 2 -- log likelihood = -10418.2 -- 183.238 s
k == 3 -- Iteration = 3 -- log likelihood = -10293.1 -- 184.273 s
k == 3 -- Iteration = 4 -- log likelihood = -10107 -- 185.394 s
k == 3 -- Iteration = 5 -- log likelihood = -10107 -- 186.479 s
k == 3 -- Iteration = 6 -- log likelihood = -10107 -- 187.53 s
k == 3 -- Iteration = 7 -- log likelihood = -10107 -- 188.574 s
k == 3 -- Iteration = 8 -- log likelihood = -10107 -- 189.611 s

k == 3 -- Iteration = 0 -- log likelihood = -11489.2 -- 181.232 s
k == 3 -- Iteration = 1 -- log likelihood = -10587.2 -- 182.006 s
k == 3 -- Iteration = 2 -- log likelihood = -10399.4 -- 182.797 s
k == 3 -- Iteration = 3 -- log likelihood = -10398.7 -- 183.577 s
k == 3 -- Iteration = 4 -- log likelihood = -10398.7 -- 184.319 s
k == 3 -- Iteration = 5 -- log likelihood = -10398.7 -- 185.061 s
k == 3 -- Iteration = 6 -- log likelihood = -10398.7 -- 185.805 s

k == 3 -- Iteration = 0 -- log likelihood = -12068.5 -- 180.843 s
k == 3 -- Iteration = 1 -- log likelihood = -11902.7 -- 181.763 s
k == 3 -- Iteration = 2 -- log likelihood = -11886.9 -- 182.609 s
k == 3 -- Iteration = 3 -- log likelihood = -11866.2 -- 183.426 s
k == 3 -- Iteration = 4 -- log likelihood = -11862.7 -- 184.263 s
k == 3 -- Iteration = 5 -- log likelihood = -11862.7 -- 185.091 s
k == 3 -- Iteration = 6 -- log likelihood = -11862.6 -- 185.897 s
k == 3 -- Iteration = 7 -- log likelihood = -11862.6 -- 186.733 s
k == 3 -- Iteration = 8 -- log likelihood = -11862.6 -- 187.551 s
k == 3 -- Iteration = 9 -- log likelihood = -11862.6 -- 188.36 s
k == 3 -- Iteration = 10 -- log likelihood = -11862.6 -- 189.178 s
k == 3 -- Iteration = 11 -- log likelihood = -11862.6 -- 189.964 s

k == 3 -- Iteration = 0 -- log likelihood = -10479 -- 181.027 s
k == 3 -- Iteration = 1 -- log likelihood = -8555.53 -- 181.956 s
k == 3 -- Iteration = 2 -- log likelihood = -8552.77 -- 182.862 s
k == 3 -- Iteration = 3 -- log likelihood = -8552.76 -- 183.751 s
k == 3 -- Iteration = 4 -- log likelihood = -8552.76 -- 184.683 s
k == 3 -- Iteration = 5 -- log likelihood = -8552.76 -- 185.602 s
k == 3 -- Iteration = 6 -- log likelihood = -8552.76 -- 186.523 s
k == 3 -- Iteration = 7 -- log likelihood = -8552.76 -- 187.458 s

k == 3 -- Iteration = 0 -- log likelihood = -11457.5 -- 181.112 s
k == 3 -- Iteration = 1 -- log likelihood = -9603.43 -- 181.867 s
k == 3 -- Iteration = 2 -- log likelihood = -9391.11 -- 182.602 s
k == 3 -- Iteration = 3 -- log likelihood = -9338.92 -- 183.315 s
k == 3 -- Iteration = 4 -- log likelihood = -9338.71 -- 183.979 s
k == 3 -- Iteration = 5 -- log likelihood = -9338.71 -- 184.689 s
k == 3 -- Iteration = 6 -- log likelihood = -9338.71 -- 185.429 s

k == 3 -- Iteration = 0 -- log likelihood = -9973.12 -- 181.49 s
k == 3 -- Iteration = 1 -- log likelihood = -9783.58 -- 182.38 s
k == 3 -- Iteration = 2 -- log likelihood = -9783.31 -- 183.252 s
k == 3 -- Iteration = 3 -- log likelihood = -9783.31 -- 184.09 s
k == 3 -- Iteration = 4 -- log likelihood = -9783.31 -- 184.936 s

k == 3 -- Iteration = 0 -- log likelihood = -10991.6 -- 181.327 s
k == 3 -- Iteration = 1 -- log likelihood = -10643.5 -- 182.041 s
k == 3 -- Iteration = 2 -- log likelihood = -10642.9 -- 182.729 s
k == 3 -- Iteration = 3 -- log likelihood = -10642.9 -- 183.399 s
k == 3 -- Iteration = 4 -- log likelihood = -10642.9 -- 184.076 s
k == 3 -- Iteration = 5 -- log likelihood = -10642.9 -- 184.761 s
k == 3 -- Iteration = 6 -- log likelihood = -10642.9 -- 185.442 s

k = 3 -- Log likelihood -8552.76 -- BIC 17256.8
k == 4 -- Iteration = 0 -- log likelihood = -11219.5 -- 181.726 s
k == 4 -- Iteration = 1 -- log likelihood = -9796.92 -- 182.804 s
k == 4 -- Iteration = 2 -- log likelihood = -9598.01 -- 183.79 s
k == 4 -- Iteration = 3 -- log likelihood = -9597.19 -- 184.727 s
k == 4 -- Iteration = 4 -- log likelihood = -9597.18 -- 185.67 s
k == 4 -- Iteration = 5 -- log likelihood = -9597.18 -- 186.611 s
k == 4 -- Iteration = 6 -- log likelihood = -9597.18 -- 187.554 s
k == 4 -- Iteration = 7 -- log likelihood = -9597.18 -- 188.48 s
k == 4 -- Iteration = 8 -- log likelihood = -9597.18 -- 189.409 s

k == 4 -- Iteration = 0 -- log likelihood = -10458.3 -- 182.489 s
k == 4 -- Iteration = 1 -- log likelihood = -9343.36 -- 183.574 s
k == 4 -- Iteration = 2 -- log likelihood = -9225.87 -- 184.679 s
k == 4 -- Iteration = 3 -- log likelihood = -9225.79 -- 185.72 s
k == 4 -- Iteration = 4 -- log likelihood = -9225.79 -- 186.768 s
k == 4 -- Iteration = 5 -- log likelihood = -9225.79 -- 187.873 s
k == 4 -- Iteration = 6 -- log likelihood = -9225.79 -- 188.958 s
k == 4 -- Iteration = 7 -- log likelihood = -9225.79 -- 190.05 s

k == 4 -- Iteration = 0 -- log likelihood = -11776.5 -- 181.816 s
k == 4 -- Iteration = 1 -- log likelihood = -10605.1 -- 182.958 s
k == 4 -- Iteration = 2 -- log likelihood = -10517.3 -- 183.992 s
k == 4 -- Iteration = 3 -- log likelihood = -10515.8 -- 184.98 s
k == 4 -- Iteration = 4 -- log likelihood = -10515.8 -- 185.951 s
k == 4 -- Iteration = 5 -- log likelihood = -10515.8 -- 186.92 s
k == 4 -- Iteration = 6 -- log likelihood = -10515.8 -- 187.897 s
k == 4 -- Iteration = 7 -- log likelihood = -10515.8 -- 188.888 s
k == 4 -- Iteration = 8 -- log likelihood = -10515.8 -- 189.863 s

k == 4 -- Iteration = 0 -- log likelihood = -10156 -- 181.268 s
k == 4 -- Iteration = 1 -- log likelihood = -9931.74 -- 182.627 s
k == 4 -- Iteration = 2 -- log likelihood = -9617.29 -- 183.909 s
k == 4 -- Iteration = 3 -- log likelihood = -9496.2 -- 185.13 s
k == 4 -- Iteration = 4 -- log likelihood = -9496.08 -- 186.298 s
k == 4 -- Iteration = 5 -- log likelihood = -9496.08 -- 187.491 s
k == 4 -- Iteration = 6 -- log likelihood = -9496.08 -- 188.729 s
k == 4 -- Iteration = 7 -- log likelihood = -9496.08 -- 189.891 s

k == 4 -- Iteration = 0 -- log likelihood = -10858.8 -- 181.636 s
k == 4 -- Iteration = 1 -- log likelihood = -10866 -- 182.505 s
k == 4 -- Iteration = 2 -- log likelihood = -10738.7 -- 183.395 s
k == 4 -- Iteration = 3 -- log likelihood = -10545.2 -- 184.245 s
k == 4 -- Iteration = 4 -- log likelihood = -10467.6 -- 185.109 s
k == 4 -- Iteration = 5 -- log likelihood = -10467.1 -- 185.972 s
k == 4 -- Iteration = 6 -- log likelihood = -10467.1 -- 186.828 s
k == 4 -- Iteration = 7 -- log likelihood = -10467.1 -- 187.692 s
k == 4 -- Iteration = 8 -- log likelihood = -10467.1 -- 188.6 s
k == 4 -- Iteration = 9 -- log likelihood = -10467.1 -- 189.462 s
k == 4 -- Iteration = 10 -- log likelihood = -10467.1 -- 190.354 s

k == 4 -- Iteration = 0 -- log likelihood = -8147.93 -- 181.166 s
k == 4 -- Iteration = 1 -- log likelihood = -7611.46 -- 181.955 s
k == 4 -- Iteration = 2 -- log likelihood = -7474.09 -- 182.723 s
k == 4 -- Iteration = 3 -- log likelihood = -7473.98 -- 183.467 s
k == 4 -- Iteration = 4 -- log likelihood = -7473.98 -- 184.206 s
k == 4 -- Iteration = 5 -- log likelihood = -7473.98 -- 184.945 s

k == 4 -- Iteration = 0 -- log likelihood = -9694.34 -- 181.405 s
k == 4 -- Iteration = 1 -- log likelihood = -8487.04 -- 182.395 s
k == 4 -- Iteration = 2 -- log likelihood = -8301.08 -- 183.333 s
k == 4 -- Iteration = 3 -- log likelihood = -8300.56 -- 184.228 s
k == 4 -- Iteration = 4 -- log likelihood = -8300.56 -- 185.141 s
k == 4 -- Iteration = 5 -- log likelihood = -8300.56 -- 186.053 s
k == 4 -- Iteration = 6 -- log likelihood = -8300.56 -- 187.008 s

k == 4 -- Iteration = 0 -- log likelihood = -12301.3 -- 181.582 s
k == 4 -- Iteration = 1 -- log likelihood = -12198.5 -- 182.754 s
k == 4 -- Iteration = 2 -- log likelihood = -12191.3 -- 183.845 s
k == 4 -- Iteration = 3 -- log likelihood = -12191.3 -- 184.908 s
k == 4 -- Iteration = 4 -- log likelihood = -12191.3 -- 185.984 s

k == 4 -- Iteration = 0 -- log likelihood = -9136.37 -- 182 s
k == 4 -- Iteration = 1 -- log likelihood = -7926.78 -- 183.001 s
k == 4 -- Iteration = 2 -- log likelihood = -7832.12 -- 183.936 s
k == 4 -- Iteration = 3 -- log likelihood = -7832.02 -- 184.845 s
k == 4 -- Iteration = 4 -- log likelihood = -7832.01 -- 185.76 s
k == 4 -- Iteration = 5 -- log likelihood = -7832.01 -- 186.674 s
k == 4 -- Iteration = 6 -- log likelihood = -7832.01 -- 187.592 s
k == 4 -- Iteration = 7 -- log likelihood = -7832.01 -- 188.507 s

k == 4 -- Iteration = 0 -- log likelihood = -9822.71 -- 181.709 s
k == 4 -- Iteration = 1 -- log likelihood = -8819.09 -- 182.695 s
k == 4 -- Iteration = 2 -- log likelihood = -8784.22 -- 183.666 s
k == 4 -- Iteration = 3 -- log likelihood = -8782.69 -- 184.64 s
k == 4 -- Iteration = 4 -- log likelihood = -8782.61 -- 185.594 s
k == 4 -- Iteration = 5 -- log likelihood = -8782.61 -- 186.542 s
k == 4 -- Iteration = 6 -- log likelihood = -8782.61 -- 187.489 s
k == 4 -- Iteration = 7 -- log likelihood = -8782.61 -- 188.454 s
k == 4 -- Iteration = 8 -- log likelihood = -8782.61 -- 189.411 s

k = 4 -- Log likelihood -7473.98 -- BIC 15137
k == 5 -- Iteration = 0 -- log likelihood = -11613 -- 182.192 s
k == 5 -- Iteration = 1 -- log likelihood = -10167.8 -- 183.588 s
k == 5 -- Iteration = 2 -- log likelihood = -9985.46 -- 184.901 s
k == 5 -- Iteration = 3 -- log likelihood = -9846.75 -- 186.177 s
k == 5 -- Iteration = 4 -- log likelihood = -9843.68 -- 187.417 s
k == 5 -- Iteration = 5 -- log likelihood = -9843.67 -- 188.718 s
k == 5 -- Iteration = 6 -- log likelihood = -9843.67 -- 189.955 s
k == 5 -- Iteration = 7 -- log likelihood = -9843.67 -- 191.204 s
k == 5 -- Iteration = 8 -- log likelihood = -9843.67 -- 192.447 s

k == 5 -- Iteration = 0 -- log likelihood = -8973.78 -- 183.079 s
k == 5 -- Iteration = 1 -- log likelihood = -8503.05 -- 184.284 s
k == 5 -- Iteration = 2 -- log likelihood = -8447.02 -- 185.456 s
k == 5 -- Iteration = 3 -- log likelihood = -8446.66 -- 186.614 s
k == 5 -- Iteration = 4 -- log likelihood = -8446.63 -- 187.739 s
k == 5 -- Iteration = 5 -- log likelihood = -8446.63 -- 188.857 s
k == 5 -- Iteration = 6 -- log likelihood = -8446.63 -- 189.988 s
k == 5 -- Iteration = 7 -- log likelihood = -8446.63 -- 191.131 s
k == 5 -- Iteration = 8 -- log likelihood = -8446.63 -- 192.264 s
k == 5 -- Iteration = 9 -- log likelihood = -8446.63 -- 193.396 s

k == 5 -- Iteration = 0 -- log likelihood = -10448.1 -- 182.525 s
k == 5 -- Iteration = 1 -- log likelihood = -8619.72 -- 183.917 s
k == 5 -- Iteration = 2 -- log likelihood = -8429.08 -- 185.152 s
k == 5 -- Iteration = 3 -- log likelihood = -8428.39 -- 186.42 s
k == 5 -- Iteration = 4 -- log likelihood = -8428.38 -- 187.621 s
k == 5 -- Iteration = 5 -- log likelihood = -8428.38 -- 188.815 s
k == 5 -- Iteration = 6 -- log likelihood = -8428.38 -- 190.02 s
k == 5 -- Iteration = 7 -- log likelihood = -8428.38 -- 191.238 s
k == 5 -- Iteration = 8 -- log likelihood = -8428.38 -- 192.464 s

k == 5 -- Iteration = 0 -- log likelihood = -9227.36 -- 181.681 s
k == 5 -- Iteration = 1 -- log likelihood = -8858.48 -- 183.12 s
k == 5 -- Iteration = 2 -- log likelihood = -8853.7 -- 184.496 s
k == 5 -- Iteration = 3 -- log likelihood = -8852.86 -- 185.911 s
k == 5 -- Iteration = 4 -- log likelihood = -8852.7 -- 187.266 s
k == 5 -- Iteration = 5 -- log likelihood = -8852.67 -- 188.626 s
k == 5 -- Iteration = 6 -- log likelihood = -8852.67 -- 189.949 s
k == 5 -- Iteration = 7 -- log likelihood = -8852.67 -- 191.298 s
k == 5 -- Iteration = 8 -- log likelihood = -8852.67 -- 192.622 s
k == 5 -- Iteration = 9 -- log likelihood = -8852.67 -- 193.969 s
k == 5 -- Iteration = 10 -- log likelihood = -8852.67 -- 195.264 s
k == 5 -- Iteration = 11 -- log likelihood = -8852.67 -- 196.579 s
k == 5 -- Iteration = 12 -- log likelihood = -8852.67 -- 197.87 s

k == 5 -- Iteration = 0 -- log likelihood = -10078 -- 182.059 s
k == 5 -- Iteration = 1 -- log likelihood = -9571.17 -- 183.3 s
k == 5 -- Iteration = 2 -- log likelihood = -9411.32 -- 184.537 s
k == 5 -- Iteration = 3 -- log likelihood = -9336.25 -- 185.773 s
k == 5 -- Iteration = 4 -- log likelihood = -9331 -- 186.969 s
k == 5 -- Iteration = 5 -- log likelihood = -9330.98 -- 188.209 s
k == 5 -- Iteration = 6 -- log likelihood = -9330.98 -- 189.383 s
k == 5 -- Iteration = 7 -- log likelihood = -9330.98 -- 190.576 s
k == 5 -- Iteration = 8 -- log likelihood = -9330.98 -- 191.806 s
k == 5 -- Iteration = 9 -- log likelihood = -9330.98 -- 193.023 s
k == 5 -- Iteration = 10 -- log likelihood = -9330.98 -- 194.225 s

k == 5 -- Iteration = 0 -- log likelihood = -9212.19 -- 181.638 s
k == 5 -- Iteration = 1 -- log likelihood = -8952.66 -- 182.643 s
k == 5 -- Iteration = 2 -- log likelihood = -8883.56 -- 183.665 s
k == 5 -- Iteration = 3 -- log likelihood = -8833.53 -- 184.656 s
k == 5 -- Iteration = 4 -- log likelihood = -8833.51 -- 185.607 s
k == 5 -- Iteration = 5 -- log likelihood = -8833.5 -- 186.604 s
k == 5 -- Iteration = 6 -- log likelihood = -8833.5 -- 187.592 s
k == 5 -- Iteration = 7 -- log likelihood = -8833.5 -- 188.576 s
k == 5 -- Iteration = 8 -- log likelihood = -8833.5 -- 189.552 s

k == 5 -- Iteration = 0 -- log likelihood = -9784.36 -- 181.865 s
k == 5 -- Iteration = 1 -- log likelihood = -9421.4 -- 182.701 s
k == 5 -- Iteration = 2 -- log likelihood = -9404.8 -- 183.555 s
k == 5 -- Iteration = 3 -- log likelihood = -9404.8 -- 184.366 s
k == 5 -- Iteration = 4 -- log likelihood = -9404.8 -- 185.173 s

k == 5 -- Iteration = 0 -- log likelihood = -9834.1 -- 181.983 s
k == 5 -- Iteration = 1 -- log likelihood = -8921.24 -- 182.812 s
k == 5 -- Iteration = 2 -- log likelihood = -8670.02 -- 183.642 s
k == 5 -- Iteration = 3 -- log likelihood = -8667.47 -- 184.426 s
k == 5 -- Iteration = 4 -- log likelihood = -8667.47 -- 185.204 s
k == 5 -- Iteration = 5 -- log likelihood = -8667.47 -- 185.978 s
k == 5 -- Iteration = 6 -- log likelihood = -8667.47 -- 186.794 s

k == 5 -- Iteration = 0 -- log likelihood = -8636.07 -- 182.449 s
k == 5 -- Iteration = 1 -- log likelihood = -7805.49 -- 183.648 s
k == 5 -- Iteration = 2 -- log likelihood = -7684.43 -- 184.839 s
k == 5 -- Iteration = 3 -- log likelihood = -7682.51 -- 185.978 s
k == 5 -- Iteration = 4 -- log likelihood = -7682.09 -- 187.112 s
k == 5 -- Iteration = 5 -- log likelihood = -7681.98 -- 188.222 s
k == 5 -- Iteration = 6 -- log likelihood = -7681.95 -- 189.35 s
k == 5 -- Iteration = 7 -- log likelihood = -7681.94 -- 190.466 s
k == 5 -- Iteration = 8 -- log likelihood = -7681.94 -- 191.57 s
k == 5 -- Iteration = 9 -- log likelihood = -7681.94 -- 192.693 s
k == 5 -- Iteration = 10 -- log likelihood = -7681.94 -- 193.818 s
k == 5 -- Iteration = 11 -- log likelihood = -7681.94 -- 194.937 s
k == 5 -- Iteration = 12 -- log likelihood = -7681.94 -- 196.074 s
k == 5 -- Iteration = 13 -- log likelihood = -7681.94 -- 197.216 s

k == 5 -- Iteration = 0 -- log likelihood = -10570.5 -- 182.022 s
k == 5 -- Iteration = 1 -- log likelihood = -9887.8 -- 183.193 s
k == 5 -- Iteration = 2 -- log likelihood = -9656.47 -- 184.367 s
k == 5 -- Iteration = 3 -- log likelihood = -9616.65 -- 185.499 s
k == 5 -- Iteration = 4 -- log likelihood = -9616.44 -- 186.622 s
k == 5 -- Iteration = 5 -- log likelihood = -9616.43 -- 187.752 s
k == 5 -- Iteration = 6 -- log likelihood = -9616.43 -- 188.911 s
k == 5 -- Iteration = 7 -- log likelihood = -9616.43 -- 190.058 s
k == 5 -- Iteration = 8 -- log likelihood = -9616.43 -- 191.205 s
k == 5 -- Iteration = 9 -- log likelihood = -9616.43 -- 192.347 s

k = 5 -- Log likelihood -7681.94 -- BIC 15590.8
k == 6 -- Iteration = 0 -- log likelihood = -10378 -- 182.589 s
k == 6 -- Iteration = 1 -- log likelihood = -9362.93 -- 184.149 s
k == 6 -- Iteration = 2 -- log likelihood = -8989.97 -- 185.569 s
k == 6 -- Iteration = 3 -- log likelihood = -8987.75 -- 186.909 s
k == 6 -- Iteration = 4 -- log likelihood = -8987.71 -- 188.239 s
k == 6 -- Iteration = 5 -- log likelihood = -8987.71 -- 189.562 s
k == 6 -- Iteration = 6 -- log likelihood = -8987.71 -- 190.942 s
k == 6 -- Iteration = 7 -- log likelihood = -8987.71 -- 192.299 s
k == 6 -- Iteration = 8 -- log likelihood = -8987.71 -- 193.659 s
k == 6 -- Iteration = 9 -- log likelihood = -8987.71 -- 195.034 s

k == 6 -- Iteration = 0 -- log likelihood = -12001.1 -- 183.917 s
k == 6 -- Iteration = 1 -- log likelihood = -10702.7 -- 185.926 s
k == 6 -- Iteration = 2 -- log likelihood = -10564.1 -- 187.767 s
k == 6 -- Iteration = 3 -- log likelihood = -10563.2 -- 189.589 s
k == 6 -- Iteration = 4 -- log likelihood = -10563.1 -- 191.333 s
k == 6 -- Iteration = 5 -- log likelihood = -10563.1 -- 193.048 s
k == 6 -- Iteration = 6 -- log likelihood = -10563.1 -- 194.814 s
k == 6 -- Iteration = 7 -- log likelihood = -10563.1 -- 196.538 s
k == 6 -- Iteration = 8 -- log likelihood = -10563.1 -- 198.249 s
k == 6 -- Iteration = 9 -- log likelihood = -10563.1 -- 200.032 s

k == 6 -- Iteration = 0 -- log likelihood = -10146.7 -- 182.629 s
k == 6 -- Iteration = 1 -- log likelihood = -7894.48 -- 184.351 s
k == 6 -- Iteration = 2 -- log likelihood = -7702.34 -- 185.963 s
k == 6 -- Iteration = 3 -- log likelihood = -7674.6 -- 187.572 s
k == 6 -- Iteration = 4 -- log likelihood = -7674.47 -- 189.133 s
k == 6 -- Iteration = 5 -- log likelihood = -7674.47 -- 190.716 s
k == 6 -- Iteration = 6 -- log likelihood = -7674.47 -- 192.325 s
k == 6 -- Iteration = 7 -- log likelihood = -7674.47 -- 193.931 s
k == 6 -- Iteration = 8 -- log likelihood = -7674.47 -- 195.5 s
k == 6 -- Iteration = 9 -- log likelihood = -7674.47 -- 197.084 s

k == 6 -- Iteration = 0 -- log likelihood = -10673.8 -- 182.119 s
k == 6 -- Iteration = 1 -- log likelihood = -9894.92 -- 183.994 s
k == 6 -- Iteration = 2 -- log likelihood = -9683.98 -- 185.714 s
k == 6 -- Iteration = 3 -- log likelihood = -9600.22 -- 187.376 s
k == 6 -- Iteration = 4 -- log likelihood = -9596.7 -- 189.025 s
k == 6 -- Iteration = 5 -- log likelihood = -9596.51 -- 190.66 s
k == 6 -- Iteration = 6 -- log likelihood = -9596.49 -- 192.323 s
k == 6 -- Iteration = 7 -- log likelihood = -9596.49 -- 193.914 s
k == 6 -- Iteration = 8 -- log likelihood = -9596.49 -- 195.529 s
k == 6 -- Iteration = 9 -- log likelihood = -9596.49 -- 197.147 s
k == 6 -- Iteration = 10 -- log likelihood = -9596.49 -- 198.84 s

k == 6 -- Iteration = 0 -- log likelihood = -10640.9 -- 182.676 s
k == 6 -- Iteration = 1 -- log likelihood = -9857.11 -- 184.388 s
k == 6 -- Iteration = 2 -- log likelihood = -9638.78 -- 186.016 s
k == 6 -- Iteration = 3 -- log likelihood = -9418.26 -- 187.592 s
k == 6 -- Iteration = 4 -- log likelihood = -9414.89 -- 189.083 s
k == 6 -- Iteration = 5 -- log likelihood = -9414.81 -- 190.576 s
k == 6 -- Iteration = 6 -- log likelihood = -9414.81 -- 192.087 s
k == 6 -- Iteration = 7 -- log likelihood = -9414.81 -- 193.614 s
k == 6 -- Iteration = 8 -- log likelihood = -9414.81 -- 195.173 s
k == 6 -- Iteration = 9 -- log likelihood = -9414.81 -- 196.693 s
k == 6 -- Iteration = 10 -- log likelihood = -9414.81 -- 198.197 s

k == 6 -- Iteration = 0 -- log likelihood = -8727.12 -- 181.692 s
k == 6 -- Iteration = 1 -- log likelihood = -8250.95 -- 183.078 s
k == 6 -- Iteration = 2 -- log likelihood = -8210.35 -- 184.354 s
k == 6 -- Iteration = 3 -- log likelihood = -8037.3 -- 185.588 s
k == 6 -- Iteration = 4 -- log likelihood = -8015.89 -- 186.839 s
k == 6 -- Iteration = 5 -- log likelihood = -8015.44 -- 188.101 s
k == 6 -- Iteration = 6 -- log likelihood = -8015.42 -- 189.415 s
k == 6 -- Iteration = 7 -- log likelihood = -8015.42 -- 190.776 s
k == 6 -- Iteration = 8 -- log likelihood = -8015.42 -- 192.047 s
k == 6 -- Iteration = 9 -- log likelihood = -8015.42 -- 193.294 s
k == 6 -- Iteration = 10 -- log likelihood = -8015.42 -- 194.555 s

k == 6 -- Iteration = 0 -- log likelihood = -9436.59 -- 182.155 s
k == 6 -- Iteration = 1 -- log likelihood = -9292.34 -- 183.501 s
k == 6 -- Iteration = 2 -- log likelihood = -9292.34 -- 184.834 s
k == 6 -- Iteration = 3 -- log likelihood = -9292.34 -- 186.132 s
k == 6 -- Iteration = 4 -- log likelihood = -9292.34 -- 187.415 s

k == 6 -- Iteration = 0 -- log likelihood = -10210 -- 182.452 s
k == 6 -- Iteration = 1 -- log likelihood = -9364.7 -- 183.854 s
k == 6 -- Iteration = 2 -- log likelihood = -9246.69 -- 185.221 s
k == 6 -- Iteration = 3 -- log likelihood = -9200.83 -- 186.509 s
k == 6 -- Iteration = 4 -- log likelihood = -9193.98 -- 187.752 s
k == 6 -- Iteration = 5 -- log likelihood = -9193.97 -- 188.989 s
k == 6 -- Iteration = 6 -- log likelihood = -9193.97 -- 190.215 s
k == 6 -- Iteration = 7 -- log likelihood = -9193.97 -- 191.447 s
k == 6 -- Iteration = 8 -- log likelihood = -9193.97 -- 192.683 s
k == 6 -- Iteration = 9 -- log likelihood = -9193.97 -- 193.928 s
k == 6 -- Iteration = 10 -- log likelihood = -9193.97 -- 195.166 s

k == 6 -- Iteration = 0 -- log likelihood = -10338.2 -- 182.929 s
k == 6 -- Iteration = 1 -- log likelihood = -9291.06 -- 184.435 s
k == 6 -- Iteration = 2 -- log likelihood = -9041.16 -- 185.797 s
k == 6 -- Iteration = 3 -- log likelihood = -8836.27 -- 187.057 s
k == 6 -- Iteration = 4 -- log likelihood = -8833.1 -- 188.309 s
k == 6 -- Iteration = 5 -- log likelihood = -8833.08 -- 189.581 s
k == 6 -- Iteration = 6 -- log likelihood = -8833.08 -- 190.897 s
k == 6 -- Iteration = 7 -- log likelihood = -8833.08 -- 192.188 s
k == 6 -- Iteration = 8 -- log likelihood = -8833.08 -- 193.471 s

k == 6 -- Iteration = 0 -- log likelihood = -10066.8 -- 182.536 s
k == 6 -- Iteration = 1 -- log likelihood = -8440.07 -- 184.213 s
k == 6 -- Iteration = 2 -- log likelihood = -8280.16 -- 186.026 s
k == 6 -- Iteration = 3 -- log likelihood = -8268.13 -- 187.62 s
k == 6 -- Iteration = 4 -- log likelihood = -8261.06 -- 189.212 s
k == 6 -- Iteration = 5 -- log likelihood = -8260.91 -- 190.759 s
k == 6 -- Iteration = 6 -- log likelihood = -8260.87 -- 192.413 s
k == 6 -- Iteration = 7 -- log likelihood = -8260.86 -- 194.122 s
k == 6 -- Iteration = 8 -- log likelihood = -8260.85 -- 195.801 s
k == 6 -- Iteration = 9 -- log likelihood = -8260.85 -- 197.563 s
k == 6 -- Iteration = 10 -- log likelihood = -8260.85 -- 199.215 s
k == 6 -- Iteration = 11 -- log likelihood = -8260.85 -- 200.781 s
k == 6 -- Iteration = 12 -- log likelihood = -8260.85 -- 202.463 s
k == 6 -- Iteration = 13 -- log likelihood = -8260.85 -- 204.228 s
k == 6 -- Iteration = 14 -- log likelihood = -8260.85 -- 205.888 s
k == 6 -- Iteration = 15 -- log likelihood = -8260.85 -- 207.471 s
k == 6 -- Iteration = 16 -- log likelihood = -8260.85 -- 209.099 s
k == 6 -- Iteration = 17 -- log likelihood = -8260.85 -- 210.789 s

k = 6 -- Log likelihood -7674.47 -- BIC 15613.6
k == 7 -- Iteration = 0 -- log likelihood = -11100.1 -- 183.313 s
k == 7 -- Iteration = 1 -- log likelihood = -10324.8 -- 185.287 s
k == 7 -- Iteration = 2 -- log likelihood = -10086.9 -- 187.251 s
k == 7 -- Iteration = 3 -- log likelihood = -10073.2 -- 189.226 s
k == 7 -- Iteration = 4 -- log likelihood = -10073.1 -- 191.036 s
k == 7 -- Iteration = 5 -- log likelihood = -10073 -- 192.879 s
k == 7 -- Iteration = 6 -- log likelihood = -10073 -- 194.761 s
k == 7 -- Iteration = 7 -- log likelihood = -10073 -- 196.82 s
k == 7 -- Iteration = 8 -- log likelihood = -10073 -- 198.86 s
k == 7 -- Iteration = 9 -- log likelihood = -10073 -- 200.732 s

k == 7 -- Iteration = 0 -- log likelihood = -9033.67 -- 185.222 s
k == 7 -- Iteration = 1 -- log likelihood = -8466.77 -- 187.067 s
k == 7 -- Iteration = 2 -- log likelihood = -8453.73 -- 188.965 s
k == 7 -- Iteration = 3 -- log likelihood = -8453.44 -- 190.684 s
k == 7 -- Iteration = 4 -- log likelihood = -8453.41 -- 192.411 s
k == 7 -- Iteration = 5 -- log likelihood = -8453.41 -- 194.229 s
k == 7 -- Iteration = 6 -- log likelihood = -8453.41 -- 196.057 s
k == 7 -- Iteration = 7 -- log likelihood = -8453.41 -- 197.887 s
k == 7 -- Iteration = 8 -- log likelihood = -8453.41 -- 199.729 s
k == 7 -- Iteration = 9 -- log likelihood = -8453.41 -- 201.577 s
k == 7 -- Iteration = 10 -- log likelihood = -8453.41 -- 203.379 s

k == 7 -- Iteration = 0 -- log likelihood = -9374.56 -- 183.03 s
k == 7 -- Iteration = 1 -- log likelihood = -7841.47 -- 184.536 s
k == 7 -- Iteration = 2 -- log likelihood = -7613.9 -- 186.055 s
k == 7 -- Iteration = 3 -- log likelihood = -7468.48 -- 187.51 s
k == 7 -- Iteration = 4 -- log likelihood = -7465.65 -- 188.983 s
k == 7 -- Iteration = 5 -- log likelihood = -7465.57 -- 190.412 s
k == 7 -- Iteration = 6 -- log likelihood = -7465.56 -- 191.813 s
k == 7 -- Iteration = 7 -- log likelihood = -7465.56 -- 193.211 s
k == 7 -- Iteration = 8 -- log likelihood = -7465.56 -- 194.637 s
k == 7 -- Iteration = 9 -- log likelihood = -7465.56 -- 196.074 s
k == 7 -- Iteration = 10 -- log likelihood = -7465.56 -- 197.516 s

k == 7 -- Iteration = 0 -- log likelihood = -9537.04 -- 182.277 s
k == 7 -- Iteration = 1 -- log likelihood = -9195.87 -- 184.334 s
k == 7 -- Iteration = 2 -- log likelihood = -8956.09 -- 186.407 s
k == 7 -- Iteration = 3 -- log likelihood = -8807.1 -- 188.566 s
k == 7 -- Iteration = 4 -- log likelihood = -8647.66 -- 190.501 s
k == 7 -- Iteration = 5 -- log likelihood = -8641.66 -- 192.321 s
k == 7 -- Iteration = 6 -- log likelihood = -8641.35 -- 194.348 s
k == 7 -- Iteration = 7 -- log likelihood = -8641.32 -- 196.2 s
k == 7 -- Iteration = 8 -- log likelihood = -8641.32 -- 198.239 s
k == 7 -- Iteration = 9 -- log likelihood = -8641.32 -- 200.093 s
k == 7 -- Iteration = 10 -- log likelihood = -8641.32 -- 202.119 s
k == 7 -- Iteration = 11 -- log likelihood = -8641.32 -- 204.03 s
k == 7 -- Iteration = 12 -- log likelihood = -8641.32 -- 206.215 s

k == 7 -- Iteration = 0 -- log likelihood = -10766 -- 183.061 s
k == 7 -- Iteration = 1 -- log likelihood = -9195.7 -- 184.871 s
k == 7 -- Iteration = 2 -- log likelihood = -9055.13 -- 186.645 s
k == 7 -- Iteration = 3 -- log likelihood = -8947.05 -- 188.263 s
k == 7 -- Iteration = 4 -- log likelihood = -8943.94 -- 189.915 s
k == 7 -- Iteration = 5 -- log likelihood = -8943.88 -- 191.529 s
k == 7 -- Iteration = 6 -- log likelihood = -8943.88 -- 193.185 s
k == 7 -- Iteration = 7 -- log likelihood = -8943.88 -- 194.805 s
k == 7 -- Iteration = 8 -- log likelihood = -8943.88 -- 196.5 s
k == 7 -- Iteration = 9 -- log likelihood = -8943.88 -- 198.133 s
k == 7 -- Iteration = 10 -- log likelihood = -8943.88 -- 199.721 s

k == 7 -- Iteration = 0 -- log likelihood = -8738.85 -- 181.844 s
k == 7 -- Iteration = 1 -- log likelihood = -7526.47 -- 183.425 s
k == 7 -- Iteration = 2 -- log likelihood = -7218.43 -- 184.784 s
k == 7 -- Iteration = 3 -- log likelihood = -7206.2 -- 186.142 s
k == 7 -- Iteration = 4 -- log likelihood = -7206.17 -- 187.541 s
k == 7 -- Iteration = 5 -- log likelihood = -7206.17 -- 188.952 s
k == 7 -- Iteration = 6 -- log likelihood = -7206.17 -- 190.363 s
k == 7 -- Iteration = 7 -- log likelihood = -7206.17 -- 191.758 s
k == 7 -- Iteration = 8 -- log likelihood = -7206.17 -- 193.156 s

k == 7 -- Iteration = 0 -- log likelihood = -8524.75 -- 182.472 s
k == 7 -- Iteration = 1 -- log likelihood = -7858.63 -- 184.026 s
k == 7 -- Iteration = 2 -- log likelihood = -7856.13 -- 185.587 s
k == 7 -- Iteration = 3 -- log likelihood = -7855.98 -- 187.099 s
k == 7 -- Iteration = 4 -- log likelihood = -7855.97 -- 188.552 s
k == 7 -- Iteration = 5 -- log likelihood = -7855.97 -- 190.023 s
k == 7 -- Iteration = 6 -- log likelihood = -7855.97 -- 191.458 s
k == 7 -- Iteration = 7 -- log likelihood = -7855.97 -- 192.879 s
k == 7 -- Iteration = 8 -- log likelihood = -7855.97 -- 194.4 s

k == 7 -- Iteration = 0 -- log likelihood = -12207.1 -- 182.754 s
k == 7 -- Iteration = 1 -- log likelihood = -11077.7 -- 184.809 s
k == 7 -- Iteration = 2 -- log likelihood = -10576.2 -- 186.645 s
k == 7 -- Iteration = 3 -- log likelihood = -10420.6 -- 188.326 s
k == 7 -- Iteration = 4 -- log likelihood = -10373.7 -- 190.062 s
k == 7 -- Iteration = 5 -- log likelihood = -10372 -- 191.723 s
k == 7 -- Iteration = 6 -- log likelihood = -10371.9 -- 193.417 s
k == 7 -- Iteration = 7 -- log likelihood = -10371.9 -- 195.104 s
k == 7 -- Iteration = 8 -- log likelihood = -10371.9 -- 196.81 s
k == 7 -- Iteration = 9 -- log likelihood = -10371.9 -- 198.434 s
k == 7 -- Iteration = 10 -- log likelihood = -10371.9 -- 200.143 s

k == 7 -- Iteration = 0 -- log likelihood = -8672.24 -- 183.514 s
k == 7 -- Iteration = 1 -- log likelihood = -8275.54 -- 185.067 s
k == 7 -- Iteration = 2 -- log likelihood = -8180.73 -- 186.595 s
k == 7 -- Iteration = 3 -- log likelihood = -8161.66 -- 188.139 s
k == 7 -- Iteration = 4 -- log likelihood = -8160.94 -- 189.653 s
k == 7 -- Iteration = 5 -- log likelihood = -8160.91 -- 191.172 s
k == 7 -- Iteration = 6 -- log likelihood = -8160.91 -- 192.722 s
k == 7 -- Iteration = 7 -- log likelihood = -8160.91 -- 194.264 s
k == 7 -- Iteration = 8 -- log likelihood = -8160.91 -- 195.786 s
k == 7 -- Iteration = 9 -- log likelihood = -8160.91 -- 197.329 s

k == 7 -- Iteration = 0 -- log likelihood = -8636.69 -- 182.947 s
k == 7 -- Iteration = 1 -- log likelihood = -8268.37 -- 184.7 s
k == 7 -- Iteration = 2 -- log likelihood = -8218.3 -- 186.417 s
k == 7 -- Iteration = 3 -- log likelihood = -8186.26 -- 188.158 s
k == 7 -- Iteration = 4 -- log likelihood = -8167.89 -- 189.747 s
k == 7 -- Iteration = 5 -- log likelihood = -8146.43 -- 191.473 s
k == 7 -- Iteration = 6 -- log likelihood = -8143.98 -- 193.2 s
k == 7 -- Iteration = 7 -- log likelihood = -8143.64 -- 194.899 s
k == 7 -- Iteration = 8 -- log likelihood = -8143.6 -- 196.504 s
k == 7 -- Iteration = 9 -- log likelihood = -8123.62 -- 198.183 s
k == 7 -- Iteration = 10 -- log likelihood = -8121.35 -- 199.886 s
k == 7 -- Iteration = 11 -- log likelihood = -8121.08 -- 201.506 s
k == 7 -- Iteration = 12 -- log likelihood = -8121.05 -- 203.151 s
k == 7 -- Iteration = 13 -- log likelihood = -8121.04 -- 204.856 s
k == 7 -- Iteration = 14 -- log likelihood = -8121.04 -- 206.464 s
k == 7 -- Iteration = 15 -- log likelihood = -8121.04 -- 208.196 s
k == 7 -- Iteration = 16 -- log likelihood = -8121.04 -- 209.778 s
k == 7 -- Iteration = 17 -- log likelihood = -8121.04 -- 211.415 s

k = 7 -- Log likelihood -7206.17 -- BIC 14714.9
k == 8 -- Iteration = 0 -- log likelihood = -10823.2 -- 183.631 s
k == 8 -- Iteration = 1 -- log likelihood = -10216.1 -- 185.453 s
k == 8 -- Iteration = 2 -- log likelihood = -10000.6 -- 187.3 s
k == 8 -- Iteration = 3 -- log likelihood = -10000.3 -- 189.035 s
k == 8 -- Iteration = 4 -- log likelihood = -10000.3 -- 190.802 s
k == 8 -- Iteration = 5 -- log likelihood = -10000.3 -- 192.574 s
k == 8 -- Iteration = 6 -- log likelihood = -10000.3 -- 194.356 s
k == 8 -- Iteration = 7 -- log likelihood = -10000.3 -- 196.141 s
k == 8 -- Iteration = 8 -- log likelihood = -10000.3 -- 197.916 s

k == 8 -- Iteration = 0 -- log likelihood = -75855.8 -- 184.566 s
k == 8 -- Iteration = 1 -- log likelihood = -inf -- 185.6 s
k == 8 -- Iteration = 2 -- log likelihood = -inf -- 186.491 s
k == 8 -- Iteration = 0 -- log likelihood = -8729.72 -- 183.709 s
k == 8 -- Iteration = 1 -- log likelihood = -8210.58 -- 185.45 s
k == 8 -- Iteration = 2 -- log likelihood = -8173.51 -- 187.22 s
k == 8 -- Iteration = 3 -- log likelihood = -8097.76 -- 188.966 s
k == 8 -- Iteration = 4 -- log likelihood = -8097.72 -- 190.716 s
k == 8 -- Iteration = 5 -- log likelihood = -8097.71 -- 192.474 s
k == 8 -- Iteration = 6 -- log likelihood = -8097.71 -- 194.229 s
k == 8 -- Iteration = 7 -- log likelihood = -8097.71 -- 195.965 s
k == 8 -- Iteration = 8 -- log likelihood = -8097.71 -- 197.729 s
k == 8 -- Iteration = 9 -- log likelihood = -8097.71 -- 199.49 s
k == 8 -- Iteration = 10 -- log likelihood = -8097.71 -- 201.218 s

k == 8 -- Iteration = 0 -- log likelihood = -10176.6 -- 182.737 s
k == 8 -- Iteration = 1 -- log likelihood = -9679.66 -- 184.721 s
k == 8 -- Iteration = 2 -- log likelihood = -9434.72 -- 186.652 s
k == 8 -- Iteration = 3 -- log likelihood = -9243.3 -- 188.589 s
k == 8 -- Iteration = 4 -- log likelihood = -9240.72 -- 190.445 s
k == 8 -- Iteration = 5 -- log likelihood = -9240.52 -- 192.392 s
k == 8 -- Iteration = 6 -- log likelihood = -9240.5 -- 194.29 s
k == 8 -- Iteration = 7 -- log likelihood = -9240.5 -- 196.208 s
k == 8 -- Iteration = 8 -- log likelihood = -9240.5 -- 198.184 s
k == 8 -- Iteration = 9 -- log likelihood = -9240.5 -- 200.112 s
k == 8 -- Iteration = 10 -- log likelihood = -9240.5 -- 201.943 s
k == 8 -- Iteration = 11 -- log likelihood = -9240.5 -- 203.932 s

k == 8 -- Iteration = 0 -- log likelihood = -9395.52 -- 183.64 s
k == 8 -- Iteration = 1 -- log likelihood = -8794.56 -- 185.515 s
k == 8 -- Iteration = 2 -- log likelihood = -8763.45 -- 187.488 s
k == 8 -- Iteration = 3 -- log likelihood = -8763.32 -- 189.223 s
k == 8 -- Iteration = 4 -- log likelihood = -8762.52 -- 190.975 s
k == 8 -- Iteration = 5 -- log likelihood = -8762.46 -- 192.78 s
k == 8 -- Iteration = 6 -- log likelihood = -8762.46 -- 194.581 s
k == 8 -- Iteration = 7 -- log likelihood = -8762.46 -- 196.409 s
k == 8 -- Iteration = 8 -- log likelihood = -8762.46 -- 198.299 s
k == 8 -- Iteration = 9 -- log likelihood = -8762.46 -- 200.161 s

k == 8 -- Iteration = 0 -- log likelihood = -8400.08 -- 182.253 s
k == 8 -- Iteration = 1 -- log likelihood = -8170.59 -- 184.059 s
k == 8 -- Iteration = 2 -- log likelihood = -8168.74 -- 185.785 s
k == 8 -- Iteration = 3 -- log likelihood = -8168.68 -- 187.467 s
k == 8 -- Iteration = 4 -- log likelihood = -8168.68 -- 189.154 s
k == 8 -- Iteration = 5 -- log likelihood = -8168.68 -- 190.841 s
k == 8 -- Iteration = 6 -- log likelihood = -8168.68 -- 192.542 s
k == 8 -- Iteration = 7 -- log likelihood = -8168.68 -- 194.21 s

k == 8 -- Iteration = 0 -- log likelihood = -9512.06 -- 183.06 s
k == 8 -- Iteration = 1 -- log likelihood = -7597.39 -- 184.751 s
k == 8 -- Iteration = 2 -- log likelihood = -8033.69 -- 186.432 s
k == 8 -- Iteration = 3 -- log likelihood = -7900.75 -- 187.987 s
k == 8 -- Iteration = 4 -- log likelihood = -7898.32 -- 189.517 s
k == 8 -- Iteration = 5 -- log likelihood = -7898.28 -- 191.077 s
k == 8 -- Iteration = 6 -- log likelihood = -7898.28 -- 192.612 s
k == 8 -- Iteration = 7 -- log likelihood = -7898.28 -- 194.232 s
k == 8 -- Iteration = 8 -- log likelihood = -7898.28 -- 195.757 s
k == 8 -- Iteration = 9 -- log likelihood = -7898.28 -- 197.288 s
k == 8 -- Iteration = 10 -- log likelihood = -7898.28 -- 198.788 s
k == 8 -- Iteration = 11 -- log likelihood = -7898.28 -- 200.267 s

k == 8 -- Iteration = 0 -- log likelihood = -8304.97 -- 183.222 s
k == 8 -- Iteration = 1 -- log likelihood = -7660.33 -- 184.91 s
k == 8 -- Iteration = 2 -- log likelihood = -7606.37 -- 186.484 s
k == 8 -- Iteration = 3 -- log likelihood = -7606.19 -- 188.101 s
k == 8 -- Iteration = 4 -- log likelihood = -7606.17 -- 189.641 s
k == 8 -- Iteration = 5 -- log likelihood = -7606.17 -- 191.256 s
k == 8 -- Iteration = 6 -- log likelihood = -7606.17 -- 192.908 s
k == 8 -- Iteration = 7 -- log likelihood = -7606.17 -- 194.489 s
k == 8 -- Iteration = 8 -- log likelihood = -7606.17 -- 196.053 s
k == 8 -- Iteration = 9 -- log likelihood = -7606.17 -- 197.624 s

k == 8 -- Iteration = 0 -- log likelihood = -9170.65 -- 184.236 s
k == 8 -- Iteration = 1 -- log likelihood = -8292.95 -- 186.218 s
k == 8 -- Iteration = 2 -- log likelihood = -8273.57 -- 188.149 s
k == 8 -- Iteration = 3 -- log likelihood = -8270.88 -- 190.085 s
k == 8 -- Iteration = 4 -- log likelihood = -8267.69 -- 192.026 s
k == 8 -- Iteration = 5 -- log likelihood = -8261.91 -- 193.989 s
k == 8 -- Iteration = 6 -- log likelihood = -8260.68 -- 196.018 s
k == 8 -- Iteration = 7 -- log likelihood = -8260.61 -- 198.016 s
k == 8 -- Iteration = 8 -- log likelihood = -8260.6 -- 200.085 s
k == 8 -- Iteration = 9 -- log likelihood = -8260.6 -- 202.129 s
k == 8 -- Iteration = 10 -- log likelihood = -8260.6 -- 204.032 s
k == 8 -- Iteration = 11 -- log likelihood = -8260.6 -- 205.947 s
k == 8 -- Iteration = 12 -- log likelihood = -8260.6 -- 207.907 s

k == 8 -- Iteration = 0 -- log likelihood = -10202.5 -- 183.32 s
k == 8 -- Iteration = 1 -- log likelihood = -8801.78 -- 185.138 s
k == 8 -- Iteration = 2 -- log likelihood = -8496.53 -- 186.937 s
k == 8 -- Iteration = 3 -- log likelihood = -8463.77 -- 188.744 s
k == 8 -- Iteration = 4 -- log likelihood = -8459.73 -- 190.613 s
k == 8 -- Iteration = 5 -- log likelihood = -8459.22 -- 192.496 s
k == 8 -- Iteration = 6 -- log likelihood = -8459.15 -- 194.357 s
k == 8 -- Iteration = 7 -- log likelihood = -8459.14 -- 196.128 s
k == 8 -- Iteration = 8 -- log likelihood = -8459.14 -- 197.894 s
k == 8 -- Iteration = 9 -- log likelihood = -8459.14 -- 199.707 s
k == 8 -- Iteration = 10 -- log likelihood = -8459.14 -- 201.536 s
k == 8 -- Iteration = 11 -- log likelihood = -8459.14 -- 203.425 s
k == 8 -- Iteration = 12 -- log likelihood = -8459.14 -- 205.182 s

k = 8 -- Log likelihood -7606.17 -- BIC 15552.7
k == 9 -- Iteration = 0 -- log likelihood = -10377.4 -- 183.8 s
k == 9 -- Iteration = 1 -- log likelihood = -9513.21 -- 185.701 s
k == 9 -- Iteration = 2 -- log likelihood = -9371.41 -- 187.556 s
k == 9 -- Iteration = 3 -- log likelihood = -9322.65 -- 189.429 s
k == 9 -- Iteration = 4 -- log likelihood = -9320.1 -- 191.259 s
k == 9 -- Iteration = 5 -- log likelihood = -9319.97 -- 193.142 s
k == 9 -- Iteration = 6 -- log likelihood = -9319.97 -- 194.967 s
k == 9 -- Iteration = 7 -- log likelihood = -9319.97 -- 196.822 s
k == 9 -- Iteration = 8 -- log likelihood = -9319.97 -- 198.666 s
k == 9 -- Iteration = 9 -- log likelihood = -9319.97 -- 200.497 s

k == 9 -- Iteration = 0 -- log likelihood = -75940.7 -- 185.54 s
k == 9 -- Iteration = 1 -- log likelihood = -inf -- 186.694 s
k == 9 -- Iteration = 2 -- log likelihood = -inf -- 187.677 s
k == 9 -- Iteration = 0 -- log likelihood = -9084.34 -- 184.671 s
k == 9 -- Iteration = 1 -- log likelihood = -8465.47 -- 187.365 s
k == 9 -- Iteration = 2 -- log likelihood = -8250.44 -- 189.908 s
k == 9 -- Iteration = 3 -- log likelihood = -8190.73 -- 192.756 s
k == 9 -- Iteration = 4 -- log likelihood = -8199.89 -- 195.564 s
k == 9 -- Iteration = 5 -- log likelihood = -8189.31 -- 198.146 s
k == 9 -- Iteration = 6 -- log likelihood = -8182.69 -- 200.736 s
k == 9 -- Iteration = 7 -- log likelihood = -8182.3 -- 203.381 s
k == 9 -- Iteration = 8 -- log likelihood = -8182.25 -- 206.002 s
k == 9 -- Iteration = 9 -- log likelihood = -8182.24 -- 208.726 s
k == 9 -- Iteration = 10 -- log likelihood = -8182.24 -- 211.121 s
k == 9 -- Iteration = 11 -- log likelihood = -8182.24 -- 213.862 s
k == 9 -- Iteration = 12 -- log likelihood = -8182.24 -- 216.566 s
k == 9 -- Iteration = 13 -- log likelihood = -8182.24 -- 219.193 s
k == 9 -- Iteration = 14 -- log likelihood = -8182.24 -- 221.789 s
k == 9 -- Iteration = 15 -- log likelihood = -8182.24 -- 224.273 s

k == 9 -- Iteration = 0 -- log likelihood = -8626.58 -- 183.138 s
k == 9 -- Iteration = 1 -- log likelihood = -8104.38 -- 185.156 s
k == 9 -- Iteration = 2 -- log likelihood = -7599.09 -- 187.031 s
k == 9 -- Iteration = 3 -- log likelihood = -7595.65 -- 188.903 s
k == 9 -- Iteration = 4 -- log likelihood = -7594.62 -- 190.782 s
k == 9 -- Iteration = 5 -- log likelihood = -7594.62 -- 192.619 s
k == 9 -- Iteration = 6 -- log likelihood = -7594.62 -- 194.465 s
k == 9 -- Iteration = 7 -- log likelihood = -7594.62 -- 196.19 s
k == 9 -- Iteration = 8 -- log likelihood = -7594.62 -- 197.959 s
k == 9 -- Iteration = 9 -- log likelihood = -7594.62 -- 199.696 s
k == 9 -- Iteration = 10 -- log likelihood = -7594.62 -- 201.475 s

k == 9 -- Iteration = 0 -- log likelihood = -8752.76 -- 183.9 s
k == 9 -- Iteration = 1 -- log likelihood = -7879.27 -- 185.519 s
k == 9 -- Iteration = 2 -- log likelihood = -7760.03 -- 187.223 s
k == 9 -- Iteration = 3 -- log likelihood = -7759.75 -- 188.806 s
k == 9 -- Iteration = 4 -- log likelihood = -7759.74 -- 190.604 s
k == 9 -- Iteration = 5 -- log likelihood = -7759.74 -- 192.371 s
k == 9 -- Iteration = 6 -- log likelihood = -7759.74 -- 194.228 s
k == 9 -- Iteration = 7 -- log likelihood = -7759.74 -- 195.999 s
k == 9 -- Iteration = 8 -- log likelihood = -7759.74 -- 197.616 s

k == 9 -- Iteration = 0 -- log likelihood = -8364.57 -- 182.421 s
k == 9 -- Iteration = 1 -- log likelihood = -8007.42 -- 184.683 s
k == 9 -- Iteration = 2 -- log likelihood = -7943.34 -- 186.989 s
k == 9 -- Iteration = 3 -- log likelihood = -7916.81 -- 189.129 s
k == 9 -- Iteration = 4 -- log likelihood = -7887.28 -- 191.32 s
k == 9 -- Iteration = 5 -- log likelihood = -7886.82 -- 193.381 s
k == 9 -- Iteration = 6 -- log likelihood = -7886.78 -- 195.409 s
k == 9 -- Iteration = 7 -- log likelihood = -7886.78 -- 197.406 s
k == 9 -- Iteration = 8 -- log likelihood = -7886.78 -- 199.416 s
k == 9 -- Iteration = 9 -- log likelihood = -7886.78 -- 201.466 s
k == 9 -- Iteration = 10 -- log likelihood = -7886.78 -- 203.732 s
k == 9 -- Iteration = 11 -- log likelihood = -7886.78 -- 205.745 s

k == 9 -- Iteration = 0 -- log likelihood = -8851.48 -- 183.256 s
k == 9 -- Iteration = 1 -- log likelihood = -8447.24 -- 185.21 s
k == 9 -- Iteration = 2 -- log likelihood = -8275.52 -- 187.231 s
k == 9 -- Iteration = 3 -- log likelihood = -8298.48 -- 189.325 s
k == 9 -- Iteration = 4 -- log likelihood = -8267.45 -- 191.333 s
k == 9 -- Iteration = 5 -- log likelihood = -8264.92 -- 193.15 s
k == 9 -- Iteration = 6 -- log likelihood = -8264.84 -- 195.063 s
k == 9 -- Iteration = 7 -- log likelihood = -8264.84 -- 196.91 s
k == 9 -- Iteration = 8 -- log likelihood = -8264.84 -- 198.747 s
k == 9 -- Iteration = 9 -- log likelihood = -8264.84 -- 200.697 s
k == 9 -- Iteration = 10 -- log likelihood = -8264.84 -- 202.658 s
k == 9 -- Iteration = 11 -- log likelihood = -8264.84 -- 204.589 s

k == 9 -- Iteration = 0 -- log likelihood = -10432.1 -- 183.695 s
k == 9 -- Iteration = 1 -- log likelihood = -8295.44 -- 185.741 s
k == 9 -- Iteration = 2 -- log likelihood = -9230.17 -- 187.752 s
k == 9 -- Iteration = 3 -- log likelihood = -9207.92 -- 189.713 s
k == 9 -- Iteration = 4 -- log likelihood = -9206.45 -- 191.657 s
k == 9 -- Iteration = 5 -- log likelihood = -9206.34 -- 193.684 s
k == 9 -- Iteration = 6 -- log likelihood = -9206.34 -- 195.717 s
k == 9 -- Iteration = 7 -- log likelihood = -9206.34 -- 197.747 s
k == 9 -- Iteration = 8 -- log likelihood = -9206.34 -- 199.671 s
k == 9 -- Iteration = 9 -- log likelihood = -9206.34 -- 201.625 s
k == 9 -- Iteration = 10 -- log likelihood = -9206.34 -- 203.611 s

k == 9 -- Iteration = 0 -- log likelihood = -9196.95 -- 184.766 s
k == 9 -- Iteration = 1 -- log likelihood = -8461.1 -- 186.851 s
k == 9 -- Iteration = 2 -- log likelihood = -8214.64 -- 189.017 s
k == 9 -- Iteration = 3 -- log likelihood = -8116.2 -- 191.074 s
k == 9 -- Iteration = 4 -- log likelihood = -8113.56 -- 193.124 s
k == 9 -- Iteration = 5 -- log likelihood = -8113.5 -- 195.155 s
k == 9 -- Iteration = 6 -- log likelihood = -8113.5 -- 197.209 s
k == 9 -- Iteration = 7 -- log likelihood = -8113.5 -- 199.306 s
k == 9 -- Iteration = 8 -- log likelihood = -8113.5 -- 201.332 s
k == 9 -- Iteration = 9 -- log likelihood = -8113.5 -- 203.342 s

k = 9 -- Log likelihood -7594.62 -- BIC 15567.4
k == 10 -- Iteration = 0 -- log likelihood = -75891.5 -- 184.021 s
k == 10 -- Iteration = 1 -- log likelihood = -inf -- 185.276 s
k == 10 -- Iteration = 2 -- log likelihood = -inf -- 186.393 s
k == 10 -- Iteration = 0 -- log likelihood = -75964.9 -- 186.547 s
k == 10 -- Iteration = 1 -- log likelihood = -inf -- 187.78 s
k == 10 -- Iteration = 2 -- log likelihood = -inf -- 188.88 s
k == 10 -- Iteration = 0 -- log likelihood = -146992 -- 184.209 s
k == 10 -- Iteration = 1 -- log likelihood = -inf -- 185.5 s
k == 10 -- Iteration = 2 -- log likelihood = -inf -- 186.521 s
k == 10 -- Iteration = 0 -- log likelihood = -9571.77 -- 183.348 s
k == 10 -- Iteration = 1 -- log likelihood = -8153.11 -- 185.834 s
k == 10 -- Iteration = 2 -- log likelihood = -8104.94 -- 188.425 s
k == 10 -- Iteration = 3 -- log likelihood = -8099.33 -- 190.937 s
k == 10 -- Iteration = 4 -- log likelihood = -8098.95 -- 193.396 s
k == 10 -- Iteration = 5 -- log likelihood = -8098.92 -- 195.883 s
k == 10 -- Iteration = 6 -- log likelihood = -8098.92 -- 198.25 s
k == 10 -- Iteration = 7 -- log likelihood = -8098.92 -- 200.782 s
k == 10 -- Iteration = 8 -- log likelihood = -8098.92 -- 203.161 s
k == 10 -- Iteration = 9 -- log likelihood = -8098.92 -- 205.696 s
k == 10 -- Iteration = 10 -- log likelihood = -8098.92 -- 208.405 s
k == 10 -- Iteration = 11 -- log likelihood = -8098.92 -- 211.064 s

k == 10 -- Iteration = 0 -- log likelihood = -146992 -- 183.977 s
k == 10 -- Iteration = 1 -- log likelihood = -inf -- 185.258 s
k == 10 -- Iteration = 2 -- log likelihood = -inf -- 186.298 s
k == 10 -- Iteration = 0 -- log likelihood = -8926.91 -- 182.725 s
k == 10 -- Iteration = 1 -- log likelihood = -7472.49 -- 185.163 s
k == 10 -- Iteration = 2 -- log likelihood = -7317.77 -- 187.407 s
k == 10 -- Iteration = 3 -- log likelihood = -7294.54 -- 189.642 s
k == 10 -- Iteration = 4 -- log likelihood = -7273.78 -- 191.793 s
k == 10 -- Iteration = 5 -- log likelihood = -7260.33 -- 193.922 s
k == 10 -- Iteration = 6 -- log likelihood = -7260.24 -- 196.006 s
k == 10 -- Iteration = 7 -- log likelihood = -7260.23 -- 198.1 s
k == 10 -- Iteration = 8 -- log likelihood = -7260.23 -- 200.275 s
k == 10 -- Iteration = 9 -- log likelihood = -7260.23 -- 202.502 s
k == 10 -- Iteration = 10 -- log likelihood = -7260.23 -- 204.581 s
k == 10 -- Iteration = 11 -- log likelihood = -7260.23 -- 206.74 s

k == 10 -- Iteration = 0 -- log likelihood = -9331.51 -- 183.965 s
k == 10 -- Iteration = 1 -- log likelihood = -7790.72 -- 185.792 s
k == 10 -- Iteration = 2 -- log likelihood = -7762.91 -- 187.629 s
k == 10 -- Iteration = 3 -- log likelihood = -7665.91 -- 189.45 s
k == 10 -- Iteration = 4 -- log likelihood = -7658.25 -- 191.203 s
k == 10 -- Iteration = 5 -- log likelihood = -7657.5 -- 193.026 s
k == 10 -- Iteration = 6 -- log likelihood = -7657.43 -- 194.788 s
k == 10 -- Iteration = 7 -- log likelihood = -7657.43 -- 196.589 s
k == 10 -- Iteration = 8 -- log likelihood = -7657.43 -- 198.398 s
k == 10 -- Iteration = 9 -- log likelihood = -7657.43 -- 200.194 s
k == 10 -- Iteration = 10 -- log likelihood = -7657.43 -- 202.029 s
k == 10 -- Iteration = 11 -- log likelihood = -7657.43 -- 203.857 s

k == 10 -- Iteration = 0 -- log likelihood = -10564.9 -- 184.391 s
k == 10 -- Iteration = 1 -- log likelihood = -9616.82 -- 186.778 s
k == 10 -- Iteration = 2 -- log likelihood = -9163 -- 188.994 s
k == 10 -- Iteration = 3 -- log likelihood = -9045.47 -- 191.096 s
k == 10 -- Iteration = 4 -- log likelihood = -9043.88 -- 193.19 s
k == 10 -- Iteration = 5 -- log likelihood = -9043.83 -- 195.282 s
k == 10 -- Iteration = 6 -- log likelihood = -9043.83 -- 197.348 s
k == 10 -- Iteration = 7 -- log likelihood = -9043.82 -- 199.429 s
k == 10 -- Iteration = 8 -- log likelihood = -9043.82 -- 201.659 s
k == 10 -- Iteration = 9 -- log likelihood = -9043.82 -- 203.761 s
k == 10 -- Iteration = 10 -- log likelihood = -9043.82 -- 205.835 s

k == 10 -- Iteration = 0 -- log likelihood = -146992 -- 184.647 s
k == 10 -- Iteration = 1 -- log likelihood = -inf -- 185.997 s
k == 10 -- Iteration = 2 -- log likelihood = -inf -- 187.08 s
k == 10 -- Iteration = 0 -- log likelihood = -8711.33 -- 184.028 s
k == 10 -- Iteration = 1 -- log likelihood = -8218.26 -- 186.166 s
k == 10 -- Iteration = 2 -- log likelihood = -8149.99 -- 188.306 s
k == 10 -- Iteration = 3 -- log likelihood = -8039.39 -- 190.312 s
k == 10 -- Iteration = 4 -- log likelihood = -7928.84 -- 192.429 s
k == 10 -- Iteration = 5 -- log likelihood = -7818.87 -- 194.473 s
k == 10 -- Iteration = 6 -- log likelihood = -7736.45 -- 196.478 s
k == 10 -- Iteration = 7 -- log likelihood = -7638.31 -- 198.415 s
k == 10 -- Iteration = 8 -- log likelihood = -7598.22 -- 200.35 s
k == 10 -- Iteration = 9 -- log likelihood = -7577.36 -- 202.328 s
k == 10 -- Iteration = 10 -- log likelihood = -7576.59 -- 204.297 s
k == 10 -- Iteration = 11 -- log likelihood = -7576.55 -- 206.163 s
k == 10 -- Iteration = 12 -- log likelihood = -7576.55 -- 208.015 s
k == 10 -- Iteration = 13 -- log likelihood = -7576.55 -- 209.91 s
k == 10 -- Iteration = 14 -- log likelihood = -7576.55 -- 211.777 s
k == 10 -- Iteration = 15 -- log likelihood = -7576.55 -- 213.641 s

k = 10 -- Log likelihood -7260.23 -- BIC 14936.4
k == 11 -- Iteration = 0 -- log likelihood = -75913.4 -- 184.491 s
k == 11 -- Iteration = 1 -- log likelihood = -inf -- 185.814 s
k == 11 -- Iteration = 2 -- log likelihood = -inf -- 187.03 s
k == 11 -- Iteration = 0 -- log likelihood = -75986.7 -- 187.175 s
k == 11 -- Iteration = 1 -- log likelihood = -inf -- 188.484 s
k == 11 -- Iteration = 2 -- log likelihood = -inf -- 189.673 s
k == 11 -- Iteration = 0 -- log likelihood = -147002 -- 184.379 s
k == 11 -- Iteration = 1 -- log likelihood = -inf -- 185.838 s
k == 11 -- Iteration = 2 -- log likelihood = -inf -- 186.966 s
k == 11 -- Iteration = 0 -- log likelihood = -10879.6 -- 183.749 s
k == 11 -- Iteration = 1 -- log likelihood = -8998.28 -- 186.443 s
k == 11 -- Iteration = 2 -- log likelihood = -7836.68 -- 189.082 s
k == 11 -- Iteration = 3 -- log likelihood = -7762.28 -- 191.488 s
k == 11 -- Iteration = 4 -- log likelihood = -7726.55 -- 193.931 s
k == 11 -- Iteration = 5 -- log likelihood = -7691.45 -- 196.34 s
k == 11 -- Iteration = 6 -- log likelihood = -7681.78 -- 198.778 s
k == 11 -- Iteration = 7 -- log likelihood = -7678.64 -- 201.202 s
k == 11 -- Iteration = 8 -- log likelihood = -7678.48 -- 203.45 s
k == 11 -- Iteration = 9 -- log likelihood = -7678.47 -- 205.716 s
k == 11 -- Iteration = 10 -- log likelihood = -7678.47 -- 208.077 s
k == 11 -- Iteration = 11 -- log likelihood = -7678.47 -- 210.362 s
k == 11 -- Iteration = 12 -- log likelihood = -7678.47 -- 212.704 s
k == 11 -- Iteration = 13 -- log likelihood = -7678.47 -- 215.093 s

k == 11 -- Iteration = 0 -- log likelihood = -8626.59 -- 185.698 s
k == 11 -- Iteration = 1 -- log likelihood = -7243.26 -- 188.327 s
k == 11 -- Iteration = 2 -- log likelihood = -6501.95 -- 190.959 s
k == 11 -- Iteration = 3 -- log likelihood = -6741.75 -- 193.384 s
k == 11 -- Iteration = 4 -- log likelihood = -6127.81 -- 195.691 s
k == 11 -- Iteration = 5 -- log likelihood = -6720.08 -- 198.114 s
k == 11 -- Iteration = 6 -- log likelihood = -6127.75 -- 200.445 s
k == 11 -- Iteration = 7 -- log likelihood = -6720.07 -- 202.86 s
k == 11 -- Iteration = 8 -- log likelihood = -6127.75 -- 205.215 s
k == 11 -- Iteration = 9 -- log likelihood = -6720.07 -- 207.48 s
k == 11 -- Iteration = 10 -- log likelihood = -6127.75 -- 209.719 s
k == 11 -- Iteration = 11 -- log likelihood = -6720.07 -- 211.965 s
k == 11 -- Iteration = 12 -- log likelihood = -6127.75 -- 214.418 s
k == 11 -- Iteration = 13 -- log likelihood = -6720.07 -- 216.716 s
k == 11 -- Iteration = 14 -- log likelihood = -6127.75 -- 218.929 s
k == 11 -- Iteration = 15 -- log likelihood = -6720.07 -- 221.118 s
k == 11 -- Iteration = 16 -- log likelihood = -6127.75 -- 223.289 s
k == 11 -- Iteration = 17 -- log likelihood = -6720.07 -- 225.657 s
k == 11 -- Iteration = 18 -- log likelihood = -6127.75 -- 227.928 s
k == 11 -- Iteration = 19 -- log likelihood = -6720.07 -- 230.249 s
k == 11 -- Iteration = 20 -- log likelihood = -6127.75 -- 232.441 s
k == 11 -- Iteration = 21 -- log likelihood = -6720.07 -- 234.781 s
k == 11 -- Iteration = 22 -- log likelihood = -6127.75 -- 237.15 s
k == 11 -- Iteration = 23 -- log likelihood = -6720.07 -- 239.468 s
k == 11 -- Iteration = 24 -- log likelihood = -6127.75 -- 241.647 s
k == 11 -- Iteration = 25 -- log likelihood = -6720.07 -- 244.013 s
k == 11 -- Iteration = 26 -- log likelihood = -6127.75 -- 246.278 s
k == 11 -- Iteration = 27 -- log likelihood = -6720.07 -- 248.603 s
k == 11 -- Iteration = 28 -- log likelihood = -6127.75 -- 250.815 s
k == 11 -- Iteration = 29 -- log likelihood = -6720.07 -- 253.119 s
k == 11 -- Iteration = 30 -- log likelihood = -6127.75 -- 255.335 s
k == 11 -- Iteration = 31 -- log likelihood = -6720.07 -- 257.632 s
k == 11 -- Iteration = 32 -- log likelihood = -6127.75 -- 259.819 s
k == 11 -- Iteration = 33 -- log likelihood = -6720.07 -- 262.161 s
k == 11 -- Iteration = 34 -- log likelihood = -6127.75 -- 264.418 s
k == 11 -- Iteration = 35 -- log likelihood = -6720.07 -- 266.754 s
k == 11 -- Iteration = 36 -- log likelihood = -6127.75 -- 268.959 s
k == 11 -- Iteration = 37 -- log likelihood = -6720.07 -- 271.323 s
k == 11 -- Iteration = 38 -- log likelihood = -6127.75 -- 273.587 s
k == 11 -- Iteration = 39 -- log likelihood = -6720.07 -- 275.931 s
k == 11 -- Iteration = 40 -- log likelihood = -6127.75 -- 278.162 s
k == 11 -- Iteration = 41 -- log likelihood = -6720.07 -- 280.596 s
k == 11 -- Iteration = 42 -- log likelihood = -6127.75 -- 282.881 s
k == 11 -- Iteration = 43 -- log likelihood = -6720.07 -- 285.221 s
k == 11 -- Iteration = 44 -- log likelihood = -6127.75 -- 287.581 s
k == 11 -- Iteration = 45 -- log likelihood = -6720.07 -- 289.996 s
k == 11 -- Iteration = 46 -- log likelihood = -6127.75 -- 292.234 s
k == 11 -- Iteration = 47 -- log likelihood = -6720.07 -- 294.616 s
k == 11 -- Iteration = 48 -- log likelihood = -6127.75 -- 296.912 s
k == 11 -- Iteration = 49 -- log likelihood = -6720.07 -- 299.324 s
k == 11 -- Iteration = 50 -- log likelihood = -6127.75 -- 301.649 s

k == 11 -- Iteration = 0 -- log likelihood = -7997.27 -- 183.044 s
k == 11 -- Iteration = 1 -- log likelihood = -7503.1 -- 185.3 s
k == 11 -- Iteration = 2 -- log likelihood = -7330.55 -- 187.532 s
k == 11 -- Iteration = 3 -- log likelihood = -7239.1 -- 189.773 s
k == 11 -- Iteration = 4 -- log likelihood = -7210.45 -- 191.937 s
k == 11 -- Iteration = 5 -- log likelihood = -7209.02 -- 194.208 s
k == 11 -- Iteration = 6 -- log likelihood = -7208.84 -- 196.47 s
k == 11 -- Iteration = 7 -- log likelihood = -7208.81 -- 198.774 s
k == 11 -- Iteration = 8 -- log likelihood = -7208.81 -- 201.016 s
k == 11 -- Iteration = 9 -- log likelihood = -7208.81 -- 203.371 s
k == 11 -- Iteration = 10 -- log likelihood = -7208.81 -- 205.616 s
k == 11 -- Iteration = 11 -- log likelihood = -7208.81 -- 207.895 s
k == 11 -- Iteration = 12 -- log likelihood = -7208.81 -- 210.208 s

k == 11 -- Iteration = 0 -- log likelihood = -7802.26 -- 183.839 s
k == 11 -- Iteration = 1 -- log likelihood = -7225.68 -- 186.017 s
k == 11 -- Iteration = 2 -- log likelihood = -7190.82 -- 188.207 s
k == 11 -- Iteration = 3 -- log likelihood = -7175.2 -- 190.316 s
k == 11 -- Iteration = 4 -- log likelihood = -7174.38 -- 192.465 s
k == 11 -- Iteration = 5 -- log likelihood = -7174.29 -- 194.614 s
k == 11 -- Iteration = 6 -- log likelihood = -7174.28 -- 196.743 s
k == 11 -- Iteration = 7 -- log likelihood = -7174.28 -- 198.895 s
k == 11 -- Iteration = 8 -- log likelihood = -7174.28 -- 201.043 s
k == 11 -- Iteration = 9 -- log likelihood = -7174.28 -- 203.413 s
k == 11 -- Iteration = 10 -- log likelihood = -7174.28 -- 205.664 s
k == 11 -- Iteration = 11 -- log likelihood = -7174.28 -- 207.832 s

k == 11 -- Iteration = 0 -- log likelihood = -147002 -- 184.119 s
k == 11 -- Iteration = 1 -- log likelihood = -inf -- 185.538 s
k == 11 -- Iteration = 2 -- log likelihood = -inf -- 186.654 s
k == 11 -- Iteration = 0 -- log likelihood = -147002 -- 185.025 s
k == 11 -- Iteration = 1 -- log likelihood = -inf -- 186.39 s
k == 11 -- Iteration = 2 -- log likelihood = -inf -- 187.546 s
k = 11 -- Log likelihood -6127.75 -- BIC 12709.3
k == 12 -- Iteration = 0 -- log likelihood = -75933.3 -- 185.202 s
k == 12 -- Iteration = 1 -- log likelihood = -inf -- 186.63 s
k == 12 -- Iteration = 2 -- log likelihood = -inf -- 187.965 s
k == 12 -- Iteration = 0 -- log likelihood = -76006.7 -- 188.264 s
k == 12 -- Iteration = 1 -- log likelihood = -inf -- 189.779 s
k == 12 -- Iteration = 2 -- log likelihood = -inf -- 191.086 s
k == 12 -- Iteration = 0 -- log likelihood = -147012 -- 186.493 s
k == 12 -- Iteration = 1 -- log likelihood = -inf -- 188.061 s
k == 12 -- Iteration = 2 -- log likelihood = -inf -- 189.352 s
k == 12 -- Iteration = 0 -- log likelihood = -9269.43 -- 184.03 s
k == 12 -- Iteration = 1 -- log likelihood = -8719.71 -- 187.478 s
k == 12 -- Iteration = 2 -- log likelihood = -8580.86 -- 190.772 s
k == 12 -- Iteration = 3 -- log likelihood = -8491.91 -- 193.848 s
k == 12 -- Iteration = 4 -- log likelihood = -8483.14 -- 196.957 s
k == 12 -- Iteration = 5 -- log likelihood = -8480.32 -- 199.865 s
k == 12 -- Iteration = 6 -- log likelihood = -8479.92 -- 203.104 s
k == 12 -- Iteration = 7 -- log likelihood = -8477.89 -- 206.303 s
k == 12 -- Iteration = 8 -- log likelihood = -8467.52 -- 209.433 s
k == 12 -- Iteration = 9 -- log likelihood = -8391.84 -- 212.399 s
k == 12 -- Iteration = 10 -- log likelihood = -8391.83 -- 215.273 s
k == 12 -- Iteration = 11 -- log likelihood = -8391.83 -- 218.122 s
k == 12 -- Iteration = 12 -- log likelihood = -8391.83 -- 221.366 s
k == 12 -- Iteration = 13 -- log likelihood = -8391.83 -- 224.47 s
k == 12 -- Iteration = 14 -- log likelihood = -8391.83 -- 227.678 s
k == 12 -- Iteration = 15 -- log likelihood = -8391.83 -- 230.625 s

k == 12 -- Iteration = 0 -- log likelihood = -147012 -- 185.467 s
k == 12 -- Iteration = 1 -- log likelihood = -inf -- 186.96 s
k == 12 -- Iteration = 2 -- log likelihood = -inf -- 188.212 s
k == 12 -- Iteration = 0 -- log likelihood = -7461.89 -- 183.29 s
k == 12 -- Iteration = 1 -- log likelihood = -6643.25 -- 185.736 s
k == 12 -- Iteration = 2 -- log likelihood = -6359.33 -- 188.142 s
k == 12 -- Iteration = 3 -- log likelihood = -6358.3 -- 190.453 s
k == 12 -- Iteration = 4 -- log likelihood = -6345.54 -- 192.811 s
k == 12 -- Iteration = 5 -- log likelihood = -6303.09 -- 195.166 s
k == 12 -- Iteration = 6 -- log likelihood = -6285.12 -- 197.515 s
k == 12 -- Iteration = 7 -- log likelihood = -6283.86 -- 199.712 s
k == 12 -- Iteration = 8 -- log likelihood = -6283.7 -- 202.007 s
k == 12 -- Iteration = 9 -- log likelihood = -6283.68 -- 204.354 s
k == 12 -- Iteration = 10 -- log likelihood = -6283.68 -- 206.663 s
k == 12 -- Iteration = 11 -- log likelihood = -6283.68 -- 209.033 s
k == 12 -- Iteration = 12 -- log likelihood = -6283.68 -- 211.39 s
k == 12 -- Iteration = 13 -- log likelihood = -6283.68 -- 213.759 s
k == 12 -- Iteration = 14 -- log likelihood = -6283.68 -- 216.129 s

k == 12 -- Iteration = 0 -- log likelihood = -75948.7 -- 184.013 s
k == 12 -- Iteration = 1 -- log likelihood = -inf -- 185.384 s
k == 12 -- Iteration = 2 -- log likelihood = -inf -- 186.747 s
k == 12 -- Iteration = 0 -- log likelihood = -147012 -- 184.435 s
k == 12 -- Iteration = 1 -- log likelihood = -inf -- 185.988 s
k == 12 -- Iteration = 2 -- log likelihood = -inf -- 187.262 s
k == 12 -- Iteration = 0 -- log likelihood = -147012 -- 185.947 s
k == 12 -- Iteration = 1 -- log likelihood = -inf -- 187.483 s
k == 12 -- Iteration = 2 -- log likelihood = -inf -- 188.691 s
k == 12 -- Iteration = 0 -- log likelihood = -147012 -- 184.689 s
k == 12 -- Iteration = 1 -- log likelihood = -inf -- 186.163 s
k == 12 -- Iteration = 2 -- log likelihood = -inf -- 187.389 s
k = 12 -- Log likelihood -6283.68 -- BIC 13058.9
k == 13 -- Iteration = 0 -- log likelihood = -76025 -- 185.478 s
k == 13 -- Iteration = 1 -- log likelihood = -inf -- 187.002 s
k == 13 -- Iteration = 2 -- log likelihood = -inf -- 188.334 s
k == 13 -- Iteration = 0 -- log likelihood = -76024.9 -- 188.551 s
k == 13 -- Iteration = 1 -- log likelihood = -inf -- 190.059 s
k == 13 -- Iteration = 2 -- log likelihood = -inf -- 191.406 s
k == 13 -- Iteration = 0 -- log likelihood = -147021 -- 186.669 s
k == 13 -- Iteration = 1 -- log likelihood = -inf -- 188.336 s
k == 13 -- Iteration = 2 -- log likelihood = -inf -- 189.674 s
k == 13 -- Iteration = 0 -- log likelihood = -9257.71 -- 185.003 s
k == 13 -- Iteration = 1 -- log likelihood = -8759.58 -- 187.995 s
k == 13 -- Iteration = 2 -- log likelihood = -8558.92 -- 191.025 s
k == 13 -- Iteration = 3 -- log likelihood = -8487.2 -- 193.845 s
k == 13 -- Iteration = 4 -- log likelihood = -8328.85 -- 196.764 s
k == 13 -- Iteration = 5 -- log likelihood = -8324.49 -- 199.947 s
k == 13 -- Iteration = 6 -- log likelihood = -8324.32 -- 202.973 s
k == 13 -- Iteration = 7 -- log likelihood = -8324.3 -- 206.588 s
k == 13 -- Iteration = 8 -- log likelihood = -8324.29 -- 209.448 s
k == 13 -- Iteration = 9 -- log likelihood = -8324.29 -- 212.394 s
k == 13 -- Iteration = 10 -- log likelihood = -8324.29 -- 215.3 s
k == 13 -- Iteration = 11 -- log likelihood = -8324.28 -- 218.351 s
k == 13 -- Iteration = 12 -- log likelihood = -8324.28 -- 221.264 s
k == 13 -- Iteration = 13 -- log likelihood = -8324.28 -- 224.056 s
k == 13 -- Iteration = 14 -- log likelihood = -8324.28 -- 226.992 s
k == 13 -- Iteration = 15 -- log likelihood = -8324.28 -- 230.057 s
k == 13 -- Iteration = 16 -- log likelihood = -8324.28 -- 233.058 s
k == 13 -- Iteration = 17 -- log likelihood = -8324.28 -- 236.015 s
k == 13 -- Iteration = 18 -- log likelihood = -8324.28 -- 239.075 s
k == 13 -- Iteration = 19 -- log likelihood = -8324.28 -- 241.989 s
k == 13 -- Iteration = 20 -- log likelihood = -8324.28 -- 244.967 s
k == 13 -- Iteration = 21 -- log likelihood = -8324.28 -- 247.932 s
k == 13 -- Iteration = 22 -- log likelihood = -8324.28 -- 250.854 s
k == 13 -- Iteration = 23 -- log likelihood = -8324.28 -- 253.802 s
k == 13 -- Iteration = 24 -- log likelihood = -8324.28 -- 256.727 s
k == 13 -- Iteration = 25 -- log likelihood = -8324.28 -- 259.756 s
k == 13 -- Iteration = 26 -- log likelihood = -8324.28 -- 262.628 s
k == 13 -- Iteration = 27 -- log likelihood = -8324.28 -- 265.594 s
k == 13 -- Iteration = 28 -- log likelihood = -8324.28 -- 268.414 s
k == 13 -- Iteration = 29 -- log likelihood = -8322.07 -- 271.289 s
k == 13 -- Iteration = 30 -- log likelihood = -8237 -- 274.219 s
k == 13 -- Iteration = 31 -- log likelihood = -8194.14 -- 277.102 s
k == 13 -- Iteration = 32 -- log likelihood = -8188.23 -- 280.196 s
k == 13 -- Iteration = 33 -- log likelihood = -8187.37 -- 283.2 s
k == 13 -- Iteration = 34 -- log likelihood = -8187.26 -- 286.282 s
k == 13 -- Iteration = 35 -- log likelihood = -8187.25 -- 289.367 s
k == 13 -- Iteration = 36 -- log likelihood = -8187.24 -- 292.399 s
k == 13 -- Iteration = 37 -- log likelihood = -8187.24 -- 295.478 s
k == 13 -- Iteration = 38 -- log likelihood = -8187.24 -- 298.52 s
k == 13 -- Iteration = 39 -- log likelihood = -8187.24 -- 301.538 s
k == 13 -- Iteration = 40 -- log likelihood = -8187.24 -- 304.616 s

k == 13 -- Iteration = 0 -- log likelihood = -147021 -- 185.393 s
k == 13 -- Iteration = 1 -- log likelihood = -inf -- 187.042 s
k == 13 -- Iteration = 2 -- log likelihood = -inf -- 188.346 s
k == 13 -- Iteration = 0 -- log likelihood = -7250.25 -- 183.508 s
k == 13 -- Iteration = 1 -- log likelihood = -6579.79 -- 185.929 s
k == 13 -- Iteration = 2 -- log likelihood = -6405.41 -- 188.31 s
k == 13 -- Iteration = 3 -- log likelihood = -6383.22 -- 190.558 s
k == 13 -- Iteration = 4 -- log likelihood = -6382 -- 192.896 s
k == 13 -- Iteration = 5 -- log likelihood = -6378.98 -- 195.279 s
k == 13 -- Iteration = 6 -- log likelihood = -6368.31 -- 197.602 s
k == 13 -- Iteration = 7 -- log likelihood = -6353.02 -- 199.943 s
k == 13 -- Iteration = 8 -- log likelihood = -6322.81 -- 202.407 s
k == 13 -- Iteration = 9 -- log likelihood = -6303.08 -- 204.808 s
k == 13 -- Iteration = 10 -- log likelihood = -6301.27 -- 207.259 s
k == 13 -- Iteration = 11 -- log likelihood = -6301.1 -- 209.622 s
k == 13 -- Iteration = 12 -- log likelihood = -6301.08 -- 211.964 s
k == 13 -- Iteration = 13 -- log likelihood = -6301.07 -- 214.308 s
k == 13 -- Iteration = 14 -- log likelihood = -6301.07 -- 216.655 s
k == 13 -- Iteration = 15 -- log likelihood = -6301.07 -- 219.011 s
k == 13 -- Iteration = 16 -- log likelihood = -6301.07 -- 221.379 s
k == 13 -- Iteration = 17 -- log likelihood = -6301.07 -- 223.763 s
k == 13 -- Iteration = 18 -- log likelihood = -6301.07 -- 226.167 s

k == 13 -- Iteration = 0 -- log likelihood = -76025 -- 184.262 s
k == 13 -- Iteration = 1 -- log likelihood = -inf -- 185.85 s
k == 13 -- Iteration = 2 -- log likelihood = -inf -- 187.206 s
k == 13 -- Iteration = 0 -- log likelihood = -147021 -- 185.682 s
k == 13 -- Iteration = 1 -- log likelihood = -inf -- 187.371 s
k == 13 -- Iteration = 2 -- log likelihood = -inf -- 188.752 s
k == 13 -- Iteration = 0 -- log likelihood = -147021 -- 187.806 s
k == 13 -- Iteration = 1 -- log likelihood = -inf -- 189.399 s
k == 13 -- Iteration = 2 -- log likelihood = -inf -- 190.731 s
k = 13 -- Log likelihood -6301.07 -- BIC 13131.5
k == 14 -- Iteration = 0 -- log likelihood = -76042 -- 186.062 s
k == 14 -- Iteration = 1 -- log likelihood = -inf -- 187.683 s
k == 14 -- Iteration = 2 -- log likelihood = -inf -- 189.27 s
k == 14 -- Iteration = 0 -- log likelihood = -76042 -- 189.397 s
k == 14 -- Iteration = 1 -- log likelihood = -inf -- 191.089 s
k == 14 -- Iteration = 2 -- log likelihood = -inf -- 192.588 s
k == 14 -- Iteration = 0 -- log likelihood = -147029 -- 186.251 s
k == 14 -- Iteration = 1 -- log likelihood = -inf -- 187.991 s
k == 14 -- Iteration = 2 -- log likelihood = -inf -- 189.424 s
k == 14 -- Iteration = 0 -- log likelihood = -8658.41 -- 184.459 s
k == 14 -- Iteration = 1 -- log likelihood = -8067.43 -- 187.539 s
k == 14 -- Iteration = 2 -- log likelihood = -7926.9 -- 190.513 s
k == 14 -- Iteration = 3 -- log likelihood = -7897.79 -- 193.622 s
k == 14 -- Iteration = 4 -- log likelihood = -7881.88 -- 196.567 s
k == 14 -- Iteration = 5 -- log likelihood = -7879.5 -- 199.37 s
k == 14 -- Iteration = 6 -- log likelihood = -7879.14 -- 202.361 s
k == 14 -- Iteration = 7 -- log likelihood = -7879.08 -- 205.281 s
k == 14 -- Iteration = 8 -- log likelihood = -7856.29 -- 208.298 s
k == 14 -- Iteration = 9 -- log likelihood = -7855.12 -- 211.138 s
k == 14 -- Iteration = 10 -- log likelihood = -7854.86 -- 214.064 s
k == 14 -- Iteration = 11 -- log likelihood = -7854.77 -- 216.918 s
k == 14 -- Iteration = 12 -- log likelihood = -7854.72 -- 219.874 s
k == 14 -- Iteration = 13 -- log likelihood = -7854.69 -- 222.703 s
k == 14 -- Iteration = 14 -- log likelihood = -7854.68 -- 225.522 s
k == 14 -- Iteration = 15 -- log likelihood = -7854.67 -- 228.346 s
k == 14 -- Iteration = 16 -- log likelihood = -7854.66 -- 231.276 s
k == 14 -- Iteration = 17 -- log likelihood = -7854.66 -- 234.174 s
k == 14 -- Iteration = 18 -- log likelihood = -7854.65 -- 237.244 s
k == 14 -- Iteration = 19 -- log likelihood = -7854.65 -- 240.185 s
k == 14 -- Iteration = 20 -- log likelihood = -7854.65 -- 243.049 s
k == 14 -- Iteration = 21 -- log likelihood = -7854.65 -- 245.986 s
k == 14 -- Iteration = 22 -- log likelihood = -7854.65 -- 249.003 s
k == 14 -- Iteration = 23 -- log likelihood = -7854.65 -- 251.966 s
k == 14 -- Iteration = 24 -- log likelihood = -7854.65 -- 254.899 s
k == 14 -- Iteration = 25 -- log likelihood = -7854.64 -- 257.82 s
k == 14 -- Iteration = 26 -- log likelihood = -7854.64 -- 260.75 s
k == 14 -- Iteration = 27 -- log likelihood = -7854.64 -- 263.608 s
k == 14 -- Iteration = 28 -- log likelihood = -7854.64 -- 266.486 s
k == 14 -- Iteration = 29 -- log likelihood = -7854.64 -- 269.451 s
k == 14 -- Iteration = 30 -- log likelihood = -7854.64 -- 272.369 s
k == 14 -- Iteration = 31 -- log likelihood = -7854.64 -- 275.329 s
k == 14 -- Iteration = 32 -- log likelihood = -7854.64 -- 278.188 s
k == 14 -- Iteration = 33 -- log likelihood = -7854.64 -- 281.142 s
k == 14 -- Iteration = 34 -- log likelihood = -7854.64 -- 284.101 s
k == 14 -- Iteration = 35 -- log likelihood = -7854.64 -- 287.083 s
k == 14 -- Iteration = 36 -- log likelihood = -7854.64 -- 289.898 s
k == 14 -- Iteration = 37 -- log likelihood = -7854.64 -- 292.632 s
k == 14 -- Iteration = 38 -- log likelihood = -7854.64 -- 295.488 s

k == 14 -- Iteration = 0 -- log likelihood = -147029 -- 186.285 s
k == 14 -- Iteration = 1 -- log likelihood = -inf -- 187.978 s
k == 14 -- Iteration = 2 -- log likelihood = -inf -- 189.417 s
k == 14 -- Iteration = 0 -- log likelihood = -7414.19 -- 183.988 s
k == 14 -- Iteration = 1 -- log likelihood = -6241.77 -- 186.77 s
k == 14 -- Iteration = 2 -- log likelihood = -6105.72 -- 189.415 s
k == 14 -- Iteration = 3 -- log likelihood = -5963.35 -- 191.976 s
k == 14 -- Iteration = 4 -- log likelihood = -5936.74 -- 194.52 s
k == 14 -- Iteration = 5 -- log likelihood = -5929.81 -- 197.036 s
k == 14 -- Iteration = 6 -- log likelihood = -5913.15 -- 199.661 s
k == 14 -- Iteration = 7 -- log likelihood = -5904.13 -- 202.229 s
k == 14 -- Iteration = 8 -- log likelihood = -5904.08 -- 204.964 s
k == 14 -- Iteration = 9 -- log likelihood = -5904.08 -- 207.573 s
k == 14 -- Iteration = 10 -- log likelihood = -5904.07 -- 210.138 s
k == 14 -- Iteration = 11 -- log likelihood = -5904.07 -- 212.722 s
k == 14 -- Iteration = 12 -- log likelihood = -5904.07 -- 215.283 s
k == 14 -- Iteration = 13 -- log likelihood = -5904.07 -- 217.911 s
k == 14 -- Iteration = 14 -- log likelihood = -5904.07 -- 220.477 s
k == 14 -- Iteration = 15 -- log likelihood = -5904.07 -- 223.102 s
k == 14 -- Iteration = 16 -- log likelihood = -5904.07 -- 225.772 s
k == 14 -- Iteration = 17 -- log likelihood = -5904.07 -- 228.273 s
k == 14 -- Iteration = 18 -- log likelihood = -5904.07 -- 230.791 s
k == 14 -- Iteration = 19 -- log likelihood = -5904.07 -- 233.332 s
k == 14 -- Iteration = 20 -- log likelihood = -5904.07 -- 235.929 s

k == 14 -- Iteration = 0 -- log likelihood = -75984.1 -- 185.721 s
k == 14 -- Iteration = 1 -- log likelihood = -inf -- 187.367 s
k == 14 -- Iteration = 2 -- log likelihood = -inf -- 188.791 s
k == 14 -- Iteration = 0 -- log likelihood = -147029 -- 185.134 s
k == 14 -- Iteration = 1 -- log likelihood = -inf -- 186.874 s
k == 14 -- Iteration = 2 -- log likelihood = -inf -- 188.264 s
k == 14 -- Iteration = 0 -- log likelihood = -147029 -- 187.073 s
k == 14 -- Iteration = 1 -- log likelihood = -inf -- 188.8 s
k == 14 -- Iteration = 2 -- log likelihood = -inf -- 190.218 s
k = 14 -- Log likelihood -5904.07 -- BIC 12375.4
k == 15 -- Iteration = 0 -- log likelihood = -75999.9 -- 186.436 s
k == 15 -- Iteration = 1 -- log likelihood = -inf -- 188.248 s
k == 15 -- Iteration = 2 -- log likelihood = -inf -- 189.84 s
k == 15 -- Iteration = 0 -- log likelihood = -75999.8 -- 190.612 s
k == 15 -- Iteration = 1 -- log likelihood = -inf -- 192.311 s
k == 15 -- Iteration = 2 -- log likelihood = -inf -- 193.955 s
k == 15 -- Iteration = 0 -- log likelihood = -147037 -- 186.741 s
k == 15 -- Iteration = 1 -- log likelihood = -inf -- 188.559 s
k == 15 -- Iteration = 2 -- log likelihood = -inf -- 190.036 s
k == 15 -- Iteration = 0 -- log likelihood = -147037 -- 185.026 s
k == 15 -- Iteration = 1 -- log likelihood = -inf -- 186.851 s
k == 15 -- Iteration = 2 -- log likelihood = -inf -- 188.315 s
k == 15 -- Iteration = 0 -- log likelihood = -147037 -- 186.17 s
k == 15 -- Iteration = 1 -- log likelihood = -inf -- 187.993 s
k == 15 -- Iteration = 2 -- log likelihood = -inf -- 189.427 s
k == 15 -- Iteration = 0 -- log likelihood = -147037 -- 183.813 s
k == 15 -- Iteration = 1 -- log likelihood = -inf -- 185.708 s
k == 15 -- Iteration = 2 -- log likelihood = -inf -- 187.28 s
k == 15 -- Iteration = 0 -- log likelihood = -76057.7 -- 185.36 s
k == 15 -- Iteration = 1 -- log likelihood = -inf -- 187.092 s
k == 15 -- Iteration = 2 -- log likelihood = -inf -- 188.631 s
k == 15 -- Iteration = 0 -- log likelihood = -147037 -- 185.465 s
k == 15 -- Iteration = 1 -- log likelihood = -inf -- 187.305 s
k == 15 -- Iteration = 2 -- log likelihood = -inf -- 188.804 s
k == 15 -- Iteration = 0 -- log likelihood = -147037 -- 187.529 s
k == 15 -- Iteration = 1 -- log likelihood = -inf -- 189.324 s
k == 15 -- Iteration = 2 -- log likelihood = -inf -- 190.848 s
k == 15 -- Iteration = 0 -- log likelihood = -147037 -- 186.046 s
k == 15 -- Iteration = 1 -- log likelihood = -inf -- 187.875 s
k == 15 -- Iteration = 2 -- log likelihood = -inf -- 189.499 s
k = 15 -- Log likelihood -1.79769e+308 -- BIC inf
k == 16 -- Iteration = 0 -- log likelihood = -76072.6 -- 187.287 s
k == 16 -- Iteration = 1 -- log likelihood = -inf -- 189.04 s
k == 16 -- Iteration = 2 -- log likelihood = -inf -- 190.907 s
k == 16 -- Iteration = 0 -- log likelihood = -75999.4 -- 191.03 s
k == 16 -- Iteration = 1 -- log likelihood = -inf -- 192.857 s
k == 16 -- Iteration = 2 -- log likelihood = -inf -- 194.658 s
k == 16 -- Iteration = 0 -- log likelihood = -147044 -- 187.36 s
k == 16 -- Iteration = 1 -- log likelihood = -inf -- 189.279 s
k == 16 -- Iteration = 2 -- log likelihood = -inf -- 190.988 s
k == 16 -- Iteration = 0 -- log likelihood = -147044 -- 185.016 s
k == 16 -- Iteration = 1 -- log likelihood = -inf -- 186.982 s
k == 16 -- Iteration = 2 -- log likelihood = -inf -- 188.767 s
k == 16 -- Iteration = 0 -- log likelihood = -147044 -- 187.207 s
k == 16 -- Iteration = 1 -- log likelihood = -inf -- 189.116 s
k == 16 -- Iteration = 2 -- log likelihood = -inf -- 190.807 s
k == 16 -- Iteration = 0 -- log likelihood = -147044 -- 184.1 s
k == 16 -- Iteration = 1 -- log likelihood = -inf -- 186.109 s
k == 16 -- Iteration = 2 -- log likelihood = -inf -- 187.749 s
k == 16 -- Iteration = 0 -- log likelihood = -76072.5 -- 185.922 s
k == 16 -- Iteration = 1 -- log likelihood = -inf -- 187.763 s
k == 16 -- Iteration = 2 -- log likelihood = -inf -- 189.378 s
k == 16 -- Iteration = 0 -- log likelihood = -147044 -- 186.121 s
k == 16 -- Iteration = 1 -- log likelihood = -inf -- 188.058 s
k == 16 -- Iteration = 2 -- log likelihood = -inf -- 189.666 s
k == 16 -- Iteration = 0 -- log likelihood = -147044 -- 188.21 s
k == 16 -- Iteration = 1 -- log likelihood = -inf -- 190.144 s
k == 16 -- Iteration = 2 -- log likelihood = -inf -- 191.855 s
k == 16 -- Iteration = 0 -- log likelihood = -147044 -- 186.503 s
k == 16 -- Iteration = 1 -- log likelihood = -inf -- 188.485 s
k == 16 -- Iteration = 2 -- log likelihood = -inf -- 190.181 s
k = 16 -- Log likelihood -1.79769e+308 -- BIC inf
k == 17 -- Iteration = 0 -- log likelihood = -76028.6 -- 187.778 s
k == 17 -- Iteration = 1 -- log likelihood = -inf -- 189.704 s
k == 17 -- Iteration = 2 -- log likelihood = -inf -- 191.435 s
k == 17 -- Iteration = 0 -- log likelihood = -76028.5 -- 191.768 s
k == 17 -- Iteration = 1 -- log likelihood = -inf -- 193.698 s
k == 17 -- Iteration = 2 -- log likelihood = -inf -- 195.406 s
k == 17 -- Iteration = 0 -- log likelihood = -147051 -- 187.733 s
k == 17 -- Iteration = 1 -- log likelihood = -inf -- 189.752 s
k == 17 -- Iteration = 2 -- log likelihood = -inf -- 191.453 s
k == 17 -- Iteration = 0 -- log likelihood = -147051 -- 185.254 s
k == 17 -- Iteration = 1 -- log likelihood = -inf -- 187.36 s
k == 17 -- Iteration = 2 -- log likelihood = -inf -- 189.251 s
k == 17 -- Iteration = 0 -- log likelihood = -147051 -- 187.732 s
k == 17 -- Iteration = 1 -- log likelihood = -inf -- 189.685 s
k == 17 -- Iteration = 2 -- log likelihood = -inf -- 191.453 s
k == 17 -- Iteration = 0 -- log likelihood = -147051 -- 185.803 s
k == 17 -- Iteration = 1 -- log likelihood = -inf -- 187.823 s
k == 17 -- Iteration = 2 -- log likelihood = -inf -- 189.583 s
k == 17 -- Iteration = 0 -- log likelihood = -76072.6 -- 187.444 s
k == 17 -- Iteration = 1 -- log likelihood = -inf -- 189.396 s
k == 17 -- Iteration = 2 -- log likelihood = -inf -- 191.149 s
k == 17 -- Iteration = 0 -- log likelihood = -147051 -- 187.825 s
k == 17 -- Iteration = 1 -- log likelihood = -inf -- 189.936 s
k == 17 -- Iteration = 2 -- log likelihood = -inf -- 191.73 s
k == 17 -- Iteration = 0 -- log likelihood = -147051 -- 188.943 s
k == 17 -- Iteration = 1 -- log likelihood = -inf -- 190.942 s
k == 17 -- Iteration = 2 -- log likelihood = -inf -- 192.686 s
k == 17 -- Iteration = 0 -- log likelihood = -147051 -- 187.574 s
k == 17 -- Iteration = 1 -- log likelihood = -inf -- 189.5 s
k == 17 -- Iteration = 2 -- log likelihood = -inf -- 191.164 s
k = 17 -- Log likelihood -1.79769e+308 -- BIC inf
k == 18 -- Iteration = 0 -- log likelihood = -76085.8 -- 187.825 s
k == 18 -- Iteration = 1 -- log likelihood = -inf -- 189.803 s
k == 18 -- Iteration = 2 -- log likelihood = -inf -- 191.7 s
k == 18 -- Iteration = 0 -- log likelihood = -76099.4 -- 191.82 s
k == 18 -- Iteration = 1 -- log likelihood = -inf -- 193.781 s
k == 18 -- Iteration = 2 -- log likelihood = -inf -- 195.659 s
k == 18 -- Iteration = 0 -- log likelihood = -147057 -- 187.792 s
k == 18 -- Iteration = 1 -- log likelihood = -inf -- 189.915 s
k == 18 -- Iteration = 2 -- log likelihood = -inf -- 191.77 s
k == 18 -- Iteration = 0 -- log likelihood = -147057 -- 185.571 s
k == 18 -- Iteration = 1 -- log likelihood = -inf -- 187.735 s
k == 18 -- Iteration = 2 -- log likelihood = -inf -- 189.683 s
k == 18 -- Iteration = 0 -- log likelihood = -147057 -- 188.251 s
k == 18 -- Iteration = 1 -- log likelihood = -inf -- 190.329 s
k == 18 -- Iteration = 2 -- log likelihood = -inf -- 192.146 s
k == 18 -- Iteration = 0 -- log likelihood = -147057 -- 184.449 s
k == 18 -- Iteration = 1 -- log likelihood = -inf -- 186.587 s
k == 18 -- Iteration = 2 -- log likelihood = -inf -- 188.479 s
k == 18 -- Iteration = 0 -- log likelihood = -76099.5 -- 186.418 s
k == 18 -- Iteration = 1 -- log likelihood = -inf -- 188.494 s
k == 18 -- Iteration = 2 -- log likelihood = -inf -- 190.322 s
k == 18 -- Iteration = 0 -- log likelihood = -147057 -- 186.789 s
k == 18 -- Iteration = 1 -- log likelihood = -inf -- 188.786 s
k == 18 -- Iteration = 2 -- log likelihood = -inf -- 190.629 s
k == 18 -- Iteration = 0 -- log likelihood = -147057 -- 188.742 s
k == 18 -- Iteration = 1 -- log likelihood = -inf -- 190.796 s
k == 18 -- Iteration = 2 -- log likelihood = -inf -- 192.555 s
k == 18 -- Iteration = 0 -- log likelihood = -147057 -- 187.032 s
k == 18 -- Iteration = 1 -- log likelihood = -inf -- 189.216 s
k == 18 -- Iteration = 2 -- log likelihood = -inf -- 191.106 s
k = 18 -- Log likelihood -1.79769e+308 -- BIC inf
k == 19 -- Iteration = 0 -- log likelihood = -76111.8 -- 188.106 s
k == 19 -- Iteration = 1 -- log likelihood = -inf -- 190.214 s
k == 19 -- Iteration = 2 -- log likelihood = -inf -- 192.074 s
k == 19 -- Iteration = 0 -- log likelihood = -76111.9 -- 192.33 s
k == 19 -- Iteration = 1 -- log likelihood = -inf -- 194.449 s
k == 19 -- Iteration = 2 -- log likelihood = -inf -- 196.348 s
k == 19 -- Iteration = 0 -- log likelihood = -147063 -- 188.346 s
k == 19 -- Iteration = 1 -- log likelihood = -inf -- 190.532 s
k == 19 -- Iteration = 2 -- log likelihood = -inf -- 192.399 s
k == 19 -- Iteration = 0 -- log likelihood = -147063 -- 185.541 s
k == 19 -- Iteration = 1 -- log likelihood = -inf -- 187.857 s
k == 19 -- Iteration = 2 -- log likelihood = -inf -- 189.776 s
k == 19 -- Iteration = 0 -- log likelihood = -147063 -- 188.142 s
k == 19 -- Iteration = 1 -- log likelihood = -inf -- 190.247 s
k == 19 -- Iteration = 2 -- log likelihood = -inf -- 192.204 s
k == 19 -- Iteration = 0 -- log likelihood = -147063 -- 185.455 s
k == 19 -- Iteration = 1 -- log likelihood = -inf -- 187.767 s
k == 19 -- Iteration = 2 -- log likelihood = -inf -- 189.657 s
k == 19 -- Iteration = 0 -- log likelihood = -76098.2 -- 186.639 s
k == 19 -- Iteration = 1 -- log likelihood = -inf -- 188.785 s
k == 19 -- Iteration = 2 -- log likelihood = -inf -- 190.749 s
k == 19 -- Iteration = 0 -- log likelihood = -147063 -- 186.989 s
k == 19 -- Iteration = 1 -- log likelihood = -inf -- 189.176 s
k == 19 -- Iteration = 2 -- log likelihood = -inf -- 191.052 s
k == 19 -- Iteration = 0 -- log likelihood = -147063 -- 189.206 s
k == 19 -- Iteration = 1 -- log likelihood = -inf -- 191.369 s
k == 19 -- Iteration = 2 -- log likelihood = -inf -- 193.272 s
k == 19 -- Iteration = 0 -- log likelihood = -147063 -- 186.876 s
k == 19 -- Iteration = 1 -- log likelihood = -inf -- 189.037 s
k == 19 -- Iteration = 2 -- log likelihood = -inf -- 190.893 s
k = 19 -- Log likelihood -1.79769e+308 -- BIC inf
k == 20 -- Iteration = 0 -- log likelihood = -76065.7 -- 187.738 s
k == 20 -- Iteration = 1 -- log likelihood = -inf -- 189.805 s
k == 20 -- Iteration = 2 -- log likelihood = -inf -- 191.856 s
k == 20 -- Iteration = 0 -- log likelihood = -76065.8 -- 192.75 s
k == 20 -- Iteration = 1 -- log likelihood = -inf -- 194.889 s
k == 20 -- Iteration = 2 -- log likelihood = -inf -- 196.852 s
k == 20 -- Iteration = 0 -- log likelihood = -147069 -- 188.92 s
k == 20 -- Iteration = 1 -- log likelihood = -inf -- 191.16 s
k == 20 -- Iteration = 2 -- log likelihood = -inf -- 193.062 s
k == 20 -- Iteration = 0 -- log likelihood = -147069 -- 185.41 s
k == 20 -- Iteration = 1 -- log likelihood = -inf -- 187.592 s
k == 20 -- Iteration = 2 -- log likelihood = -inf -- 189.649 s
k == 20 -- Iteration = 0 -- log likelihood = -147069 -- 188.586 s
k == 20 -- Iteration = 1 -- log likelihood = -inf -- 190.856 s
k == 20 -- Iteration = 2 -- log likelihood = -inf -- 192.9 s
k == 20 -- Iteration = 0 -- log likelihood = -147069 -- 185.003 s
k == 20 -- Iteration = 1 -- log likelihood = -inf -- 187.266 s
k == 20 -- Iteration = 2 -- log likelihood = -inf -- 189.352 s
k == 20 -- Iteration = 0 -- log likelihood = -76050.5 -- 186.79 s
k == 20 -- Iteration = 1 -- log likelihood = -inf -- 188.917 s
k == 20 -- Iteration = 2 -- log likelihood = -inf -- 191.037 s
k == 20 -- Iteration = 0 -- log likelihood = -147069 -- 187.775 s
k == 20 -- Iteration = 1 -- log likelihood = -inf -- 189.987 s
k == 20 -- Iteration = 2 -- log likelihood = -inf -- 191.86 s
k == 20 -- Iteration = 0 -- log likelihood = -147069 -- 189.601 s
k == 20 -- Iteration = 1 -- log likelihood = -inf -- 191.818 s
k == 20 -- Iteration = 2 -- log likelihood = -inf -- 193.749 s
k == 20 -- Iteration = 0 -- log likelihood = -147069 -- 187.694 s
k == 20 -- Iteration = 1 -- log likelihood = -inf -- 189.949 s
k == 20 -- Iteration = 2 -- log likelihood = -inf -- 191.977 s
k = 20 -- Log likelihood -1.79769e+308 -- BIC inf
