#Observations: 39882
Minimum #clusters: 1
k == 1 -- Iteration = 0 -- log likelihood = -31586.9 -- 83.0715 s
k == 1 -- Iteration = 1 -- log likelihood = -31586.9 -- 83.833 s

k == 1 -- Iteration = 0 -- log likelihood = -31586.9 -- 43.4606 s
k == 1 -- Iteration = 1 -- log likelihood = -31586.9 -- 44.2314 s

k == 1 -- Iteration = 0 -- log likelihood = -31586.9 -- 46.3727 s
k == 1 -- Iteration = 1 -- log likelihood = -31586.9 -- 47.1601 s

k == 1 -- Iteration = 0 -- log likelihood = -31586.9 -- 16.9166 s
k == 1 -- Iteration = 1 -- log likelihood = -31586.9 -- 17.6978 s

k == 1 -- Iteration = 0 -- log likelihood = -31586.9 -- 53.4711 s
k == 1 -- Iteration = 1 -- log likelihood = -31586.9 -- 54.2473 s

k == 1 -- Iteration = 0 -- log likelihood = -31368.9 -- 96.3657 s
k == 1 -- Iteration = 1 -- log likelihood = -31586.9 -- 97.1442 s
k == 1 -- Iteration = 2 -- log likelihood = -31586.9 -- 97.8521 s

k == 1 -- Iteration = 0 -- log likelihood = -31586.9 -- 98.5759 s
k == 1 -- Iteration = 1 -- log likelihood = -31586.9 -- 99.3533 s

k == 1 -- Iteration = 0 -- log likelihood = -31466.2 -- 174.154 s
k == 1 -- Iteration = 1 -- log likelihood = -31586.9 -- 174.918 s
k == 1 -- Iteration = 2 -- log likelihood = -31586.9 -- 175.63 s

k == 1 -- Iteration = 0 -- log likelihood = -31586.9 -- 164.829 s
k == 1 -- Iteration = 1 -- log likelihood = -31586.9 -- 165.596 s

k == 1 -- Iteration = 0 -- log likelihood = -31368.9 -- 59.0629 s
k == 1 -- Iteration = 1 -- log likelihood = -31586.9 -- 59.8407 s
k == 1 -- Iteration = 2 -- log likelihood = -31586.9 -- 60.5677 s

k == 1 -- Iteration = 0 -- log likelihood = -31586.9 -- 44.8265 s
k == 1 -- Iteration = 1 -- log likelihood = -31586.9 -- 45.5687 s

k == 1 -- Iteration = 0 -- log likelihood = -31233.3 -- 180.181 s
k == 1 -- Iteration = 1 -- log likelihood = -31586.9 -- 180.979 s
k == 1 -- Iteration = 2 -- log likelihood = -31586.9 -- 181.704 s

k == 1 -- Iteration = 0 -- log likelihood = -31586.9 -- 55.598 s
k == 1 -- Iteration = 1 -- log likelihood = -31586.9 -- 56.3712 s

k == 1 -- Iteration = 0 -- log likelihood = -31586.9 -- 180.203 s
k == 1 -- Iteration = 1 -- log likelihood = -31586.9 -- 181.005 s

k == 1 -- Iteration = 0 -- log likelihood = -31586.9 -- 63.5765 s
k == 1 -- Iteration = 1 -- log likelihood = -31586.9 -- 64.3484 s
k == 1 -- Iteration = 2 -- log likelihood = -31586.9 -- 65.0591 s

k == 1 -- Iteration = 0 -- log likelihood = -31586.9 -- 88.8419 s
k == 1 -- Iteration = 1 -- log likelihood = -31586.9 -- 89.6164 s

k == 1 -- Iteration = 0 -- log likelihood = -39903.1 -- 128.604 s
k == 1 -- Iteration = 1 -- log likelihood = -38675.3 -- 132.077 s
k == 1 -- Iteration = 2 -- log likelihood = -31586.9 -- 135.549 s
k == 1 -- Iteration = 3 -- log likelihood = -31586.9 -- 136.274 s

k == 1 -- Iteration = 0 -- log likelihood = -31586.9 -- 24.501 s
k == 1 -- Iteration = 1 -- log likelihood = -31586.9 -- 25.2848 s

k == 1 -- Iteration = 0 -- log likelihood = -31586.9 -- 180.179 s
k == 1 -- Iteration = 1 -- log likelihood = -31586.9 -- 180.977 s

k = 1 -- Log likelihood -31586.9 -- BIC 63237.4
k == 2 -- Iteration = 0 -- log likelihood = -25213.8 -- 180.292 s
k == 2 -- Iteration = 1 -- log likelihood = -24570.2 -- 181.249 s
k == 2 -- Iteration = 2 -- log likelihood = -24570.1 -- 182.136 s
k == 2 -- Iteration = 3 -- log likelihood = -24570.1 -- 182.99 s

k == 2 -- Iteration = 0 -- log likelihood = -25933.2 -- 180.306 s
k == 2 -- Iteration = 1 -- log likelihood = -24570.2 -- 181.258 s
k == 2 -- Iteration = 2 -- log likelihood = -24570.1 -- 182.169 s
k == 2 -- Iteration = 3 -- log likelihood = -24570.1 -- 183.135 s

k == 2 -- Iteration = 0 -- log likelihood = -28124.5 -- 180.317 s
k == 2 -- Iteration = 1 -- log likelihood = -27260.5 -- 181.305 s
k == 2 -- Iteration = 2 -- log likelihood = -27260 -- 182.241 s
k == 2 -- Iteration = 3 -- log likelihood = -27260 -- 183.158 s
k == 2 -- Iteration = 4 -- log likelihood = -27260 -- 184.078 s

k == 2 -- Iteration = 0 -- log likelihood = -26410.4 -- 180.294 s
k == 2 -- Iteration = 1 -- log likelihood = -26008.9 -- 181.266 s
k == 2 -- Iteration = 2 -- log likelihood = -26008.8 -- 182.167 s
k == 2 -- Iteration = 3 -- log likelihood = -26008.8 -- 183.065 s
k == 2 -- Iteration = 4 -- log likelihood = -26008.8 -- 183.962 s

k == 2 -- Iteration = 0 -- log likelihood = -27642.6 -- 180.36 s
k == 2 -- Iteration = 1 -- log likelihood = -27112.3 -- 181.384 s
k == 2 -- Iteration = 2 -- log likelihood = -27112.2 -- 182.337 s
k == 2 -- Iteration = 3 -- log likelihood = -27112.2 -- 183.281 s
k == 2 -- Iteration = 4 -- log likelihood = -27112.2 -- 184.217 s

k == 2 -- Iteration = 0 -- log likelihood = -28591.1 -- 180.304 s
k == 2 -- Iteration = 1 -- log likelihood = -27260.2 -- 181.304 s
k == 2 -- Iteration = 2 -- log likelihood = -27260 -- 182.251 s
k == 2 -- Iteration = 3 -- log likelihood = -27260 -- 183.193 s
k == 2 -- Iteration = 4 -- log likelihood = -27260 -- 184.147 s

k == 2 -- Iteration = 0 -- log likelihood = -25298.8 -- 180.369 s
k == 2 -- Iteration = 1 -- log likelihood = -24958 -- 181.382 s
k == 2 -- Iteration = 2 -- log likelihood = -24957.9 -- 182.338 s
k == 2 -- Iteration = 3 -- log likelihood = -24957.9 -- 183.286 s
k == 2 -- Iteration = 4 -- log likelihood = -24957.9 -- 184.236 s

k == 2 -- Iteration = 0 -- log likelihood = -28527.3 -- 180.282 s
k == 2 -- Iteration = 1 -- log likelihood = -26464 -- 184.992 s
k == 2 -- Iteration = 2 -- log likelihood = -26464 -- 188.533 s
k == 2 -- Iteration = 3 -- log likelihood = -26464 -- 192.1 s

k == 2 -- Iteration = 0 -- log likelihood = -28048.2 -- 180.417 s
k == 2 -- Iteration = 1 -- log likelihood = -27260.2 -- 181.417 s
k == 2 -- Iteration = 2 -- log likelihood = -27260 -- 182.358 s
k == 2 -- Iteration = 3 -- log likelihood = -27260 -- 183.305 s
k == 2 -- Iteration = 4 -- log likelihood = -27260 -- 184.238 s

k == 2 -- Iteration = 0 -- log likelihood = -28030.5 -- 180.356 s
k == 2 -- Iteration = 1 -- log likelihood = -27280 -- 181.357 s
k == 2 -- Iteration = 2 -- log likelihood = -27260.1 -- 182.301 s
k == 2 -- Iteration = 3 -- log likelihood = -27260 -- 183.229 s
k == 2 -- Iteration = 4 -- log likelihood = -27260 -- 184.167 s
k == 2 -- Iteration = 5 -- log likelihood = -27260 -- 185.096 s

k = 2 -- Log likelihood -24570.1 -- BIC 49235.6
k == 3 -- Iteration = 0 -- log likelihood = -23401.2 -- 180.435 s
k == 3 -- Iteration = 1 -- log likelihood = -23049.2 -- 183.9 s
k == 3 -- Iteration = 2 -- log likelihood = -22988 -- 187.543 s
k == 3 -- Iteration = 3 -- log likelihood = -22987.9 -- 190.597 s
k == 3 -- Iteration = 4 -- log likelihood = -22987.9 -- 193.584 s
k == 3 -- Iteration = 5 -- log likelihood = -22987.9 -- 196.605 s
k == 3 -- Iteration = 6 -- log likelihood = -22987.9 -- 199.574 s
k == 3 -- Iteration = 7 -- log likelihood = -22987.9 -- 202.644 s
k == 3 -- Iteration = 8 -- log likelihood = -22987.9 -- 205.683 s

k == 3 -- Iteration = 0 -- log likelihood = -25003.5 -- 180.391 s
k == 3 -- Iteration = 1 -- log likelihood = -23790.7 -- 187.193 s
k == 3 -- Iteration = 2 -- log likelihood = -23788.3 -- 192.771 s
k == 3 -- Iteration = 3 -- log likelihood = -23788.3 -- 198.272 s
k == 3 -- Iteration = 4 -- log likelihood = -23788.3 -- 203.741 s
k == 3 -- Iteration = 5 -- log likelihood = -23788.3 -- 209.052 s

k == 3 -- Iteration = 0 -- log likelihood = -25781 -- 180.491 s
k == 3 -- Iteration = 1 -- log likelihood = -25219.1 -- 184.472 s
k == 3 -- Iteration = 2 -- log likelihood = -25218.4 -- 188.126 s
k == 3 -- Iteration = 3 -- log likelihood = -25218.4 -- 191.613 s
k == 3 -- Iteration = 4 -- log likelihood = -25218.4 -- 195.148 s
k == 3 -- Iteration = 5 -- log likelihood = -25218.4 -- 198.868 s
k == 3 -- Iteration = 6 -- log likelihood = -25218.4 -- 202.539 s
k == 3 -- Iteration = 7 -- log likelihood = -25218.4 -- 206.263 s

k == 3 -- Iteration = 0 -- log likelihood = -24106 -- 180.464 s
k == 3 -- Iteration = 1 -- log likelihood = -23965.7 -- 183.748 s
k == 3 -- Iteration = 2 -- log likelihood = -23965.2 -- 186.766 s
k == 3 -- Iteration = 3 -- log likelihood = -23965.2 -- 189.984 s
k == 3 -- Iteration = 4 -- log likelihood = -23965.2 -- 193.135 s
k == 3 -- Iteration = 5 -- log likelihood = -23965.2 -- 196.279 s
k == 3 -- Iteration = 6 -- log likelihood = -23965.2 -- 199.498 s
k == 3 -- Iteration = 7 -- log likelihood = -23965.2 -- 202.582 s

k == 3 -- Iteration = 0 -- log likelihood = -27983.9 -- 180.386 s
k == 3 -- Iteration = 1 -- log likelihood = -25370.5 -- 186.095 s
k == 3 -- Iteration = 2 -- log likelihood = -25370.4 -- 191.804 s
k == 3 -- Iteration = 3 -- log likelihood = -25370.4 -- 197.39 s
k == 3 -- Iteration = 4 -- log likelihood = -25370.4 -- 202.983 s

k == 3 -- Iteration = 0 -- log likelihood = -26437.7 -- 180.47 s
k == 3 -- Iteration = 1 -- log likelihood = -25292 -- 183.887 s
k == 3 -- Iteration = 2 -- log likelihood = -25291.5 -- 187.047 s
k == 3 -- Iteration = 3 -- log likelihood = -25291.5 -- 190.239 s
k == 3 -- Iteration = 4 -- log likelihood = -25291.5 -- 193.365 s
k == 3 -- Iteration = 5 -- log likelihood = -25291.5 -- 196.423 s
k == 3 -- Iteration = 6 -- log likelihood = -25291.5 -- 199.735 s
k == 3 -- Iteration = 7 -- log likelihood = -25291.5 -- 202.986 s

k == 3 -- Iteration = 0 -- log likelihood = -24196.3 -- 180.533 s
k == 3 -- Iteration = 1 -- log likelihood = -23965.8 -- 183.804 s
k == 3 -- Iteration = 2 -- log likelihood = -23965.2 -- 186.883 s
k == 3 -- Iteration = 3 -- log likelihood = -23965.2 -- 190.039 s
k == 3 -- Iteration = 4 -- log likelihood = -23965.2 -- 193.232 s
k == 3 -- Iteration = 5 -- log likelihood = -23965.2 -- 196.354 s
k == 3 -- Iteration = 6 -- log likelihood = -23965.2 -- 199.484 s
k == 3 -- Iteration = 7 -- log likelihood = -23965.2 -- 202.656 s

k == 3 -- Iteration = 0 -- log likelihood = -25143.1 -- 180.519 s
k == 3 -- Iteration = 1 -- log likelihood = -24610.5 -- 186.824 s
k == 3 -- Iteration = 2 -- log likelihood = -24608.6 -- 192.928 s
k == 3 -- Iteration = 3 -- log likelihood = -24608.6 -- 198.668 s
k == 3 -- Iteration = 4 -- log likelihood = -24608.6 -- 204.568 s
k == 3 -- Iteration = 5 -- log likelihood = -24608.6 -- 210.146 s
k == 3 -- Iteration = 6 -- log likelihood = -24608.6 -- 216.145 s

k == 3 -- Iteration = 0 -- log likelihood = -25461.6 -- 180.66 s
k == 3 -- Iteration = 1 -- log likelihood = -25076.8 -- 184.622 s
k == 3 -- Iteration = 2 -- log likelihood = -25076.2 -- 188.18 s
k == 3 -- Iteration = 3 -- log likelihood = -25076.1 -- 191.696 s
k == 3 -- Iteration = 4 -- log likelihood = -25076.1 -- 195.235 s
k == 3 -- Iteration = 5 -- log likelihood = -25076.1 -- 198.634 s
k == 3 -- Iteration = 6 -- log likelihood = -25076.1 -- 202.12 s
k == 3 -- Iteration = 7 -- log likelihood = -25076.1 -- 205.679 s
k == 3 -- Iteration = 8 -- log likelihood = -25076.1 -- 209.065 s

k = 3 -- Log likelihood -22987.9 -- BIC 46103
k == 4 -- Iteration = 0 -- log likelihood = -23402.4 -- 180.602 s
k == 4 -- Iteration = 1 -- log likelihood = -22601.7 -- 188.679 s
k == 4 -- Iteration = 2 -- log likelihood = -22527.6 -- 197.208 s
k == 4 -- Iteration = 3 -- log likelihood = -22526.6 -- 203.883 s
k == 4 -- Iteration = 4 -- log likelihood = -22526.6 -- 210.65 s
k == 4 -- Iteration = 5 -- log likelihood = -22526.5 -- 217.492 s
k == 4 -- Iteration = 6 -- log likelihood = -22526.5 -- 224.431 s
k == 4 -- Iteration = 7 -- log likelihood = -22526.5 -- 231.062 s
k == 4 -- Iteration = 8 -- log likelihood = -22526.5 -- 237.894 s
k == 4 -- Iteration = 9 -- log likelihood = -22526.5 -- 245.043 s
k == 4 -- Iteration = 10 -- log likelihood = -22526.5 -- 251.936 s
k == 4 -- Iteration = 11 -- log likelihood = -22526.5 -- 259.297 s

k == 4 -- Iteration = 0 -- log likelihood = -22725.1 -- 180.542 s
k == 4 -- Iteration = 1 -- log likelihood = -21567.9 -- 184.976 s
k == 4 -- Iteration = 2 -- log likelihood = -21444.3 -- 188.749 s
k == 4 -- Iteration = 3 -- log likelihood = -21444 -- 192.354 s
k == 4 -- Iteration = 4 -- log likelihood = -21444 -- 195.951 s
k == 4 -- Iteration = 5 -- log likelihood = -21444 -- 199.338 s
k == 4 -- Iteration = 6 -- log likelihood = -21444 -- 202.921 s
k == 4 -- Iteration = 7 -- log likelihood = -21444 -- 206.563 s
k == 4 -- Iteration = 8 -- log likelihood = -21444 -- 210.175 s

k == 4 -- Iteration = 0 -- log likelihood = -25352.6 -- 180.634 s
k == 4 -- Iteration = 1 -- log likelihood = -24582 -- 184.212 s
k == 4 -- Iteration = 2 -- log likelihood = -24543.1 -- 187.805 s
k == 4 -- Iteration = 3 -- log likelihood = -24543 -- 191.317 s
k == 4 -- Iteration = 4 -- log likelihood = -24543 -- 194.81 s
k == 4 -- Iteration = 5 -- log likelihood = -24543 -- 198.324 s
k == 4 -- Iteration = 6 -- log likelihood = -24543 -- 201.902 s
k == 4 -- Iteration = 7 -- log likelihood = -24543 -- 205.337 s

k == 4 -- Iteration = 0 -- log likelihood = -21811.1 -- 180.611 s
k == 4 -- Iteration = 1 -- log likelihood = -21290.7 -- 184.184 s
k == 4 -- Iteration = 2 -- log likelihood = -21290.2 -- 187.678 s
k == 4 -- Iteration = 3 -- log likelihood = -21290.1 -- 190.991 s
k == 4 -- Iteration = 4 -- log likelihood = -21290.1 -- 194.305 s
k == 4 -- Iteration = 5 -- log likelihood = -21290.1 -- 197.583 s
k == 4 -- Iteration = 6 -- log likelihood = -21290.1 -- 200.916 s
k == 4 -- Iteration = 7 -- log likelihood = -21290.1 -- 204.309 s

k == 4 -- Iteration = 0 -- log likelihood = -25229.4 -- 180.574 s
k == 4 -- Iteration = 1 -- log likelihood = -24846.1 -- 187.113 s
k == 4 -- Iteration = 2 -- log likelihood = -24838.8 -- 193.587 s
k == 4 -- Iteration = 3 -- log likelihood = -24838.2 -- 199.655 s
k == 4 -- Iteration = 4 -- log likelihood = -24838.1 -- 205.464 s
k == 4 -- Iteration = 5 -- log likelihood = -24838.1 -- 211.311 s
k == 4 -- Iteration = 6 -- log likelihood = -24838.1 -- 217.622 s
k == 4 -- Iteration = 7 -- log likelihood = -24838.1 -- 223.841 s
k == 4 -- Iteration = 8 -- log likelihood = -24838.1 -- 229.32 s
k == 4 -- Iteration = 9 -- log likelihood = -24838.1 -- 234.934 s
k == 4 -- Iteration = 10 -- log likelihood = -24838.1 -- 240.382 s

k == 4 -- Iteration = 0 -- log likelihood = -25881.1 -- 180.592 s
k == 4 -- Iteration = 1 -- log likelihood = -24371.9 -- 183.883 s
k == 4 -- Iteration = 2 -- log likelihood = -24334 -- 187.211 s
k == 4 -- Iteration = 3 -- log likelihood = -24333.9 -- 190.581 s
k == 4 -- Iteration = 4 -- log likelihood = -24333.9 -- 193.749 s
k == 4 -- Iteration = 5 -- log likelihood = -24333.9 -- 197.029 s
k == 4 -- Iteration = 6 -- log likelihood = -24333.9 -- 200.472 s
k == 4 -- Iteration = 7 -- log likelihood = -24333.9 -- 203.879 s

k == 4 -- Iteration = 0 -- log likelihood = -24341.3 -- 180.699 s
k == 4 -- Iteration = 1 -- log likelihood = -23940.7 -- 185.771 s
k == 4 -- Iteration = 2 -- log likelihood = -23928.8 -- 190.807 s
k == 4 -- Iteration = 3 -- log likelihood = -23926.5 -- 195.57 s
k == 4 -- Iteration = 4 -- log likelihood = -23925.9 -- 200.086 s
k == 4 -- Iteration = 5 -- log likelihood = -23925.7 -- 204.792 s
k == 4 -- Iteration = 6 -- log likelihood = -23925.7 -- 209.619 s
k == 4 -- Iteration = 7 -- log likelihood = -23925.7 -- 214.463 s
k == 4 -- Iteration = 8 -- log likelihood = -23925.7 -- 218.93 s
k == 4 -- Iteration = 9 -- log likelihood = -23925.7 -- 223.957 s
k == 4 -- Iteration = 10 -- log likelihood = -23925.7 -- 228.54 s
k == 4 -- Iteration = 11 -- log likelihood = -23925.7 -- 233.231 s
k == 4 -- Iteration = 12 -- log likelihood = -23925.7 -- 238.107 s
k == 4 -- Iteration = 13 -- log likelihood = -23925.7 -- 242.92 s
k == 4 -- Iteration = 14 -- log likelihood = -23925.7 -- 247.572 s
k == 4 -- Iteration = 15 -- log likelihood = -23925.7 -- 252.507 s

k == 4 -- Iteration = 0 -- log likelihood = -24271 -- 180.568 s
k == 4 -- Iteration = 1 -- log likelihood = -22665.9 -- 193.616 s
k == 4 -- Iteration = 2 -- log likelihood = -21800.6 -- 206.454 s
k == 4 -- Iteration = 3 -- log likelihood = -21090.9 -- 215.518 s
k == 4 -- Iteration = 4 -- log likelihood = -20814.7 -- 224.037 s
k == 4 -- Iteration = 5 -- log likelihood = -20772.1 -- 231.916 s
k == 4 -- Iteration = 6 -- log likelihood = -20772.1 -- 239.719 s
k == 4 -- Iteration = 7 -- log likelihood = -20772.1 -- 247.066 s
k == 4 -- Iteration = 8 -- log likelihood = -20772.1 -- 254.938 s
k == 4 -- Iteration = 9 -- log likelihood = -20772.1 -- 263.501 s
k == 4 -- Iteration = 10 -- log likelihood = -20772.1 -- 271.677 s

k = 4 -- Log likelihood -20772.1 -- BIC 41703.1
k == 5 -- Iteration = 0 -- log likelihood = -22914.5 -- 180.76 s
k == 5 -- Iteration = 1 -- log likelihood = -22391.9 -- 196.189 s
k == 5 -- Iteration = 2 -- log likelihood = -22219.6 -- 210.232 s
k == 5 -- Iteration = 3 -- log likelihood = -22153.8 -- 220.534 s
k == 5 -- Iteration = 4 -- log likelihood = -22152.2 -- 231.381 s
k == 5 -- Iteration = 5 -- log likelihood = -22151.9 -- 242.241 s
k == 5 -- Iteration = 6 -- log likelihood = -22151.9 -- 252.911 s
k == 5 -- Iteration = 7 -- log likelihood = -22151.9 -- 264.311 s
k == 5 -- Iteration = 8 -- log likelihood = -22151.8 -- 275.001 s
k == 5 -- Iteration = 9 -- log likelihood = -22151.8 -- 285.657 s
k == 5 -- Iteration = 10 -- log likelihood = -22151.8 -- 295.547 s
k == 5 -- Iteration = 11 -- log likelihood = -22151.8 -- 306.368 s
k == 5 -- Iteration = 12 -- log likelihood = -22151.8 -- 316.768 s
k == 5 -- Iteration = 13 -- log likelihood = -22151.8 -- 327.727 s
k == 5 -- Iteration = 14 -- log likelihood = -22151.8 -- 339.083 s
k == 5 -- Iteration = 15 -- log likelihood = -22151.8 -- 349.957 s
k == 5 -- Iteration = 16 -- log likelihood = -22151.8 -- 360.595 s

k == 5 -- Iteration = 0 -- log likelihood = -22828.8 -- 180.637 s
k == 5 -- Iteration = 1 -- log likelihood = -21031.5 -- 186.013 s
k == 5 -- Iteration = 2 -- log likelihood = -20793.3 -- 191.574 s
k == 5 -- Iteration = 3 -- log likelihood = -20792.4 -- 197.163 s
k == 5 -- Iteration = 4 -- log likelihood = -20792.4 -- 202.34 s
k == 5 -- Iteration = 5 -- log likelihood = -20792.4 -- 207.693 s
k == 5 -- Iteration = 6 -- log likelihood = -20792.4 -- 213.288 s

k == 5 -- Iteration = 0 -- log likelihood = -24396.7 -- 180.795 s
k == 5 -- Iteration = 1 -- log likelihood = -23932.7 -- 188.536 s
k == 5 -- Iteration = 2 -- log likelihood = -23877.2 -- 195.37 s
k == 5 -- Iteration = 3 -- log likelihood = -23874.3 -- 202.335 s
k == 5 -- Iteration = 4 -- log likelihood = -23873.7 -- 208.932 s
k == 5 -- Iteration = 5 -- log likelihood = -23873.6 -- 216.304 s
k == 5 -- Iteration = 6 -- log likelihood = -23873.5 -- 223.308 s
k == 5 -- Iteration = 7 -- log likelihood = -23873.5 -- 229.902 s
k == 5 -- Iteration = 8 -- log likelihood = -23873.5 -- 236.133 s
k == 5 -- Iteration = 9 -- log likelihood = -23873.5 -- 242.034 s
k == 5 -- Iteration = 10 -- log likelihood = -23873.5 -- 248.477 s
k == 5 -- Iteration = 11 -- log likelihood = -23873.5 -- 255.014 s
k == 5 -- Iteration = 12 -- log likelihood = -23873.5 -- 261.763 s
k == 5 -- Iteration = 13 -- log likelihood = -23873.5 -- 268.462 s

k == 5 -- Iteration = 0 -- log likelihood = -20730.6 -- 180.729 s
k == 5 -- Iteration = 1 -- log likelihood = -19750.6 -- 188.478 s
k == 5 -- Iteration = 2 -- log likelihood = -19621.4 -- 196.377 s
k == 5 -- Iteration = 3 -- log likelihood = -19583.7 -- 204.129 s
k == 5 -- Iteration = 4 -- log likelihood = -19580.6 -- 212.122 s
k == 5 -- Iteration = 5 -- log likelihood = -19580 -- 219.901 s
k == 5 -- Iteration = 6 -- log likelihood = -19579.8 -- 227.655 s
k == 5 -- Iteration = 7 -- log likelihood = -19579.8 -- 234.922 s
k == 5 -- Iteration = 8 -- log likelihood = -19579.8 -- 242.152 s
k == 5 -- Iteration = 9 -- log likelihood = -19579.8 -- 249.329 s
k == 5 -- Iteration = 10 -- log likelihood = -19579.8 -- 256.013 s
k == 5 -- Iteration = 11 -- log likelihood = -19579.8 -- 263.592 s
k == 5 -- Iteration = 12 -- log likelihood = -19579.8 -- 271.212 s
k == 5 -- Iteration = 13 -- log likelihood = -19579.8 -- 278.431 s
k == 5 -- Iteration = 14 -- log likelihood = -19579.8 -- 286.017 s

k == 5 -- Iteration = 0 -- log likelihood = -21924.2 -- 180.625 s
k == 5 -- Iteration = 1 -- log likelihood = -20020.1 -- 189.815 s
k == 5 -- Iteration = 2 -- log likelihood = -19740.9 -- 198.391 s
k == 5 -- Iteration = 3 -- log likelihood = -19675 -- 206.968 s
k == 5 -- Iteration = 4 -- log likelihood = -19674.9 -- 215.148 s
k == 5 -- Iteration = 5 -- log likelihood = -19674.9 -- 223.353 s
k == 5 -- Iteration = 6 -- log likelihood = -19674.9 -- 231.633 s
k == 5 -- Iteration = 7 -- log likelihood = -19674.9 -- 240.184 s
k == 5 -- Iteration = 8 -- log likelihood = -19674.9 -- 248.28 s

k == 5 -- Iteration = 0 -- log likelihood = -25404.9 -- 180.786 s
k == 5 -- Iteration = 1 -- log likelihood = -23966.5 -- 187.07 s
k == 5 -- Iteration = 2 -- log likelihood = -23931.1 -- 193.289 s
k == 5 -- Iteration = 3 -- log likelihood = -23929.4 -- 199.32 s
k == 5 -- Iteration = 4 -- log likelihood = -23929.1 -- 205.66 s
k == 5 -- Iteration = 5 -- log likelihood = -23929.1 -- 211.643 s
k == 5 -- Iteration = 6 -- log likelihood = -23929.1 -- 217.639 s
k == 5 -- Iteration = 7 -- log likelihood = -23929.1 -- 223.849 s
k == 5 -- Iteration = 8 -- log likelihood = -23929.1 -- 230.074 s
k == 5 -- Iteration = 9 -- log likelihood = -23929.1 -- 236.001 s
k == 5 -- Iteration = 10 -- log likelihood = -23929.1 -- 242.491 s
k == 5 -- Iteration = 11 -- log likelihood = -23929.1 -- 248.884 s

k == 5 -- Iteration = 0 -- log likelihood = -23683 -- 180.868 s
k == 5 -- Iteration = 1 -- log likelihood = -22664.8 -- 185.118 s
k == 5 -- Iteration = 2 -- log likelihood = -22583.3 -- 189.497 s
k == 5 -- Iteration = 3 -- log likelihood = -22575.3 -- 194.599 s
k == 5 -- Iteration = 4 -- log likelihood = -22574 -- 199.946 s
k == 5 -- Iteration = 5 -- log likelihood = -22573.8 -- 205.572 s
k == 5 -- Iteration = 6 -- log likelihood = -22573.7 -- 211.32 s
k == 5 -- Iteration = 7 -- log likelihood = -22573.7 -- 217.087 s
k == 5 -- Iteration = 8 -- log likelihood = -22573.7 -- 222.471 s
k == 5 -- Iteration = 9 -- log likelihood = -22573.7 -- 227.952 s
k == 5 -- Iteration = 10 -- log likelihood = -22573.7 -- 233.613 s
k == 5 -- Iteration = 11 -- log likelihood = -22573.7 -- 238.746 s
k == 5 -- Iteration = 12 -- log likelihood = -22573.7 -- 243.788 s

k = 5 -- Log likelihood -19579.8 -- BIC 39350.3
k == 6 -- Iteration = 0 -- log likelihood = -22427.8 -- 180.819 s
k == 6 -- Iteration = 1 -- log likelihood = -21259 -- 187.08 s
k == 6 -- Iteration = 2 -- log likelihood = -20788.2 -- 192.249 s
k == 6 -- Iteration = 3 -- log likelihood = -20648.2 -- 196.854 s
k == 6 -- Iteration = 4 -- log likelihood = -20578.8 -- 201.325 s
k == 6 -- Iteration = 5 -- log likelihood = -20575.3 -- 205.646 s
k == 6 -- Iteration = 6 -- log likelihood = -20575.2 -- 209.836 s
k == 6 -- Iteration = 7 -- log likelihood = -20575.2 -- 213.99 s
k == 6 -- Iteration = 8 -- log likelihood = -20575.2 -- 218.521 s
k == 6 -- Iteration = 9 -- log likelihood = -20575.2 -- 222.71 s
k == 6 -- Iteration = 10 -- log likelihood = -20575.2 -- 226.922 s
k == 6 -- Iteration = 11 -- log likelihood = -20575.2 -- 231.314 s

k == 6 -- Iteration = 0 -- log likelihood = -19944.9 -- 180.741 s
k == 6 -- Iteration = 1 -- log likelihood = -19042.4 -- 190.368 s
k == 6 -- Iteration = 2 -- log likelihood = -18802.6 -- 194.575 s
k == 6 -- Iteration = 3 -- log likelihood = -18632.2 -- 198.645 s
k == 6 -- Iteration = 4 -- log likelihood = -18548.6 -- 202.467 s
k == 6 -- Iteration = 5 -- log likelihood = -18547.1 -- 206.296 s
k == 6 -- Iteration = 6 -- log likelihood = -18547.1 -- 210.002 s
k == 6 -- Iteration = 7 -- log likelihood = -18547.1 -- 213.815 s
k == 6 -- Iteration = 8 -- log likelihood = -18547.1 -- 217.824 s
k == 6 -- Iteration = 9 -- log likelihood = -18547.1 -- 221.602 s
k == 6 -- Iteration = 10 -- log likelihood = -18547.1 -- 225.323 s

k == 6 -- Iteration = 0 -- log likelihood = -21706.6 -- 180.896 s
k == 6 -- Iteration = 1 -- log likelihood = -20956.3 -- 185.851 s
k == 6 -- Iteration = 2 -- log likelihood = -20780.3 -- 190.497 s
k == 6 -- Iteration = 3 -- log likelihood = -20778.3 -- 195.337 s
k == 6 -- Iteration = 4 -- log likelihood = -20778.1 -- 199.954 s
k == 6 -- Iteration = 5 -- log likelihood = -20778.1 -- 204.607 s
k == 6 -- Iteration = 6 -- log likelihood = -20778.1 -- 209.247 s
k == 6 -- Iteration = 7 -- log likelihood = -20778.1 -- 213.976 s
k == 6 -- Iteration = 8 -- log likelihood = -20778.1 -- 218.514 s
k == 6 -- Iteration = 9 -- log likelihood = -20778.1 -- 223.275 s
k == 6 -- Iteration = 10 -- log likelihood = -20778.1 -- 228.102 s
k == 6 -- Iteration = 11 -- log likelihood = -20778.1 -- 232.769 s

k == 6 -- Iteration = 0 -- log likelihood = -20279.8 -- 180.91 s
k == 6 -- Iteration = 1 -- log likelihood = -19685.3 -- 191.499 s
k == 6 -- Iteration = 2 -- log likelihood = -19668.3 -- 203.785 s
k == 6 -- Iteration = 3 -- log likelihood = -19664.4 -- 215.52 s
k == 6 -- Iteration = 4 -- log likelihood = -19662.9 -- 225.818 s
k == 6 -- Iteration = 5 -- log likelihood = -19662.1 -- 236.578 s
k == 6 -- Iteration = 6 -- log likelihood = -19661.7 -- 246.234 s
k == 6 -- Iteration = 7 -- log likelihood = -19661.5 -- 255.867 s
k == 6 -- Iteration = 8 -- log likelihood = -19661.4 -- 265.301 s
k == 6 -- Iteration = 9 -- log likelihood = -19661.3 -- 275.381 s
k == 6 -- Iteration = 10 -- log likelihood = -19661.3 -- 285.376 s
k == 6 -- Iteration = 11 -- log likelihood = -19661.3 -- 295.66 s
k == 6 -- Iteration = 12 -- log likelihood = -19661.3 -- 305.099 s
k == 6 -- Iteration = 13 -- log likelihood = -19661.3 -- 315.108 s
k == 6 -- Iteration = 14 -- log likelihood = -19661.3 -- 324.996 s
k == 6 -- Iteration = 15 -- log likelihood = -19661.3 -- 334.802 s
k == 6 -- Iteration = 16 -- log likelihood = -19661.3 -- 344.425 s
k == 6 -- Iteration = 17 -- log likelihood = -19661.3 -- 354.382 s
k == 6 -- Iteration = 18 -- log likelihood = -19661.3 -- 364.686 s
k == 6 -- Iteration = 19 -- log likelihood = -19661.3 -- 374.811 s
k == 6 -- Iteration = 20 -- log likelihood = -19661.3 -- 385.848 s
k == 6 -- Iteration = 21 -- log likelihood = -19661.3 -- 396.53 s
k == 6 -- Iteration = 22 -- log likelihood = -19661.3 -- 407.747 s
k == 6 -- Iteration = 23 -- log likelihood = -19661.3 -- 417.097 s
k == 6 -- Iteration = 24 -- log likelihood = -19661.3 -- 426.918 s
k == 6 -- Iteration = 25 -- log likelihood = -19661.3 -- 436.676 s
k == 6 -- Iteration = 26 -- log likelihood = -19661.3 -- 446.476 s
k == 6 -- Iteration = 27 -- log likelihood = -19661.3 -- 456.064 s
k == 6 -- Iteration = 28 -- log likelihood = -19661.3 -- 466.088 s

k == 6 -- Iteration = 0 -- log likelihood = -24584.6 -- 180.817 s
k == 6 -- Iteration = 1 -- log likelihood = -23545.5 -- 191.818 s
k == 6 -- Iteration = 2 -- log likelihood = -21188.6 -- 202.79 s
k == 6 -- Iteration = 3 -- log likelihood = -20114.6 -- 212.238 s
k == 6 -- Iteration = 4 -- log likelihood = -20112.9 -- 221.613 s
k == 6 -- Iteration = 5 -- log likelihood = -20112.5 -- 230.652 s
k == 6 -- Iteration = 6 -- log likelihood = -20112.5 -- 239.595 s
k == 6 -- Iteration = 7 -- log likelihood = -20112.4 -- 247.916 s
k == 6 -- Iteration = 8 -- log likelihood = -20112.4 -- 258.59 s
k == 6 -- Iteration = 9 -- log likelihood = -20112.4 -- 267.585 s
k == 6 -- Iteration = 10 -- log likelihood = -20112.4 -- 276.633 s
k == 6 -- Iteration = 11 -- log likelihood = -20112.4 -- 285.808 s
k == 6 -- Iteration = 12 -- log likelihood = -20112.4 -- 294.423 s
k == 6 -- Iteration = 13 -- log likelihood = -20112.4 -- 302.831 s
k == 6 -- Iteration = 14 -- log likelihood = -20112.4 -- 311.621 s
k == 6 -- Iteration = 15 -- log likelihood = -20112.4 -- 321.214 s
k == 6 -- Iteration = 16 -- log likelihood = -20112.4 -- 329.587 s

k == 6 -- Iteration = 0 -- log likelihood = -25413.6 -- 180.873 s
k == 6 -- Iteration = 1 -- log likelihood = -24094.8 -- 197.155 s
k == 6 -- Iteration = 2 -- log likelihood = -24054.9 -- 212.659 s
k == 6 -- Iteration = 3 -- log likelihood = -24017.8 -- 225.17 s
k == 6 -- Iteration = 4 -- log likelihood = -23974.2 -- 238.267 s
k == 6 -- Iteration = 5 -- log likelihood = -23973.1 -- 250.621 s
k == 6 -- Iteration = 6 -- log likelihood = -23973 -- 262.864 s
k == 6 -- Iteration = 7 -- log likelihood = -23972.9 -- 275.008 s
k == 6 -- Iteration = 8 -- log likelihood = -23972.9 -- 287.378 s
k == 6 -- Iteration = 9 -- log likelihood = -23972.9 -- 299.433 s
k == 6 -- Iteration = 10 -- log likelihood = -23972.9 -- 312 s
k == 6 -- Iteration = 11 -- log likelihood = -23972.9 -- 324.763 s
k == 6 -- Iteration = 12 -- log likelihood = -23972.9 -- 339.871 s
k == 6 -- Iteration = 13 -- log likelihood = -23972.9 -- 352.506 s

k = 6 -- Log likelihood -18547.1 -- BIC 37316.7
k == 7 -- Iteration = 0 -- log likelihood = -21892.7 -- 180.956 s
k == 7 -- Iteration = 1 -- log likelihood = -20654.5 -- 199.87 s
k == 7 -- Iteration = 2 -- log likelihood = -20106.8 -- 213.907 s
k == 7 -- Iteration = 3 -- log likelihood = -19967.4 -- 226.419 s
k == 7 -- Iteration = 4 -- log likelihood = -19893.7 -- 238.906 s
k == 7 -- Iteration = 5 -- log likelihood = -19889.5 -- 252.257 s
k == 7 -- Iteration = 6 -- log likelihood = -19889.4 -- 263.185 s
k == 7 -- Iteration = 7 -- log likelihood = -19889.3 -- 273.888 s
k == 7 -- Iteration = 8 -- log likelihood = -19889.3 -- 285.455 s
k == 7 -- Iteration = 9 -- log likelihood = -19889.3 -- 296.712 s
k == 7 -- Iteration = 10 -- log likelihood = -19889.3 -- 308.448 s
k == 7 -- Iteration = 11 -- log likelihood = -19889.3 -- 320.231 s
k == 7 -- Iteration = 12 -- log likelihood = -19889.3 -- 331.932 s
k == 7 -- Iteration = 13 -- log likelihood = -19889.3 -- 343.346 s
k == 7 -- Iteration = 14 -- log likelihood = -19889.3 -- 354.92 s
k == 7 -- Iteration = 15 -- log likelihood = -19889.3 -- 366.52 s

k == 7 -- Iteration = 0 -- log likelihood = -21722.8 -- 180.962 s
k == 7 -- Iteration = 1 -- log likelihood = -20267.2 -- 202.647 s
k == 7 -- Iteration = 2 -- log likelihood = -20108.2 -- 219.037 s
k == 7 -- Iteration = 3 -- log likelihood = -20035.6 -- 234.404 s
k == 7 -- Iteration = 4 -- log likelihood = -20028.7 -- 247.842 s
k == 7 -- Iteration = 5 -- log likelihood = -20027.3 -- 262.149 s
k == 7 -- Iteration = 6 -- log likelihood = -20027 -- 277.47 s
k == 7 -- Iteration = 7 -- log likelihood = -20026.9 -- 291.012 s
k == 7 -- Iteration = 8 -- log likelihood = -20026.9 -- 305.463 s
k == 7 -- Iteration = 9 -- log likelihood = -20026.9 -- 319.567 s
k == 7 -- Iteration = 10 -- log likelihood = -20026.9 -- 334.047 s
k == 7 -- Iteration = 11 -- log likelihood = -20026.9 -- 349.3 s
k == 7 -- Iteration = 12 -- log likelihood = -20026.9 -- 363.543 s
k == 7 -- Iteration = 13 -- log likelihood = -20026.9 -- 377.948 s
k == 7 -- Iteration = 14 -- log likelihood = -20026.9 -- 391.276 s
k == 7 -- Iteration = 15 -- log likelihood = -20026.9 -- 404.284 s
k == 7 -- Iteration = 16 -- log likelihood = -20026.9 -- 418.049 s
k == 7 -- Iteration = 17 -- log likelihood = -20026.9 -- 431.298 s
k == 7 -- Iteration = 18 -- log likelihood = -20026.9 -- 446.195 s
k == 7 -- Iteration = 19 -- log likelihood = -20026.9 -- 460.189 s

k == 7 -- Iteration = 0 -- log likelihood = -19913.1 -- 180.984 s
k == 7 -- Iteration = 1 -- log likelihood = -19123.5 -- 194.908 s
k == 7 -- Iteration = 2 -- log likelihood = -19109.5 -- 206.413 s
k == 7 -- Iteration = 3 -- log likelihood = -19106.8 -- 218.791 s
k == 7 -- Iteration = 4 -- log likelihood = -19069.2 -- 230.824 s
k == 7 -- Iteration = 5 -- log likelihood = -19039.2 -- 241.468 s
k == 7 -- Iteration = 6 -- log likelihood = -19036.5 -- 253.094 s
k == 7 -- Iteration = 7 -- log likelihood = -19036 -- 263.807 s
k == 7 -- Iteration = 8 -- log likelihood = -19035.9 -- 274.214 s
k == 7 -- Iteration = 9 -- log likelihood = -19035.9 -- 285.386 s
k == 7 -- Iteration = 10 -- log likelihood = -19035.9 -- 296.337 s
k == 7 -- Iteration = 11 -- log likelihood = -19035.9 -- 307.223 s
k == 7 -- Iteration = 12 -- log likelihood = -19035.9 -- 318.506 s
k == 7 -- Iteration = 13 -- log likelihood = -19035.9 -- 330.242 s
k == 7 -- Iteration = 14 -- log likelihood = -19035.9 -- 340.261 s
k == 7 -- Iteration = 15 -- log likelihood = -19035.9 -- 350.935 s
k == 7 -- Iteration = 16 -- log likelihood = -19035.9 -- 361.42 s

k == 7 -- Iteration = 0 -- log likelihood = -22308.3 -- 181.074 s
k == 7 -- Iteration = 1 -- log likelihood = -20183.7 -- 188.939 s
k == 7 -- Iteration = 2 -- log likelihood = -20116.3 -- 196.06 s
k == 7 -- Iteration = 3 -- log likelihood = -20109.4 -- 203.141 s
k == 7 -- Iteration = 4 -- log likelihood = -20109.2 -- 210.485 s
k == 7 -- Iteration = 5 -- log likelihood = -20109.1 -- 218.074 s
k == 7 -- Iteration = 6 -- log likelihood = -20109.1 -- 225.767 s
k == 7 -- Iteration = 7 -- log likelihood = -20109.1 -- 233.438 s
k == 7 -- Iteration = 8 -- log likelihood = -20109.1 -- 240.948 s
k == 7 -- Iteration = 9 -- log likelihood = -20109.1 -- 248.936 s
k == 7 -- Iteration = 10 -- log likelihood = -20109.1 -- 256.664 s
k == 7 -- Iteration = 11 -- log likelihood = -20109.1 -- 263.841 s
k == 7 -- Iteration = 12 -- log likelihood = -20109.1 -- 270.94 s

k == 7 -- Iteration = 0 -- log likelihood = -21062.9 -- 180.916 s
k == 7 -- Iteration = 1 -- log likelihood = -19455.7 -- 198.174 s
k == 7 -- Iteration = 2 -- log likelihood = -19200.8 -- 212.455 s
k == 7 -- Iteration = 3 -- log likelihood = -19167.1 -- 227.863 s
k == 7 -- Iteration = 4 -- log likelihood = -19164 -- 240.31 s
k == 7 -- Iteration = 5 -- log likelihood = -19163.1 -- 253.267 s
k == 7 -- Iteration = 6 -- log likelihood = -19162.8 -- 265.704 s
k == 7 -- Iteration = 7 -- log likelihood = -19162.7 -- 277.718 s
k == 7 -- Iteration = 8 -- log likelihood = -19162.6 -- 290.091 s
k == 7 -- Iteration = 9 -- log likelihood = -19162.6 -- 302.851 s
k == 7 -- Iteration = 10 -- log likelihood = -19162.6 -- 315.773 s
k == 7 -- Iteration = 11 -- log likelihood = -19162.6 -- 329.21 s
k == 7 -- Iteration = 12 -- log likelihood = -19162.6 -- 342.577 s
k == 7 -- Iteration = 13 -- log likelihood = -19162.6 -- 355.121 s
k == 7 -- Iteration = 14 -- log likelihood = -19162.6 -- 367.725 s
k == 7 -- Iteration = 15 -- log likelihood = -19162.6 -- 380.501 s
k == 7 -- Iteration = 16 -- log likelihood = -19162.6 -- 394.213 s
k == 7 -- Iteration = 17 -- log likelihood = -19162.6 -- 406.844 s
k == 7 -- Iteration = 18 -- log likelihood = -19162.6 -- 419.527 s
k == 7 -- Iteration = 19 -- log likelihood = -19162.6 -- 433.029 s

k = 7 -- Log likelihood -19035.9 -- BIC 38326
k == 8 -- Iteration = 0 -- log likelihood = -21860.1 -- 181.07 s
k == 8 -- Iteration = 1 -- log likelihood = -20744.9 -- 194.14 s
k == 8 -- Iteration = 2 -- log likelihood = -20735.7 -- 208.635 s
k == 8 -- Iteration = 3 -- log likelihood = -20733.7 -- 222.002 s
k == 8 -- Iteration = 4 -- log likelihood = -20733.4 -- 236.086 s
k == 8 -- Iteration = 5 -- log likelihood = -20733.3 -- 249.432 s
k == 8 -- Iteration = 6 -- log likelihood = -20733.3 -- 263.871 s
k == 8 -- Iteration = 7 -- log likelihood = -20733.3 -- 277.57 s
k == 8 -- Iteration = 8 -- log likelihood = -20733.3 -- 293.139 s
k == 8 -- Iteration = 9 -- log likelihood = -20733.3 -- 308.082 s
k == 8 -- Iteration = 10 -- log likelihood = -20733.3 -- 322.591 s
k == 8 -- Iteration = 11 -- log likelihood = -20733.3 -- 338.09 s
k == 8 -- Iteration = 12 -- log likelihood = -20733.3 -- 352.677 s
k == 8 -- Iteration = 13 -- log likelihood = -20733.3 -- 367.11 s
k == 8 -- Iteration = 14 -- log likelihood = -20733.3 -- 380.719 s
k == 8 -- Iteration = 15 -- log likelihood = -20733.3 -- 394.672 s
k == 8 -- Iteration = 16 -- log likelihood = -20733.3 -- 407.629 s

k == 8 -- Iteration = 0 -- log likelihood = -21326.7 -- 180.873 s
k == 8 -- Iteration = 1 -- log likelihood = -20081.7 -- 191.804 s
k == 8 -- Iteration = 2 -- log likelihood = -19567 -- 201.633 s
k == 8 -- Iteration = 3 -- log likelihood = -19347 -- 210.704 s
k == 8 -- Iteration = 4 -- log likelihood = -19328.6 -- 219.118 s
k == 8 -- Iteration = 5 -- log likelihood = -19318.1 -- 227.898 s
k == 8 -- Iteration = 6 -- log likelihood = -19317.9 -- 236.385 s
k == 8 -- Iteration = 7 -- log likelihood = -19317.9 -- 244.993 s
k == 8 -- Iteration = 8 -- log likelihood = -19317.9 -- 254.449 s
k == 8 -- Iteration = 9 -- log likelihood = -19317.9 -- 264.083 s
k == 8 -- Iteration = 10 -- log likelihood = -19317.9 -- 273.963 s

k == 8 -- Iteration = 0 -- log likelihood = -25279.1 -- 181.142 s
k == 8 -- Iteration = 1 -- log likelihood = -23689.2 -- 195.878 s
k == 8 -- Iteration = 2 -- log likelihood = -23596.9 -- 206.626 s
k == 8 -- Iteration = 3 -- log likelihood = -23593.3 -- 216.299 s
k == 8 -- Iteration = 4 -- log likelihood = -23592.9 -- 225.784 s
k == 8 -- Iteration = 5 -- log likelihood = -23592.9 -- 235.072 s
k == 8 -- Iteration = 6 -- log likelihood = -23592.8 -- 244.804 s
k == 8 -- Iteration = 7 -- log likelihood = -23592.8 -- 253.968 s
k == 8 -- Iteration = 8 -- log likelihood = -23592.8 -- 263.351 s
k == 8 -- Iteration = 9 -- log likelihood = -23592.8 -- 273.069 s
k == 8 -- Iteration = 10 -- log likelihood = -23592.8 -- 282.679 s
k == 8 -- Iteration = 11 -- log likelihood = -23592.8 -- 292.048 s

k == 8 -- Iteration = 0 -- log likelihood = -21798.2 -- 181.096 s
k == 8 -- Iteration = 1 -- log likelihood = -21204 -- 192.455 s
k == 8 -- Iteration = 2 -- log likelihood = -21019.6 -- 203.146 s
k == 8 -- Iteration = 3 -- log likelihood = -20995.9 -- 212.388 s
k == 8 -- Iteration = 4 -- log likelihood = -20991.7 -- 222.774 s
k == 8 -- Iteration = 5 -- log likelihood = -20990.4 -- 232.678 s
k == 8 -- Iteration = 6 -- log likelihood = -20990 -- 242.789 s
k == 8 -- Iteration = 7 -- log likelihood = -20989.8 -- 253.019 s
k == 8 -- Iteration = 8 -- log likelihood = -20989.7 -- 263.814 s
k == 8 -- Iteration = 9 -- log likelihood = -20989.7 -- 274.005 s
k == 8 -- Iteration = 10 -- log likelihood = -20989.7 -- 284.079 s
k == 8 -- Iteration = 11 -- log likelihood = -20989.7 -- 293.711 s
k == 8 -- Iteration = 12 -- log likelihood = -20989.7 -- 304.29 s
k == 8 -- Iteration = 13 -- log likelihood = -20989.7 -- 314.802 s
k == 8 -- Iteration = 14 -- log likelihood = -20989.7 -- 325.017 s
k == 8 -- Iteration = 15 -- log likelihood = -20989.7 -- 335.47 s
k == 8 -- Iteration = 16 -- log likelihood = -20989.7 -- 346.257 s
k == 8 -- Iteration = 17 -- log likelihood = -20989.7 -- 356.713 s
k == 8 -- Iteration = 18 -- log likelihood = -20989.7 -- 367.302 s
k == 8 -- Iteration = 19 -- log likelihood = -20989.7 -- 377.47 s
k == 8 -- Iteration = 20 -- log likelihood = -20989.7 -- 387.859 s
k == 8 -- Iteration = 21 -- log likelihood = -20989.7 -- 397.875 s
k == 8 -- Iteration = 22 -- log likelihood = -20989.7 -- 407.415 s
k == 8 -- Iteration = 23 -- log likelihood = -20989.7 -- 417.12 s

k == 8 -- Iteration = 0 -- log likelihood = -20671.1 -- 180.98 s
k == 8 -- Iteration = 1 -- log likelihood = -19491.3 -- 212.817 s
k == 8 -- Iteration = 2 -- log likelihood = -19443.9 -- 232.813 s
k == 8 -- Iteration = 3 -- log likelihood = -19442.5 -- 252.183 s
k == 8 -- Iteration = 4 -- log likelihood = -19442 -- 272.544 s
k == 8 -- Iteration = 5 -- log likelihood = -19441.9 -- 292.734 s
k == 8 -- Iteration = 6 -- log likelihood = -19441.8 -- 315.344 s
k == 8 -- Iteration = 7 -- log likelihood = -19441.7 -- 337.419 s
k == 8 -- Iteration = 8 -- log likelihood = -19441.7 -- 356.991 s
k == 8 -- Iteration = 9 -- log likelihood = -19441.7 -- 376.632 s
k == 8 -- Iteration = 10 -- log likelihood = -19441.7 -- 396.123 s
k == 8 -- Iteration = 11 -- log likelihood = -19441.7 -- 415.602 s
k == 8 -- Iteration = 12 -- log likelihood = -19441.7 -- 434.642 s
k == 8 -- Iteration = 13 -- log likelihood = -19441.7 -- 453.954 s
k == 8 -- Iteration = 14 -- log likelihood = -19441.7 -- 473.467 s
k == 8 -- Iteration = 15 -- log likelihood = -19441.7 -- 492.116 s
k == 8 -- Iteration = 16 -- log likelihood = -19441.7 -- 513.141 s
k == 8 -- Iteration = 17 -- log likelihood = -19441.7 -- 534.962 s
k == 8 -- Iteration = 18 -- log likelihood = -19441.7 -- 555.443 s
k == 8 -- Iteration = 19 -- log likelihood = -19441.7 -- 574.709 s

k = 8 -- Log likelihood -19317.9 -- BIC 38921.8
k == 9 -- Iteration = 0 -- log likelihood = -21320.1 -- 181.142 s
k == 9 -- Iteration = 1 -- log likelihood = -19604.5 -- 192.675 s
k == 9 -- Iteration = 2 -- log likelihood = -19054.9 -- 205.423 s
k == 9 -- Iteration = 3 -- log likelihood = -18728.4 -- 218.536 s
k == 9 -- Iteration = 4 -- log likelihood = -18624.4 -- 230.352 s
k == 9 -- Iteration = 5 -- log likelihood = -18540.3 -- 240.691 s
k == 9 -- Iteration = 6 -- log likelihood = -18486.2 -- 252.422 s
k == 9 -- Iteration = 7 -- log likelihood = -18483.8 -- 264.09 s
k == 9 -- Iteration = 8 -- log likelihood = -18483.4 -- 276.532 s
k == 9 -- Iteration = 9 -- log likelihood = -18483.3 -- 287.805 s
k == 9 -- Iteration = 10 -- log likelihood = -18483.3 -- 298.552 s
k == 9 -- Iteration = 11 -- log likelihood = -18483.3 -- 310.296 s
k == 9 -- Iteration = 12 -- log likelihood = -18483.3 -- 322.03 s
k == 9 -- Iteration = 13 -- log likelihood = -18483.3 -- 333.512 s
k == 9 -- Iteration = 14 -- log likelihood = -18483.3 -- 344.934 s
k == 9 -- Iteration = 15 -- log likelihood = -18483.3 -- 356.892 s
k == 9 -- Iteration = 16 -- log likelihood = -18483.3 -- 368.846 s

k == 9 -- Iteration = 0 -- log likelihood = -21107.9 -- 181.126 s
k == 9 -- Iteration = 1 -- log likelihood = -20060.8 -- 205.567 s
k == 9 -- Iteration = 2 -- log likelihood = -19973.3 -- 224.036 s
k == 9 -- Iteration = 3 -- log likelihood = -19968.8 -- 243.908 s
k == 9 -- Iteration = 4 -- log likelihood = -19967.9 -- 263.061 s
k == 9 -- Iteration = 5 -- log likelihood = -19967.7 -- 282.59 s
k == 9 -- Iteration = 6 -- log likelihood = -19967.6 -- 301.361 s
k == 9 -- Iteration = 7 -- log likelihood = -19967.6 -- 321.595 s
k == 9 -- Iteration = 8 -- log likelihood = -19967.6 -- 344.789 s
k == 9 -- Iteration = 9 -- log likelihood = -19967.6 -- 366.14 s
k == 9 -- Iteration = 10 -- log likelihood = -19967.6 -- 385.811 s
k == 9 -- Iteration = 11 -- log likelihood = -19967.6 -- 405.027 s
k == 9 -- Iteration = 12 -- log likelihood = -19967.6 -- 423.438 s
k == 9 -- Iteration = 13 -- log likelihood = -19967.6 -- 441.379 s
k == 9 -- Iteration = 14 -- log likelihood = -19967.6 -- 460.396 s
k == 9 -- Iteration = 15 -- log likelihood = -19967.6 -- 481.08 s

k == 9 -- Iteration = 0 -- log likelihood = -24681.9 -- 181.358 s
k == 9 -- Iteration = 1 -- log likelihood = -23345.6 -- 198.997 s
k == 9 -- Iteration = 2 -- log likelihood = -22953.9 -- 214.789 s
k == 9 -- Iteration = 3 -- log likelihood = -22905 -- 229.894 s
k == 9 -- Iteration = 4 -- log likelihood = -22903 -- 244.433 s
k == 9 -- Iteration = 5 -- log likelihood = -22902.2 -- 257.814 s
k == 9 -- Iteration = 6 -- log likelihood = -22901.9 -- 271.472 s
k == 9 -- Iteration = 7 -- log likelihood = -22901.6 -- 286.302 s
k == 9 -- Iteration = 8 -- log likelihood = -22901.5 -- 300.024 s
k == 9 -- Iteration = 9 -- log likelihood = -22901.4 -- 312.942 s
k == 9 -- Iteration = 10 -- log likelihood = -22901.4 -- 326.739 s
k == 9 -- Iteration = 11 -- log likelihood = -22901.3 -- 340.345 s
k == 9 -- Iteration = 12 -- log likelihood = -22901.3 -- 354.863 s
k == 9 -- Iteration = 13 -- log likelihood = -22901.3 -- 368.652 s
k == 9 -- Iteration = 14 -- log likelihood = -22901.3 -- 383.113 s
k == 9 -- Iteration = 15 -- log likelihood = -22901.3 -- 396.806 s
k == 9 -- Iteration = 16 -- log likelihood = -22901.3 -- 411.425 s
k == 9 -- Iteration = 17 -- log likelihood = -22901.3 -- 426.428 s
k == 9 -- Iteration = 18 -- log likelihood = -22901.3 -- 440.126 s
k == 9 -- Iteration = 19 -- log likelihood = -22901.3 -- 454.981 s
k == 9 -- Iteration = 20 -- log likelihood = -22901.3 -- 470.401 s
k == 9 -- Iteration = 21 -- log likelihood = -22901.3 -- 484.524 s
k == 9 -- Iteration = 22 -- log likelihood = -22901.3 -- 498.002 s
k == 9 -- Iteration = 23 -- log likelihood = -22901.3 -- 511.703 s
k == 9 -- Iteration = 24 -- log likelihood = -22901.3 -- 526.154 s
k == 9 -- Iteration = 25 -- log likelihood = -22901.3 -- 539.335 s
k == 9 -- Iteration = 26 -- log likelihood = -22901.3 -- 553.247 s
k == 9 -- Iteration = 27 -- log likelihood = -22901.3 -- 567.395 s
k == 9 -- Iteration = 28 -- log likelihood = -22901.3 -- 580.592 s
k == 9 -- Iteration = 29 -- log likelihood = -22901.3 -- 594.026 s
k == 9 -- Iteration = 30 -- log likelihood = -22901.3 -- 607.999 s
k == 9 -- Iteration = 31 -- log likelihood = -22901.3 -- 621.845 s
k == 9 -- Iteration = 32 -- log likelihood = -22901.3 -- 635.609 s
k == 9 -- Iteration = 33 -- log likelihood = -22901.3 -- 650.213 s
k == 9 -- Iteration = 34 -- log likelihood = -22901.3 -- 664.871 s

k == 9 -- Iteration = 0 -- log likelihood = -20226.9 -- 181.231 s
k == 9 -- Iteration = 1 -- log likelihood = -19399.1 -- 202.255 s
k == 9 -- Iteration = 2 -- log likelihood = -19331.3 -- 219.398 s
k == 9 -- Iteration = 3 -- log likelihood = -19325 -- 234.469 s
k == 9 -- Iteration = 4 -- log likelihood = -19323.3 -- 249.391 s
k == 9 -- Iteration = 5 -- log likelihood = -19322.8 -- 265.896 s
k == 9 -- Iteration = 6 -- log likelihood = -19322.6 -- 282.356 s
k == 9 -- Iteration = 7 -- log likelihood = -19322.5 -- 298.509 s
k == 9 -- Iteration = 8 -- log likelihood = -19322.4 -- 313.686 s
k == 9 -- Iteration = 9 -- log likelihood = -19322.4 -- 327.834 s
k == 9 -- Iteration = 10 -- log likelihood = -19322.4 -- 344.69 s
k == 9 -- Iteration = 11 -- log likelihood = -19322.4 -- 359.66 s
k == 9 -- Iteration = 12 -- log likelihood = -19322.4 -- 376.586 s
k == 9 -- Iteration = 13 -- log likelihood = -19322.4 -- 392.717 s
k == 9 -- Iteration = 14 -- log likelihood = -19322.4 -- 408.514 s
k == 9 -- Iteration = 15 -- log likelihood = -19322.4 -- 423.871 s
k == 9 -- Iteration = 16 -- log likelihood = -19322.4 -- 439.667 s
k == 9 -- Iteration = 17 -- log likelihood = -19322.4 -- 456.719 s
k == 9 -- Iteration = 18 -- log likelihood = -19322.4 -- 472.157 s
k == 9 -- Iteration = 19 -- log likelihood = -19322.4 -- 487.992 s
k == 9 -- Iteration = 20 -- log likelihood = -19322.4 -- 503.971 s
k == 9 -- Iteration = 21 -- log likelihood = -19322.4 -- 520.073 s
k == 9 -- Iteration = 22 -- log likelihood = -19322.4 -- 536.61 s

k = 9 -- Log likelihood -18483.3 -- BIC 37284.4
k == 10 -- Iteration = 0 -- log likelihood = -22138.2 -- 181.288 s
k == 10 -- Iteration = 1 -- log likelihood = -20614.6 -- 201.645 s
k == 10 -- Iteration = 2 -- log likelihood = -20105.4 -- 222.53 s
k == 10 -- Iteration = 3 -- log likelihood = -19578.3 -- 245.776 s
k == 10 -- Iteration = 4 -- log likelihood = -19480.9 -- 267.64 s
k == 10 -- Iteration = 5 -- log likelihood = -19461.4 -- 289.576 s
k == 10 -- Iteration = 6 -- log likelihood = -19458 -- 312.024 s
k == 10 -- Iteration = 7 -- log likelihood = -19457.4 -- 333.41 s
k == 10 -- Iteration = 8 -- log likelihood = -19457.2 -- 354.439 s
k == 10 -- Iteration = 9 -- log likelihood = -19457.1 -- 376.063 s
k == 10 -- Iteration = 10 -- log likelihood = -19457.1 -- 395.205 s
k == 10 -- Iteration = 11 -- log likelihood = -19457.1 -- 415.652 s
k == 10 -- Iteration = 12 -- log likelihood = -19457.1 -- 437.906 s
k == 10 -- Iteration = 13 -- log likelihood = -19457.1 -- 459.431 s
k == 10 -- Iteration = 14 -- log likelihood = -19457.1 -- 481.123 s
k == 10 -- Iteration = 15 -- log likelihood = -19457.1 -- 504.72 s
k == 10 -- Iteration = 16 -- log likelihood = -19457.1 -- 526.41 s
k == 10 -- Iteration = 17 -- log likelihood = -19457.1 -- 546.445 s
k == 10 -- Iteration = 18 -- log likelihood = -19457.1 -- 567.291 s
k == 10 -- Iteration = 19 -- log likelihood = -19457.1 -- 586.008 s
k == 10 -- Iteration = 20 -- log likelihood = -19457.1 -- 604.572 s
k == 10 -- Iteration = 21 -- log likelihood = -19457.1 -- 625.358 s
k == 10 -- Iteration = 22 -- log likelihood = -19457.1 -- 647.952 s
k == 10 -- Iteration = 23 -- log likelihood = -19457.1 -- 670.921 s
k == 10 -- Iteration = 24 -- log likelihood = -19457.1 -- 693.259 s
k == 10 -- Iteration = 25 -- log likelihood = -19457.1 -- 715.428 s
k == 10 -- Iteration = 26 -- log likelihood = -19457.1 -- 737.25 s

k == 10 -- Iteration = 0 -- log likelihood = -19175.6 -- 181.219 s
k == 10 -- Iteration = 1 -- log likelihood = -18171.8 -- 205.728 s
k == 10 -- Iteration = 2 -- log likelihood = -17991.1 -- 225.59 s
k == 10 -- Iteration = 3 -- log likelihood = -17767.1 -- 246.21 s
k == 10 -- Iteration = 4 -- log likelihood = -17649.6 -- 261.825 s
k == 10 -- Iteration = 5 -- log likelihood = -17591.7 -- 278.366 s
k == 10 -- Iteration = 6 -- log likelihood = -17571.2 -- 297.393 s
k == 10 -- Iteration = 7 -- log likelihood = -17571.1 -- 315.304 s
k == 10 -- Iteration = 8 -- log likelihood = -17571.1 -- 332.937 s
k == 10 -- Iteration = 9 -- log likelihood = -17571.1 -- 348.402 s
k == 10 -- Iteration = 10 -- log likelihood = -17571.1 -- 363.576 s
k == 10 -- Iteration = 11 -- log likelihood = -17560.9 -- 379.345 s
k == 10 -- Iteration = 12 -- log likelihood = -17560.2 -- 395.609 s
k == 10 -- Iteration = 13 -- log likelihood = -17560 -- 410.607 s
k == 10 -- Iteration = 14 -- log likelihood = -17559.9 -- 425.259 s
k == 10 -- Iteration = 15 -- log likelihood = -17559.9 -- 440.207 s
k == 10 -- Iteration = 16 -- log likelihood = -17559.9 -- 455.649 s
k == 10 -- Iteration = 17 -- log likelihood = -17559.9 -- 470.928 s
k == 10 -- Iteration = 18 -- log likelihood = -17559.9 -- 486.862 s
k == 10 -- Iteration = 19 -- log likelihood = -17559.9 -- 504.322 s
k == 10 -- Iteration = 20 -- log likelihood = -17559.9 -- 522.394 s
k == 10 -- Iteration = 21 -- log likelihood = -17559.9 -- 539.216 s
k == 10 -- Iteration = 22 -- log likelihood = -17559.9 -- 555.462 s
k == 10 -- Iteration = 23 -- log likelihood = -17559.9 -- 570.638 s

k == 10 -- Iteration = 0 -- log likelihood = -25697.6 -- 181.429 s
k == 10 -- Iteration = 1 -- log likelihood = -24538 -- 211.418 s
k == 10 -- Iteration = 2 -- log likelihood = -22893 -- 234.461 s
k == 10 -- Iteration = 3 -- log likelihood = -20288.8 -- 255.319 s
k == 10 -- Iteration = 4 -- log likelihood = -19853.1 -- 276.038 s
k == 10 -- Iteration = 5 -- log likelihood = -19840.9 -- 295.549 s
k == 10 -- Iteration = 6 -- log likelihood = -19837.7 -- 315.237 s
k == 10 -- Iteration = 7 -- log likelihood = -19837.6 -- 337.687 s
k == 10 -- Iteration = 8 -- log likelihood = -19837.6 -- 358.586 s
k == 10 -- Iteration = 9 -- log likelihood = -19837.6 -- 379.784 s
k == 10 -- Iteration = 10 -- log likelihood = -19837.5 -- 399.979 s
k == 10 -- Iteration = 11 -- log likelihood = -19837.5 -- 420.348 s
k == 10 -- Iteration = 12 -- log likelihood = -19837.5 -- 440.163 s
k == 10 -- Iteration = 13 -- log likelihood = -19837.5 -- 460.39 s
k == 10 -- Iteration = 14 -- log likelihood = -19837.5 -- 480.759 s
k == 10 -- Iteration = 15 -- log likelihood = -19837.5 -- 501.486 s
k == 10 -- Iteration = 16 -- log likelihood = -19837.5 -- 521.913 s
k == 10 -- Iteration = 17 -- log likelihood = -19837.5 -- 541.913 s

k = 10 -- Log likelihood -17559.9 -- BIC 35469.4
k == 11 -- Iteration = 0 -- log likelihood = -21003.8 -- 181.488 s
k == 11 -- Iteration = 1 -- log likelihood = -19345.1 -- 214.871 s
k == 11 -- Iteration = 2 -- log likelihood = -18782.1 -- 243.318 s
k == 11 -- Iteration = 3 -- log likelihood = -18474.2 -- 269.371 s
k == 11 -- Iteration = 4 -- log likelihood = -18368.7 -- 296.946 s
k == 11 -- Iteration = 5 -- log likelihood = -18291.6 -- 324.793 s
k == 11 -- Iteration = 6 -- log likelihood = -18289.9 -- 349.13 s
k == 11 -- Iteration = 7 -- log likelihood = -18289.3 -- 372.635 s
k == 11 -- Iteration = 8 -- log likelihood = -18289.1 -- 397.606 s
k == 11 -- Iteration = 9 -- log likelihood = -18289 -- 421.766 s
k == 11 -- Iteration = 10 -- log likelihood = -18288.9 -- 444.05 s
k == 11 -- Iteration = 11 -- log likelihood = -18288.9 -- 464.913 s
k == 11 -- Iteration = 12 -- log likelihood = -18288.8 -- 489.174 s
k == 11 -- Iteration = 13 -- log likelihood = -18288.8 -- 512.291 s
k == 11 -- Iteration = 14 -- log likelihood = -18288.8 -- 535.177 s
k == 11 -- Iteration = 15 -- log likelihood = -18288.8 -- 559.879 s
k == 11 -- Iteration = 16 -- log likelihood = -18288.8 -- 583.922 s
k == 11 -- Iteration = 17 -- log likelihood = -18288.8 -- 608.718 s
k == 11 -- Iteration = 18 -- log likelihood = -18288.8 -- 631.182 s
k == 11 -- Iteration = 19 -- log likelihood = -18288.8 -- 651.103 s
k == 11 -- Iteration = 20 -- log likelihood = -18288.8 -- 673.257 s
k == 11 -- Iteration = 21 -- log likelihood = -18288.8 -- 697.924 s
k == 11 -- Iteration = 22 -- log likelihood = -18288.8 -- 720.582 s
k == 11 -- Iteration = 23 -- log likelihood = -18288.8 -- 741.818 s
k == 11 -- Iteration = 24 -- log likelihood = -18288.8 -- 763.848 s
k == 11 -- Iteration = 25 -- log likelihood = -18288.8 -- 788.105 s
k == 11 -- Iteration = 26 -- log likelihood = -18288.8 -- 812.804 s
k == 11 -- Iteration = 27 -- log likelihood = -18288.8 -- 834.761 s
k == 11 -- Iteration = 28 -- log likelihood = -18288.8 -- 858.351 s
k == 11 -- Iteration = 29 -- log likelihood = -18288.8 -- 883.822 s
k == 11 -- Iteration = 30 -- log likelihood = -18288.8 -- 906.889 s
k == 11 -- Iteration = 31 -- log likelihood = -18288.8 -- 930.537 s
k == 11 -- Iteration = 32 -- log likelihood = -18288.8 -- 951.483 s

k == 11 -- Iteration = 0 -- log likelihood = -20058.6 -- 181.335 s
k == 11 -- Iteration = 1 -- log likelihood = -18811.5 -- 212.445 s
k == 11 -- Iteration = 2 -- log likelihood = -18716.4 -- 238.203 s
k == 11 -- Iteration = 3 -- log likelihood = -18635.7 -- 266.116 s
k == 11 -- Iteration = 4 -- log likelihood = -18598.8 -- 295.002 s
k == 11 -- Iteration = 5 -- log likelihood = -18595.7 -- 319.711 s
k == 11 -- Iteration = 6 -- log likelihood = -18594.9 -- 345.135 s
k == 11 -- Iteration = 7 -- log likelihood = -18594.6 -- 371.971 s
k == 11 -- Iteration = 8 -- log likelihood = -18594.4 -- 397.687 s
k == 11 -- Iteration = 9 -- log likelihood = -18594.3 -- 425.269 s
k == 11 -- Iteration = 10 -- log likelihood = -18594.2 -- 452.071 s
k == 11 -- Iteration = 11 -- log likelihood = -18594.2 -- 479.014 s
k == 11 -- Iteration = 12 -- log likelihood = -18594.2 -- 507.377 s
k == 11 -- Iteration = 13 -- log likelihood = -18594.1 -- 533.394 s
k == 11 -- Iteration = 14 -- log likelihood = -18594.1 -- 560.574 s
k == 11 -- Iteration = 15 -- log likelihood = -18594.1 -- 586.198 s
k == 11 -- Iteration = 16 -- log likelihood = -18594.1 -- 610.316 s
k == 11 -- Iteration = 17 -- log likelihood = -18594.1 -- 636.306 s
k == 11 -- Iteration = 18 -- log likelihood = -18594.1 -- 659.534 s
k == 11 -- Iteration = 19 -- log likelihood = -18594.1 -- 686.219 s
k == 11 -- Iteration = 20 -- log likelihood = -18594.1 -- 710.564 s
k == 11 -- Iteration = 21 -- log likelihood = -18594.1 -- 737.223 s
k == 11 -- Iteration = 22 -- log likelihood = -18594.1 -- 760.952 s
k == 11 -- Iteration = 23 -- log likelihood = -18594.1 -- 784.9 s
k == 11 -- Iteration = 24 -- log likelihood = -18594.1 -- 808.165 s
k == 11 -- Iteration = 25 -- log likelihood = -18594.1 -- 832.094 s
k == 11 -- Iteration = 26 -- log likelihood = -18594.1 -- 857.668 s
k == 11 -- Iteration = 27 -- log likelihood = -18594.1 -- 883.175 s
k == 11 -- Iteration = 28 -- log likelihood = -18594.1 -- 907.823 s
k == 11 -- Iteration = 29 -- log likelihood = -18594.1 -- 933.099 s
k == 11 -- Iteration = 30 -- log likelihood = -18594.1 -- 958.847 s
k == 11 -- Iteration = 31 -- log likelihood = -18594.1 -- 984.584 s
k == 11 -- Iteration = 32 -- log likelihood = -18594.1 -- 1010.48 s
k == 11 -- Iteration = 33 -- log likelihood = -18594.1 -- 1035.65 s
k == 11 -- Iteration = 34 -- log likelihood = -18594.1 -- 1059.52 s
k == 11 -- Iteration = 35 -- log likelihood = -18594.1 -- 1084.14 s
k == 11 -- Iteration = 36 -- log likelihood = -18594.1 -- 1107.2 s
k == 11 -- Iteration = 37 -- log likelihood = -18594.1 -- 1133.33 s
k == 11 -- Iteration = 38 -- log likelihood = -18594.1 -- 1162.75 s
k == 11 -- Iteration = 39 -- log likelihood = -18594.1 -- 1190.58 s

k = 11 -- Log likelihood -18288.8 -- BIC 36959
k == 12 -- Iteration = 0 -- log likelihood = -21771 -- 181.641 s
k == 12 -- Iteration = 1 -- log likelihood = -20399.5 -- 224.352 s
k == 12 -- Iteration = 2 -- log likelihood = -19748.7 -- 260.177 s
k == 12 -- Iteration = 3 -- log likelihood = -19428.2 -- 292.899 s
k == 12 -- Iteration = 4 -- log likelihood = -19347 -- 322.389 s
k == 12 -- Iteration = 5 -- log likelihood = -19346.2 -- 355.824 s
k == 12 -- Iteration = 6 -- log likelihood = -19345.9 -- 388.871 s
k == 12 -- Iteration = 7 -- log likelihood = -19345.7 -- 422.305 s
k == 12 -- Iteration = 8 -- log likelihood = -19345.6 -- 454.776 s
k == 12 -- Iteration = 9 -- log likelihood = -19345.6 -- 488.255 s
k == 12 -- Iteration = 10 -- log likelihood = -19345.6 -- 516.999 s
k == 12 -- Iteration = 11 -- log likelihood = -19345.6 -- 547.402 s
k == 12 -- Iteration = 12 -- log likelihood = -19345.6 -- 582.139 s
k == 12 -- Iteration = 13 -- log likelihood = -19345.6 -- 616.495 s
k == 12 -- Iteration = 14 -- log likelihood = -19345.6 -- 647.764 s
k == 12 -- Iteration = 15 -- log likelihood = -19345.6 -- 679.516 s
k == 12 -- Iteration = 16 -- log likelihood = -19345.6 -- 709.096 s
k == 12 -- Iteration = 17 -- log likelihood = -19345.6 -- 741.535 s
k == 12 -- Iteration = 18 -- log likelihood = -19345.6 -- 777.363 s
k == 12 -- Iteration = 19 -- log likelihood = -19345.6 -- 808.883 s
k == 12 -- Iteration = 20 -- log likelihood = -19345.6 -- 843.179 s
k == 12 -- Iteration = 21 -- log likelihood = -19345.6 -- 874.111 s
k == 12 -- Iteration = 22 -- log likelihood = -19345.6 -- 905.649 s
k == 12 -- Iteration = 23 -- log likelihood = -19345.6 -- 935.804 s
k == 12 -- Iteration = 24 -- log likelihood = -19345.6 -- 968.272 s
k == 12 -- Iteration = 25 -- log likelihood = -19345.6 -- 1001.39 s
k == 12 -- Iteration = 26 -- log likelihood = -19345.6 -- 1035.21 s
k == 12 -- Iteration = 27 -- log likelihood = -19345.6 -- 1067.81 s
k == 12 -- Iteration = 28 -- log likelihood = -19345.6 -- 1100.57 s
k == 12 -- Iteration = 29 -- log likelihood = -19345.6 -- 1132.29 s
k == 12 -- Iteration = 30 -- log likelihood = -19345.6 -- 1163.78 s

k == 12 -- Iteration = 0 -- log likelihood = -19355 -- 181.446 s
k == 12 -- Iteration = 1 -- log likelihood = -18849.7 -- 202.938 s
k == 12 -- Iteration = 2 -- log likelihood = -18812.9 -- 225.94 s
k == 12 -- Iteration = 3 -- log likelihood = -18804.5 -- 248.04 s
k == 12 -- Iteration = 4 -- log likelihood = -18802 -- 271.981 s
k == 12 -- Iteration = 5 -- log likelihood = -18801.1 -- 295.718 s
k == 12 -- Iteration = 6 -- log likelihood = -18800.8 -- 317.457 s
k == 12 -- Iteration = 7 -- log likelihood = -18800.7 -- 339.672 s
k == 12 -- Iteration = 8 -- log likelihood = -18800.7 -- 360.52 s
k == 12 -- Iteration = 9 -- log likelihood = -18800.6 -- 384.378 s
k == 12 -- Iteration = 10 -- log likelihood = -18800.6 -- 405.822 s
k == 12 -- Iteration = 11 -- log likelihood = -18800.6 -- 428.058 s
k == 12 -- Iteration = 12 -- log likelihood = -18800.6 -- 448.15 s
k == 12 -- Iteration = 13 -- log likelihood = -18800.6 -- 471.427 s
k == 12 -- Iteration = 14 -- log likelihood = -18800.6 -- 494.107 s
k == 12 -- Iteration = 15 -- log likelihood = -18800.6 -- 514.852 s
k == 12 -- Iteration = 16 -- log likelihood = -18800.6 -- 536.634 s
k == 12 -- Iteration = 17 -- log likelihood = -18800.6 -- 557.818 s
k == 12 -- Iteration = 18 -- log likelihood = -18800.6 -- 581.388 s
k == 12 -- Iteration = 19 -- log likelihood = -18800.6 -- 604.462 s
k == 12 -- Iteration = 20 -- log likelihood = -18800.6 -- 627.573 s
k == 12 -- Iteration = 21 -- log likelihood = -18800.6 -- 650.371 s
k == 12 -- Iteration = 22 -- log likelihood = -18800.6 -- 673.11 s
k == 12 -- Iteration = 23 -- log likelihood = -18800.6 -- 693.833 s
k == 12 -- Iteration = 24 -- log likelihood = -18800.6 -- 714.623 s

k = 12 -- Log likelihood -18800.6 -- BIC 38014.4
k == 13 -- Iteration = 0 -- log likelihood = -21489.5 -- 181.718 s
k == 13 -- Iteration = 1 -- log likelihood = -20534.5 -- 211.57 s
k == 13 -- Iteration = 2 -- log likelihood = -20490.2 -- 239.399 s
k == 13 -- Iteration = 3 -- log likelihood = -20475.9 -- 264.4 s
k == 13 -- Iteration = 4 -- log likelihood = -20473.4 -- 289.049 s
k == 13 -- Iteration = 5 -- log likelihood = -20472.5 -- 315.803 s
k == 13 -- Iteration = 6 -- log likelihood = -20472.1 -- 344.464 s
k == 13 -- Iteration = 7 -- log likelihood = -20471.9 -- 375.083 s
k == 13 -- Iteration = 8 -- log likelihood = -20471.9 -- 405.255 s
k == 13 -- Iteration = 9 -- log likelihood = -20471.8 -- 432.773 s
k == 13 -- Iteration = 10 -- log likelihood = -20471.8 -- 458.587 s
k == 13 -- Iteration = 11 -- log likelihood = -20471.8 -- 482.883 s
k == 13 -- Iteration = 12 -- log likelihood = -20471.8 -- 508.575 s
k == 13 -- Iteration = 13 -- log likelihood = -20471.7 -- 537.009 s
k == 13 -- Iteration = 14 -- log likelihood = -20471.7 -- 566.721 s
k == 13 -- Iteration = 15 -- log likelihood = -20471.6 -- 594.796 s
k == 13 -- Iteration = 16 -- log likelihood = -20462.9 -- 624.767 s
k == 13 -- Iteration = 17 -- log likelihood = -20432.5 -- 652.324 s
k == 13 -- Iteration = 18 -- log likelihood = -20421 -- 681.574 s
k == 13 -- Iteration = 19 -- log likelihood = -20413.8 -- 711.831 s
k == 13 -- Iteration = 20 -- log likelihood = -20409.8 -- 741.094 s
k == 13 -- Iteration = 21 -- log likelihood = -20407.8 -- 774.627 s
k == 13 -- Iteration = 22 -- log likelihood = -20406.9 -- 809.156 s
k == 13 -- Iteration = 23 -- log likelihood = -20406.5 -- 842.084 s
k == 13 -- Iteration = 24 -- log likelihood = -20406.3 -- 870.675 s
k == 13 -- Iteration = 25 -- log likelihood = -20406.2 -- 900.083 s
k == 13 -- Iteration = 26 -- log likelihood = -20406.1 -- 929.371 s
k == 13 -- Iteration = 27 -- log likelihood = -20406.1 -- 960.313 s
k == 13 -- Iteration = 28 -- log likelihood = -20406.1 -- 992.837 s
k == 13 -- Iteration = 29 -- log likelihood = -20406.1 -- 1025.19 s
k == 13 -- Iteration = 30 -- log likelihood = -20406.1 -- 1057.19 s
k == 13 -- Iteration = 31 -- log likelihood = -20406.1 -- 1087.64 s
k == 13 -- Iteration = 32 -- log likelihood = -20406.1 -- 1118.18 s
k == 13 -- Iteration = 33 -- log likelihood = -20406 -- 1148.33 s
k == 13 -- Iteration = 34 -- log likelihood = -20406 -- 1183.47 s
k == 13 -- Iteration = 35 -- log likelihood = -20406 -- 1214.32 s
k == 13 -- Iteration = 36 -- log likelihood = -20406 -- 1244.38 s
k == 13 -- Iteration = 37 -- log likelihood = -20406 -- 1277.54 s
k == 13 -- Iteration = 38 -- log likelihood = -20406 -- 1310.05 s
k == 13 -- Iteration = 39 -- log likelihood = -20406 -- 1340.8 s
k == 13 -- Iteration = 40 -- log likelihood = -20406 -- 1372.49 s
k == 13 -- Iteration = 41 -- log likelihood = -20406 -- 1405.08 s
k == 13 -- Iteration = 42 -- log likelihood = -20406 -- 1437.84 s
k == 13 -- Iteration = 43 -- log likelihood = -20406 -- 1470.04 s
k == 13 -- Iteration = 44 -- log likelihood = -20406 -- 1502.11 s
k == 13 -- Iteration = 45 -- log likelihood = -20406 -- 1533.59 s
k == 13 -- Iteration = 46 -- log likelihood = -20406 -- 1563.75 s
k == 13 -- Iteration = 47 -- log likelihood = -20406 -- 1595.09 s
k == 13 -- Iteration = 48 -- log likelihood = -20406 -- 1624.87 s

k == 13 -- Iteration = 0 -- log likelihood = -18986.9 -- 181.667 s
k == 13 -- Iteration = 1 -- log likelihood = -18304.5 -- 210.787 s
k == 13 -- Iteration = 2 -- log likelihood = -18177.4 -- 234.787 s
k == 13 -- Iteration = 3 -- log likelihood = -18066.8 -- 260.462 s
k == 13 -- Iteration = 4 -- log likelihood = -17999.1 -- 286.767 s
k == 13 -- Iteration = 5 -- log likelihood = -17900.5 -- 309.803 s
k == 13 -- Iteration = 6 -- log likelihood = -17889.1 -- 332.906 s
k == 13 -- Iteration = 7 -- log likelihood = -17886.7 -- 356.301 s
k == 13 -- Iteration = 8 -- log likelihood = -17886 -- 378.296 s
k == 13 -- Iteration = 9 -- log likelihood = -17885.7 -- 400.786 s
k == 13 -- Iteration = 10 -- log likelihood = -17885.6 -- 424.623 s
k == 13 -- Iteration = 11 -- log likelihood = -17885.6 -- 447.616 s
k == 13 -- Iteration = 12 -- log likelihood = -17885.6 -- 471.999 s
k == 13 -- Iteration = 13 -- log likelihood = -17885.6 -- 494.496 s
k == 13 -- Iteration = 14 -- log likelihood = -17885.6 -- 517.309 s
k == 13 -- Iteration = 15 -- log likelihood = -17885.6 -- 540.353 s
k == 13 -- Iteration = 16 -- log likelihood = -17885.6 -- 564.026 s
k == 13 -- Iteration = 17 -- log likelihood = -17885.6 -- 586.582 s
k == 13 -- Iteration = 18 -- log likelihood = -17885.6 -- 608.627 s
k == 13 -- Iteration = 19 -- log likelihood = -17885.6 -- 633.267 s
k == 13 -- Iteration = 20 -- log likelihood = -17885.6 -- 658.672 s
k == 13 -- Iteration = 21 -- log likelihood = -17885.6 -- 683.221 s
k == 13 -- Iteration = 22 -- log likelihood = -17885.6 -- 707.043 s
k == 13 -- Iteration = 23 -- log likelihood = -17885.6 -- 731.672 s
k == 13 -- Iteration = 24 -- log likelihood = -17885.6 -- 755.296 s
k == 13 -- Iteration = 25 -- log likelihood = -17885.6 -- 777.893 s

k = 13 -- Log likelihood -17885.6 -- BIC 36216
k == 14 -- Iteration = 0 -- log likelihood = -20496.1 -- 181.826 s
k == 14 -- Iteration = 1 -- log likelihood = -18958.9 -- 217.212 s
k == 14 -- Iteration = 2 -- log likelihood = -18433.7 -- 246.258 s
k == 14 -- Iteration = 3 -- log likelihood = -18172.3 -- 273.126 s
k == 14 -- Iteration = 4 -- log likelihood = -18162.4 -- 298.305 s
k == 14 -- Iteration = 5 -- log likelihood = -18160.7 -- 324.383 s
k == 14 -- Iteration = 6 -- log likelihood = -18160.1 -- 349.282 s
k == 14 -- Iteration = 7 -- log likelihood = -18159.8 -- 372.553 s
k == 14 -- Iteration = 8 -- log likelihood = -18159.7 -- 396.612 s
k == 14 -- Iteration = 9 -- log likelihood = -18159.7 -- 424.183 s
k == 14 -- Iteration = 10 -- log likelihood = -18159.6 -- 449.733 s
k == 14 -- Iteration = 11 -- log likelihood = -18159.6 -- 475.384 s
k == 14 -- Iteration = 12 -- log likelihood = -18159.6 -- 502.001 s
k == 14 -- Iteration = 13 -- log likelihood = -18159.6 -- 528.696 s
k == 14 -- Iteration = 14 -- log likelihood = -18159.6 -- 556.044 s
k == 14 -- Iteration = 15 -- log likelihood = -18159.6 -- 580.368 s
k == 14 -- Iteration = 16 -- log likelihood = -18159.6 -- 605.938 s
k == 14 -- Iteration = 17 -- log likelihood = -18159.6 -- 630.268 s
k == 14 -- Iteration = 18 -- log likelihood = -18159.6 -- 658.495 s
k == 14 -- Iteration = 19 -- log likelihood = -18159.6 -- 685.612 s
k == 14 -- Iteration = 20 -- log likelihood = -18159.6 -- 712.825 s
k == 14 -- Iteration = 21 -- log likelihood = -18159.6 -- 741.278 s
k == 14 -- Iteration = 22 -- log likelihood = -18159.6 -- 766.718 s
k == 14 -- Iteration = 23 -- log likelihood = -18159.6 -- 792.558 s
k == 14 -- Iteration = 24 -- log likelihood = -18159.6 -- 818.252 s
k == 14 -- Iteration = 25 -- log likelihood = -18159.6 -- 844.944 s

k == 14 -- Iteration = 0 -- log likelihood = -19188.2 -- 181.676 s
k == 14 -- Iteration = 1 -- log likelihood = -18023.8 -- 206.675 s
k == 14 -- Iteration = 2 -- log likelihood = -17573.1 -- 225.286 s
k == 14 -- Iteration = 3 -- log likelihood = -17429.1 -- 243.82 s
k == 14 -- Iteration = 4 -- log likelihood = -17388.7 -- 261.397 s
k == 14 -- Iteration = 5 -- log likelihood = -17387.3 -- 280.533 s
k == 14 -- Iteration = 6 -- log likelihood = -17387.1 -- 299.135 s
k == 14 -- Iteration = 7 -- log likelihood = -17387 -- 317.334 s
k == 14 -- Iteration = 8 -- log likelihood = -17387 -- 335.7 s
k == 14 -- Iteration = 9 -- log likelihood = -17387 -- 351.317 s
k == 14 -- Iteration = 10 -- log likelihood = -17387 -- 367.655 s
k == 14 -- Iteration = 11 -- log likelihood = -17387 -- 385.734 s
k == 14 -- Iteration = 12 -- log likelihood = -17387 -- 403.285 s
k == 14 -- Iteration = 13 -- log likelihood = -17387 -- 421.204 s
k == 14 -- Iteration = 14 -- log likelihood = -17387 -- 438.808 s
k == 14 -- Iteration = 15 -- log likelihood = -17387 -- 456.565 s

k == 14 -- Iteration = 0 -- log likelihood = -22850.8 -- 182.051 s
k == 14 -- Iteration = 1 -- log likelihood = -21406.7 -- 208.169 s
k == 14 -- Iteration = 2 -- log likelihood = -19270.1 -- 230.295 s
k == 14 -- Iteration = 3 -- log likelihood = -17864 -- 251.966 s
k == 14 -- Iteration = 4 -- log likelihood = -17785 -- 273.888 s
k == 14 -- Iteration = 5 -- log likelihood = -17778.4 -- 297.709 s
k == 14 -- Iteration = 6 -- log likelihood = -17776.4 -- 321.176 s
k == 14 -- Iteration = 7 -- log likelihood = -17775.9 -- 344.304 s
k == 14 -- Iteration = 8 -- log likelihood = -17775.7 -- 367.577 s
k == 14 -- Iteration = 9 -- log likelihood = -17775.6 -- 389.225 s
k == 14 -- Iteration = 10 -- log likelihood = -17773.8 -- 410.138 s
k == 14 -- Iteration = 11 -- log likelihood = -17773.6 -- 432.352 s
k == 14 -- Iteration = 12 -- log likelihood = -17773.5 -- 456.059 s
k == 14 -- Iteration = 13 -- log likelihood = -17773.5 -- 477.591 s
k == 14 -- Iteration = 14 -- log likelihood = -17773.5 -- 499.967 s
k == 14 -- Iteration = 15 -- log likelihood = -17773.5 -- 521.872 s
k == 14 -- Iteration = 16 -- log likelihood = -17773.5 -- 544.198 s
k == 14 -- Iteration = 17 -- log likelihood = -17773.5 -- 566.781 s
k == 14 -- Iteration = 18 -- log likelihood = -17773.5 -- 587.984 s
k == 14 -- Iteration = 19 -- log likelihood = -17773.5 -- 607.693 s
k == 14 -- Iteration = 20 -- log likelihood = -17773.5 -- 628.17 s
k == 14 -- Iteration = 21 -- log likelihood = -17773.5 -- 648.885 s
k == 14 -- Iteration = 22 -- log likelihood = -17773.5 -- 668.789 s

k = 14 -- Log likelihood -17387 -- BIC 35250.8
k == 15 -- Iteration = 0 -- log likelihood = -20662.3 -- 182.053 s
k == 15 -- Iteration = 1 -- log likelihood = -19056.5 -- 224.453 s
k == 15 -- Iteration = 2 -- log likelihood = -18485.9 -- 269.425 s
k == 15 -- Iteration = 3 -- log likelihood = -18203.8 -- 313.115 s
k == 15 -- Iteration = 4 -- log likelihood = -18191.6 -- 354.451 s
k == 15 -- Iteration = 5 -- log likelihood = -18187.2 -- 394.506 s
k == 15 -- Iteration = 6 -- log likelihood = -18185 -- 437.841 s
k == 15 -- Iteration = 7 -- log likelihood = -18183.8 -- 478.201 s
k == 15 -- Iteration = 8 -- log likelihood = -18183 -- 513.625 s
k == 15 -- Iteration = 9 -- log likelihood = -18182.5 -- 549.67 s
k == 15 -- Iteration = 10 -- log likelihood = -18182.2 -- 583.641 s
k == 15 -- Iteration = 11 -- log likelihood = -18181.9 -- 621.098 s
k == 15 -- Iteration = 12 -- log likelihood = -18181.7 -- 658.463 s
k == 15 -- Iteration = 13 -- log likelihood = -18181.6 -- 697.572 s
k == 15 -- Iteration = 14 -- log likelihood = -18181.5 -- 735.134 s
k == 15 -- Iteration = 15 -- log likelihood = -18181.4 -- 774.159 s
k == 15 -- Iteration = 16 -- log likelihood = -18181.4 -- 815.351 s
k == 15 -- Iteration = 17 -- log likelihood = -18181.3 -- 853.979 s
k == 15 -- Iteration = 18 -- log likelihood = -18181.3 -- 892.444 s
k == 15 -- Iteration = 19 -- log likelihood = -18181.3 -- 922.929 s
k == 15 -- Iteration = 20 -- log likelihood = -18181.2 -- 955.131 s
k == 15 -- Iteration = 21 -- log likelihood = -18181.2 -- 988.526 s
k == 15 -- Iteration = 22 -- log likelihood = -18181.2 -- 1025.32 s
k == 15 -- Iteration = 23 -- log likelihood = -18181.2 -- 1059.59 s
k == 15 -- Iteration = 24 -- log likelihood = -18181.2 -- 1091.2 s
k == 15 -- Iteration = 25 -- log likelihood = -18181.2 -- 1125.55 s
k == 15 -- Iteration = 26 -- log likelihood = -18181.2 -- 1158.65 s
k == 15 -- Iteration = 27 -- log likelihood = -18181.1 -- 1191.97 s
k == 15 -- Iteration = 28 -- log likelihood = -18181.1 -- 1223.91 s
k == 15 -- Iteration = 29 -- log likelihood = -18181.1 -- 1257.46 s
k == 15 -- Iteration = 30 -- log likelihood = -18181.1 -- 1298.52 s
k == 15 -- Iteration = 31 -- log likelihood = -18181.1 -- 1339.84 s
k == 15 -- Iteration = 32 -- log likelihood = -18181.1 -- 1379.38 s
k == 15 -- Iteration = 33 -- log likelihood = -18181.1 -- 1417.68 s
k == 15 -- Iteration = 34 -- log likelihood = -18181.1 -- 1457.58 s
k == 15 -- Iteration = 35 -- log likelihood = -18181.1 -- 1496.86 s
k == 15 -- Iteration = 36 -- log likelihood = -18181.1 -- 1534.61 s
k == 15 -- Iteration = 37 -- log likelihood = -18181.1 -- 1572.71 s
k == 15 -- Iteration = 38 -- log likelihood = -18181.1 -- 1608.98 s
k == 15 -- Iteration = 39 -- log likelihood = -18181.1 -- 1647.97 s
k == 15 -- Iteration = 40 -- log likelihood = -18181.1 -- 1684.55 s
k == 15 -- Iteration = 41 -- log likelihood = -18181.1 -- 1725.11 s
k == 15 -- Iteration = 42 -- log likelihood = -18181.1 -- 1770.8 s
k == 15 -- Iteration = 43 -- log likelihood = -18181.1 -- 1808.9 s
k == 15 -- Iteration = 44 -- log likelihood = -18181.1 -- 1848.62 s
k == 15 -- Iteration = 45 -- log likelihood = -18181.1 -- 1892.18 s
k == 15 -- Iteration = 46 -- log likelihood = -18181.1 -- 1930.77 s
k == 15 -- Iteration = 47 -- log likelihood = -18181.1 -- 1974.76 s
k == 15 -- Iteration = 48 -- log likelihood = -18181.1 -- 2014.28 s
k == 15 -- Iteration = 49 -- log likelihood = -18181.1 -- 2059.83 s
k == 15 -- Iteration = 50 -- log likelihood = -18181.1 -- 2104.42 s

k = 15 -- Log likelihood -18181.1 -- BIC 36870.7
k == 16 -- Iteration = 0 -- log likelihood = -20323.7 -- 182.226 s
k == 16 -- Iteration = 1 -- log likelihood = -18606.5 -- 222.225 s
k == 16 -- Iteration = 2 -- log likelihood = -18253.1 -- 268.389 s
k == 16 -- Iteration = 3 -- log likelihood = -18121 -- 310.57 s
k == 16 -- Iteration = 4 -- log likelihood = -17970.9 -- 349.11 s
k == 16 -- Iteration = 5 -- log likelihood = -17904.1 -- 385.285 s
k == 16 -- Iteration = 6 -- log likelihood = -17899.9 -- 422.196 s
k == 16 -- Iteration = 7 -- log likelihood = -17897.7 -- 459.974 s
k == 16 -- Iteration = 8 -- log likelihood = -17896.3 -- 495.683 s
k == 16 -- Iteration = 9 -- log likelihood = -17895.5 -- 533.675 s
k == 16 -- Iteration = 10 -- log likelihood = -17895.1 -- 571.932 s
k == 16 -- Iteration = 11 -- log likelihood = -17894.8 -- 606.995 s
k == 16 -- Iteration = 12 -- log likelihood = -17894.6 -- 647.175 s
k == 16 -- Iteration = 13 -- log likelihood = -17894.6 -- 681.944 s
k == 16 -- Iteration = 14 -- log likelihood = -17894.5 -- 713.11 s
k == 16 -- Iteration = 15 -- log likelihood = -17894.5 -- 746.462 s
k == 16 -- Iteration = 16 -- log likelihood = -17894.5 -- 778.568 s
k == 16 -- Iteration = 17 -- log likelihood = -17894.5 -- 810.135 s
k == 16 -- Iteration = 18 -- log likelihood = -17894.5 -- 843.681 s
k == 16 -- Iteration = 19 -- log likelihood = -17894.5 -- 876.407 s
k == 16 -- Iteration = 20 -- log likelihood = -17894.5 -- 908.659 s
k == 16 -- Iteration = 21 -- log likelihood = -17894.5 -- 940.47 s
k == 16 -- Iteration = 22 -- log likelihood = -17894.5 -- 972.328 s
k == 16 -- Iteration = 23 -- log likelihood = -17894.5 -- 1004.13 s
k == 16 -- Iteration = 24 -- log likelihood = -17894.5 -- 1035.08 s
k == 16 -- Iteration = 25 -- log likelihood = -17894.5 -- 1066.92 s
k == 16 -- Iteration = 26 -- log likelihood = -17894.5 -- 1099.78 s
k == 16 -- Iteration = 27 -- log likelihood = -17894.5 -- 1132.53 s
k == 16 -- Iteration = 28 -- log likelihood = -17894.5 -- 1165.68 s
k == 16 -- Iteration = 29 -- log likelihood = -17894.5 -- 1199.24 s

k == 16 -- Iteration = 0 -- log likelihood = -19099.4 -- 181.957 s
k == 16 -- Iteration = 1 -- log likelihood = -18298.1 -- 207.971 s
k == 16 -- Iteration = 2 -- log likelihood = -18121.5 -- 230.35 s
k == 16 -- Iteration = 3 -- log likelihood = -18066.8 -- 252.97 s
k == 16 -- Iteration = 4 -- log likelihood = -18019.9 -- 275.902 s
k == 16 -- Iteration = 5 -- log likelihood = -17887.9 -- 297.851 s
k == 16 -- Iteration = 6 -- log likelihood = -17773.2 -- 321.533 s
k == 16 -- Iteration = 7 -- log likelihood = -17645.1 -- 342.939 s
k == 16 -- Iteration = 8 -- log likelihood = -17536.2 -- 365.559 s
k == 16 -- Iteration = 9 -- log likelihood = -17469.9 -- 387.225 s
k == 16 -- Iteration = 10 -- log likelihood = -17451.1 -- 408.885 s
k == 16 -- Iteration = 11 -- log likelihood = -17441.6 -- 430.782 s
k == 16 -- Iteration = 12 -- log likelihood = -17423.6 -- 451.933 s
k == 16 -- Iteration = 13 -- log likelihood = -17422.1 -- 472.205 s
k == 16 -- Iteration = 14 -- log likelihood = -17421.6 -- 492.71 s
k == 16 -- Iteration = 15 -- log likelihood = -17421.3 -- 512.825 s
k == 16 -- Iteration = 16 -- log likelihood = -17421.1 -- 533.257 s
k == 16 -- Iteration = 17 -- log likelihood = -17421 -- 554.068 s
k == 16 -- Iteration = 18 -- log likelihood = -17420.9 -- 576.082 s
k == 16 -- Iteration = 19 -- log likelihood = -17420.9 -- 598.183 s
k == 16 -- Iteration = 20 -- log likelihood = -17420.9 -- 620.128 s
k == 16 -- Iteration = 21 -- log likelihood = -17420.9 -- 643.436 s
k == 16 -- Iteration = 22 -- log likelihood = -17420.9 -- 669.199 s
k == 16 -- Iteration = 23 -- log likelihood = -17420.9 -- 693.407 s
k == 16 -- Iteration = 24 -- log likelihood = -17420.9 -- 717.005 s
k == 16 -- Iteration = 25 -- log likelihood = -17420.9 -- 739.139 s
k == 16 -- Iteration = 26 -- log likelihood = -17420.9 -- 770.445 s
k == 16 -- Iteration = 27 -- log likelihood = -17420.9 -- 802.299 s
k == 16 -- Iteration = 28 -- log likelihood = -17420.9 -- 832.948 s
k == 16 -- Iteration = 29 -- log likelihood = -17420.9 -- 857.17 s
k == 16 -- Iteration = 30 -- log likelihood = -17420.9 -- 880.673 s
k == 16 -- Iteration = 31 -- log likelihood = -17420.9 -- 905.254 s
k == 16 -- Iteration = 32 -- log likelihood = -17420.9 -- 928.577 s
k == 16 -- Iteration = 33 -- log likelihood = -17420.9 -- 950.379 s
k == 16 -- Iteration = 34 -- log likelihood = -17420.9 -- 971.671 s
k == 16 -- Iteration = 35 -- log likelihood = -17420.9 -- 993.41 s
k == 16 -- Iteration = 36 -- log likelihood = -17420.9 -- 1014.8 s
k == 16 -- Iteration = 37 -- log likelihood = -17420.9 -- 1035.63 s
k == 16 -- Iteration = 38 -- log likelihood = -17420.9 -- 1057.37 s
k == 16 -- Iteration = 39 -- log likelihood = -17420.9 -- 1078.32 s
k == 16 -- Iteration = 40 -- log likelihood = -17420.9 -- 1099.95 s
k == 16 -- Iteration = 41 -- log likelihood = -17420.9 -- 1118.61 s
k == 16 -- Iteration = 42 -- log likelihood = -17420.9 -- 1138.37 s
k == 16 -- Iteration = 43 -- log likelihood = -17420.9 -- 1161.31 s
k == 16 -- Iteration = 44 -- log likelihood = -17420.9 -- 1184.45 s
k == 16 -- Iteration = 45 -- log likelihood = -17420.9 -- 1206.17 s
k == 16 -- Iteration = 46 -- log likelihood = -17420.9 -- 1228.52 s

k = 16 -- Log likelihood -17420.9 -- BIC 35382
k == 17 -- Iteration = 0 -- log likelihood = -21023.8 -- 182.241 s
k == 17 -- Iteration = 1 -- log likelihood = -18760.4 -- 215.043 s
k == 17 -- Iteration = 2 -- log likelihood = -18401.1 -- 248.206 s
k == 17 -- Iteration = 3 -- log likelihood = -18306.1 -- 279.751 s
k == 17 -- Iteration = 4 -- log likelihood = -18145.1 -- 310.258 s
k == 17 -- Iteration = 5 -- log likelihood = -18142.8 -- 340.504 s
k == 17 -- Iteration = 6 -- log likelihood = -18142.5 -- 369.834 s
k == 17 -- Iteration = 7 -- log likelihood = -18142.3 -- 400.56 s
k == 17 -- Iteration = 8 -- log likelihood = -18142.3 -- 430.433 s
k == 17 -- Iteration = 9 -- log likelihood = -18142.2 -- 463.147 s
k == 17 -- Iteration = 10 -- log likelihood = -18142.2 -- 494.787 s
k == 17 -- Iteration = 11 -- log likelihood = -18142.2 -- 527.246 s
k == 17 -- Iteration = 12 -- log likelihood = -18142.2 -- 558.502 s
k == 17 -- Iteration = 13 -- log likelihood = -18142.2 -- 587.872 s
k == 17 -- Iteration = 14 -- log likelihood = -18142.2 -- 616.408 s
k == 17 -- Iteration = 15 -- log likelihood = -18142.2 -- 645.461 s
k == 17 -- Iteration = 16 -- log likelihood = -18142.2 -- 676.027 s
k == 17 -- Iteration = 17 -- log likelihood = -18142.2 -- 704.778 s
k == 17 -- Iteration = 18 -- log likelihood = -18142.2 -- 735.607 s
k == 17 -- Iteration = 19 -- log likelihood = -18142.2 -- 765.592 s
k == 17 -- Iteration = 20 -- log likelihood = -18142.2 -- 796.826 s
k == 17 -- Iteration = 21 -- log likelihood = -18142.2 -- 827.356 s
k == 17 -- Iteration = 22 -- log likelihood = -18142.2 -- 856.909 s
k == 17 -- Iteration = 23 -- log likelihood = -18142.2 -- 887.638 s
k == 17 -- Iteration = 24 -- log likelihood = -18142.2 -- 916.282 s
k == 17 -- Iteration = 25 -- log likelihood = -18142.2 -- 944.688 s
k == 17 -- Iteration = 26 -- log likelihood = -18142.2 -- 973.675 s
k == 17 -- Iteration = 27 -- log likelihood = -18142.2 -- 1003.23 s
k == 17 -- Iteration = 28 -- log likelihood = -18142.2 -- 1032.61 s
k == 17 -- Iteration = 29 -- log likelihood = -18142.2 -- 1062.52 s
k == 17 -- Iteration = 30 -- log likelihood = -18142.2 -- 1091.75 s
k == 17 -- Iteration = 31 -- log likelihood = -18142.2 -- 1121.15 s

k == 17 -- Iteration = 0 -- log likelihood = -19450.1 -- 182.187 s
k == 17 -- Iteration = 1 -- log likelihood = -18106.7 -- 211.725 s
k == 17 -- Iteration = 2 -- log likelihood = -17938.6 -- 241.971 s
k == 17 -- Iteration = 3 -- log likelihood = -17762.2 -- 271.104 s
k == 17 -- Iteration = 4 -- log likelihood = -17725.6 -- 301.065 s
k == 17 -- Iteration = 5 -- log likelihood = -17723.9 -- 329.57 s
k == 17 -- Iteration = 6 -- log likelihood = -17723.4 -- 358.134 s
k == 17 -- Iteration = 7 -- log likelihood = -17723.2 -- 387.453 s
k == 17 -- Iteration = 8 -- log likelihood = -17723.2 -- 416.393 s
k == 17 -- Iteration = 9 -- log likelihood = -17723.2 -- 444.95 s
k == 17 -- Iteration = 10 -- log likelihood = -17723.2 -- 474.424 s
k == 17 -- Iteration = 11 -- log likelihood = -17723.2 -- 503.472 s
k == 17 -- Iteration = 12 -- log likelihood = -17723.2 -- 532.017 s
k == 17 -- Iteration = 13 -- log likelihood = -17723.2 -- 561.348 s
k == 17 -- Iteration = 14 -- log likelihood = -17723.2 -- 590.529 s
k == 17 -- Iteration = 15 -- log likelihood = -17723.2 -- 618.08 s
k == 17 -- Iteration = 16 -- log likelihood = -17723.2 -- 646.648 s
k == 17 -- Iteration = 17 -- log likelihood = -17723.2 -- 674.699 s
k == 17 -- Iteration = 18 -- log likelihood = -17723.2 -- 704.463 s
k == 17 -- Iteration = 19 -- log likelihood = -17723.2 -- 733.814 s
k == 17 -- Iteration = 20 -- log likelihood = -17723.2 -- 762.019 s
k == 17 -- Iteration = 21 -- log likelihood = -17723.2 -- 790.203 s

k = 17 -- Log likelihood -17723.2 -- BIC 36018.4
k == 18 -- Iteration = 0 -- log likelihood = -20553.5 -- 182.45 s
k == 18 -- Iteration = 1 -- log likelihood = -18607.9 -- 226.608 s
k == 18 -- Iteration = 2 -- log likelihood = -18227 -- 271.431 s
k == 18 -- Iteration = 3 -- log likelihood = -18138.2 -- 311.54 s
k == 18 -- Iteration = 4 -- log likelihood = -17911 -- 354.812 s
k == 18 -- Iteration = 5 -- log likelihood = -17902.9 -- 393.772 s
k == 18 -- Iteration = 6 -- log likelihood = -17900.9 -- 431.629 s
k == 18 -- Iteration = 7 -- log likelihood = -17900.3 -- 469.007 s
k == 18 -- Iteration = 8 -- log likelihood = -17900 -- 507.269 s
k == 18 -- Iteration = 9 -- log likelihood = -17899.9 -- 546.422 s
k == 18 -- Iteration = 10 -- log likelihood = -17899.8 -- 584.898 s
k == 18 -- Iteration = 11 -- log likelihood = -17899.8 -- 623.449 s
k == 18 -- Iteration = 12 -- log likelihood = -17899.7 -- 660.429 s
k == 18 -- Iteration = 13 -- log likelihood = -17899.7 -- 698.739 s
k == 18 -- Iteration = 14 -- log likelihood = -17899.7 -- 737.086 s
k == 18 -- Iteration = 15 -- log likelihood = -17899.7 -- 776.445 s
k == 18 -- Iteration = 16 -- log likelihood = -17899.7 -- 816.312 s
k == 18 -- Iteration = 17 -- log likelihood = -17899.7 -- 857.765 s
k == 18 -- Iteration = 18 -- log likelihood = -17899.7 -- 898.459 s
k == 18 -- Iteration = 19 -- log likelihood = -17899.7 -- 938.655 s
k == 18 -- Iteration = 20 -- log likelihood = -17899.7 -- 979.912 s
k == 18 -- Iteration = 21 -- log likelihood = -17899.7 -- 1022.37 s
k == 18 -- Iteration = 22 -- log likelihood = -17899.7 -- 1061.21 s
k == 18 -- Iteration = 23 -- log likelihood = -17899.7 -- 1103.3 s
k == 18 -- Iteration = 24 -- log likelihood = -17899.7 -- 1142.38 s
k == 18 -- Iteration = 25 -- log likelihood = -17899.7 -- 1183.97 s
k == 18 -- Iteration = 26 -- log likelihood = -17899.7 -- 1224.04 s
k == 18 -- Iteration = 27 -- log likelihood = -17899.7 -- 1266.39 s
k == 18 -- Iteration = 28 -- log likelihood = -17899.7 -- 1308.48 s
k == 18 -- Iteration = 29 -- log likelihood = -17899.7 -- 1348.07 s
k == 18 -- Iteration = 30 -- log likelihood = -17899.7 -- 1391.2 s
k == 18 -- Iteration = 31 -- log likelihood = -17899.7 -- 1431.66 s
k == 18 -- Iteration = 32 -- log likelihood = -17899.7 -- 1473.42 s
k == 18 -- Iteration = 33 -- log likelihood = -17899.7 -- 1515.68 s
k == 18 -- Iteration = 34 -- log likelihood = -17899.7 -- 1555.62 s
k == 18 -- Iteration = 35 -- log likelihood = -17899.7 -- 1596.03 s
k == 18 -- Iteration = 36 -- log likelihood = -17899.7 -- 1636.72 s
k == 18 -- Iteration = 37 -- log likelihood = -17899.7 -- 1678.24 s
k == 18 -- Iteration = 38 -- log likelihood = -17899.7 -- 1719.77 s
k == 18 -- Iteration = 39 -- log likelihood = -17899.7 -- 1758.97 s
k == 18 -- Iteration = 40 -- log likelihood = -17899.7 -- 1800.23 s
k == 18 -- Iteration = 41 -- log likelihood = -17899.7 -- 1841.41 s
k == 18 -- Iteration = 42 -- log likelihood = -17899.7 -- 1884.07 s
k == 18 -- Iteration = 43 -- log likelihood = -17899.7 -- 1926.24 s
k == 18 -- Iteration = 44 -- log likelihood = -17899.7 -- 1965.98 s

k = 18 -- Log likelihood -17899.7 -- BIC 36403.2
k == 19 -- Iteration = 0 -- log likelihood = -20556.4 -- 182.56 s
k == 19 -- Iteration = 1 -- log likelihood = -18726.4 -- 231.082 s
k == 19 -- Iteration = 2 -- log likelihood = -18318.9 -- 272.84 s
k == 19 -- Iteration = 3 -- log likelihood = -18026.9 -- 312.296 s
k == 19 -- Iteration = 4 -- log likelihood = -17964 -- 351.417 s
k == 19 -- Iteration = 5 -- log likelihood = -17908.1 -- 390.635 s
k == 19 -- Iteration = 6 -- log likelihood = -17574.2 -- 428.47 s
k == 19 -- Iteration = 7 -- log likelihood = -17485.5 -- 468.221 s
k == 19 -- Iteration = 8 -- log likelihood = -17468.6 -- 505.677 s
k == 19 -- Iteration = 9 -- log likelihood = -17410.1 -- 543.24 s
k == 19 -- Iteration = 10 -- log likelihood = -17390.8 -- 579.783 s
k == 19 -- Iteration = 11 -- log likelihood = -17389.5 -- 616.794 s
k == 19 -- Iteration = 12 -- log likelihood = -17389.2 -- 653.812 s
k == 19 -- Iteration = 13 -- log likelihood = -17389.2 -- 691.079 s
k == 19 -- Iteration = 14 -- log likelihood = -17389.1 -- 729.663 s
k == 19 -- Iteration = 15 -- log likelihood = -17389.1 -- 768.629 s
k == 19 -- Iteration = 16 -- log likelihood = -17389.1 -- 805.855 s
k == 19 -- Iteration = 17 -- log likelihood = -17389.1 -- 842.122 s
k == 19 -- Iteration = 18 -- log likelihood = -17389.1 -- 881.189 s
k == 19 -- Iteration = 19 -- log likelihood = -17389.1 -- 917.759 s
k == 19 -- Iteration = 20 -- log likelihood = -17389.1 -- 956.93 s
k == 19 -- Iteration = 21 -- log likelihood = -17389.1 -- 994.144 s
k == 19 -- Iteration = 22 -- log likelihood = -17389.1 -- 1030.82 s
k == 19 -- Iteration = 23 -- log likelihood = -17389.1 -- 1068.94 s
k == 19 -- Iteration = 24 -- log likelihood = -17389.1 -- 1106.4 s
k == 19 -- Iteration = 25 -- log likelihood = -17389.1 -- 1142.06 s
k == 19 -- Iteration = 26 -- log likelihood = -17389.1 -- 1178.44 s
k == 19 -- Iteration = 27 -- log likelihood = -17389.1 -- 1216.36 s
k == 19 -- Iteration = 28 -- log likelihood = -17389.1 -- 1253.27 s
k == 19 -- Iteration = 29 -- log likelihood = -17389.1 -- 1290.45 s
k == 19 -- Iteration = 30 -- log likelihood = -17389.1 -- 1328.59 s
k == 19 -- Iteration = 31 -- log likelihood = -17389.1 -- 1365.67 s
k == 19 -- Iteration = 32 -- log likelihood = -17389.1 -- 1402.18 s
k == 19 -- Iteration = 33 -- log likelihood = -17389.1 -- 1438.21 s
k == 19 -- Iteration = 34 -- log likelihood = -17389.1 -- 1476.36 s
k == 19 -- Iteration = 35 -- log likelihood = -17389.1 -- 1512.41 s
k == 19 -- Iteration = 36 -- log likelihood = -17389.1 -- 1548.11 s
k == 19 -- Iteration = 37 -- log likelihood = -17389.1 -- 1586.18 s
k == 19 -- Iteration = 38 -- log likelihood = -17389.1 -- 1621.6 s
k == 19 -- Iteration = 39 -- log likelihood = -17389.1 -- 1658.82 s
k == 19 -- Iteration = 40 -- log likelihood = -17389.1 -- 1697.24 s
k == 19 -- Iteration = 41 -- log likelihood = -17389.1 -- 1737.36 s
k == 19 -- Iteration = 42 -- log likelihood = -17389.1 -- 1777.35 s
k == 19 -- Iteration = 43 -- log likelihood = -17389.1 -- 1814.88 s
k == 19 -- Iteration = 44 -- log likelihood = -17389.1 -- 1850.97 s
k == 19 -- Iteration = 45 -- log likelihood = -17389.1 -- 1889.18 s
k == 19 -- Iteration = 46 -- log likelihood = -17389.1 -- 1927.8 s

k = 19 -- Log likelihood -17389.1 -- BIC 35413.8
k == 20 -- Iteration = 0 -- log likelihood = -20427.8 -- 182.717 s
k == 20 -- Iteration = 1 -- log likelihood = -18600.7 -- 237.99 s
k == 20 -- Iteration = 2 -- log likelihood = -18181.6 -- 280.934 s
k == 20 -- Iteration = 3 -- log likelihood = -18034 -- 321.844 s
k == 20 -- Iteration = 4 -- log likelihood = -17927.9 -- 362.19 s
k == 20 -- Iteration = 5 -- log likelihood = -17843.4 -- 406.728 s
k == 20 -- Iteration = 6 -- log likelihood = -17791.6 -- 448.261 s
k == 20 -- Iteration = 7 -- log likelihood = -17787.4 -- 489.409 s
k == 20 -- Iteration = 8 -- log likelihood = -17786.4 -- 530.639 s
k == 20 -- Iteration = 9 -- log likelihood = -17786.1 -- 572.54 s
k == 20 -- Iteration = 10 -- log likelihood = -17786 -- 613.905 s
k == 20 -- Iteration = 11 -- log likelihood = -17785.9 -- 655.461 s
k == 20 -- Iteration = 12 -- log likelihood = -17785.9 -- 697.49 s
k == 20 -- Iteration = 13 -- log likelihood = -17785.8 -- 740.817 s
k == 20 -- Iteration = 14 -- log likelihood = -17785.8 -- 784.183 s
k == 20 -- Iteration = 15 -- log likelihood = -17785.8 -- 827.707 s
k == 20 -- Iteration = 16 -- log likelihood = -17785.8 -- 870.426 s
k == 20 -- Iteration = 17 -- log likelihood = -17785.8 -- 912.627 s
k == 20 -- Iteration = 18 -- log likelihood = -17785.8 -- 956.02 s
k == 20 -- Iteration = 19 -- log likelihood = -17785.8 -- 999.753 s
k == 20 -- Iteration = 20 -- log likelihood = -17785.8 -- 1041.05 s
k == 20 -- Iteration = 21 -- log likelihood = -17785.8 -- 1080.36 s
k == 20 -- Iteration = 22 -- log likelihood = -17785.8 -- 1118.88 s
k == 20 -- Iteration = 23 -- log likelihood = -17785.8 -- 1160.04 s
k == 20 -- Iteration = 24 -- log likelihood = -17785.8 -- 1196.72 s
k == 20 -- Iteration = 25 -- log likelihood = -17785.8 -- 1238.92 s
k == 20 -- Iteration = 26 -- log likelihood = -17785.8 -- 1278.02 s
k == 20 -- Iteration = 27 -- log likelihood = -17785.8 -- 1319.34 s
k == 20 -- Iteration = 28 -- log likelihood = -17785.8 -- 1362.1 s
k == 20 -- Iteration = 29 -- log likelihood = -17785.8 -- 1406.26 s
k == 20 -- Iteration = 30 -- log likelihood = -17785.8 -- 1448.18 s
k == 20 -- Iteration = 31 -- log likelihood = -17785.8 -- 1491.24 s
k == 20 -- Iteration = 32 -- log likelihood = -17785.8 -- 1532.77 s
k == 20 -- Iteration = 33 -- log likelihood = -17785.8 -- 1573.96 s
k == 20 -- Iteration = 34 -- log likelihood = -17785.8 -- 1616.4 s
k == 20 -- Iteration = 35 -- log likelihood = -17785.8 -- 1660.84 s
k == 20 -- Iteration = 36 -- log likelihood = -17785.8 -- 1702.95 s
k == 20 -- Iteration = 37 -- log likelihood = -17785.8 -- 1744.56 s
k == 20 -- Iteration = 38 -- log likelihood = -17785.8 -- 1786.92 s
k == 20 -- Iteration = 39 -- log likelihood = -17785.8 -- 1828.83 s
k == 20 -- Iteration = 40 -- log likelihood = -17785.8 -- 1872.07 s
k == 20 -- Iteration = 41 -- log likelihood = -17785.8 -- 1913.59 s
k == 20 -- Iteration = 42 -- log likelihood = -17785.8 -- 1957.94 s
k == 20 -- Iteration = 43 -- log likelihood = -17785.8 -- 1998.74 s
k == 20 -- Iteration = 44 -- log likelihood = -17785.8 -- 2040.11 s
k == 20 -- Iteration = 45 -- log likelihood = -17785.8 -- 2081.64 s
k == 20 -- Iteration = 46 -- log likelihood = -17785.8 -- 2124.4 s
k == 20 -- Iteration = 47 -- log likelihood = -17785.8 -- 2166.53 s
k == 20 -- Iteration = 48 -- log likelihood = -17785.8 -- 2207.77 s
k == 20 -- Iteration = 49 -- log likelihood = -17785.8 -- 2252.46 s
k == 20 -- Iteration = 50 -- log likelihood = -17785.8 -- 2294.73 s

k = 20 -- Log likelihood -17785.8 -- BIC 36239
